Cancela cancelar VMIP3S0 1 00471196-v:0/00799798-v:0/01549187-v:0/01549719-v:0/02477334-v:0/02477655-v:0/02477755-v:0/02478059-v:0
se se PP3CN00 1 -
a o DA0FS0 0.675415 -
inscrição inscrição NCFS000 1 00050037-n:0/06405699-n:0
de de SP 1 -
o o DA0MS0 0.950254 - o PD0MS00 0.0313531 - o PP3MSA0 0.0183743 - o NCMS000 1.85412e-05 05198036-n:0/06832680-n:0
profissional profissional NCCS000 0.432636 10462860-n:0
que que PR0CN00 0.584265 -
: : Fd 1 -
assim assim RG 0.998008 00043003-r:0/00118363-r:0/00121002-r:0
o o DA0MS0 0.950254 -
requerer requerer VMN0000 0.529581 00752764-v:0/00753428-v:0/00755745-v:0/00765396-v:0/01063695-v:0/01188725-v:0/02627934-v:0
; ; Fx 1 -
sofrer sofrer VMN0000 0.529581 00065070-v:0/00065639-v:0/00078401-v:0/01794668-v:0/01797347-v:0/02108377-v:0/02109190-v:0/02110082-v:0/02719807-v:0
penalidade penalidade NCFS000 1 01160342-n:0/13301174-n:0
de de SP 1 -
exclusão exclusão NCFS000 1 00206927-n:0/00394610-n:0/05707269-n:0
; ; Fx 1 -
falecer falecer VMN0000 0.529581 00354845-v:0/00358431-v:0
; ; Fx 1 -
passar passar VMN0000 0.332597 00189669-v:0/00339934-v:0/01101571-v:0/01212230-v:0/01313249-v:0/01458464-v:0/01611746-v:0/01716882-v:0/01887020-v:0/02050132-v:0/02052476-v:0/02055649-v:0/02072849-v:0/02230772-v:0/02231328-v:0/02392385-v:0/02523953-v:0/02525044-v:0/02709277-v:0
a a SP 0.313151 -
exercer exercer VMN0000 0.529581 01095218-v:0/01166093-v:0/02204564-v:0/02568672-v:0
, , Fc 1 -
em em SP 1 -
caráter caráter NCMS000 1 04620216-n:0/14438693-n:0
definitivo definitivo AQ0MS00 1 00349894-a:0/00550574-a:0/00700451-a:0/01578312-a:0
, , Fc 1 -
atividade atividade NCFS000 1 00037396-n:0/00407535-n:0/04635104-n:0/13518963-n:0/14006945-n:0
incompatível incompatível AQ0CS00 1 00508192-a:0/00509206-a:0/00509896-a:0/00561036-a:0/00562909-a:0/00578523-a:0/00623565-a:0/01487352-a:0/02382572-a:0
com com SP 1 -
a o DA0FS0 0.675415 -
advocacia advocacia NCFS000 1 00589217-n:0/00611143-n:0
; ; Fx 1 -
perder perder VMN0000 0.331507 01099592-v:0/01161087-v:0/01503101-v:0/01795082-v:0/02022659-v:0/02197091-v:0/02287618-v:0/02288828-v:0/02303331-v:0/02566092-v:0/02613672-v:0
qualquer qualquer DI0CS0 0.881232 -
um um DI0MS0 0.877848 -
de de SP 1 -
os o DA0MP0 0.958022 - o PD0MP00 0.021587 - o PP3MPA0 0.0203911 -
requisitos requisito NCMP000 0.632636 05892651-n:0/09367203-n:0
necessários necessário AQ0MP00 1 01580050-a:0
para para SP 0.999444 -
inscrição inscrição NCFS000 1 00050037-n:0/06405699-n:0
. . Fp 1 -

Ocorrendo ocorrer VMG0000 1 00339934-v:0/00344643-v:0/02612368-v:0
uma um DI0FS0 0.903495 -
de de SP 1 -
as o DA0FP0 0.974798 - o PD0FP00 0.0142702 - o PP3FPA0 0.0109322 -
hipóteses hipótese NCFP000 1 05773923-n:0/05779712-n:0/05888929-n:0/05891783-n:0/05892096-n:0/05893356-n:0/06782680-n:0/07162545-n:0
de de SP 1 -
os o DA0MP0 0.958022 - o PD0MP00 0.021587 - o PP3MPA0 0.0203911 -
incisos inciso NCMP000 0.332764 -
II ii NP00V00 1 -
, , Fc 1 -
III iii VMIS3S0 0.519634 -
e e CC 0.999951 -
IV iv NP00O00 1 -
, , Fc 1 -
o o DA0MS0 0.950254 -
cancelamento cancelamento NCMS000 1 00232386-n:0/07207142-n:0
deve dever VMIP3S0 0.99061 02253956-v:0/02254155-v:0/02731814-v:0
ser ser VMN0000 0.33093 01717851-v:0/02597601-v:0/02603699-v:0/02604760-v:0/02627363-v:0/02749904-v:0
promovido promover VMP00SM 0.992518 00875806-v:0/00976653-v:0/02397637-v:0/02554922-v:0
, , Fc 1 -
de de SP 1 -
ofício ofício NCMS000 1 00582388-n:0/00606370-n:0/13945102-n:0
, , Fc 1 -
por por SP 1 -
o o DA0MS0 1 -
conselho conselho NCMS000 1 06650701-n:0/06671484-n:0/08310949-n:0/08322981-n:0
competente competente AQ0CS00 0.585551 00510050-a:0/02226162-a:0
ou ou CC 1 -
em_virtude_de em_virtude_de SP 1 -
comunicação comunicação NCFS000 1 00033020-n:0/06252138-n:0/06623614-n:0/06746580-n:0/07212612-n:0
por por SP 1 -
qualquer qualquer DI0CS0 0.881232 -
pessoa pessoa NCFS000 1 00007846-n:0/04617562-n:0/05217688-n:0/06326797-n:0/10203839-n:0/10289039-n:0/10344443-n:0
. . Fp 1 -

Em em SP 1 -
a o DA0FS0 1 -
hipótese hipótese NCFS000 1 05773923-n:0/05779712-n:0/05888929-n:0/05891783-n:0/05892096-n:0/05893356-n:0/06782680-n:0/07162545-n:0
de_novo de_novo RG 1 00040365-r:0/00112843-r:0
pedido pedir VMP00SM 0.362832 00745499-v:0/00752493-v:0/00752764-v:0/00753428-v:0/00753734-v:0/00782057-v:0/00793580-v:0/00795632-v:0/01018065-v:0/01069809-v:0/01760143-v:0/02270815-v:0/02359061-v:0/02498320-v:0
de de SP 1 -
inscrição inscrição NCFS000 1 00050037-n:0/06405699-n:0
- - Fg 1 -
que que PR0CN00 0.584265 -
não não RN 0.99985 00024073-r:0
restaura restaurar VMIP3S0 0.999479 00163441-v:0/00164201-v:0/02426799-v:0
o o DA0MS0 0.950254 -
número número NCMS000 1 00033615-n:0/05090441-n:0/05107765-n:0/05121418-n:0/05855125-n:0/05861067-n:0/06326526-n:0/06425065-n:0/06426111-n:0/06596978-n:0/06807198-n:0/06892016-n:0/13331634-n:0/13582013-n:0/13741022-n:0/13742358-n:0
de de SP 1 -
inscrição inscrição NCFS000 1 00050037-n:0/06405699-n:0
anterior anterior AQ0CS00 1 00122128-a:0/00668816-a:0/00814611-a:0/01729819-a:0
- - Fg 1 -
deve dever VMIP3S0 0.99061 02253956-v:0/02254155-v:0/02731814-v:0
o o DA0MS0 0.950254 -
interessado interessado NCMS000 0.406807 -
fazer fazer VMN0000 0.533333 00012267-v:0/00120316-v:0/00665476-v:0/00698256-v:0/00767334-v:0/01438902-v:0/01619014-v:0/01621555-v:0/01627355-v:0/01628197-v:0/01629000-v:0/01629589-v:0/01640207-v:0/01645601-v:0/01649024-v:0/01685313-v:0/01712704-v:0/01714208-v:0/01719921-v:0/01738774-v:0/01739814-v:0/01752495-v:0/01752884-v:0/01755504-v:0/02176268-v:0/02211948-v:0/02355596-v:0/02367363-v:0/02374764-v:0/02582921-v:0/02599636-v:0/02621133-v:0/02745332-v:0
prova prova NCFS000 0.989071 05799212-n:0/05824739-n:0/06733939-n:0/07199191-n:0
de de SP 1 -
os o DA0MP0 0.958022 - o PD0MP00 0.021587 - o PP3MPA0 0.0203911 -
requisitos requisito NCMP000 0.632636 05892651-n:0/09367203-n:0
de de SP 1 -
os o DA0MP0 0.958022 - o PD0MP00 0.021587 - o PP3MPA0 0.0203911 -
incisos inciso AQ0MP00 0.667236 -
I i NCMS000 0.0660099 06832033-n:0
, , Fc 1 -
V v NCMS000 1 -
, , Fc 1 -
VI ver VMIS1S0 0.866667 00690614-v:0/00920336-v:0/01635432-v:0/02023107-v:0/02107097-v:0/02118476-v:0/02128873-v:0/02129289-v:0/02129709-v:0/02130160-v:0/02130300-v:0/02130524-v:0/02131777-v:0/02132745-v:0/02133185-v:0/02150510-v:0/02150948-v:0/02154312-v:0/02154508-v:0/02163746-v:0/02164531-v:0/02165304-v:0/02167052-v:0/02455407-v:0/02488304-v:0
e e CC 0.999951 -
VII vii NP00O00 1 -
de de SP 1 -
o o DA0MS0 0.950254 - o PD0MS00 0.0313531 - o PP3MSA0 0.0183743 - o NCMS000 1.85412e-05 05198036-n:0/06832680-n:0
art. art. NCFS000 0.69743 -
8º 8º Z 1 -
. . Fp 1 -

Em em SP 1 -
a o DA0FS0 1 -
hipótese hipótese NCFS000 1 05773923-n:0/05779712-n:0/05888929-n:0/05891783-n:0/05892096-n:0/05893356-n:0/06782680-n:0/07162545-n:0
de de SP 1 -
o o DA0MS0 0.950254 - o PD0MS00 0.0313531 - o PP3MSA0 0.0183743 - o NCMS000 1.85412e-05 05198036-n:0/06832680-n:0
inciso inciso NCMS000 0.335187 -
II ii NP00V00 1 -
de de SP 1 -
este este DD0MS0 1 -
artigo artigo NCMS000 1 00022903-n:0/02745091-n:0/03076708-n:0/03748886-n:0/04550840-n:0/06268096-n:0/06269956-n:0/06324669-n:0/06392935-n:0/06681177-n:0/06681551-n:0/06683784-n:0
, , Fc 1 -
o o DA0MS0 0.950254 -
novo novo AQ0MS00 0.998311 00024996-a:0/00818008-a:0/01640850-a:0/01641648-a:0/01642477-a:0/01687167-a:0/01730444-a:0
pedido pedido NCMS000 0.628319 05791602-n:0/06529219-n:0/07185325-n:0/13461162-n:0
de de SP 1 -
inscrição inscrição NCFS000 1 00050037-n:0/06405699-n:0
também também RG 0.998533 00047534-r:0
deve dever VMIP3S0 0.99061 02253956-v:0/02254155-v:0/02731814-v:0
ser ser VMN0000 0.33093 01717851-v:0/02597601-v:0/02603699-v:0/02604760-v:0/02627363-v:0/02749904-v:0
acompanhado acompanhar VMP00SM 0.986111 01728355-v:0/02025550-v:0/02026086-v:0/02578872-v:0/02716165-v:0/02250899-a:0/02252053-a:0
de de SP 1 -
provas prova NCFP000 0.98913 05799212-n:0/05824739-n:0/06733939-n:0/07199191-n:0
de de SP 1 -
reabilitação reabilitação NCFS000 1 00045646-n:0/00700260-n:0/01241997-n:0
. . Fp 1 -

