Compete competir VMIP3S0 01072262-v:0/01122194-v:0/02672187-v:0
a a SP 
o o DA0MS0 
Conselho_Federal conselho_federal NP00000 
: : Fd 
dar dar VMN0000 00888009-v:0/01175810-v:0/01180351-v:0/01652139-v:0/02199590-v:0/02200498-v:0/02200686-v:0/02229055-v:0/02230772-v:0/02235229-v:0/02235842-v:0/02255462-v:0/02262278-v:0/02263027-v:0/02293321-v:0/02296153-v:0/02308741-v:0/02309374-v:0/02310007-v:0/02310328-v:0/02316868-v:0/02317094-v:0/02319669-v:0/02339171-v:0/02357873-v:0/02358327-v:0/02627363-v:0
cumprimento cumprimento NCMS000 01127019-n:0/01127379-n:0/06630627-n:0
efetivo efetivo AQ0MS00 00043765-a:0/00834198-a:0
a a SP 
as o DA0FP0 
finalidades finalidade NCFP000 05982152-n:0
de de SP 
a o DA0FS0 
OAB oab NP00000 
; ; Fx 
representar representar VMN0000 00836236-v:0/00988028-v:0/01686132-v:0/01688256-v:0/01688771-v:0/01719302-v:0/01719921-v:0/01723690-v:0/02541509-v:0/02541921-v:0/02581675-v:0/02620587-v:0/02697725-v:0/02698443-v:0/02699497-v:0/02723733-v:0/02740352-v:0
, , Fc 
em em SP 
juízo juízo NCMS000 00874067-n:0/05837957-n:0/06551784-n:0
ou ou CC 
fora ir VMIM1S0 00341560-v:0/00343898-v:0/00359916-v:0/01192992-v:0/01835496-v:0/01839538-v:0/01841079-v:0/01846916-v:0/01849221-v:0/01882814-v:0/01904930-v:0/01935233-v:0/01955984-v:0/01957529-v:0/01995549-v:0/02009433-v:0/02051694-v:0/02072849-v:0/02102002-v:0/02102398-v:0/02493030-v:0/02685951-v:0/02686471-v:0/02737876-v:0
de de SP 
ele ele PP3MS00 
, , Fc 
os o DA0MP0 
interesses interesse NCMP000 05143300-n:0/05670710-n:0/05671325-n:0/05682950-n:0/05853636-n:0
coletivos coletivo AQ0MP00 00298293-a:0/00466808-a:0/02112701-a:0
ou ou CC 
individuais individual AQ0CP00 00493460-a:0/02110778-a:0/02153174-a:0
de de SP 
os o DA0MP0 
advogados advogado NCMP000 09774783-n:0/09775663-n:0/09840963-n:0/10249950-n:0/10623175-n:0
; ; Fx 
velar velar VMN0000 02167435-v:0
por por SP 
a o DA0FS0 
dignidade dignidade NCFS000 04886881-n:0/04910684-n:0/14431902-n:0
, , Fc 
independência independência NCFS000 07474006-n:0/13994148-n:0/14001031-n:0
, , Fc 
prerrogativas prerrogativa NCFP000 05178715-n:0
e e CC 
valorização valorização NCFS000 05733583-n:0
de de SP 
a o DA0FS0 
advocacia advocacia NCFS000 00589217-n:0/00611143-n:0
; ; Fx 
representar representar VMN0000 00836236-v:0/00988028-v:0/01686132-v:0/01688256-v:0/01688771-v:0/01719302-v:0/01719921-v:0/01723690-v:0/02541509-v:0/02541921-v:0/02581675-v:0/02620587-v:0/02697725-v:0/02698443-v:0/02699497-v:0/02723733-v:0/02740352-v:0
, , Fc 
com com SP 
exclusividade exclusividade NCFS000 04889337-n:0
, , Fc 
os o DA0MP0 
advogados advogado NCMP000 09774783-n:0/09775663-n:0/09840963-n:0/10249950-n:0/10623175-n:0
brasileiros brasileiro AQ0MP00 02966829-a:0
em em SP 
os o DA0MP0 
órgãos órgão NCMP000 03273551-n:0/03494537-n:0/03854065-n:0/05297523-n:0/06595056-n:0/08349350-n:0/13087625-n:0
e e CC 
eventos evento NCMP000 00029378-n:0/07283608-n:0/07290761-n:0/07307477-n:0
internacionais internacional AQ0CP00 01037885-a:0/01568375-a:0
de de SP 
a o DA0FS0 
advocacia advocacia NCFS000 00589217-n:0/00611143-n:0
; ; Fx 
editar editar VMN0000 01745722-v:0
e e CC 
alterar alterar VMN0000 00109660-v:0/00123170-v:0/00126264-v:0/00488430-v:0/01667132-v:0
o o DA0MS0 
Regulamento_Geral regulamento_geral NP00000 
, , Fc 
o o DA0MS0 
Código_de_Ética código_de_ética NP00000 
e e CC 
Disciplina disciplina NP00000 00893836-n:0/04881623-n:0/05662876-n:0/05996646-n:0
, , Fc 
e e CC 
os o DA0MP0 
Provimentos provimentos NP00000 
que que CS 
julgar julgar VMN0000 00670261-v:0/00672277-v:0/00693780-v:0/00822367-v:0/00828374-v:0/00971650-v:0/00971999-v:0/02166460-v:0/02501278-v:0
necessários necessário AQ0MP00 01580050-a:0
; ; Fx 
adotar adotar VMN0000 00413195-v:0/00602112-v:0/02346724-v:0/02346895-v:0
medidas medida NCFP000 00033615-n:0/00174412-n:0/00996969-n:0/05098311-n:0/05098942-n:0
para para SP 
assegurar assegurar VMN0000 00662589-v:0/00890590-v:0/02251065-v:0
o o DA0MS0 
regular regular AQ0CS00 01959294-a:0/01961937-a:0/01970777-a:0/02296632-a:0
funcionamento funcionamento NCMS000 13525549-n:0/14008806-n:0
de de SP 
os o DA0MP0 
Conselhos_Seccionais conselhos_seccionais NP00000 
; ; Fx 
intervir intervir VMN0000 
em em SP 
os o DA0MP0 
Conselhos_Seccionais conselhos_seccionais NP00000 
, , Fc 
onde onde RG 
e e CC 
quando quando RG 
constatar constatar VMN0000 
grave grave AQ0CS00 00651039-a:0/00689336-a:0/02119213-a:0
violação violação NCFS000 00733483-n:0/00770543-n:0
de de SP 
esta este DD0FS0 
lei lei NCFS000 05846054-n:0/05872982-n:0/06532330-n:0/08209687-n:0/08441203-n:0/08456347-n:0
ou ou CC 
de de SP 
o o DA0MS0 
regulamento regulamento NCMS000 05846054-n:0/06537951-n:0
geral geral AQ0CS00 00487198-a:0/00489108-a:0/01101391-a:0
; ; Fx 
cassar cassar VMN0000 00799798-v:0
ou ou CC 
modificar modificar VMN0000 00123170-v:0/00126264-v:0/00171127-v:0
, , Fc 
de de SP 
ofício ofício NCMS000 00582388-n:0/00606370-n:0/13945102-n:0
ou ou CC 
mediante mediante SP 
representação representação NCFS000 00548326-n:0/00898518-n:0/01217499-n:0/04076846-n:0
, , Fc 
qualquer qualquer DI0CS0 
ato ato NCMS000 00030358-n:0/00037396-n:0/00550341-n:0/06532095-n:0/06545137-n:0/07009640-n:0
, , Fc 
de de SP 
órgão órgão NCMS000 03273551-n:0/03494537-n:0/03854065-n:0/05297523-n:0/06595056-n:0/08349350-n:0/13087625-n:0
ou ou CC 
autoridade autoridade NCFS000 06411592-n:0/09824361-n:0/09824609-n:0
de de SP 
a o DA0FS0 
OAB oab NP00000 
, , Fc 
contrário contrário NCMS000 13858270-n:0/13858604-n:0
a a SP 
esta este DD0FS0 
lei lei NCFS000 05846054-n:0/05872982-n:0/06532330-n:0/08209687-n:0/08441203-n:0/08456347-n:0
, , Fc 
a a SP 
o o DA0MS0 
regulamento regulamento NCMS000 05846054-n:0/06537951-n:0
geral geral AQ0CS00 00487198-a:0/00489108-a:0/01101391-a:0
, , Fc 
a a SP 
o o DA0MS0 
Código_de_Ética código_de_ética NP00000 
e e CC 
Disciplina disciplina NP00000 00893836-n:0/04881623-n:0/05662876-n:0/05996646-n:0
, , Fc 
e e CC 
a a SP 
os o DA0MP0 
Provimentos provimentos NP00000 
, , Fc 
ouvida ouvir VMP00SF 02169702-v:0/02169891-v:0
a a SP 
autoridade autoridade NCFS000 06411592-n:0/09824361-n:0/09824609-n:0
ou ou CC 
o o DA0MS0 
órgão órgão NCMS000 03273551-n:0/03494537-n:0/03854065-n:0/05297523-n:0/06595056-n:0/08349350-n:0/13087625-n:0
em em SP 
causa causa NCFS000 00798245-n:0/01181902-n:0/01182654-n:0/07326557-n:0/09178999-n:0/09179382-n:0
; ; Fx 
julgar julgar VMN0000 00670261-v:0/00672277-v:0/00693780-v:0/00822367-v:0/00828374-v:0/00971650-v:0/00971999-v:0/02166460-v:0/02501278-v:0
, , Fc 
em em SP 
grau grau NCMS000 05093890-n:0/05094565-n:0/13584918-n:0/13611207-n:0/13714184-n:0/13939892-n:0/14429608-n:0
de de SP 
recurso recurso NCMS000 00177448-n:0/01185611-n:0/01208597-n:0/05154517-n:0/05154676-n:0/05154908-n:0/05155123-n:0/07246932-n:0/13331778-n:0
, , Fc 
as o DA0FP0 
questões questão NCFP000 04757522-n:0/06783768-n:0/06784003-n:0/07193184-n:0/07193596-n:0/07196682-n:0
decididas decidir VMP00PF 00634472-v:0/00697589-v:0/00698855-v:0/00699626-v:0/00701877-v:0/00763399-v:0/00701178-a:0
por por SP 
os o DA0MP0 
Conselhos_Seccionais conselhos_seccionais NP00000 
, , Fc 
em em SP 
os o DA0MP0 
casos caso NCMP000 05671325-n:0/05817743-n:0/06310945-n:0/07308889-n:0
previstos prever VMP00PM 00712135-v:0/00720808-v:0/00871942-v:0/00917772-v:0/00926472-v:0/00974173-v:0/01636221-v:0/02565491-v:0/00929815-a:0
em em SP 
este este DD0MS0 
estatuto estatuto NCMS000 06537951-n:0/06564387-n:0
e e CC 
em em SP 
o o DA0MS0 
regulamento regulamento NCMS000 05846054-n:0/06537951-n:0
geral geral AQ0CS00 00487198-a:0/00489108-a:0/01101391-a:0
; ; Fx 
dispor dispor NCMS000 
sobre sobre SP 
a o DA0FS0 
identificação identificação NCFS000 00152018-n:0/04618581-n:0/05762998-n:0/06885083-n:0/06887278-n:0
de de SP 
os o DA0MP0 
inscritos inscrever VMP00PM 01097309-v:0/02471087-v:0/02471327-v:0
em em SP 
a o DA0FS0 
OAB oab NP00000 
e e CC 
sobre sobre SP 
os o DA0MP0 
respectivos respectivo AQ0MP00 00494409-a:0
símbolos símbolo NCMP000 05765415-n:0/06795746-n:0/06806469-n:0/06880664-n:0
privativos privativo AQ0MP00 02152985-a:0
; ; Fx 
apreciar apreciar VMN0000 00592341-v:0/00691665-v:0/00892315-v:0/00892467-v:0/01182152-v:0/01776214-v:0/01805982-v:0/02256109-v:0
o o DA0MS0 
relatório relatório NCMS000 06409752-n:0/07217924-n:0/07218470-n:0
anual anual AQ0CS00 00678024-a:0/01969150-a:0
e e CC 
deliberar deliberar VMN0000 00812580-v:0/00813044-v:0
sobre sobre SP 
o o DA0MS0 
balanço balanço NCMS000 04371774-n:0/13403964-n:0/13408980-n:0
e e CC 
as o DA0FP0 
contas conta NCFP000 00634586-n:0/02815071-n:0/06516955-n:0/06517942-n:0/09179382-n:0/13354985-n:0/13591761-n:0
de de SP 
sua seu DP3FSS 
diretoria diretoria NCFS000 08380768-n:0
; ; Fx 
homologar homologar VMN0000 01012561-v:0
ou ou CC 
mandar mandar VMN0000 00746718-v:0/01031256-v:0/02644234-v:0
suprir suprir VMN0000 01181166-v:0/01183573-v:0/02327200-v:0/02332999-v:0/02338975-v:0/02339413-v:0/02479323-v:0
relatório relatório NCMS000 06409752-n:0/07217924-n:0/07218470-n:0
anual anual AQ0CS00 00678024-a:0/01969150-a:0
, , Fc 
o o DA0MS0 
balanço balanço NCMS000 04371774-n:0/13403964-n:0/13408980-n:0
e e CC 
as o DA0FP0 
contas conta NCFP000 00634586-n:0/02815071-n:0/06516955-n:0/06517942-n:0/09179382-n:0/13354985-n:0/13591761-n:0
de de SP 
os o DA0MP0 
Conselhos_Seccionais conselhos_seccionais NP00000 
; ; Fx 
elaborar elaborar VMN0000 00251463-v:0/00955601-v:0/01625343-v:0/01738597-v:0
as o DA0FP0 
listas lista NCFP000 06481320-n:0/06495000-n:0
constitucionalmente constitucionalmente RG 00122124-r:0
previstas prever VMP00PF 00712135-v:0/00720808-v:0/00871942-v:0/00917772-v:0/00926472-v:0/00974173-v:0/01636221-v:0/02565491-v:0/00929815-a:0
, , Fc 
para para SP 
o o DA0MS0 
preenchimento preenchimento NCMS000 
de de SP 
os o DA0MP0 
cargos cargo NCMP000 00586105-n:0/00586262-n:0/13945102-n:0
em em SP 
os o DA0MP0 
tribunais tribunal NCMP000 03120778-n:0/03649459-n:0/08329453-n:0
judiciários judiciário AQ0MP00 01400961-a:0/02752987-a:0/02753205-a:0
de de SP 
âmbito âmbito NCMS000 05127782-n:0/14513259-n:0
nacional nacional AQ0CS00 01038332-a:0/01105840-a:0/01567862-a:0/01861776-a:0/02988060-a:0/02988281-a:0/02988402-a:0
ou ou CC 
interestadual interestadual AQ0CS00 
, , Fc 
com com SP 
advogados advogado NCMP000 09774783-n:0/09775663-n:0/09840963-n:0/10249950-n:0/10623175-n:0
que que PR0CN00 
estejam estar VMSP3P0 00149583-v:0/01857392-v:0/02604760-v:0/02655135-v:0/02729963-v:0/02734338-v:0/02744820-v:0
em em SP 
pleno pleno AQ0MS00 01083157-a:0
exercício exercício NCMS000 00729919-n:0/00894552-n:0/15203120-n:0
de de SP 
a o DA0FS0 
profissão profissão NCFS000 00582388-n:0/00583246-n:0/00606370-n:0/00609953-n:0/06685040-n:0
, , Fc 
vedada vedar VMP00SF 01348013-v:0/01354006-v:0/01761375-a:0
a a SP 
inclusão inclusão NCFS000 00373130-n:0/13794034-n:0/13936304-n:0
de de SP 
nome nome NCMS000 06319293-n:0/06320004-n:0/06333653-n:0/06337307-n:0/06338908-n:0/06720964-n:0/14438788-n:0
de de SP 
membro membro NCMS000 05526384-n:0/05559908-n:0/05560244-n:0/10307234-n:0/13810615-n:0
de de SP 
o o DA0MS0 
próprio próprio AQ0MS00 01104026-a:0/01104889-a:0/01768724-a:0/01878466-a:0
Conselho conselho NP00000 06650701-n:0/06671484-n:0/08310949-n:0/08322981-n:0
ou ou CC 
de de SP 
outro outro DI0MS0 
órgão órgão NCMS000 03273551-n:0/03494537-n:0/03854065-n:0/05297523-n:0/06595056-n:0/08349350-n:0/13087625-n:0
de de SP 
a o DA0FS0 
OAB oab NP00000 
; ; Fx 
ajuizar ajuizar VMN0000 02582042-v:0
ação ação NCFS000 00030358-n:0/00037396-n:0/06373513-n:0/13333833-n:0/13342135-n:0/13417071-n:0/14006945-n:0
direta direta NCFS000 
de de SP 
inconstitucionalidade inconstitucionalidade NCFS000 
de de SP 
normas norma NCFP000 05846054-n:0/06652242-n:0/13854488-n:0
legais legal AQ0CP00 01400562-a:0/02499148-a:0
e e CC 
atos ato NCMP000 00030358-n:0/00037396-n:0/00550341-n:0/06532095-n:0/06545137-n:0/07009640-n:0
normativos normativo AQ0MP00 00732456-a:0/02996239-a:0
, , Fc 
ação ação NCFS000 00030358-n:0/00037396-n:0/06373513-n:0/13333833-n:0/13342135-n:0/13417071-n:0/14006945-n:0
civil civil AQ0CS00 00412355-a:0/01517921-a:0/01518161-a:0/02696920-a:0/02697116-a:0
pública público AQ0FS00 00493297-a:0/01861205-a:0
, , Fc 
mandado mandar VMP00SM 00746718-v:0/01031256-v:0/02644234-v:0
de de SP 
segurança segurança NCFS000 04778267-n:0/04856308-n:0/05697135-n:0/06685754-n:0/07526338-n:0/14538472-n:0/14539268-n:0
coletivo coletivo AQ0MS00 00298293-a:0/00466808-a:0/02112701-a:0
, , Fc 
mandado mandar VMP00SM 00746718-v:0/01031256-v:0/02644234-v:0
de de SP 
injunção injunção NCFS000 06542830-n:0
e e CC 
demais demais RG 00029367-r:0/00047392-r:0
ações ação NCFP000 00030358-n:0/00037396-n:0/06373513-n:0/13333833-n:0/13342135-n:0/13417071-n:0/14006945-n:0
cuja cujo PR0FS00 
legitimação legitimação NCFS000 01195584-n:0
lhe lhe PP3CSD0 
seja ser VMSP1S0 01717851-v:0/02597601-v:0/02603699-v:0/02604760-v:0/02627363-v:0/02749904-v:0
outorgada outorgar VMP00SF 02255268-v:0/02255462-v:0/02261888-v:0/02262278-v:0/02263346-v:0/02263692-v:0/02308741-v:0/02317094-v:0
por por SP 
lei lei NCFS000 05846054-n:0/05872982-n:0/06532330-n:0/08209687-n:0/08441203-n:0/08456347-n:0
; ; Fx 
colaborar colaborar VMN0000 02416278-v:0
com com SP 
o o DA0MS0 
aperfeiçoamento aperfeiçoamento NCMS000 00260494-n:0
de de SP 
os o DA0MP0 
cursos curso NCMP000 00038262-n:0/00884466-n:0/08238463-n:0/08238660-n:0/08377085-n:0/08461595-n:0/08679972-n:0/08680888-n:0/08681222-n:0/09387222-n:0/13827426-n:0
jurídicos jurídico AQ0MP00 02753724-a:0
, , Fc 
e e CC 
opinar opinar VMN0000 00872886-v:0/01027668-v:0
, , Fc 
previamente previamente RG 00060632-r:0
, , Fc 
em em SP 
os o DA0MP0 
pedidos pedido NCMP000 05791602-n:0/06529219-n:0/07185325-n:0/13461162-n:0
apresentados apresentar VMP00PM 00772967-v:0/00879540-v:0/00901103-v:0/00901651-v:0/00989602-v:0/01025246-v:0/01711445-v:0/01714208-v:0/02137132-v:0/02140033-v:0/02310328-v:0/02374764-v:0/02425112-v:0/02722663-v:0
a a SP 
os o DA0MP0 
órgãos órgão NCMP000 03273551-n:0/03494537-n:0/03854065-n:0/05297523-n:0/06595056-n:0/08349350-n:0/13087625-n:0
competentes competente AQ0CP00 00510050-a:0/02226162-a:0
para para SP 
criação criação NCFS000 00240184-n:0/00908492-n:0/00914929-n:0/03129123-n:0/03574004-n:0/07328942-n:0/09466280-n:0
, , Fc 
reconhecimento reconhecimento NCMS000 05762998-n:0/05807540-n:0/06628861-n:0/06688274-n:0/14411981-n:0
ou ou CC 
credenciamento credenciamento NCMS000 
de de SP 
esses esse DD0MP0 
cursos curso NCMP000 00038262-n:0/00884466-n:0/08238463-n:0/08238660-n:0/08377085-n:0/08461595-n:0/08679972-n:0/08680888-n:0/08681222-n:0/09387222-n:0/13827426-n:0
; ; Fx 
autorizar autorizar VMN0000 00803325-v:0/02444662-v:0/02447370-v:0/02473981-v:0
, , Fc 
por por SP 
a o DA0FS0 
maioria maioria NCFS000 05122557-n:0/13581067-n:0/15152062-n:0
absoluta absoluto AQ0FS00 00005205-a:0/00094069-a:0/00520892-a:0/00719328-a:0/00897015-a:0
de de SP 
as o DA0FP0 
delegações delegação NCFP000 00165178-n:0/01140471-n:0/01140839-n:0/08402442-n:0/14000403-n:0
, , Fc 
a o DA0FS0 
oneração oneração NCFS000 
ou ou CC 
alienação alienação NCFS000 07502387-n:0
de de SP 
seus seu DP3MPS 
bens bem NCMP000 00032613-n:0/03076708-n:0/05142180-n:0/05142641-n:0/05154517-n:0/05157574-n:0/13250398-n:0/13250930-n:0
imóveis imóvel AQ0CP00 01525320-a:0/01561564-a:0/01564073-a:0
; ; Fx 
participar participar VMN0000 02450256-v:0
de de SP 
concursos concurso NCMP000 07456188-n:0
públicos público AQ0MP00 00493297-a:0/01861205-a:0
, , Fc 
em em SP 
os o DA0MP0 
casos caso NCMP000 05671325-n:0/05817743-n:0/06310945-n:0/07308889-n:0
previstos prever VMP00PM 00712135-v:0/00720808-v:0/00871942-v:0/00917772-v:0/00926472-v:0/00974173-v:0/01636221-v:0/02565491-v:0/00929815-a:0
em em SP 
a o DA0FS0 
Constituição constituição NP00000 00237078-n:0/04933544-n:0/06533648-n:0
e e CC 
em em SP 
a o DA0FS0 
lei lei NCFS000 05846054-n:0/05872982-n:0/06532330-n:0/08209687-n:0/08441203-n:0/08456347-n:0
, , Fc 
em em SP 
todas_as todas_as PI0FP00 
suas seu DP3FSP 
fases fase NCFP000 13939892-n:0/14480065-n:0/15206744-n:0/15290132-n:0/15290337-n:0
, , Fc 
quando quando RG 
tiverem ter VMSF3P0 00056930-v:0/00065370-v:0/00065639-v:0/00121046-v:0/00639849-v:0/02108026-v:0/02203362-v:0/02204692-v:0/02632167-v:0/02700867-v:0/02746275-v:0/02749904-v:0
abrangência abrangência NCFS000 
nacional nacional AQ0CS00 01038332-a:0/01105840-a:0/01567862-a:0/01861776-a:0/02988060-a:0/02988281-a:0/02988402-a:0
ou ou CC 
interestadual interestadual AQ0CS00 
; ; Fx 
resolver resolver VMN0000 00208055-v:0/00634906-v:0/00635714-v:0/00697589-v:0/00698855-v:0/00699626-v:0/00733044-v:0/01021420-v:0
os o DA0MP0 
casos caso NCMP000 05671325-n:0/05817743-n:0/06310945-n:0/07308889-n:0
omissos omisso AQ0MP00 
em em SP 
este este DD0MS0 
estatuto estatuto NCMS000 06537951-n:0/06564387-n:0
. . Fp 

A o DA0FS0 
intervenção intervenção NCFS000 01068184-n:0/01240210-n:0/06661562-n:0
referida referir VMP00SF 00655555-v:0/00730052-v:0/01024763-v:0/01028294-v:0/01952898-v:0/02676054-v:0
em em SP 
o o DA0MS0 
inciso inciso NCMS000 
VII vii NP00000 
de de SP 
este este DD0MS0 
artigo artigo NCMS000 00022903-n:0/02745091-n:0/03076708-n:0/03748886-n:0/04550840-n:0/06268096-n:0/06269956-n:0/06324669-n:0/06392935-n:0/06681177-n:0/06681551-n:0/06683784-n:0
depende depender VMIP3S0 00688261-v:0/00712708-v:0/02663848-v:0/02664017-v:0/02664234-v:0/02711987-v:0
de de SP 
prévia prévio AQ0FS00 00122128-a:0/00127137-a:0/01729819-a:0
aprovação aprovação NCFS000 00065575-n:0/01215392-n:0/06686736-n:0/06687178-n:0/06687358-n:0/06687701-n:0/06689297-n:0/06692572-n:0/07175241-n:0/07175575-n:0/07177192-n:0/14412374-n:0
por por SP 
dois_terços 2/3 Zp 
de de SP 
as o DA0FP0 
delegações delegação NCFP000 00165178-n:0/01140471-n:0/01140839-n:0/08402442-n:0/14000403-n:0
, , Fc 
garantido garantir VMP00SM 00889555-v:0/00890590-v:0/00891936-v:0/02317094-v:0/00672785-a:0
o o DA0MS0 
amplo amplo AQ0MS00 00475996-a:0/00476249-a:0/00525453-a:0/00526062-a:0/01383394-a:0/01386883-a:0/01387319-a:0/02560548-a:0
direito direito NCMS000 00611143-n:0/05174653-n:0/05181754-n:0/13341756-n:0
de de SP 
defesa defesa NCFS000 00823750-n:0/00954311-n:0
de de SP 
o o DA0MS0 
Conselho_Seccional conselho_seccional NP00000 
respectivo respectivo AQ0MS00 00494409-a:0
, , Fc 
nomeando nomear VMG0000 01026095-v:0/01028748-v:0/01029642-v:0/02396205-v:0/02396716-v:0/02400760-v:0/02401523-v:0/02475922-v:0
se se PP3CN00 
diretoria diretoria NCFS000 08380768-n:0
provisória provisório AQ0FS00 00556318-a:0
para para SP 
o o DA0MS0 
prazo prazo NCMS000 15116095-n:0/15153225-n:0/15180082-n:0/15224156-n:0
que que PR0CN00 
se se PP3CN00 
fixar fixar VMN0000 01340439-v:0/01343892-v:0/01616901-v:0
. . Fp 

