A o DA0FS0 0.675415 -
Caixa_de_Assistência_dos_Advogados caixa_de_assistência_dos_advogados NP00O00 1 -
, , Fc 1 -
com com SP 1 -
personalidade personalidade NCFS000 1 04617562-n:0/04618070-n:0/04620216-n:0/04763293-n:0/10417424-n:0/10748620-n:0
jurídica jurídico AQ0FS00 1 02753724-a:0
própria próprio AQ0FS00 0.994186 01104026-a:0/01104889-a:0/01768724-a:0/01878466-a:0
, , Fc 1 -
destina destinar VMIP3S0 1 00709379-v:0/00746479-v:0
se se PP3CN00 1 -
a a SP 0.313151 -
prestar prestar VMN0000 0.529581 00732224-v:0/02324182-v:0
assistência assistência NCFS000 1 00558008-n:0/01207609-n:0/01209220-n:0/01233397-n:0/05149832-n:0/05154908-n:0
a a SP 1 -
os o DA0MP0 0.958022 - o PD0MP00 0.021587 - o PP3MPA0 0.0203911 -
inscritos inscrever VMP00PM 0.892483 01097309-v:0/02471087-v:0/02471327-v:0
em em SP 1 -
o o DA0MS0 1 -
Conselho_Seccional conselho_seccional NP00O00 1 -
a a SP 0.313151 -
que que CS 0.398036 -
se se PP3CN00 0.861659 -
vincule vincular VMSP3S0 0.64852 00885217-v:0
. . Fp 1 -

A o DA0FS0 0.675415 -
Caixa caixa NCFS000 0.560019 02883344-n:0/02975589-n:0/03064758-n:0/03094503-n:0/03233905-n:0/04139859-n:0/04190747-n:0/04249415-n:0/04249415-n:0/10698970-n:0
é ser VMIP3S0 1 01717851-v:0/02597601-v:0/02603699-v:0/02604760-v:0/02627363-v:0/02749904-v:0
criada criar VMP00SF 0.72093 01186844-v:0/01429455-v:0/01617192-v:0/01621555-v:0/01640207-v:0/01640550-v:0/01685313-v:0/01738774-v:0/01753596-v:0/01753788-v:0/02539788-v:0/02540569-v:0
e e CC 0.999951 -
adquire adquirir VMIP3S0 0.999479 00012267-v:0/00094460-v:0/00597915-v:0/02207206-v:0/02208265-v:0/02210855-v:0/02212103-v:0/02238770-v:0/02239261-v:0/02288295-v:0/02289295-v:0/02359340-v:0/02695378-v:0
personalidade personalidade NCFS000 1 04617562-n:0/04618070-n:0/04620216-n:0/04763293-n:0/10417424-n:0/10748620-n:0
jurídica jurídico AQ0FS00 1 02753724-a:0
com com SP 1 -
a o DA0FS0 0.675415 -
aprovação aprovação NCFS000 1 00065575-n:0/01215392-n:0/06686736-n:0/06687178-n:0/06687358-n:0/06687701-n:0/06689297-n:0/06692572-n:0/07175241-n:0/07175575-n:0/07177192-n:0/14412374-n:0
e e CC 0.999951 -
registro registro NCMS000 0.914011 00050037-n:0/04071876-n:0/06503724-n:0/06507041-n:0/06647206-n:0/13403643-n:0
de de SP 1 -
seu seu DP3MSS 0.957305 -
estatuto estatuto NCMS000 1 06537951-n:0/06564387-n:0
por por SP 1 -
o o DA0MS0 1 -
respectivo respectivo AQ0MS00 1 00494409-a:0
Conselho_Seccional_da_OAB conselho_seccional_da_oab NP00O00 1 -
, , Fc 1 -
em em SP 1 -
a o DA0FS0 1 -
forma forma NCFS000 0.996448 00027807-n:0/04931733-n:0/05930736-n:0
de de SP 1 -
o o DA0MS0 0.950254 - o PD0MS00 0.0313531 - o PP3MSA0 0.0183743 - o NCMS000 1.85412e-05 05198036-n:0/06832680-n:0
regulamento regulamento NCMS000 0.97619 05846054-n:0/06537951-n:0
geral geral AQ0CS00 0.694581 00487198-a:0/00489108-a:0/01101391-a:0
. . Fp 1 -

A o DA0FS0 0.675415 -
Caixa caixa NP00O00 1 02883344-n:0/02975589-n:0/03064758-n:0/03094503-n:0/03233905-n:0/04139859-n:0/04190747-n:0/04249415-n:0/04249415-n:0/10698970-n:0
pode poder VMIP3S0 0.994702 01192628-v:0/02744451-v:0
, , Fc 1 -
em em SP 1 -
benefício benefício NCMS000 1 05142641-n:0/05142863-n:0/05155821-n:0/05160796-n:0/13259917-n:0
de de SP 1 -
os o DA0MP0 0.958022 - o PD0MP00 0.021587 - o PP3MPA0 0.0203911 -
advogados advogado NCMP000 0.556849 09774783-n:0/09775663-n:0/09840963-n:0/10249950-n:0/10623175-n:0
, , Fc 1 -
promover promover VMN0000 0.330612 00875806-v:0/00976653-v:0/02397637-v:0/02554922-v:0
a o DA0FS0 0.675415 -
seguridade seguridade NCFS000 1 -
complementar complementar AQ0CS00 0.407842 00049016-a:0/00049879-a:0/02381963-a:0
. . Fp 1 -

Compete competir VMIP3S0 0.999479 01072262-v:0/01122194-v:0/02672187-v:0
a a SP 1 -
o o DA0MS0 0.950254 - o PD0MS00 0.0313531 - o PP3MSA0 0.0183743 - o NCMS000 1.85412e-05 05198036-n:0/06832680-n:0
Conselho_Seccional conselho_seccional NP00O00 1 -
fixar fixar VMN0000 0.529581 01340439-v:0/01343892-v:0/01616901-v:0
contribuição contribuição NCFS000 1 00787465-n:0/13269890-n:0/13270038-n:0
obrigatória obrigatório AQ0FS00 1 00848074-a:0/00848466-a:0/01580968-a:0
devida dever VMP00SF 0.94971 02253956-v:0/02254155-v:0/02731814-v:0/00136354-a:0
por por SP 1 -
seus seu DP3MPS 0.857735 -
inscritos inscrever VMP00PM 0.892483 01097309-v:0/02471087-v:0/02471327-v:0
, , Fc 1 -
destinada destinar VMP00SF 0.992515 00709379-v:0/00746479-v:0/00340626-a:0/01682822-a:0
a a SP 1 -
a o DA0FS0 0.675415 - a SP 0.313151 - o PP3FSA0 0.00613742 - o PD0FS00 0.00514062 - a NCMS000 0.000156639 06831177-n:0
manutenção manutenção NCFS000 1 00267522-n:0/00268112-n:0/13365286-n:0/13366311-n:0
de de SP 1 -
o o DA0MS0 0.950254 - o PD0MS00 0.0313531 - o PP3MSA0 0.0183743 - o NCMS000 1.85412e-05 05198036-n:0/06832680-n:0
disposto dispor VMP00SM 0.992518 00680841-v:0/01192628-v:0/01463963-v:0/01496497-v:0/02254258-v:0/02354922-v:0/01930512-a:0
em em SP 1 -
o o DA0MS0 1 -
parágrafo parágrafo NCMS000 1 06399995-n:0
anterior anterior AQ0CS00 1 00122128-a:0/00668816-a:0/00814611-a:0/01729819-a:0
, , Fc 1 -
incidente incidente AQ0CS00 0.467314 -
sobre sobre SP 0.997342 -
atos ato NCMP000 1 00030358-n:0/00037396-n:0/00550341-n:0/06532095-n:0/06545137-n:0/07009640-n:0
decorrentes decorrente AQ0CP00 1 00122844-a:0
de de SP 1 -
o o DA0MS0 0.950254 - o PD0MS00 0.0313531 - o PP3MSA0 0.0183743 - o NCMS000 1.85412e-05 05198036-n:0/06832680-n:0
efetivo efetivo AQ0MS00 0.542381 00043765-a:0/00834198-a:0
exercício exercício NCMS000 1 00729919-n:0/00894552-n:0/15203120-n:0
de de SP 1 -
a o DA0FS0 0.675415 - a SP 0.313151 - o PP3FSA0 0.00613742 - o PD0FS00 0.00514062 - a NCMS000 0.000156639 06831177-n:0
advocacia advocacia NCFS000 1 00589217-n:0/00611143-n:0
. . Fp 1 -

A o DA0FS0 0.675415 -
diretoria diretoria NCFS000 1 08380768-n:0
de de SP 1 -
a o DA0FS0 0.675415 - a SP 0.313151 - o PP3FSA0 0.00613742 - o PD0FS00 0.00514062 - a NCMS000 0.000156639 06831177-n:0
Caixa caixa NP00V00 1 02883344-n:0/02975589-n:0/03064758-n:0/03094503-n:0/03233905-n:0/04139859-n:0/04190747-n:0/04249415-n:0/04249415-n:0/10698970-n:0
é ser VMIP3S0 1 01717851-v:0/02597601-v:0/02603699-v:0/02604760-v:0/02627363-v:0/02749904-v:0
composta compor VMP00SF 0.721918 00706804-v:0/01626138-v:0/01656788-v:0/01698271-v:0/01705494-v:0/01765178-v:0/02621244-v:0/02621395-v:0/02171024-a:0
de de SP 1 -
cinco 5 Z 0.997312 -
membros membro NCMP000 1 05526384-n:0/05559908-n:0/05560244-n:0/10307234-n:0/13810615-n:0
, , Fc 1 -
com com SP 1 -
atribuições atribuição NCFP000 1 05734559-n:0/13285176-n:0/13289467-n:0/13289744-n:0
definidas definir VMP00PF 0.992428 00957378-v:0/01062938-a:0
em em SP 1 -
o o DA0MS0 1 -
seu seu DP3MSS 0.957305 -
regimento regimento NCMS000 0.914011 08213817-n:0
interno interno AQ0MS00 0.475 00948670-a:0/00950272-a:0/00951831-a:0/01346978-a:0/01348835-a:0/01692786-a:0
. . Fp 1 -

Cabe caber VMIP3S0 0.480095 00050652-v:0/02659763-v:0/02735753-v:0
a a SP 1 -
a o DA0FS0 0.675415 - a SP 0.313151 - o PP3FSA0 0.00613742 - o PD0FS00 0.00514062 - a NCMS000 0.000156639 06831177-n:0
Caixa caixa NCFS000 0.560019 02883344-n:0/02975589-n:0/03064758-n:0/03094503-n:0/03233905-n:0/04139859-n:0/04190747-n:0/04249415-n:0/04249415-n:0/10698970-n:0
a a SP 0.313151 -
metade metade NCFS000 0.993421 13736799-n:0/15257829-n:0
de de SP 1 -
a o DA0FS0 0.675415 - a SP 0.313151 - o PP3FSA0 0.00613742 - o PD0FS00 0.00514062 - a NCMS000 0.000156639 06831177-n:0
receita receita NCFS000 0.819323 06788565-n:0/06788785-n:0/13255145-n:0/13260190-n:0
de de SP 1 -
as o DA0FP0 0.974798 - o PD0FP00 0.0142702 - o PP3FPA0 0.0109322 -
anuidades anuidade NCFP000 1 13294503-n:0
recebidas receber VMP00PF 0.992518 00522751-v:0/00617095-v:0/00686879-v:0/00900583-v:0/01194418-v:0/01470225-v:0/02108377-v:0/02108654-v:0/02210119-v:0/02210855-v:0/02739480-v:0/00605893-a:0
por por SP 1 -
o o DA0MS0 1 -
Conselho_Seccional conselho_seccional NP00O00 1 -
, , Fc 1 -
considerado considerar VMP00SM 0.98913 00640650-v:0/00689809-v:0/00689950-v:0/00690305-v:0/00690614-v:0/00691312-v:0/00693780-v:0/00711715-v:0/00712135-v:0/00712556-v:0/00734054-v:0/00813044-v:0/00950431-v:0/01773130-v:0/02166460-v:0
o o DA0MS0 0.950254 -
valor valor NCMS000 1 05138208-n:0/05159725-n:0/05856388-n:0/05923983-n:0/13413493-n:0/13764342-n:0
resultante resultante AQ0CS00 0.659671 00122844-a:0
após após SP 1 -
as o DA0FP0 0.974798 -
deduções dedução NCFP000 1 05774129-n:0/05774614-n:0/05780885-n:0/05783940-n:0
regulamentares regulamentar AQ0CP00 0.58 01401532-a:0
obrigatórias obrigatório AQ0FP00 1 00848074-a:0/00848466-a:0/01580968-a:0
. . Fp 1 -

Em em SP 1 -
caso caso NCMS000 0.83659 05671325-n:0/05817743-n:0/06310945-n:0/07308889-n:0
de de SP 1 -
extinção extinção NCFS000 1 00229934-n:0/05758692-n:0/07332691-n:0/13478342-n:0/13963032-n:0/14012173-n:0
ou ou CC 1 -
desativação desativação NCFS000 1 00233614-n:0
de de SP 1 -
a o DA0FS0 0.675415 - a SP 0.313151 - o PP3FSA0 0.00613742 - o PD0FS00 0.00514062 - a NCMS000 0.000156639 06831177-n:0
Caixa caixa NP00G00 1 02883344-n:0/02975589-n:0/03064758-n:0/03094503-n:0/03233905-n:0/04139859-n:0/04190747-n:0/04249415-n:0/04249415-n:0/10698970-n:0
, , Fc 1 -
seu seu DP3MSS 0.957305 -
patrimônio patrimônio NCMS000 1 13250930-n:0/13262913-n:0/13263920-n:0/13271631-n:0
se se PP3CN00 0.861659 -
incorpora incorporar VMIP3S0 0.999479 00466651-v:0/01541000-v:0/02697725-v:0
a a SP 1 -
o o DA0MS0 0.950254 - o PD0MS00 0.0313531 - o PP3MSA0 0.0183743 - o NCMS000 1.85412e-05 05198036-n:0/06832680-n:0
de de SP 1 -
o o DA0MS0 0.950254 - o PD0MS00 0.0313531 - o PP3MSA0 0.0183743 - o NCMS000 1.85412e-05 05198036-n:0/06832680-n:0
Conselho_Seccional conselho_seccional NP00O00 1 -
respectivo respectivo AQ0MS00 1 00494409-a:0
. . Fp 1 -

O o DA0MS0 0.950254 -
Conselho_Seccional conselho_seccional NP00O00 1 -
, , Fc 1 -
mediante mediante SP 0.681897 -
voto voto NCMS000 0.968254 00183505-n:0/05186306-n:0/07228751-n:0
de de SP 1 -
dois_terços 2/3 Zp 1 -
de de SP 1 -
seus seu DP3MPS 0.857735 -
membros membro NCMP000 1 05526384-n:0/05559908-n:0/05560244-n:0/10307234-n:0/13810615-n:0
, , Fc 1 -
pode poder VMIP3S0 0.994702 01192628-v:0/02744451-v:0
intervir intervir VMN0000 0.533333 -
em em SP 1 -
a o DA0FS0 1 -
Caixa_de_Assistência_dos_Advogados caixa_de_assistência_dos_advogados NP00O00 1 -
, , Fc 1 -
no_caso_de no_caso_de SP 1 -
descumprimento descumprimento NCMS000 1 -
de de SP 1 -
suas seu DP3FSP 0.994048 -
finalidades finalidade NCFP000 1 05982152-n:0
, , Fc 1 -
designando designar VMG0000 1 00677683-v:0/00746479-v:0/01030132-v:0/02400760-v:0/02401523-v:0
diretoria diretoria NCFS000 1 08380768-n:0
provisória provisório AQ0FS00 1 00556318-a:0
, , Fc 1 -
enquanto enquanto RG 0.97619 -
durar durar VMN0000 0.529581 02410175-v:0/02704928-v:0
a o DA0FS0 0.675415 -
intervenção intervenção NCFS000 1 01068184-n:0/01240210-n:0/06661562-n:0
. . Fp 1 -

