O o DA0MS0 0.950254 -
cargo cargo NCMS000 1 00586105-n:0/00586262-n:0/05074774-n:0/06561942-n:0/07190941-n:0/13945102-n:0
de de SP 1 -
conselheiro conselheiro NCMS000 0.632636 09774266-n:0/09968845-n:0
ou ou CC 1 -
de de SP 1 -
membro membro NCMS000 1 02737833-n:0/05526384-n:0/05559908-n:0/05560244-n:0/10307234-n:0/13810615-n:0
de de SP 1 -
diretoria diretoria NCFS000 1 08380768-n:0
de de SP 1 -
órgão órgão NCMS000 1 03273551-n:0/03494537-n:0/03854065-n:0/05297523-n:0/06595056-n:0/08349350-n:0/10638385-n:0/13087625-n:0
de de SP 1 -
a o DA0FS0 0.675415 - a SP 0.313151 - o PP3FSA0 0.00613742 - o PD0FS00 0.00514062 - a NCMS000 0.000156639 -
OAB oab NP00000 1 -
é ser VMIP3S0 1 00339934-v:0/01717851-v:0/02445925-v:0/02597601-v:0/02603699-v:0/02604760-v:0/02614181-v:0/02616386-v:0/02620587-v:0/02627363-v:0/02655135-v:0/02664769-v:0/02702508-v:0/02731024-v:0/02749904-v:0
de de SP 1 -
exercício exercício NCMS000 1 00624738-n:0/00729919-n:0/00894552-n:0/00947128-n:0/15203120-n:0
gratuito gratuito AQ0MS00 1 01371553-a:0/01582049-a:0/01710260-a:0
e e CC 0.999951 -
obrigatório obrigatório AQ0MS00 1 00848074-a:0/00848466-a:0/01580775-a:0/01580968-a:0
, , Fc 1 -
considerado considerar VMP00SM 0.98913 00640650-v:0/00644583-v:0/00683280-v:0/00689344-v:0/00689809-v:0/00689950-v:0/00690305-v:0/00690614-v:0/00691312-v:0/00693780-v:0/00694068-v:0/00711715-v:0/00712135-v:0/00712556-v:0/00715239-v:0/00734054-v:0/00813044-v:0/00950431-v:0/01494310-v:0/01773130-v:0/02130300-v:0/02133185-v:0/02164825-v:0/02166460-v:0
serviço_público serviço_público NCMS000 1 -
relevante relevante AQ0CS00 0.616352 00138314-a:0/01487943-a:0/01975138-a:0/01975833-a:0/02339120-a:0
, , Fc 1 -
inclusive inclusive RG 1 -
para para SP 0.999444 -
fins fim NCMP000 1 00216038-n:0/00229260-n:0/05868477-n:0/05980875-n:0/05981230-n:0/05982152-n:0/07291312-n:0/07291794-n:0/08565894-n:0/11410625-n:0/15143477-n:0/15266911-n:0/15267536-n:0
de de SP 1 -
disponibilidade disponibilidade NCFS000 1 04644719-n:0/04718999-n:0
e e CC 0.999951 -
aposentadoria aposentadoria NCFS000 1 00212205-n:0/03259505-n:0/03541696-n:0/13384164-n:0/13954118-n:0
. . Fp 1 -

