Consideram considerar VMIP3P0 1 -
se se PP3CN00 1 -
eleitos eleito AQ0MP00 0.367376 00846052-a:0/01294857-a:0
os o DA0MP0 0.958022 -
candidatos candidato NCMP000 0.987805 00799537-n:0/09607280-n:0/09801533-n:0/09889691-n:0/09890749-n:0
integrantes integrante AQ0CP00 1 -
de de SP 1 -
a o DA0FS0 0.675415 - a SP 0.313151 - o PP3FSA0 0.00613742 - o PD0FS00 0.00514062 - a NCMS000 0.000156639 -
chapa chapa NCFS000 0.819323 03661180-n:0/03959936-n:0/04188643-n:0/04233405-n:0/04314216-n:0/06255777-n:0
que que PR0CN00 0.584265 -
obtiver obter VMSF1S0 0.5 00120316-v:0/00522751-v:0/00639849-v:0/00728826-v:0/02207206-v:0/02210855-v:0/02238085-v:0/02238770-v:0/02239261-v:0/02247390-v:0/02289295-v:0/02293148-v:0/02359340-v:0/02526085-v:0/02527431-v:0/02648502-v:0
a o DA0FS0 0.675415 -
maioria maioria NCFS000 1 05122557-n:0/13581067-n:0/15152062-n:0
de de SP 1 -
os o DA0MP0 0.958022 - o PD0MP00 0.021587 - o PP3MPA0 0.0203911 -
votos voto NCMP000 0.987805 00182213-n:0/00183505-n:0/05186306-n:0/07228751-n:0
válidos válido AQ0MP00 1 00938659-a:0/02498708-a:0
. . Fp 1 -

A o DA0FS0 0.675415 -
chapa chapa NCFS000 0.819323 03661180-n:0/03959936-n:0/04188643-n:0/04233405-n:0/04314216-n:0/06255777-n:0
para para SP 0.999444 -
o o DA0MS0 0.950254 -
Conselho_Seccional conselho_seccional NP00000 1 -
deve dever VMIP3S0 0.99061 02253956-v:0/02254155-v:0/02731814-v:0
ser ser VMN0000 0.33093 00339934-v:0/01717851-v:0/02445925-v:0/02597601-v:0/02603699-v:0/02604760-v:0/02614181-v:0/02616386-v:0/02620587-v:0/02627363-v:0/02655135-v:0/02664769-v:0/02702508-v:0/02731024-v:0/02749904-v:0
composta compor VMP00SF 0.721918 00193486-v:0/00706804-v:0/01626138-v:0/01653873-v:0/01656788-v:0/01657828-v:0/01698271-v:0/01705494-v:0/01765178-v:0/02598483-v:0/02621244-v:0/02621395-v:0/02171024-a:0
de de SP 1 -
os o DA0MP0 0.958022 - o PD0MP00 0.021587 - o PP3MPA0 0.0203911 -
candidatos candidato NCMP000 0.987805 00799537-n:0/09607280-n:0/09801533-n:0/09889691-n:0/09890749-n:0
a a SP 1 -
o o DA0MS0 0.950254 - o PD0MS00 0.0313531 - o PP3MSA0 0.0183743 - o NCMS000 1.85412e-05 -
conselho conselho NCMS000 1 06650701-n:0/06651577-n:0/06671484-n:0/06786629-n:0/08309409-n:0/08310949-n:0/08322981-n:0
e e CC 0.999951 -
a a SP 1 -
a o DA0FS0 0.675415 - a SP 0.313151 - o PP3FSA0 0.00613742 - o PD0FS00 0.00514062 - a NCMS000 0.000156639 -
sua seu DP3FSS 0.929764 -
diretoria diretoria NCFS000 1 08380768-n:0
e e CC 0.999951 -
, , Fc 1 -
ainda ainda RG 1 00017639-r:0/00018189-r:0/00027795-r:0/00027918-r:0/00031304-r:0/00040365-r:0/00047534-r:0
, , Fc 1 -
a a SP 1 -
a o DA0FS0 0.675415 - a SP 0.313151 - o PP3FSA0 0.00613742 - o PD0FS00 0.00514062 - a NCMS000 0.000156639 -
delegação delegação NCFS000 1 00165178-n:0/01140471-n:0/01140839-n:0/08402442-n:0/14000403-n:0
a a SP 1 -
o o DA0MS0 0.950254 - o PD0MS00 0.0313531 - o PP3MSA0 0.0183743 - o NCMS000 1.85412e-05 -
Conselho_Federal conselho_federal NP00000 1 -
e e CC 0.999951 -
a a SP 1 -
a o DA0FS0 0.675415 - a SP 0.313151 - o PP3FSA0 0.00613742 - o PD0FS00 0.00514062 - a NCMS000 0.000156639 -
Diretoria_da_Caixa_de_Assistência_dos_Advogados diretoria_da_caixa_de_assistência_dos_advogados NP00000 1 -
para para SP 0.999444 -
eleição eleição NCFS000 1 00161243-n:0/00163779-n:0/00180962-n:0/00181781-n:0/00183505-n:0/05790242-n:0/05790944-n:0
conjunta conjunto AQ0FS00 0.71971 02111684-a:0/02112108-a:0/02112455-a:0
. . Fp 1 -

A o DA0FS0 0.675415 -
chapa chapa NCFS000 0.819323 03661180-n:0/03959936-n:0/04188643-n:0/04233405-n:0/04314216-n:0/06255777-n:0
para para SP 0.999444 -
a o DA0FS0 0.675415 -
Subseção subseção NP00000 1 04348548-n:0
deve dever VMIP3S0 0.99061 02253956-v:0/02254155-v:0/02731814-v:0
ser ser VMN0000 0.33093 00339934-v:0/01717851-v:0/02445925-v:0/02597601-v:0/02603699-v:0/02604760-v:0/02614181-v:0/02616386-v:0/02620587-v:0/02627363-v:0/02655135-v:0/02664769-v:0/02702508-v:0/02731024-v:0/02749904-v:0
composta compor VMP00SF 0.721918 00193486-v:0/00706804-v:0/01626138-v:0/01653873-v:0/01656788-v:0/01657828-v:0/01698271-v:0/01705494-v:0/01765178-v:0/02598483-v:0/02621244-v:0/02621395-v:0/02171024-a:0
com com SP 1 -
os o DA0MP0 0.958022 -
candidatos candidato NCMP000 0.987805 00799537-n:0/09607280-n:0/09801533-n:0/09889691-n:0/09890749-n:0
a a SP 1 -
a o DA0FS0 0.675415 - a SP 0.313151 - o PP3FSA0 0.00613742 - o PD0FS00 0.00514062 - a NCMS000 0.000156639 -
diretoria diretoria NCFS000 1 08380768-n:0
, , Fc 1 -
e e CC 0.999951 -
de de SP 1 -
seu seu DP3MSS 0.957305 -
conselho conselho NCMS000 1 06650701-n:0/06651577-n:0/06671484-n:0/06786629-n:0/08309409-n:0/08310949-n:0/08322981-n:0
quando quando RG 0.998992 -
houver haver VMSF1S0 0.5 00339934-v:0/02210855-v:0/02603699-v:0/02616713-v:0/02655135-v:0
. . Fp 1 -

