O o DA0MS0 0.950254 -
Conselho_Federal conselho_federal NP00O00 1 -
compõe compor VMIP3S0 1 -
se se PP3CN00 1 -
: : Fd 1 -
de de SP 1 -
os o DA0MP0 0.958022 - o PD0MP00 0.021587 - o PP3MPA0 0.0203911 -
conselheiros conselheiro NCMP000 0.632636 09774266-n:0.00679148/09968845-n:0.00608039
federais federal AQ0CP00 0.960748 01606214-a:0.00287197/01107206-a:0.00279676/02725829-a:0.00278036/01106129-a:0.00271441
, , Fc 1 -
integrantes integrante AQ0CP00 1 -
de de SP 1 -
as o DA0FP0 0.974798 - o PD0FP00 0.0142702 - o PP3FPA0 0.0109322 -
delegações delegação NCFP000 1 08402442-n:0.0025078/01140839-n:0.00244853/14000403-n:0.00242373/00165178-n:0.00235566/01140471-n:0.0023241
de de SP 1 -
cada cada DI0CN0 0.977642 -
unidade unidade NCFS000 1 00003553-n:0.00122509/13583724-n:0.00114134/13810323-n:0.00108859/08189659-n:0.00108637/05921123-n:0.00108222/04377057-n:0.00106797/08198398-n:0.00106572/03243218-n:0.00106044/09465459-n:0.00103785/05869857-n:0.00101054/04743370-n:0.000990816/14460565-n:0.000984661
federativa federativo AQ0FS00 1 -
; ; Fx 1 -
de de SP 1 -
os o DA0MP0 0.958022 - o PD0MP00 0.021587 - o PP3MPA0 0.0203911 -
seus seu DP3MPS 0.857735 -
ex ex AQ0CN00 1 -
presidentes presidente NCMP000 1 -
, , Fc 1 -
em em SP 1 -
a o DA0FS0 1 -
qualidade qualidade NCFS000 1 05849789-n:0.00145152/04731497-n:0.0012778/03309808-n:0.00127751/04723816-n:0.00125435/05849284-n:0.00124644/05155821-n:0.0011725/05849040-n:0.0011582/04987620-n:0.0011378/05138488-n:0.0010725/04728068-n:0.00106043/05845332-n:0.00102053
de de SP 1 -
membros membro NCMP000 1 10307234-n:0.00223769/05526384-n:0.00211791/05559908-n:0.00207605/05560244-n:0.00199047/13810615-n:0.00188257/02737833-n:0.00181498
honorários honorário AQ0MP00 0.367428 00821959-a:0.0110093
vitalícios vitalício AQ0MP00 1 01440159-a:0.0107822
. . Fp 1 -

Cada cada DI0CN0 0.977642 -
delegação delegação NCFS000 1 08402442-n:0.00699586/01140839-n:0.00685074/14000403-n:0.00678221/00165178-n:0.0065932/01140471-n:0.00650316
é ser VMIP3S0 1 00339934-v:0.00447317/02620587-v:0.00343853/02604760-v:0.00295079/02627363-v:0.00258029/02655135-v:0.00240259/02702508-v:0.00236211/02603699-v:0.00236041/02445925-v:0.00233898/02731024-v:0.00227916/02664769-v:0.00214949/02614181-v:0.00210747/02597601-v:0.00210352/01717851-v:0.00206641/02749904-v:0.0020222/02616386-v:0.00200181
formada formar VMP00SF 0.992518 02448185-v:0.00352345/02621395-v:0.0034982/01621555-v:0.00315412/01659248-v:0.00310567/00142191-v:0.0029896/02539788-v:0.00285615/02264397-v:0.00284018/02430922-v:0.00281369/01658188-v:0.00277414/02598483-v:0.00275197/00408624-v:0.002632/02434859-v:0.00262223
por por SP 1 -
três 3 Z 1 -
conselheiros conselheiro NCMP000 0.632636 09774266-n:0.0189898/09968845-n:0.0170205
federais federal AQ0CP00 0.960748 01606214-a:0.00803607/01107206-a:0.00783519/02725829-a:0.00778196/01106129-a:0.00759937
. . Fp 1 -

Os o DA0MP0 0.958022 -
ex ex AQ0CN00 1 -
presidentes presidente NCMP000 1 -
têm ter VMIP3P0 1 00065639-v:0.00163559/02632167-v:0.00139111/01733477-v:0.00129274/00056930-v:0.00128365/02205098-v:0.00120449/02108026-v:0.00118156/02630189-v:0.00115255/02204692-v:0.00113488/02203362-v:0.00110934/02700867-v:0.00109347/02603699-v:0.00108772/02655135-v:0.0010798/00065370-v:0.00107874/02630871-v:0.00105205/02210119-v:0.00103835/01156834-v:0.00103776/02355596-v:0.00103166/00052374-v:0.000990337/00059559-v:0.000970093/00121046-v:0.00096646/00639849-v:0.000942326/02740745-v:0.000925957/02746275-v:0.000899702/02749904-v:0.000897807
direito direito NCMS000 0.936047 13308999-n:0.00327597/05565337-n:0.0031541/05181199-n:0.0030989/05174653-n:0.00303311/00611143-n:0.00297701/06161718-n:0.00293136/08625073-n:0.00278996/13341756-n:0.00276222
apenas apenas RG 0.998282 00004722-r:0.00498097/00008600-r:0.00491565/00246296-r:0.0044827/00003093-r:0.0044233/00011011-r:0.00437531
a o DA0FS0 0.675415 -
voz voz NCFS000 1 04981941-n:0.0026782/10758713-n:0.00250531/06872122-n:0.00242359/07110615-n:0.00239802/07030718-n:0.00235464/04981139-n:0.00231787/10638385-n:0.00224521/05202284-n:0.00222455/07223450-n:0.00217493/13802920-n:0.00209053/14485526-n:0.00207849
em em SP 1 -
as o DA0FP0 1 -
sessões sessão NCFP000 1 08417920-n:0.00629556/06891493-n:0.00616568/07145508-n:0.00606395/01232091-n:0.00593791
. . Fp 1 -

