Os o DA0MP0 
Procuradores_Gerais procuradores_gerais NP00000 
, , Fc 
Advogados_Gerais advogados_gerais NP00000 
, , Fc 
Defensores_Gerais defensores_gerais NP00000 
e e CC 
dirigentes dirigente NCCP000 10014939-n:0/10738515-n:0
de de SP 
órgãos órgão NCMP000 03273551-n:0/03494537-n:0/03854065-n:0/05297523-n:0/06595056-n:0/08349350-n:0/13087625-n:0
jurídicos jurídico AQ0MP00 02753724-a:0
de de SP 
a o DA0FS0 
Administração_Pública administração_pública NP00000 
direta direta NCFS000 
, , Fc 
indireta indireta NCFS000 07238455-n:0
e e CC 
fundacional fundacional AQ0CS00 
são ser VMIP3P0 01717851-v:0/02597601-v:0/02603699-v:0/02604760-v:0/02627363-v:0/02749904-v:0
exclusivamente exclusivomente RG 
legitimados legitimar VMP00PM 02481436-v:0
para para SP 
o o DA0MS0 
exercício exercício NCMS000 00729919-n:0/00894552-n:0/15203120-n:0
de de SP 
a o DA0FS0 
advocacia advocacia NCFS000 00589217-n:0/00611143-n:0
vinculada vincular VMP00SF 00885217-v:0
a a SP 
a o DA0FS0 
função função NCFS000 00582388-n:0/00720565-n:0/00722061-n:0/05149325-n:0/06582403-n:0/13781164-n:0/13783816-n:0
que que PR0CN00 
exerçam exercer VMSP3P0 01095218-v:0/01166093-v:0/02204564-v:0/02568672-v:0
, , Fc 
durante durante SP 
o o DA0MS0 
período período NCMS000 15113229-n:0/15120346-n:0/15122231-n:0/15134340-n:0/15134490-n:0/15144371-n:0/15224486-n:0/15236475-n:0/15247518-n:0/15248020-n:0/15248269-n:0/15248564-n:0/15249236-n:0/15254028-n:0/15289779-n:0/15290337-n:0
de de SP 
a o DA0FS0 
investidura investidura NCFS000 
. . Fp 

