Compete competir VMIP3S0 0.999479 01072262-v:0.00701769/01122194-v:0.00479022/02594674-v:0.00467478/02672187-v:0.00441011
a a SP 1 -
a o DA0FS0 0.675415 - a SP 0.313151 - o PP3FSA0 0.00613742 - o PD0FS00 0.00514062 - a NCMS000 0.000156639 -
OAB oab NP00O00 1 -
fixar fixar VMN0000 0.529581 01340439-v:0.00271785/01647229-v:0.00259996/01020005-v:0.00229548/00722232-v:0.00220242/01343892-v:0.00217196/00947077-v:0.00212638/00486998-v:0.00200281/01647543-v:0.00197675/01616901-v:0.00185708
e e CC 0.999951 -
cobrar cobrar VMN0000 0.529581 02320374-v:0.004385/01380638-v:0.00304906/02256354-v:0.00275889/02320903-v:0.00275379/02108654-v:0.00271032/00700517-v:0.00263102/02363742-v:0.00254137
, , Fc 1 -
de de SP 1 -
seus seu DP3MPS 0.857735 -
inscritos inscrever VMP00PM 0.892483 02471327-v:0.00235982/01321895-v:0.00229053/02471087-v:0.00203047/01749790-v:0.00193932/01001008-v:0.00190386/00887325-v:0.00180523/02472033-v:0.00180098/01276192-v:0.00175576/01097309-v:0.00170788/01583344-v:0.00169452
, , Fc 1 -
contribuições contribuição NCFP000 1 13308999-n:0.00383611/00787465-n:0.00374338/13261916-n:0.00321316/13270038-n:0.00306295/01102712-n:0.00288405/13269890-n:0.00286446
, , Fc 1 -
preços preço NCMP000 1 13303315-n:0.00371623/13306870-n:0.00327802/01160342-n:0.0029898/13275847-n:0.00275297/05145118-n:0.00268548/05163807-n:0.00224948/05138488-n:0.00215621/05141683-n:0.00191823/07167041-n:0.00176356/13303759-n:0.0017406
de de SP 1 -
serviços serviço NCMP000 1 00577525-n:0.00197197/01209576-n:0.00161121/00582388-n:0.00140778/01032040-n:0.00130739/08114861-n:0.00129759/13325847-n:0.00128219/03315023-n:0.00126834/00584891-n:0.00126262/00719705-n:0.00124592/13968092-n:0.00121939/04175380-n:0.00120929/08186047-n:0.00120638/01032368-n:0.00120418/00098625-n:0.00118253/00568430-n:0.00115069/04558478-n:0.00111307
e e CC 0.999951 -
multas multa NCFP000 0.914011 13301328-n:0.0102368/06558678-n:0.00905931
. . Fp 1 -

Constitui constituir VMIP3S0 0.944444 02621395-v:0.00394225/02396205-v:0.00349673/02620587-v:0.00341078/01647229-v:0.00322602
título título NCMS000 1 06339416-n:0.00162266/06346461-n:0.00159211/06346891-n:0.00152499/13416345-n:0.00142838/06343117-n:0.00142249/06343520-n:0.00135332/06338908-n:0.00134459/06545137-n:0.0013356/04678908-n:0.00128033/06478582-n:0.00123447
executivo executivo AQ0MS00 0.291667 03017922-a:0.0128766
extrajudicial extrajudicial AQ0CS00 1 01403316-a:0.0117188
a o DA0FS0 0.675415 -
certidão certidão NCFS000 1 -
passada passar VMP00SF 0.99061 00339934-v:0.00111127/02230772-v:0.000541383/02051694-v:0.000518848/02708420-v:0.000517101/02072849-v:0.000462428/02050132-v:0.000459708/01727926-a:0.000437256/02525044-v:0.000435373/02609764-v:0.000428834/02049696-v:0.000417549/02523953-v:0.000403579/00668099-v:0.000403293/02052476-v:0.000395898/02466670-v:0.000382386/01212230-v:0.000380231/02523351-v:0.000374537/02593912-v:0.000373787/02685951-v:0.000371853/00421691-v:0.000371423/00974159-a:0.000365402/01458464-v:0.000361853/01101571-v:0.000360396/01887020-v:0.000360337/02055649-v:0.000358159/02231328-v:0.000354844/02392385-v:0.00034868/01716882-v:0.000346125/01972131-v:0.000345201/01611746-v:0.000344664/00189669-v:0.000343897/01313249-v:0.000341655/02709277-v:0.000340959/02231473-v:0.000339623/00341285-v:0.000331004/02221635-v:0.000326977/02749904-v:0.000325998
por por SP 1 -
a o DA0FS0 1 -
diretoria diretoria NCFS000 1 08380768-n:0.012622
de de SP 1 -
o o DA0MS0 0.950254 - o PD0MS00 0.0313531 - o PP3MSA0 0.0183743 - o NCMS000 1.85412e-05 -
Conselho conselho NP00O00 1 08322981-n:0.00290733/08310949-n:0.00235812/06650701-n:0.00217171/06671484-n:0.00216061/06651577-n:0.00199516/08309409-n:0.00190263/06786629-n:0.0018552
competente competente AQ0CS00 0.585551 00510050-a:0.00337122/00051571-a:0.00328303/02226162-a:0.00322066/00512130-a:0.00320948
, , Fc 1 -
relativa relativo AQ0FS00 1 00006032-a:0.00645276/00482673-a:0.00612553
a a SP 0.313151 -
crédito crédito NCMS000 1 13398953-n:0.00156194/06688274-n:0.0015145/13378518-n:0.0015143/13374281-n:0.00147525/13405646-n:0.00146157/06193727-n:0.00144983/00065855-n:0.00138309/06346220-n:0.00134937/00037200-n:0.00132054
previsto prever VMP00SM 0.991071 00917772-v:0.00121844/00871942-v:0.00116266/00720063-v:0.00106944/00712135-v:0.00106043/00719734-v:0.00105129/00929815-a:0.00102803/00974173-v:0.000998644/00723545-v:0.000993276/00631737-v:0.00098228/02565491-v:0.000978955/00720808-v:0.000971731/00794981-v:0.000964695/00926472-v:0.000951384/01636221-v:0.000907113
em em SP 1 -
este este DD0MS0 0.843484 - este PD0MS00 0.156516 -
artigo artigo NCMS000 1 00022903-n:0.0014997/03076708-n:0.00135946/06681551-n:0.00130049/06681177-n:0.00129943/06268096-n:0.00124483/03748886-n:0.00123639/04550840-n:0.00123508/02745091-n:0.0011682/06683784-n:0.00116756/06324669-n:0.00108914/06392935-n:0.00107577/06269956-n:0.00107515
. . Fp 1 -

