Além_de além_de SP 
a o DA0FS0 
sociedade sociedade NCFS000 06526291-n:0/07966140-n:0/08049401-n:0/08227214-n:0/13931627-n:0
, , Fc 
o o DA0MS0 
sócio sócio NCMS000 09964064-n:0/10402417-n:0/10402603-n:0
e e CC 
o o DA0MS0 
titular titular NCCS000 10202624-n:0
de de SP 
a o DA0FS0 
sociedade sociedade NCFS000 06526291-n:0/07966140-n:0/08049401-n:0/08227214-n:0/13931627-n:0
individual individual AQ0CS00 00493460-a:0/02110778-a:0/02153174-a:0
de de SP 
advocacia advocacia NCFS000 00589217-n:0/00611143-n:0
respondem responder VMIP3P0 00635523-v:0/00636279-v:0/00717358-v:0/00718308-v:0/00718737-v:0/00719590-v:0/00815171-v:0/00815686-v:0
subsidiária subsidiário AQ0FS00 
e e CC 
ilimitadamente ilimitadomente RG 
por por SP 
os o DA0MP0 
danos dano NCMP000 07420770-n:0/14285662-n:0
causados causar VMP00PM 00190682-v:0/01438902-v:0/01617192-v:0/01645601-v:0/01646528-v:0/01646866-v:0/01752884-v:0/02316868-v:0
a a SP 
os o DA0MP0 
clientes cliente NCCP000 09984659-n:0/09985075-n:0/10407726-n:0
por por SP 
ação ação NCFS000 00030358-n:0/00037396-n:0/06373513-n:0/13333833-n:0/13342135-n:0/13417071-n:0/14006945-n:0
ou ou CC 
omissão omissão NCFS000 00067397-n:0/00074624-n:0/05706954-n:0
em em SP 
o o DA0MS0 
exercício exercício NCMS000 00729919-n:0/00894552-n:0/15203120-n:0
de de SP 
a o DA0FS0 
advocacia advocacia NCFS000 00589217-n:0/00611143-n:0
, , Fc 
sem sem SP 
prejuízo prejuízo NCMS000 05162985-n:0/07420538-n:0/07420770-n:0/13327231-n:0/13328273-n:0
de de SP 
a o DA0FS0 
responsabilidade responsabilidade NCFS000 00818466-n:0/01129920-n:0/04669247-n:0/04669828-n:0/14490319-n:0/14515633-n:0/14530403-n:0
disciplinar disciplinar VMN0000 02553428-v:0
em em SP 
que que PT0CN00 
possam poder VMSP3P0 01192628-v:0/02744451-v:0
incorrer incorrer VMN0000 00159553-v:0/00522751-v:0/02721031-v:0
. . Fp 

