São ser VMIP3P0 0.997832 00339934-v:0/01717851-v:0/02445925-v:0/02597601-v:0/02603699-v:0/02604760-v:0/02614181-v:0/02616386-v:0/02620587-v:0/02627363-v:0/02655135-v:0/02664769-v:0/02702508-v:0/02731024-v:0/02749904-v:0
órgãos órgão NCMP000 1 03273551-n:0/03494537-n:0/03854065-n:0/05297523-n:0/06595056-n:0/08349350-n:0/10638385-n:0/13087625-n:0
de de SP 1 -
a o DA0FS0 0.675415 - a SP 0.313151 - o PP3FSA0 0.00613742 - o PD0FS00 0.00514062 - a NCMS000 0.000156639 -
OAB oab NP00000 1 -
: : Fd 1 -
o o DA0MS0 0.950254 -
Conselho_Federal conselho_federal NP00000 1 -
; ; Fx 1 -
os o DA0MP0 0.958022 -
Conselhos_Seccionais conselhos_seccionais NP00000 1 -
; ; Fx 1 -
as o DA0FP0 0.974798 -
Subseções subseções NP00000 1 -
; ; Fx 1 -
as o DA0FP0 0.974798 -
Caixas_de_Assistência_dos_Advogados caixas_de_assistência_dos_advogados NP00000 1 -
. . Fp 1 -

O o DA0MS0 0.950254 -
Conselho_Federal conselho_federal NP00000 1 -
, , Fc 1 -
dotado dotar VMP00SM 0.992515 00513177-v:0/02201268-v:0/02327200-v:0/02474239-v:0/01119192-a:0
de de SP 1 -
personalidade personalidade NCFS000 1 04617562-n:0/04618070-n:0/04620216-n:0/04623612-n:0/04763293-n:0/10417424-n:0/10748620-n:0
jurídica jurídico AQ0FS00 1 01400562-a:0/01401105-a:0/02499148-a:0/02752987-a:0/02753724-a:0/02754096-a:0/02754197-a:0
própria próprio AQ0FS00 0.994186 00135092-a:0/00135455-a:0/01020885-a:0/01104026-a:0/01104889-a:0/01768724-a:0
, , Fc 1 -
com com SP 1 -
sede sede NCFS000 0.974194 03504420-n:0/03504723-n:0/04945254-n:0/05921123-n:0/08586825-n:0/14039534-n:0/14040660-n:0
em em SP 1 -
a o DA0FS0 1 -
capital capital NCFS000 0.498759 05154517-n:0/08518505-n:0/13333420-n:0/13353607-n:0/13354420-n:0/13358549-n:0/13400662-n:0
de de SP 1 -
a o DA0FS0 0.675415 - a SP 0.313151 - o PP3FSA0 0.00613742 - o PD0FS00 0.00514062 - a NCMS000 0.000156639 -
República república NP00000 1 08168978-n:0/08361329-n:0/08362917-n:0
, , Fc 1 -
é ser VMIP3S0 1 00339934-v:0/01717851-v:0/02445925-v:0/02597601-v:0/02603699-v:0/02604760-v:0/02614181-v:0/02616386-v:0/02620587-v:0/02627363-v:0/02655135-v:0/02664769-v:0/02702508-v:0/02731024-v:0/02749904-v:0
o o DA0MS0 0.950254 -
órgão órgão NCMS000 1 03273551-n:0/03494537-n:0/03854065-n:0/05297523-n:0/06595056-n:0/08349350-n:0/10638385-n:0/13087625-n:0
supremo supremo AQ0MS00 0.667279 00792641-a:0/01579467-a:0/02339120-a:0
de de SP 1 -
a o DA0FS0 0.675415 - a SP 0.313151 - o PP3FSA0 0.00613742 - o PD0FS00 0.00514062 - a NCMS000 0.000156639 -
OAB oab NP00000 1 -
. . Fp 1 -

Os o DA0MP0 0.958022 -
Conselhos_Seccionais conselhos_seccionais NP00000 1 -
, , Fc 1 -
dotados dotar VMP00PM 0.992518 00513177-v:0/02201268-v:0/02327200-v:0/02474239-v:0/01119192-a:0
de de SP 1 -
personalidade personalidade NCFS000 1 04617562-n:0/04618070-n:0/04620216-n:0/04623612-n:0/04763293-n:0/10417424-n:0/10748620-n:0
jurídica jurídico AQ0FS00 1 01400562-a:0/01401105-a:0/02499148-a:0/02752987-a:0/02753724-a:0/02754096-a:0/02754197-a:0
própria próprio AQ0FS00 0.994186 00135092-a:0/00135455-a:0/01020885-a:0/01104026-a:0/01104889-a:0/01768724-a:0
, , Fc 1 -
têm ter VMIP3P0 1 00052374-v:0/00056930-v:0/00059559-v:0/00065370-v:0/00065639-v:0/00121046-v:0/00639849-v:0/01156834-v:0/01733477-v:0/02108026-v:0/02203362-v:0/02204692-v:0/02205098-v:0/02210119-v:0/02355596-v:0/02603699-v:0/02630189-v:0/02630871-v:0/02632167-v:0/02655135-v:0/02700867-v:0/02740745-v:0/02746275-v:0/02749904-v:0
jurisdição jurisdição NCFS000 1 05196582-n:0/05198427-n:0/08590369-n:0/08677525-n:0
sobre sobre SP 0.997342 -
os o DA0MP0 0.958022 -
respectivos respectivo AQ0MP00 1 00494409-a:0
territórios território NCMP000 1 05221895-n:0/08493064-n:0/08497294-n:0/08552138-n:0/08556491-n:0/08674563-n:0
de de SP 1 -
os o DA0MP0 0.958022 - o PD0MP00 0.021587 - o PP3MPA0 0.0203911 -
Estados-membros estados-membros NP00000 1 -
, , Fc 1 -
de de SP 1 -
o o DA0MS0 0.950254 - o PD0MS00 0.0313531 - o PP3MSA0 0.0183743 - o NCMS000 1.85412e-05 -
Distrito_Federal distrito_federal NP00000 1 08553280-n:0
e e CC 0.999951 -
de de SP 1 -
os o DA0MP0 0.958022 - o PD0MP00 0.021587 - o PP3MPA0 0.0203911 -
Territórios territórios NP00000 1 -
. . Fp 1 -

As o DA0FP0 0.974798 -
Subseções subseções NP00000 1 -
são ser VMIP3P0 0.998554 00339934-v:0/01717851-v:0/02445925-v:0/02597601-v:0/02603699-v:0/02604760-v:0/02614181-v:0/02616386-v:0/02620587-v:0/02627363-v:0/02655135-v:0/02664769-v:0/02702508-v:0/02731024-v:0/02749904-v:0
partes parte NCFP000 0.495935 00787465-n:0/01085098-n:0/03081021-n:0/03390207-n:0/03892891-n:0/04164989-n:0/05671974-n:0/05852973-n:0/05867413-n:0/05868954-n:0/05929008-n:0/06392001-n:0/08256968-n:0/08264897-n:0/08630039-n:0/08649345-n:0/09385911-n:0/09428741-n:0/10402824-n:0/13086908-n:0/13285176-n:0/13286524-n:0/13809207-n:0/15257829-n:0
autônomas autônomas NCMP000 1 -
de de SP 1 -
o o DA0MS0 0.950254 - o PD0MS00 0.0313531 - o PP3MSA0 0.0183743 - o NCMS000 1.85412e-05 -
Conselho_Seccional conselho_seccional NP00000 1 -
, , Fc 1 -
em em SP 1 -
a o DA0FS0 1 -
forma forma NCFS000 0.996448 00027807-n:0/00172710-n:0/04200908-n:0/04677514-n:0/04928903-n:0/04931733-n:0/05064037-n:0/05217168-n:0/05839024-n:0/05930736-n:0/05941210-n:0/06290637-n:0/06473563-n:0/07683138-n:0/08111157-n:0/14546432-n:0
de de SP 1 -
esta este DD0FS0 0.877868 - este PD0FS00 0.122132 -
lei lei NCFS000 1 05726596-n:0/05846054-n:0/05870916-n:0/05872982-n:0/06478582-n:0/06532095-n:0/06532330-n:0/06564387-n:0/08209687-n:0/08441203-n:0/08456347-n:0
e e CC 0.999951 -
de de SP 1 -
seu seu DP3MSS 0.957305 -
ato ato NCMS000 0.914009 00030358-n:0/00037396-n:0/00550341-n:0/06532095-n:0/06545137-n:0/07009640-n:0/07447261-n:0
constitutivo constitutivo AQ0MS00 1 00901345-a:0
. . Fp 1 -

As o DA0FP0 0.974798 -
Caixas_de_Assistência_dos_Advogados caixas_de_assistência_dos_advogados NP00000 1 -
, , Fc 1 -
dotadas dotar VMP00PF 0.992518 00513177-v:0/02201268-v:0/02327200-v:0/02474239-v:0/01119192-a:0
de de SP 1 -
personalidade personalidade NCFS000 1 04617562-n:0/04618070-n:0/04620216-n:0/04623612-n:0/04763293-n:0/10417424-n:0/10748620-n:0
jurídica jurídico AQ0FS00 1 01400562-a:0/01401105-a:0/02499148-a:0/02752987-a:0/02753724-a:0/02754096-a:0/02754197-a:0
própria próprio AQ0FS00 0.994186 00135092-a:0/00135455-a:0/01020885-a:0/01104026-a:0/01104889-a:0/01768724-a:0
, , Fc 1 -
são ser VMIP3P0 0.998554 00339934-v:0/01717851-v:0/02445925-v:0/02597601-v:0/02603699-v:0/02604760-v:0/02614181-v:0/02616386-v:0/02620587-v:0/02627363-v:0/02655135-v:0/02664769-v:0/02702508-v:0/02731024-v:0/02749904-v:0
criadas criar VMP00PF 0.721898 00056334-v:0/01186844-v:0/01429455-v:0/01430447-v:0/01617192-v:0/01621555-v:0/01632411-v:0/01633343-v:0/01633825-v:0/01640207-v:0/01640550-v:0/01647229-v:0/01685313-v:0/01738597-v:0/01738774-v:0/01753465-v:0/01753596-v:0/01753788-v:0/02539788-v:0/02540569-v:0/02598483-v:0
por por SP 1 -
os o DA0MP0 1 -
Conselhos_Seccionais conselhos_seccionais NP00000 1 -
, , Fc 1 -
quando quando RG 0.998992 -
estes este PD0MP00 0.375776 -
contarem contar VMN03P0 0.976071 00685081-v:0/00688377-v:0/00690614-v:0/00712556-v:0/00712708-v:0/00720063-v:0/00941990-v:0/00945499-v:0/00947857-v:0/00948071-v:0/00950431-v:0/00952524-v:0/00953216-v:0/01009240-v:0/02265231-v:0/02645839-v:0/02683489-v:0/02731632-v:0
com com SP 1 -
mais mais RG 0.999721 00029367-r:0/00047534-r:0/00099341-r:0/00099712-r:0/00111609-r:0/00112009-r:0
de de SP 1 -
mil_e_quinhentos 1500 Z 1 -
inscritos inscrever VMP00PM 0.892483 00887325-v:0/01001008-v:0/01097309-v:0/01276192-v:0/01321895-v:0/01583344-v:0/01749790-v:0/02471087-v:0/02471327-v:0/02472033-v:0
. . Fp 1 -

A o DA0FS0 0.675415 -
OAB oab NP00000 1 -
, , Fc 1 -
por por SP 1 -
constituir constituir VMN0000 0.529581 01647229-v:0/02396205-v:0/02620587-v:0/02621395-v:0
serviço_público serviço_público NCMS000 1 -
, , Fc 1 -
goza gozar VMIP3S0 0.999479 00850192-v:0/01190948-v:0/01192510-v:0/01820302-v:0/01828736-v:0/02110793-v:0/02197360-v:0/02204692-v:0
de de SP 1 -
imunidade imunidade NCFS000 1 00213903-n:0/05033906-n:0/14526764-n:0/14527171-n:0
tributária tributário AQ0FS00 0.538829 01855348-a:0/02847894-a:0
total total AQ0CS00 0.730263 00005205-a:0/00514884-a:0/00515380-a:0/00520892-a:0/00522885-a:0/00523479-a:0/00526062-a:0/01582946-a:0/01913715-a:0/01914407-a:0/02180486-a:0
em_relação_a em_relação_a SP 1 -
seus seu DP3MPS 0.857735 -
bens bem NCMP000 1 00032613-n:0/03076708-n:0/05142180-n:0/05142641-n:0/05143077-n:0/05154517-n:0/05157574-n:0/05159725-n:0/13245626-n:0/13250398-n:0/13250930-n:0
, , Fc 1 -
rendas renda NCFP000 0.762264 03631177-n:0/06548671-n:0/13255145-n:0/13260190-n:0/13261380-n:0/13261597-n:0/13295657-n:0
e e CC 0.999951 -
serviços serviço NCMP000 1 00098625-n:0/00568430-n:0/00577525-n:0/00582388-n:0/00584891-n:0/00719705-n:0/01032040-n:0/01032368-n:0/01209576-n:0/03315023-n:0/04175380-n:0/04558478-n:0/08114861-n:0/08186047-n:0/13325847-n:0/13968092-n:0
. . Fp 1 -

Os o DA0MP0 0.958022 -
atos ato NCMP000 1 00030358-n:0/00037396-n:0/00550341-n:0/06532095-n:0/06545137-n:0/07009640-n:0/07447261-n:0
conclusivos conclusivo AQ0MP00 1 00550282-a:0
de de SP 1 -
os o DA0MP0 0.958022 - o PD0MP00 0.021587 - o PP3MPA0 0.0203911 -
órgãos órgão NCMP000 1 03273551-n:0/03494537-n:0/03854065-n:0/05297523-n:0/06595056-n:0/08349350-n:0/10638385-n:0/13087625-n:0
de de SP 1 -
a o DA0FS0 0.675415 - a SP 0.313151 - o PP3FSA0 0.00613742 - o PD0FS00 0.00514062 - a NCMS000 0.000156639 -
OAB oab NP00000 1 -
, , Fc 1 -
salvo salvo RG 0.473804 -
quando quando RG 0.998992 -
reservados reservar VMP00PM 0.932549 00678777-v:0/00724150-v:0/00795632-v:0/02214485-v:0/02498320-v:0/00339941-a:0/01988024-a:0
ou ou CC 1 -
de de SP 1 -
administração administração NCFS000 1 00604523-n:0/00694866-n:0/01084932-n:0/01124794-n:0/01133281-n:0/01135952-n:0/03504723-n:0/04865502-n:0/08050678-n:0/08164585-n:0/08357784-n:0/08381165-n:0/15266265-n:0
interna interno AQ0FS00 0.557399 00463784-a:0/00948670-a:0/00948985-a:0/00950272-a:0/00951831-a:0/00952867-a:0/01038102-a:0/01038332-a:0/01038808-a:0/01346978-a:0/01348835-a:0/01692786-a:0/01693799-a:0/01859571-a:0/01859801-a:0
, , Fc 1 -
devem dever VMIP3P0 0.992958 02253956-v:0/02254155-v:0/02731814-v:0
ser ser VMN0000 0.33093 00339934-v:0/01717851-v:0/02445925-v:0/02597601-v:0/02603699-v:0/02604760-v:0/02614181-v:0/02616386-v:0/02620587-v:0/02627363-v:0/02655135-v:0/02664769-v:0/02702508-v:0/02731024-v:0/02749904-v:0
publicados publicar VMP00PM 0.992518 00967625-v:0/00991683-v:0/01744611-v:0/01745722-v:0/02157100-v:0
em em SP 1 -
a o DA0FS0 1 -
imprensa imprensa NCFS000 0.992933 00113113-n:0/03999992-n:0/04000311-n:0/06263369-n:0/08168241-n:0
oficial oficial AQ0CS00 0.8125 01632537-a:0/01633153-a:0/01634736-a:0/01636363-a:0/01959918-a:0/02991463-a:0
ou ou CC 1 -
afixados afixar VMP00PM 0.992518 00991900-v:0/01298283-v:0/01356370-v:0/01591835-v:0/01612818-v:0/02095936-a:0
em em SP 1 -
o o DA0MS0 1 -
fórum fórum NCMS000 1 03386420-n:0/08309754-n:0/80000947-n:0
, , Fc 1 -
na_íntegra na_íntegra RG 1 -
ou ou CC 1 -
em em SP 1 -
resumo resumo NCMS000 0.914011 06467007-n:0/06467996-n:0/06468123-n:0/06468328-n:0/06468403-n:0/06468640-n:0/06468951-n:0/06469223-n:0/06469694-n:0
. . Fp 1 -

