O o DA0MS0 
advogado advogado NCMS000 09774783-n:0/09775663-n:0/09840963-n:0/10249950-n:0/10623175-n:0
postula postular VMIP3S0 00716758-v:0/00756898-v:0
, , Fc 
em em SP 
juízo juízo NCMS000 00874067-n:0/01187810-n:0/01195867-n:0/04892084-n:0/05614175-n:0/05615500-n:0/05837957-n:0/06551784-n:0
ou ou CC 
fora ir VMIM1S0 00341560-v:0/00343898-v:0/00359916-v:0/01158872-v:0/01192992-v:0/01835496-v:0/01839538-v:0/01841079-v:0/01846916-v:0/01849221-v:0/01882814-v:0/01904930-v:0/01935233-v:0/01955984-v:0/01957529-v:0/01995549-v:0/02009433-v:0/02051694-v:0/02072849-v:0/02102002-v:0/02102398-v:0/02372605-v:0/02493030-v:0/02618149-v:0/02655135-v:0/02685951-v:0/02686471-v:0/02700455-v:0/02727039-v:0/02737876-v:0
de de SP 
ele ele PP3MS00 
, , Fc 
fazendo fazer VMG0000 00010435-v:0/00012267-v:0/00056930-v:0/00059559-v:0/00065370-v:0/00107369-v:0/00120316-v:0/00120675-v:0/00121046-v:0/00142191-v:0/00408624-v:0/00665476-v:0/00698256-v:0/00730758-v:0/00767334-v:0/00770437-v:0/00818974-v:0/01116980-v:0/01438902-v:0/01617192-v:0/01619014-v:0/01621555-v:0/01627355-v:0/01628197-v:0/01629000-v:0/01629589-v:0/01640207-v:0/01645601-v:0/01646075-v:0/01647229-v:0/01649024-v:0/01653873-v:0/01658188-v:0/01659248-v:0/01685313-v:0/01712704-v:0/01714208-v:0/01719921-v:0/01733477-v:0/01738774-v:0/01739814-v:0/01752495-v:0/01752884-v:0/01753788-v:0/01754737-v:0/01755504-v:0/02176268-v:0/02203362-v:0/02204692-v:0/02205098-v:0/02211948-v:0/02355596-v:0/02367363-v:0/02374764-v:0/02434859-v:0/02530167-v:0/02539788-v:0/02560585-v:0/02560767-v:0/02561995-v:0/02562901-v:0/02568672-v:0/02582921-v:0/02598483-v:0/02599636-v:0/02617567-v:0/02621133-v:0/02621395-v:0/02630189-v:0/02709107-v:0/02745332-v:0
prova prova NCFS000 00521562-n:0/00636461-n:0/00785959-n:0/00791078-n:0/00794367-n:0/04011130-n:0/04755466-n:0/05738625-n:0/05798043-n:0/05799212-n:0/05823932-n:0/05824739-n:0/06643408-n:0/06647614-n:0/06733939-n:0/07199191-n:0
de de SP 
o o DA0MS0 
mandato mandato NCMS000 01140471-n:0/01140658-n:0/06530789-n:0/06552984-n:0/06556481-n:0/08050678-n:0/15291498-n:0
. . Fp 

O o DA0MS0 
advogado advogado NCMS000 09774783-n:0/09775663-n:0/09840963-n:0/10249950-n:0/10623175-n:0
, , Fc 
afirmando afirmar VMG0000 00665886-v:0/00683771-v:0/00756898-v:0/00758333-v:0/00878136-v:0/00940384-v:0/01011031-v:0/01011725-v:0/01016002-v:0/01016778-v:0/01017643-v:0/01019643-v:0
urgência urgência NCFS000 00555648-n:0/05171800-n:0/07188385-n:0/07417405-n:0/13944516-n:0/14033054-n:0/14451020-n:0
, , Fc 
pode poder VMIP3S0 01192628-v:0/01774426-v:0/02744451-v:0
atuar atuar VMN0000 00010435-v:0/00838524-v:0/01095899-v:0/01719302-v:0/01719921-v:0/02367363-v:0
sem sem SP 
procuração procuração NCFS000 06530789-n:0/06531141-n:0
, , Fc 
obrigando obrigar VMG0000 00885217-v:0/02504562-v:0/02506546-v:0/02560424-v:0/02627934-v:0
se se PP3CN00 
a a SP 
apresentá-la apresentar VMN0000 00772967-v:0/00878136-v:0/00878636-v:0/00879540-v:0/00899956-v:0/00901103-v:0/00901651-v:0/00989602-v:0/01025246-v:0/01118081-v:0/01688771-v:0/01711445-v:0/01714208-v:0/02078591-v:0/02137132-v:0/02140033-v:0/02262752-v:0/02310328-v:0/02374764-v:0/02425112-v:0/02589013-v:0/02592397-v:0/02630189-v:0/02722663-v:0
em em SP 
o o DA0MS0 
prazo prazo NCMS000 15153225-n:0/15180082-n:0/15224156-n:0
de de SP 
quinze 15 Z 
dias dia NCMP000 15123115-n:0/15136453-n:0/15136723-n:0/15155220-n:0/15157041-n:0/15157225-n:0/15159583-n:0/15164957-n:0/15208333-n:0/15208540-n:0
, , Fc 
prorrogável prorrogável AQ0CS00 
por por SP 
igual igual AQ0CS00 00051045-a:0/00355258-a:0/00355611-a:0/00807399-a:0/00889831-a:0/00909545-a:0/00910101-a:0/01410606-a:0/01411065-a:0
período período NCMS000 07045353-n:0/15113229-n:0/15120346-n:0/15122231-n:0/15134490-n:0/15144371-n:0/15224486-n:0/15236475-n:0/15247518-n:0/15248020-n:0/15248269-n:0/15248564-n:0/15249236-n:0/15254028-n:0/15258281-n:0/15289779-n:0/15290337-n:0/15292069-n:0
. . Fp 

A o DA0FS0 
procuração procuração NCFS000 06530789-n:0/06531141-n:0
para para SP 
o o DA0MS0 
foro foro NCMS000 03386420-n:0/06471737-n:0/08309754-n:0/80000947-n:0
em em SP 
geral geral NCCS000 10123844-n:0
habilita habilitar VMIP3S0 00406243-v:0/00512877-v:0/00829107-v:0/01029500-v:0/02327200-v:0
o o DA0MS0 
advogado advogado NCMS000 09774783-n:0/09775663-n:0/09840963-n:0/10249950-n:0/10623175-n:0
a a SP 
praticar praticar VMN0000 00606093-v:0/00833702-v:0/01723224-v:0/02561332-v:0/02568672-v:0
todos todo DI0MP0 
os o DA0MP0 
atos ato NCMP000 00030358-n:0/00037396-n:0/00550341-n:0/06532095-n:0/06545137-n:0/07009640-n:0/07447261-n:0
judiciais judicial AQ0CP00 01400961-a:0/02752987-a:0/02753205-a:0/02753724-a:0
, , Fc 
em em SP 
qualquer qualquer DI0CS0 
juízo juízo NCMS000 00874067-n:0/01187810-n:0/01195867-n:0/04892084-n:0/05614175-n:0/05615500-n:0/05837957-n:0/06551784-n:0
ou ou CC 
instância instância NCFS000 06473837-n:0/06513366-n:0/07185325-n:0/07308889-n:0/14451349-n:0
, , Fc 
salvo salvo RG 
os o PD0MP00 
que que PR0CN00 
exijam exigir VMSP3P0 00751567-v:0/00754942-v:0/00755745-v:0/00756338-v:0/01017826-v:0/01188725-v:0/02627934-v:0/02635547-v:0
poderes poder NCMP000 05030680-n:0/05190804-n:0/05194578-n:0/05616246-n:0/06471345-n:0/06530789-n:0/08050678-n:0/10461424-n:0/13945102-n:0/14491271-n:0/14515633-n:0
especiais especial AQ0CP00 00488187-a:0/00968010-a:0/01103844-a:0/01104026-a:0/01678729-a:0/01853228-a:0/02278011-a:0/02367319-a:0
. . Fp 

O o DA0MS0 
advogado advogado NCMS000 09774783-n:0/09775663-n:0/09840963-n:0/10249950-n:0/10623175-n:0
que que CS 
renunciar renunciar VMN0000 00613393-v:0/00757544-v:0/00758042-v:0/00758197-v:0/00798717-v:0/02227487-v:0/02227741-v:0/02303331-v:0/02316304-v:0/02367032-v:0/02379198-v:0/02382367-v:0/02534062-v:0
a a SP 
o o DA0MS0 
mandato mandato NCMS000 01140471-n:0/01140658-n:0/06530789-n:0/06552984-n:0/06556481-n:0/08050678-n:0/15291498-n:0
continuará continuar VMIF3S0 00117985-v:0/00118523-v:0/00350104-v:0/00781000-v:0/00781491-v:0/01995549-v:0/02375131-v:0/02410175-v:0/02679899-v:0/02684644-v:0/02684924-v:0/02727462-v:0/02731024-v:0/02747709-v:0/02747922-v:0
, , Fc 
durante durante SP 
os o DA0MP0 
dez 10 Z 
dias dia NCMP000 15123115-n:0/15136453-n:0/15136723-n:0/15155220-n:0/15157041-n:0/15157225-n:0/15159583-n:0/15164957-n:0/15208333-n:0/15208540-n:0
seguintes seguinte AQ0CP00 00127296-a:0/00127815-a:0/00127948-a:0/00199569-a:0/01294975-a:0/01732601-a:0
a a SP 
a o DA0FS0 
notificação notificação NCFS000 07185668-n:0/07212612-n:0
de de SP 
a o DA0FS0 
renúncia renúncia NCFS000 00204439-n:0/00205079-n:0/00212808-n:0/00213694-n:0/06511560-n:0/07207410-n:0/07254267-n:0/07254456-n:0/07254594-n:0/07254836-n:0/14413411-n:0
, , Fc 
a a SP 
representar representar VMN0000 00013615-v:0/00836236-v:0/00943837-v:0/00988028-v:0/01686132-v:0/01688256-v:0/01688771-v:0/01711445-v:0/01716882-v:0/01719302-v:0/01719921-v:0/01723690-v:0/02137132-v:0/02541509-v:0/02541921-v:0/02581675-v:0/02620587-v:0/02697725-v:0/02698443-v:0/02699497-v:0/02723733-v:0/02740352-v:0/02742482-v:0
o o DA0MS0 
mandante mandante NCCS000 10290099-n:0
, , Fc 
salvo salvo RG 
se se PP3CN00 
for ir VMSF1S0 00341560-v:0/00343898-v:0/00359916-v:0/01158872-v:0/01192992-v:0/01835496-v:0/01839538-v:0/01841079-v:0/01846916-v:0/01849221-v:0/01882814-v:0/01904930-v:0/01935233-v:0/01955984-v:0/01957529-v:0/01995549-v:0/02009433-v:0/02051694-v:0/02072849-v:0/02102002-v:0/02102398-v:0/02372605-v:0/02493030-v:0/02618149-v:0/02655135-v:0/02685951-v:0/02686471-v:0/02700455-v:0/02727039-v:0/02737876-v:0
substituído substituir VMP00SM 00123170-v:0/00161225-v:0/00162688-v:0/01308381-v:0/02257767-v:0/02258617-v:0/02394445-v:0/02394662-v:0/02405390-v:0/02406011-v:0/02406449-v:0
antes antes RG 00060632-r:0/00060939-r:0/00066781-r:0
de de SP 
o o DA0MS0 
término término NCMS000 00210797-n:0/00229260-n:0/05855904-n:0/05868477-n:0/06303888-n:0/06770875-n:0/08565894-n:0/15226451-n:0/15266911-n:0/15267536-n:0/15268682-n:0
de de SP 
esse esse DD0MS0 
prazo prazo NCMS000 15153225-n:0/15180082-n:0/15224156-n:0
. . Fp 

