A o DA0FS0 
eleição eleição NCFS000 00180962-n:0/00181781-n:0/00183505-n:0/05790944-n:0
de de SP 
os o DA0MP0 
membros membro NCMP000 05526384-n:0/05559908-n:0/05560244-n:0/10307234-n:0/13810615-n:0
de de SP 
todos todo DI0MP0 
os o DA0MP0 
órgãos órgão NCMP000 03273551-n:0/03494537-n:0/03854065-n:0/05297523-n:0/06595056-n:0/08349350-n:0/13087625-n:0
de de SP 
a o DA0FS0 
OAB oab NP00000 
será ser VMIF3S0 01717851-v:0/02597601-v:0/02603699-v:0/02604760-v:0/02627363-v:0/02749904-v:0
realizada realizar VMP00SF 00486018-v:0/00591755-v:0/01617192-v:0/01640855-v:0/01644746-v:0/01648126-v:0/02244603-v:0/02526085-v:0/02561995-v:0/02671880-v:0/00521329-a:0/02226028-a:0
em em SP 
a o DA0FS0 
segunda segundo AO0FS00 01016436-a:0/02202146-a:0
quinzena quinzena NCFS000 15170331-n:0
de de SP 
o o DA0MS0 
mês_de_novembro [??:??/11/??:??.??:??] W 
, , Fc 
de de SP 
o o DA0MS0 
último último AO0MS00 00004296-a:0/00668366-a:0/01010271-a:0/01013279-a:0/01016035-a:0/01412912-a:0/01730329-a:0
ano ano NCMS000 08238660-n:0/15201505-n:0/15202131-n:0/15202634-n:0/15202806-n:0/15203229-n:0/15203565-n:0/15203791-n:0/15204297-n:0
de de SP 
o o DA0MS0 
mandato mandato NCMS000 01140658-n:0/06530789-n:0/06552984-n:0/06556481-n:0
, , Fc 
mediante mediante SP 
cédula cédula NCFS000 06470922-n:0/13393762-n:0
única único AQ0FS00 00494622-a:0/00505853-a:0/00609564-a:0/00968010-a:0/02214736-a:0/02215087-a:0
e e CC 
votação votação NCFS000 00182213-n:0/00183505-n:0
direta direta NCFS000 
de de SP 
os o DA0MP0 
advogados advogado NCMP000 09774783-n:0/09775663-n:0/09840963-n:0/10249950-n:0/10623175-n:0
regularmente regularmente RG 00195024-r:0
inscritos inscrever VMP00PM 01097309-v:0/02471087-v:0/02471327-v:0
. . Fp 

A o DA0FS0 
eleição eleição NCFS000 00180962-n:0/00181781-n:0/00183505-n:0/05790944-n:0
, , Fc 
em em SP 
a o DA0FS0 
forma forma NCFS000 00027807-n:0/04931733-n:0/05930736-n:0
e e CC 
segundo segundo SP 
os o DA0MP0 
critérios critério NCMP000 07260623-n:0
e e CC 
procedimentos procedimento NCMP000 00577068-n:0/01023636-n:0/01023820-n:0/04897762-n:0
estabelecidos estabelecer VMP00PM 00539338-v:0/00665476-v:0/01647229-v:0/01655505-v:0/02427103-v:0/02621395-v:0/02635033-v:0/01635146-a:0/02493300-a:0
em em SP 
o o DA0MS0 
regulamento regulamento NCMS000 05846054-n:0/06537951-n:0
geral geral AQ0CS00 00487198-a:0/00489108-a:0/01101391-a:0
, , Fc 
é ser VMIP3S0 01717851-v:0/02597601-v:0/02603699-v:0/02604760-v:0/02627363-v:0/02749904-v:0
de de SP 
comparecimento comparecimento NCMS000 01233397-n:0
obrigatório obrigatório AQ0MS00 00848074-a:0/00848466-a:0/01580968-a:0
para para SP 
todos todo DI0MP0 
os o DA0MP0 
advogados advogado NCMP000 09774783-n:0/09775663-n:0/09840963-n:0/10249950-n:0/10623175-n:0
inscritos inscrever VMP00PM 01097309-v:0/02471087-v:0/02471327-v:0
em em SP 
a o DA0FS0 
OAB oab NP00000 
. . Fp 

O o DA0MS0 
candidato candidato NCMS000 09607280-n:0/09889691-n:0/09890749-n:0
deve dever VMIP3S0 02253956-v:0/02254155-v:0/02731814-v:0
comprovar comprovar VMN0000 02533282-v:0
situação situação NCFS000 00024720-n:0/05074774-n:0/08622950-n:0/13920835-n:0/13925752-n:0/13927383-n:0
regular regular AQ0CS00 01959294-a:0/01961937-a:0/01970777-a:0/02296632-a:0
junto junto RG 00507927-r:0
a a SP 
a o DA0FS0 
OAB oab NP00000 
, , Fc 
não não RN 00024073-r:0
ocupar ocupar VMN0000 00600370-v:0/01126360-v:0/01783394-v:0/02267989-v:0/02415831-v:0/02649042-v:0
cargo cargo NCMS000 00586105-n:0/00586262-n:0/13945102-n:0
exonerável exonerável AQ0CS00 
ad ad AQ0CN00 
nutum nutum NCMS000 
, , Fc 
não não RN 00024073-r:0
ter ter VMN0000 00056930-v:0/00065370-v:0/00065639-v:0/00121046-v:0/00639849-v:0/02108026-v:0/02203362-v:0/02204692-v:0/02632167-v:0/02700867-v:0/02746275-v:0/02749904-v:0
sido ser VMP00SM 01717851-v:0/02597601-v:0/02603699-v:0/02604760-v:0/02627363-v:0/02749904-v:0
condenado condenar VMP00SM 00824767-v:0/00856578-v:0/00864159-v:0/00906367-v:0/00906735-v:0/02149302-v:0/00669942-a:0
por por SP 
infração infração NCFS000 00770270-n:0
disciplinar disciplinar VMN0000 02553428-v:0
, , Fc 
salvo salvo RG 
reabilitação reabilitação NCFS000 00045646-n:0/00700260-n:0/01241997-n:0
, , Fc 
e e CC 
exercer exercer VMN0000 01095218-v:0/01166093-v:0/02204564-v:0/02568672-v:0
efetivamente efetivomente RG 
a o DA0FS0 
profissão profissão NCFS000 00582388-n:0/00583246-n:0/00606370-n:0/00609953-n:0/06685040-n:0
há haver VMIP3S0 02616713-v:0
mais mais RG 00029367-r:0/00099712-r:0
de de SP 
cinco 5 Z 
anos ano NCMP000 08238660-n:0/15201505-n:0/15202131-n:0/15202634-n:0/15202806-n:0/15203229-n:0/15203565-n:0/15203791-n:0/15204297-n:0
. . Fp 

