A o DA0FS0 0.675415 -
diretoria diretoria NCFS000 1 08380768-n:0.01475
de de SP 1 -
o o DA0MS0 0.950254 - o PD0MS00 0.0313531 - o PP3MSA0 0.0183743 - o NCMS000 1.85412e-05 -
Conselho_Seccional conselho_seccional NP00O00 1 -
tem ter VMIP3S0 0.999287 00065639-v:0.00104056/00056930-v:0.000847991/02205098-v:0.000761887/02108026-v:0.000752206/02204692-v:0.000747816/02700867-v:0.000731592/02630189-v:0.000728459/02203362-v:0.000727195/02632167-v:0.000701265/02655135-v:0.000688104/00065370-v:0.000686296/02630871-v:0.00068365/01733477-v:0.000679818/02603699-v:0.00067635/02210119-v:0.000664748/01156834-v:0.000662568/02355596-v:0.000659426/00052374-v:0.000633849/00059559-v:0.000617025/00121046-v:0.000615331/00639849-v:0.000600414/02740745-v:0.00058931/02746275-v:0.000578495/02749904-v:0.000572917
composição composição NCFS000 1 04341686-n:0.0013398/07037465-n:0.00132616/00929718-n:0.0012826/04933544-n:0.00123389/05870180-n:0.00118615/00378985-n:0.00117656/14588492-n:0.00116253/00939452-n:0.00115953/06409752-n:0.00114951/00237078-n:0.00114853/06788785-n:0.00113453/03081660-n:0.00112466/05076472-n:0.00111046
idêntica idêntico AQ0FS00 1 01410606-a:0.00599977/00889831-a:0.00439293/02064127-a:0.00301639/02068946-a:0.00265652/01360962-a:0.00251707/00561896-a:0.00249982
e e CC 0.999951 -
atribuições atribuição NCFP000 1 13289467-n:0.00482922/13285176-n:0.00440445/13289744-n:0.00379173/05734559-n:0.00366484/00373418-n:0.00306202
equivalentes equivalente AQ0CP00 1 01410606-a:0.00599977/01411065-a:0.00330935/02502016-a:0.0031371/00890351-a:0.00305306/02063554-a:0.00289461
a a SP 1 -
as o DA0FP0 0.974798 - o PD0FP00 0.0142702 - o PP3FPA0 0.0109322 -
de de SP 1 -
o o DA0MS0 0.950254 - o PD0MS00 0.0313531 - o PP3MSA0 0.0183743 - o NCMS000 1.85412e-05 -
Conselho_Federal conselho_federal NP00O00 1 -
, , Fc 1 -
em em SP 1 -
a o DA0FS0 1 -
forma forma NCFS000 0.996448 04928903-n:0.00388437/05839024-n:0.00149953/05064037-n:0.00125998/05930736-n:0.00123276/00027807-n:0.00107191/06473563-n:0.00106241/00172710-n:0.00105624/05217168-n:0.00100647/06290637-n:0.0010014/14546432-n:0.000983114/08111157-n:0.000973918/05941210-n:0.000941675/04677514-n:0.000916663/07683138-n:0.000891419/04200908-n:0.000870246/04931733-n:0.000853748
de de SP 1 -
o o DA0MS0 0.950254 - o PD0MS00 0.0313531 - o PP3MSA0 0.0183743 - o NCMS000 1.85412e-05 -
regimento regimento NCMS000 0.914011 08213817-n:0.00548603/08050678-n:0.00523734/13775093-n:0.00506008
interno interno AQ0MS00 0.475 00948670-a:0.00154253/01038102-a:0.00149672/00952867-a:0.00114905/01038808-a:0.00111428/01693799-a:0.00108251/01859571-a:0.00108243/01692786-a:0.0010824/00950272-a:0.00106872/00948985-a:0.00102266/00463784-a:0.000998469/01346978-a:0.000978953/01038332-a:0.000974589/01348835-a:0.000957423/00951831-a:0.000953624/01859801-a:0.000947325
de de SP 1 -
aquele aquele DD0MS0 0.780172 - aquele PD0MS00 0.219828 -
. . Fp 1 -

