O o DA0MS0 
advogado advogado NCMS000 09774783-n:0/09775663-n:0/09840963-n:0/10249950-n:0/10623175-n:0
é ser VMIP3S0 00339934-v:0/01717851-v:0/02445925-v:0/02597601-v:0/02603699-v:0/02604760-v:0/02614181-v:0/02616386-v:0/02620587-v:0/02627363-v:0/02655135-v:0/02664769-v:0/02702508-v:0/02731024-v:0/02749904-v:0
responsável responsável AQ0CS00 00324878-a:0/01996377-a:0/01996875-a:0/01997221-a:0/01997583-a:0/02465350-a:0
por por SP 
os o DA0MP0 
atos ato NCMP000 00030358-n:0/00037396-n:0/00550341-n:0/06532095-n:0/06545137-n:0/07009640-n:0/07447261-n:0
que que PR0CN00 
, , Fc 
em em SP 
o o DA0MS0 
exercício exercício NCMS000 00624738-n:0/00729919-n:0/00894552-n:0/00947128-n:0/15203120-n:0
profissional profissional AQ0CS00 01868724-a:0/01870100-a:0/02556402-a:0/02839505-a:0/02839695-a:0/02840478-a:0
, , Fc 
praticar praticar VMN0000 00606093-v:0/00833702-v:0/01723224-v:0/02561332-v:0/02568672-v:0
com com SP 
dolo dolo NCMS000 00752431-n:0/05795957-n:0/06758225-n:0
ou ou CC 
culpa culpa NCFS000 00766234-n:0/04669692-n:0/06713752-n:0/07536245-n:0/13990675-n:0/13990960-n:0/13991346-n:0
. . Fp 

Em em SP 
caso caso NCMS000 05671325-n:0/05817743-n:0/06310945-n:0/06784966-n:0/06869129-n:0/07308889-n:0/13943400-n:0
de de SP 
lide lide NCFS000 
temerária temerário AQ0FS00 00250483-a:0/00250739-a:0
, , Fc 
o o DA0MS0 
advogado advogado NCMS000 09774783-n:0/09775663-n:0/09840963-n:0/10249950-n:0/10623175-n:0
será ser VMIF3S0 00339934-v:0/01717851-v:0/02445925-v:0/02597601-v:0/02603699-v:0/02604760-v:0/02614181-v:0/02616386-v:0/02620587-v:0/02627363-v:0/02655135-v:0/02664769-v:0/02702508-v:0/02731024-v:0/02749904-v:0
solidariamente solidariamente RG 
responsável responsável AQ0CS00 00324878-a:0/01996377-a:0/01996875-a:0/01997221-a:0/01997583-a:0/02465350-a:0
com com SP 
seu seu DP3MSS 
cliente cliente NCCS000 03827107-n:0/09885145-n:0/09984659-n:0/09985075-n:0/10407726-n:0
, , Fc 
desde_que desde_que CS 
coligado coligar VMP00SM 
com com SP 
este este DD0MS0 
para para SP 
lesar lesar VMN0000 00069879-v:0/00102586-v:0
a o DA0FS0 
parte parte NCFS000 00787465-n:0/01085098-n:0/03081021-n:0/03390207-n:0/03892891-n:0/04164989-n:0/05671974-n:0/05852973-n:0/05867413-n:0/05868954-n:0/05929008-n:0/06392001-n:0/08256968-n:0/08264897-n:0/08630039-n:0/08649345-n:0/09385911-n:0/09428741-n:0/10402824-n:0/13086908-n:0/13285176-n:0/13286524-n:0/13809207-n:0/15257829-n:0
contrária contrário AQ0FS00 00042837-a:0/01245138-a:0/01246148-a:0/01293542-a:0/01662756-a:0/01818680-a:0/02065958-a:0/02382396-a:0
, , Fc 
o o PD0MS00 
que que PR0CN00 
será ser VMIF3S0 00339934-v:0/01717851-v:0/02445925-v:0/02597601-v:0/02603699-v:0/02604760-v:0/02614181-v:0/02616386-v:0/02620587-v:0/02627363-v:0/02655135-v:0/02664769-v:0/02702508-v:0/02731024-v:0/02749904-v:0
apurado apurar VMP00SM 00205885-v:0/00475183-v:0/00679389-v:0/00824292-v:0/02454835-v:0/01744515-a:0
em em SP 
ação ação NCFS000 00030358-n:0/00037396-n:0/00953559-n:0/04835950-n:0/06373513-n:0/13333833-n:0/13342135-n:0/13417071-n:0/14006945-n:0
própria próprio AQ0FS00 00135092-a:0/00135455-a:0/01020885-a:0/01104026-a:0/01104889-a:0/01768724-a:0
. . Fp 

