Os o DA0MP0 0.958022 -
honorários honorário NCMP000 0.632572 13320168-n:0
incluídos incluir VMP00PM 0.992518 00183879-v:0/00466651-v:0/00684838-v:0/00723545-v:0/00738951-v:0/01025602-v:0/02449847-v:0/02629535-v:0/02632940-v:0/02634667-v:0/02700867-v:0
em em SP 1 -
a o DA0FS0 1 -
condenação condenação NCFS000 1 01160342-n:0/01189282-n:0/01223257-n:0/07233634-n:0/07334206-n:0/14458593-n:0/15224692-n:0
, , Fc 1 -
por por SP 1 -
arbitramento arbitramento NCMS000 1 -
ou ou CC 1 -
sucumbência sucumbência NCFS000 1 -
, , Fc 1 -
pertencem pertencer VMIP3P0 1 00738951-v:0/02301680-v:0/02594674-v:0/02653706-v:0/02705535-v:0/02719930-v:0/02737569-v:0/02737724-v:0/02737876-v:0/02756359-v:0
a a SP 1 -
o o DA0MS0 0.950254 - o PD0MS00 0.0313531 - o PP3MSA0 0.0183743 - o NCMS000 1.85412e-05 -
advogado advogado NCMS000 0.975904 09774783-n:0/09775663-n:0/09840963-n:0/10249950-n:0/10623175-n:0
, , Fc 1 -
tendo ter VMG0000 0.996894 00052374-v:0/00056930-v:0/00059559-v:0/00065370-v:0/00065639-v:0/00121046-v:0/00639849-v:0/01156834-v:0/01733477-v:0/02108026-v:0/02203362-v:0/02204692-v:0/02205098-v:0/02210119-v:0/02355596-v:0/02603699-v:0/02630189-v:0/02630871-v:0/02632167-v:0/02655135-v:0/02700867-v:0/02740745-v:0/02746275-v:0/02749904-v:0
este este DD0MS0 0.843484 -
direito direito NCMS000 0.936047 00611143-n:0/05174653-n:0/05181199-n:0/05565337-n:0/06161718-n:0/08625073-n:0/13308999-n:0/13341756-n:0
autônomo autônomo RG 1 -
para para SP 0.999444 -
executar executar VMN0000 0.529581 00486018-v:0/00997659-v:0/01640855-v:0/01649809-v:0/01712704-v:0/01714208-v:0/01724459-v:0/01755816-v:0/02374764-v:0/02483267-v:0/02484208-v:0/02563327-v:0/02563860-v:0/02599636-v:0
a o DA0FS0 0.675415 -
sentença sentença NCFS000 1 01187810-n:0/01191158-n:0/06285090-n:0/06539770-n:0/06551784-n:0/07152948-n:0
em em SP 1 -
esta este DD0FS0 0.877868 - este PD0FS00 0.122132 -
parte parte NCFS000 0.969571 00787465-n:0/01085098-n:0/03081021-n:0/03390207-n:0/03892891-n:0/04164989-n:0/05671974-n:0/05852973-n:0/05867413-n:0/05868954-n:0/05929008-n:0/06392001-n:0/08256968-n:0/08264897-n:0/08630039-n:0/08649345-n:0/09385911-n:0/09428741-n:0/10402824-n:0/13086908-n:0/13285176-n:0/13286524-n:0/13809207-n:0/15257829-n:0
, , Fc 1 -
podendo poder VMG0000 1 01192628-v:0/01774426-v:0/02744451-v:0
requerer requerer VMN0000 0.529581 00752764-v:0/00753428-v:0/00755447-v:0/00755745-v:0/00792471-v:0/01063695-v:0/01188725-v:0/01189113-v:0/02627934-v:0/02632567-v:0
que que CS 0.398036 -
o o DA0MS0 0.950254 -
precatório precatório NCMS000 0.584625 -
, , Fc 1 -
quando quando RG 0.998992 -
necessário necessário AQ0MS00 1 00343552-a:0/00903894-a:0/01276150-a:0/01580050-a:0/01580775-a:0
, , Fc 1 -
seja ser VMSP1S0 0.486391 00339934-v:0/01717851-v:0/02445925-v:0/02597601-v:0/02603699-v:0/02604760-v:0/02614181-v:0/02616386-v:0/02620587-v:0/02627363-v:0/02655135-v:0/02664769-v:0/02702508-v:0/02731024-v:0/02749904-v:0
expedido expedir VMP00SM 0.992518 01437888-v:0/01950798-v:0
em em SP 1 -
seu seu DP3MSS 0.957305 -
favor favor NCMS000 1 01226941-n:0/05156319-n:0/06200617-n:0/07500414-n:0
. . Fp 1 -

