A o DA0FS0 
incompatibilidade incompatibilidade NCFS000 13858045-n:0
determina determinar VMIP3S0 00699815-v:0/00700708-v:0/00701040-v:0/00918872-v:0/00947077-v:0/01063188-v:0/02698319-v:0
a o DA0FS0 
proibição proibição NCFS000 06541820-n:0/06542047-n:0
total total AQ0CS00 00515380-a:0/00520892-a:0/00522885-a:0
, , Fc 
e e CC 
o o DA0MS0 
impedimento impedimento NCMS000 00074324-n:0/01073995-n:0/05689249-n:0
, , Fc 
a o DA0FS0 
proibição proibição NCFS000 06541820-n:0/06542047-n:0
parcial parcial AQ0CS00 00524693-a:0/01722965-a:0/01723091-a:0
de de SP 
o o DA0MS0 
exercício exercício NCMS000 00729919-n:0/00894552-n:0/15203120-n:0
de de SP 
a o DA0FS0 
advocacia advocacia NCFS000 00589217-n:0/00611143-n:0
. . Fp 

