Não não RN 0.9997 00024073-r:0/00024356-r:0/00024587-r:0/00050681-r:0
há haver VMIP3S0 0.998585 00339934-v:0/02210855-v:0/02603699-v:0/02616713-v:0/02655135-v:0
hierarquia hierarquia NCFS000 1 08376051-n:0/08377806-n:0/14429985-n:0
nem nem CC 1 -
subordinação subordinação NCFS000 1 04907153-n:0/13800675-n:0/14001852-n:0
entre entre SP 0.987856 -
advogados advogado NCMP000 0.556849 09774783-n:0/09775663-n:0/09840963-n:0/10249950-n:0/10623175-n:0
, , Fc 1 -
magistrados magistrado NCMP000 1 10225219-n:0/10280945-n:0
e e CC 0.999951 -
membros membro NCMP000 1 02737833-n:0/05526384-n:0/05559908-n:0/05560244-n:0/10307234-n:0/13810615-n:0
de de SP 1 -
o o DA0MS0 0.950254 - o PD0MS00 0.0313531 - o PP3MSA0 0.0183743 - o NCMS000 1.85412e-05 -
Ministério_Público ministério_público NP00000 1 -
, , Fc 1 -
devendo dever VMG0000 1 02253956-v:0/02254155-v:0/02731814-v:0
todos todo DI0MP0 0.698087 -
tratar tratar VMN03S0 1 -
se se PP3CN00 1 -
com com SP 1 -
consideração consideração NCFS000 1 01228645-n:0/04841358-n:0/05784831-n:0/05785067-n:0/05785508-n:0/05822746-n:0/06206800-n:0/06765044-n:0/07138915-n:0/14437552-n:0
e e CC 0.999951 -
respeito respeito NCMS000 0.991071 01132864-n:0/01228877-n:0/01229549-n:0/04641153-n:0/04913839-n:0/05820170-n:0/06206800-n:0/14437552-n:0
recíprocos recíproco AQ0MP00 1 01945550-a:0/02152473-a:0
. . Fp 1 -

As o DA0FP0 0.974798 -
autoridades autoridade NCFP000 1 04763293-n:0/05196582-n:0/05697363-n:0/06411592-n:0/08050678-n:0/08337324-n:0/09623038-n:0/09824361-n:0/09824609-n:0
, , Fc 1 -
os o DA0MP0 0.958022 -
servidores_públicos servidor_público NCMP000 1 10371450-n:0/10372373-n:0
e e CC 0.999951 -
os o DA0MP0 0.958022 -
serventuários serventuário NCMP000 1 -
de de SP 1 -
a o DA0FS0 0.675415 - a SP 0.313151 - o PP3FSA0 0.00613742 - o PD0FS00 0.00514062 - a NCMS000 0.000156639 -
justiça justiça NCFS000 0.819323 00694681-n:0/00694866-n:0/04826235-n:0/04839154-n:0/04850117-n:0/04850341-n:0/08135342-n:0/10225219-n:0
devem dever VMIP3P0 0.992958 02253956-v:0/02254155-v:0/02731814-v:0
dispensar dispensar VMN0000 0.529581 00081072-v:0/00893167-v:0/00893878-v:0/02534062-v:0/02534307-v:0/02564146-v:0
a a SP 1 -
o o DA0MS0 0.950254 - o PD0MS00 0.0313531 - o PP3MSA0 0.0183743 - o NCMS000 1.85412e-05 -
advogado advogado NCMS000 0.975904 09774783-n:0/09775663-n:0/09840963-n:0/10249950-n:0/10623175-n:0
, , Fc 1 -
em em SP 1 -
o o DA0MS0 1 -
exercício exercício NCMS000 1 00624738-n:0/00729919-n:0/00894552-n:0/00947128-n:0/15203120-n:0
de de SP 1 -
a o DA0FS0 0.675415 - a SP 0.313151 - o PP3FSA0 0.00613742 - o PD0FS00 0.00514062 - a NCMS000 0.000156639 -
profissão profissão NCFS000 1 00582388-n:0/00583246-n:0/00606370-n:0/00609953-n:0/05074774-n:0/06685040-n:0/06732925-n:0
, , Fc 1 -
tratamento tratamento NCMS000 1 00658082-n:0/00661091-n:0/00713594-n:0/01059900-n:0/01106808-n:0/01134861-n:0/01135372-n:0/04074482-n:0/04929976-n:0
compatível compatível AQ0CS00 0.617347 00507464-a:0/00509039-a:0/00509576-a:0/00560586-a:0
com com SP 1 -
a o DA0FS0 0.675415 -
dignidade dignidade NCFS000 1 04886881-n:0/04910684-n:0/10748620-n:0/14431902-n:0
de de SP 1 -
a o DA0FS0 0.675415 - a SP 0.313151 - o PP3FSA0 0.00613742 - o PD0FS00 0.00514062 - a NCMS000 0.000156639 -
advocacia advocacia NCFS000 1 00589217-n:0/00611143-n:0
e e CC 0.999951 -
condições condição NCFP000 1 00024720-n:0/05074774-n:0/05822746-n:0/05839024-n:0/06755568-n:0/06755947-n:0/06770875-n:0/09367203-n:0/13920429-n:0/13920835-n:0/13923030-n:0/13927383-n:0/13945919-n:0/13947645-n:0
adequadas adequar VMP00PF 0.992516 00299580-v:0/00300113-v:0/00300537-v:0/02699941-v:0/00051045-a:0/00051373-a:0/00852197-a:0/01020393-a:0/01020885-a:0/01370141-a:0/01878870-a:0/01879667-a:0
a o DA0FS0 0.675415 -
seu seu DP3MSS 0.957305 -
desempenho desempenho NCMS000 0.914011 00047106-n:0/00093483-n:0/00097504-n:0/00550771-n:0/06891493-n:0/13525549-n:0
. . Fp 1 -

