A o DA0FS0 0.675415 -
diretoria diretoria NCFS000 1 08380768-n:0.0180873
de de SP 1 -
o o DA0MS0 0.950254 - o PD0MS00 0.0313531 - o PP3MSA0 0.0183743 - o NCMS000 1.85412e-05 -
Conselho_Federal conselho_federal NP00O00 1 -
é ser VMIP3S0 1 00339934-v:0.00249986/02604760-v:0.00166952/02620587-v:0.00165416/02627363-v:0.00143406/02655135-v:0.00133815/02702508-v:0.00131363/02603699-v:0.0013131/02445925-v:0.00129969/02731024-v:0.00126699/02664769-v:0.00119507/02614181-v:0.0011712/02597601-v:0.00116847/01717851-v:0.00114773/02749904-v:0.00112353/02616386-v:0.00111218
composta compor VMP00SF 0.721918 02621395-v:0.00234237/01653873-v:0.00170546/02171024-a:0.00165847/01656788-v:0.00161576/00193486-v:0.00159653/02621244-v:0.00155057/01626138-v:0.00152515/01698271-v:0.0014959/00706804-v:0.00147005/01657828-v:0.00145558/01705494-v:0.00142981/02598483-v:0.00140551/01765178-v:0.00132578
de de SP 1 -
um um DI0MS0 0.877848 -
Presidente presidente NP00SP0 1 10468962-n:0.00617734/10467395-n:0.00457098/00597265-n:0.00339016/10468559-n:0.0033545/10467179-n:0.00316381/10469346-n:0.00297202/10468750-n:0.00293594
, , Fc 1 -
de de SP 1 -
um um DI0MS0 0.877848 -
Vice-Presidente vice-presidente NP00SP0 1 10751265-n:0.0106136/10750911-n:0.00898565
, , Fc 1 -
de de SP 1 -
um um DI0MS0 0.877848 -
Secretário-Geral secretário-geral NP00V00 1 -
, , Fc 1 -
de de SP 1 -
um um DI0MS0 0.877848 -
Secretário-Geral_Adjunto secretário-geral_adjunto NP00V00 1 -
e e CC 0.999951 -
de de SP 1 -
um um DI0MS0 0.877848 -
Tesoureiro tesoureiro NP00V00 1 10727256-n:0.01055/13914473-n:0.00928522
. . Fp 1 -

O o DA0MS0 0.950254 -
Presidente presidente NP00SP0 1 10467395-n:0.00173176/10468962-n:0.00146811/00597265-n:0.0014389/10467179-n:0.00138257/10468750-n:0.00128618/10468559-n:0.00124304/10469346-n:0.00122608
exerce exercer VMIP3S0 0.999479 02568672-v:0.00100298/02204564-v:0.00100083/01095218-v:0.000961721/01774426-v:0.000960695/02595383-v:0.000925029/00606093-v:0.000904432/02670890-v:0.000902735/00099721-v:0.000896238/01166093-v:0.000811454
a o DA0FS0 0.675415 -
representação representação NCFS000 1 06891493-n:0.00195717/05767733-n:0.000792886/00548802-n:0.000782242/00548326-n:0.000773812/04076846-n:0.000757922/07201804-n:0.000744029/05766984-n:0.000731618/14000403-n:0.000730893/00898518-n:0.000724777/01217499-n:0.000709229/00721660-n:0.000701966
nacional nacional AQ0CS00 0.966867 01038102-a:0.0014371/01567862-a:0.00137845/01105840-a:0.00111899/02988060-a:0.000942594/02988402-a:0.000896967/02988281-a:0.000864301/01038332-a:0.000861077/01036754-a:0.000833954/01861776-a:0.000826341
e e CC 0.999951 -
internacional internacional AQ0CS00 0.879781 01568375-a:0.00444385/01037885-a:0.00389576
de de SP 1 -
a o DA0FS0 0.675415 - a SP 0.313151 - o PP3FSA0 0.00613742 - o PD0FS00 0.00514062 - a NCMS000 0.000156639 -
OAB oab NP00O00 1 -
, , Fc 1 -
competindo competir VMG0000 1 -
lhe lhe PP3CSD0 1 -
convocar convocar VMN0000 0.529581 00792471-v:0.0013947/01041762-v:0.00138302/00793037-v:0.0011837/00791134-v:0.00111645/01097960-v:0.00108444/00270215-v:0.00102956/01063695-v:0.00100746/01469770-v:0.000997135
o o DA0MS0 0.950254 -
Conselho_Federal conselho_federal NP00O00 1 -
, , Fc 1 -
presidis presidir VMIP2P0 1 -
o o PP3MSA0 1 -
, , Fc 1 -
representá representar VMN0000 1 -
o o PP3MSA0 1 -
ativa ativo AQ0FS00 0.485033 00041361-a:0.00068213/00034710-a:0.000625688/00031974-a:0.000581254/00035465-a:0.000538127/00042457-a:0.000509181/00118567-a:0.000499935/00034924-a:0.000492/00038750-a:0.000487633/00040325-a:0.000481406/00037457-a:0.000468326/00041488-a:0.000458506/00042037-a:0.000451241/00032733-a:0.000449725/00927373-a:0.000446531/00041618-a:0.000445513/00043411-a:0.000444995/01660444-a:0.000442138
e e CC 0.999951 -
passivamente passivo RG 1 -
, , Fc 1 -
em em SP 1 -
juízo juízo NCMS000 1 01187810-n:0.00123812/05615500-n:0.00117147/00874067-n:0.00115195/05837957-n:0.00111623/05614175-n:0.00107815/06551784-n:0.00103471/04892084-n:0.00101091/01195867-n:0.000982722
ou ou CC 1 -
fora fora RG 0.488858 00110919-r:0.00558106/00029037-r:0.00382467
de de SP 1 -
ele ele PP3MS00 1 -
, , Fc 1 -
promover promover VMN0000 1 -
lhe lhe PP3CSD0 1 -
a o DA0FS0 0.675415 -
administração administração NCFS000 1 15266265-n:0.000956218/01133281-n:0.000817751/08050678-n:0.000800211/08164585-n:0.000774618/00694866-n:0.000695151/08381165-n:0.000672452/04865502-n:0.000671019/01135952-n:0.000666849/01124794-n:0.000657127/08357784-n:0.000639052/00604523-n:0.000616538/03504723-n:0.000608012/01084932-n:0.000592782
patrimonial patrimonial AQ0CS00 1 01314197-a:0.00752215
e e CC 0.999951 -
dar dar VMN0000 0.332597 02230772-v:0.000278959/01629000-v:0.000268866/02262278-v:0.000258209/00339934-v:0.000258142/02200686-v:0.000253991/02235229-v:0.000244629/02199590-v:0.000240158/02309165-v:0.000231923/01652139-v:0.000230101/01733477-v:0.000219284/02358034-v:0.000218017/02339171-v:0.000211684/02609764-v:0.000211251/00748616-v:0.000209344/02358327-v:0.000209224/02263027-v:0.000209146/02296153-v:0.000206161/02263692-v:0.000206157/02229055-v:0.000204729/02317094-v:0.000202777/02235842-v:0.000200088/02309374-v:0.000190235/02255462-v:0.000188186/02291708-v:0.000187431/02308741-v:0.000186941/02293321-v:0.000186309/00732224-v:0.000182833/01060746-v:0.000181465/01060494-v:0.000178746/02627363-v:0.000177888/01989053-v:0.000170971/02343595-v:0.000170378/01647672-v:0.000170109/01629403-v:0.000166402/02108791-v:0.000162909/00712135-v:0.000161385/00888009-v:0.000159782/02310328-v:0.000157965/02316868-v:0.000157091/01180351-v:0.000155887/02357873-v:0.000155572/02359553-v:0.000154628/01175810-v:0.000154517/02310007-v:0.000154396/02325272-v:0.000153508/02319669-v:0.000150816/01716283-v:0.000150389/02686471-v:0.000150136/02200498-v:0.000149964/01060317-v:0.000146222/01401115-v:0.000141425/02562901-v:0.000139001
execução execução NCFS000 1 06891493-n:0.00195717/01127019-n:0.00125649/13477462-n:0.00122605/00097504-n:0.00121682/01163779-n:0.00118564/01127379-n:0.00115169/00044150-n:0.00114976
a a SP 1 -
as o DA0FP0 0.974798 - o PD0FP00 0.0142702 - o PP3FPA0 0.0109322 -
suas seu DP3FSP 0.994048 -
decisões decisão NCFP000 1 05838176-n:0.00166738/05788149-n:0.00144847/00162632-n:0.00140199/01191158-n:0.00136014/04863969-n:0.00131078/07293546-n:0.00120435
. . Fp 1 -

O o DA0MS0 0.950254 -
regulamento regulamento NCMS000 0.97619 80000908-n:0.0043635/05846054-n:0.00258308/14443434-n:0.00256609/00805034-n:0.00253799/06537951-n:0.00239056
geral geral AQ0CS00 0.694581 01101391-a:0.00237288/00526062-a:0.00178713/00489108-a:0.0017462/01426077-a:0.0016284/00527188-a:0.00160266/00783840-a:0.00160209/01839663-a:0.00152475/00487198-a:0.00150863
define definir VMIP3S0 0.999479 00957378-v:0.00180215/00933821-v:0.00175025/00947077-v:0.00174738/02736778-v:0.00173868/02611630-v:0.00171348/02698319-v:0.00165023/00652346-v:0.00162412/01006421-v:0.00159025
as o DA0FP0 0.974798 -
atribuições atribuição NCFP000 1 13289467-n:0.00409252/13285176-n:0.00375279/13289744-n:0.00321219/05734559-n:0.00311766/00373418-n:0.00259109
de de SP 1 -
os o DA0MP0 0.958022 - o PD0MP00 0.021587 - o PP3MPA0 0.0203911 -
membros membro NCMP000 1 10307234-n:0.00246316/05526384-n:0.00228339/05559908-n:0.00223627/05560244-n:0.00214428/13810615-n:0.00202842/02737833-n:0.00195454
de de SP 1 -
a o DA0FS0 0.675415 - a SP 0.313151 - o PP3FSA0 0.00613742 - o PD0FS00 0.00514062 - a NCMS000 0.000156639 -
diretoria diretoria NCFS000 1 08380768-n:0.0125023
e e CC 0.999951 -
a o DA0FS0 0.675415 -
ordem ordem NCFS000 0.991803 07168131-n:0.00111234/08049401-n:0.000785368/08227214-n:0.000718314/08233056-n:0.000687173/05726596-n:0.000655712/08436562-n:0.000608507/07168623-n:0.000599699/08231184-n:0.000567719/06552984-n:0.000564754/14496710-n:0.000551076/06584891-n:0.000542516/08229467-n:0.00054104/13968547-n:0.000539804/08075388-n:0.000537811/07939382-n:0.000537188/08234493-n:0.000534506/06547059-n:0.000530005/07169242-n:0.000522011/08240169-n:0.000518886/07169848-n:0.000503404/08456993-n:0.000497392/07170467-n:0.000492537/13950812-n:0.000489442/08242675-n:0.000476053/07170572-n:0.000474488/08106934-n:0.0004678
de de SP 1 -
substituição substituição NCFS000 1 00196485-n:0.00366075/07443761-n:0.00338457/00197772-n:0.0033025/13547925-n:0.00323205
em em SP 1 -
caso caso NCMS000 0.83659 13943400-n:0.0020112/07308889-n:0.00196547/05671325-n:0.0019106/06310945-n:0.00184063/05817743-n:0.00183112/06869129-n:0.00176533/06784966-n:0.00167908
de de SP 1 -
vacância vacância NCMS000 1 13910116-n:0.0137507
, , Fc 1 -
licença licença NCFS000 1 15139130-n:0.00231279/06549661-n:0.00204346/01139194-n:0.00203011/15139432-n:0.00192057/13994806-n:0.00177312/13995378-n:0.00175511/06527576-n:0.00168671
, , Fc 1 -
falta falta NCFS000 0.816239 14449405-n:0.00176707/00766234-n:0.00117125/05162642-n:0.00112374/00070965-n:0.00109939/13960974-n:0.00108266/14462946-n:0.00108243/00735936-n:0.00104716/05116953-n:0.00104052/00770270-n:0.00102633/00067397-n:0.0010167/01234090-n:0.00101217/14449865-n:0.00100865/00770997-n:0.000988695
ou ou CC 1 -
impedimento impedimento NCMS000 1 05689249-n:0.00334038/05107495-n:0.00329059/06542047-n:0.00327574/01073995-n:0.00320645
. . Fp 1 -

Em em SP 1 -
as o DA0FP0 1 -
deliberações deliberação NCFP000 1 05785508-n:0.0025723/04661151-n:0.00253096/05785067-n:0.00246564/05796423-n:0.00232903
de de SP 1 -
o o DA0MS0 0.950254 - o PD0MS00 0.0313531 - o PP3MSA0 0.0183743 - o NCMS000 1.85412e-05 -
Conselho_Federal conselho_federal NP00O00 1 -
, , Fc 1 -
os o DA0MP0 0.958022 -
membros membro NCMP000 1 10307234-n:0.00189407/05526384-n:0.00175003/05559908-n:0.00171214/05560244-n:0.00164109/13810615-n:0.00154878/02737833-n:0.00149486
de de SP 1 -
a o DA0FS0 0.675415 - a SP 0.313151 - o PP3FSA0 0.00613742 - o PD0FS00 0.00514062 - a NCMS000 0.000156639 -
diretoria diretoria NCFS000 1 08380768-n:0.00958223
votam votar VMIP3P0 1 02461314-v:0.00315267/02462580-v:0.00203409/02463141-v:0.00156033/02462386-v:0.00144516/02462201-v:0.00144394/00886759-v:0.00138202/02400637-v:0.00127026/02473890-v:0.0011182
como como CS 0.751351 -
membros membro NCMP000 1 10307234-n:0.00189407/05526384-n:0.00175003/05559908-n:0.00171214/05560244-n:0.00164109/13810615-n:0.00154878/02737833-n:0.00149486
de de SP 1 -
suas seu DP3FSP 0.994048 -
delegações delegação NCFP000 1 01140839-n:0.00211385/08402442-n:0.00207579/14000403-n:0.00200443/00165178-n:0.00195096/01140471-n:0.00191773
, , Fc 1 -
cabendo caber VMG0000 1 00050652-v:0.00511463/02735753-v:0.0050959
a a SP 1 -
o o DA0MS0 0.950254 - o PD0MS00 0.0313531 - o PP3MSA0 0.0183743 - o NCMS000 1.85412e-05 -
Presidente presidente NP00SP0 1 10467395-n:0.00205506/10468962-n:0.00173782/00597265-n:0.001691/10467179-n:0.00162517/10469346-n:0.00156545/10468559-n:0.00153779/10468750-n:0.00151064
, , Fc 1 -
apenas apenas RG 0.998282 00004722-r:0.0020554/00008600-r:0.0020449/00246296-r:0.00184662/00003093-r:0.00182319/00011011-r:0.00180184
, , Fc 1 -
o o DA0MS0 0.950254 -
voto voto NCMS000 0.968254 00183505-n:0.00332559/05186306-n:0.00269201/00182213-n:0.00267554/07228751-n:0.00264866
de de SP 1 -
qualidade qualidade NCFS000 1 05849789-n:0.00123866/03309808-n:0.00111479/04731497-n:0.00108317/04723816-n:0.00107586/05849284-n:0.00103065/05155821-n:0.000981553/05849040-n:0.000954735/04987620-n:0.000941663/05138488-n:0.000887927/04728068-n:0.000881437/05845332-n:0.000842672
e e CC 0.999951 -
o o DA0MS0 0.950254 -
direito direito NCMS000 0.936047 13308999-n:0.00145234/05174653-n:0.00130561/05565337-n:0.00130349/05181199-n:0.00129836/06161718-n:0.00125332/00611143-n:0.00123327/08625073-n:0.00115183/13341756-n:0.00113696
de de SP 1 -
embargar embargar VMN0000 0.529581 02452758-v:0.00458596/02493876-v:0.00457086
a o DA0FS0 0.675415 -
decisão decisão NCFS000 1 00162632-n:0.0022615/05838176-n:0.00207683/05788149-n:0.00184092/04863969-n:0.00162239/01191158-n:0.00161463/07293546-n:0.00148639
, , Fc 1 -
se se CS 0.138341 -
esta este PD0FS00 0.122132 -
não não RN 0.99985 00024073-r:0.00622523/00024587-r:0.00242611/00050681-r:0.00230961/00024356-r:0.00229275
for ir VMSF1S0 0.249524 01835496-v:0.000864263/02655135-v:0.000533414/02051694-v:0.000463323/01995549-v:0.000450551/01955984-v:0.000443756/01904930-v:0.00042942/02072849-v:0.0004186/01158872-v:0.000413655/02685951-v:0.000400556/02009433-v:0.000399391/01957529-v:0.000386659/01935233-v:0.000379126/02618149-v:0.000375423/02102398-v:0.000368583/00341560-v:0.000360815/02372605-v:0.000350316/02727039-v:0.000345497/02737876-v:0.000341645/01192992-v:0.000340485/01882814-v:0.00033971/02102002-v:0.000338372/02493030-v:0.000337576/01846916-v:0.000335853/01849221-v:0.000334886/02686471-v:0.000328571/02700455-v:0.00032763/01841079-v:0.000318688/00359916-v:0.000308356/01839538-v:0.000301437/00343898-v:0.000296784
unânime unânime AQ0CS00 0.637827 00784215-a:0.00515363/00553732-a:0.00510195
. . Fp 1 -

