O o DA0MS0 0.950254 -
Instituto_dos_Advogados_Brasileiros instituto_dos_advogados_brasileiros NP00O00 1 -
e e CC 0.999951 -
as o DA0FP0 0.974798 -
instituições instituição NCFP000 1 08053576-n:0.0036155/03574555-n:0.00359825/00240184-n:0.00338684/08407330-n:0.00321969
a a SP 0.313151 -
ele ele PP3MS00 1 -
filiadas filiar VMP00PF 0.969455 02598765-v:0.00448509/00700162-v:0.00433961/01973311-a:0.00425811
têm ter VMIP3P0 1 00065639-v:0.000954609/00056930-v:0.000848302/02204692-v:0.000704681/02205098-v:0.000698463/02108026-v:0.000690233/02203362-v:0.000685494/02630189-v:0.000679845/02700867-v:0.0006636/02632167-v:0.000655604/01733477-v:0.000642565/02630871-v:0.000634955/02655135-v:0.000632889/00065370-v:0.00062919/02603699-v:0.000624723/02210119-v:0.00061047/01156834-v:0.000610192/02355596-v:0.000605818/00052374-v:0.000580977/00059559-v:0.00056612/00121046-v:0.000564309/00639849-v:0.000551404/02740745-v:0.00054028/02746275-v:0.000539047/02749904-v:0.000523867
qualidade qualidade NCFS000 1 05849789-n:0.00187145/05155821-n:0.00185687/04731497-n:0.00165254/03309808-n:0.00148587/04723816-n:0.00147346/05849284-n:0.00145333/05849040-n:0.00134996/04987620-n:0.00132516/05138488-n:0.00129286/04728068-n:0.00124373/05845332-n:0.0011913
para para SP 0.999444 -
promover promover VMN0000 0.330612 02554922-v:0.00264299/00976653-v:0.00240372/02554422-v:0.00236746/02219940-v:0.00235848/00875806-v:0.00232041/00497061-v:0.00209319
perante perante SP 1 -
a o DA0FS0 0.675415 -
OAB oab NP00O00 1 -
o o DA0MS0 0.950254 -
que que CS 0.398036 -
julgarem julgar VMN03P0 0.976071 00971650-v:0.00119477/00670261-v:0.00118938/02501278-v:0.00108691/00672433-v:0.00107561/00681429-v:0.00107454/00822367-v:0.00102627/02166460-v:0.00101226/02500902-v:0.00100721/00689344-v:0.000995204/00693780-v:0.000980464/00631737-v:0.000949166/00971999-v:0.000919355/00828374-v:0.00091052/00672277-v:0.000893639/01637166-v:0.000883966
de de SP 1 -
o o DA0MS0 0.950254 - o PD0MS00 0.0313531 - o PP3MSA0 0.0183743 - o NCMS000 1.85412e-05 -
interesse interesse NCMS000 0.828358 05682950-n:0.00188622/05143077-n:0.00183137/05670710-n:0.00153497/05671325-n:0.00149471/05159725-n:0.00148638/05192451-n:0.00146756/13318584-n:0.00146251/13286801-n:0.00140658/05143300-n:0.00134315/05853636-n:0.00134303
de de SP 1 -
os o DA0MP0 0.958022 - o PD0MP00 0.021587 - o PP3MPA0 0.0203911 -
advogados advogado NCMP000 0.556849 10249950-n:0.00387536/09774783-n:0.00316255/09775663-n:0.0028773/10623175-n:0.00286293/09840963-n:0.00283874
em em SP 1 -
geral geral NCCS000 0.152709 10123844-n:0.0142238
ou ou CC 1 -
de de SP 1 -
qualquer qualquer DI0CS0 0.881232 -
de de SP 1 -
os o DA0MP0 0.958022 - o PD0MP00 0.021587 - o PP3MPA0 0.0203911 -
seus seu DP3MPS 0.857735 -
membros membro NCMP000 1 10307234-n:0.00253805/05526384-n:0.00246753/05559908-n:0.00242109/05560244-n:0.00232179/13810615-n:0.00219033/02737833-n:0.0021173
. . Fp 1 -

