O o DA0MS0 0.950254 -
advogado advogado NCMS000 0.975904 09774783-n:0/09775663-n:0/09840963-n:0/10249950-n:0/10623175-n:0
deve dever VMIP3S0 0.99061 02253956-v:0/02254155-v:0/02731814-v:0
proceder proceder VMN0000 0.325397 01621555-v:0/01995549-v:0/02372605-v:0/02582042-v:0/02737187-v:0
de de SP 1 -
forma forma NCFS000 0.996448 00027807-n:0/00172710-n:0/04200908-n:0/04677514-n:0/04928903-n:0/04931733-n:0/05064037-n:0/05217168-n:0/05839024-n:0/05930736-n:0/05941210-n:0/06290637-n:0/06473563-n:0/07683138-n:0/08111157-n:0/14546432-n:0
que que PR0CN00 0.584265 -
o o PP3MSA0 0.0183743 -
torne tornar VMSP3S0 0.648515 00120316-v:0/00120675-v:0/00120796-v:0/00126264-v:0/00146138-v:0/00149583-v:0/00770437-v:0/00815686-v:0/01617192-v:0/01621555-v:0/01645601-v:0/01653873-v:0/01712704-v:0/01732172-v:0/01753788-v:0/01754737-v:0/02560585-v:0/02560767-v:0/02561995-v:0/02598483-v:0/02626604-v:0
merecedor merecedor NCMS000 0.632636 -
de de SP 1 -
respeito respeito NCMS000 0.991071 01132864-n:0/01228877-n:0/01229549-n:0/04641153-n:0/04913839-n:0/05820170-n:0/06206800-n:0/14437552-n:0
e e CC 0.999951 -
que que CS 0.398036 -
contribua contribuir VMSP3S0 0.648501 02237782-v:0/02308741-v:0/02324478-v:0
para para SP 0.999444 -
o o DA0MS0 0.950254 -
prestígio prestígio NCMS000 1 06705984-n:0/14434681-n:0/14435809-n:0
de de SP 1 -
a o DA0FS0 0.675415 - a SP 0.313151 - o PP3FSA0 0.00613742 - o PD0FS00 0.00514062 - a NCMS000 0.000156639 -
classe classe NCFS000 1 00884466-n:0/00889472-n:0/00892861-n:0/03038685-n:0/04815177-n:0/05737153-n:0/05838765-n:0/05839024-n:0/05840188-n:0/05844881-n:0/05845013-n:0/05845140-n:0/05845419-n:0/05845562-n:0/07939638-n:0/07974025-n:0/07997703-n:0/07998573-n:0/08006094-n:0/08103777-n:0/08107499-n:0/08238463-n:0/08238660-n:0/08239808-n:0/13945919-n:0/14428160-n:0/14429985-n:0/14431471-n:0/14473222-n:0
e e CC 0.999951 -
de de SP 1 -
a o DA0FS0 0.675415 - a SP 0.313151 - o PP3FSA0 0.00613742 - o PD0FS00 0.00514062 - a NCMS000 0.000156639 -
advocacia advocacia NCFS000 1 00589217-n:0/00611143-n:0
. . Fp 1 -

O o DA0MS0 0.950254 -
advogado advogado NCMS000 0.975904 09774783-n:0/09775663-n:0/09840963-n:0/10249950-n:0/10623175-n:0
, , Fc 1 -
em em SP 1 -
o o DA0MS0 1 -
exercício exercício NCMS000 1 00624738-n:0/00729919-n:0/00894552-n:0/00947128-n:0/15203120-n:0
de de SP 1 -
a o DA0FS0 0.675415 - a SP 0.313151 - o PP3FSA0 0.00613742 - o PD0FS00 0.00514062 - a NCMS000 0.000156639 -
profissão profissão NCFS000 1 00582388-n:0/00583246-n:0/00606370-n:0/00609953-n:0/05074774-n:0/06685040-n:0/06732925-n:0
, , Fc 1 -
deve dever VMIP3S0 0.99061 02253956-v:0/02254155-v:0/02731814-v:0
manter manter VMN0000 0.533333 00077369-v:0/00117985-v:0/00212414-v:0/00607000-v:0/00732552-v:0/00736586-v:0/00896017-v:0/00896497-v:0/01016778-v:0/01017643-v:0/01065877-v:0/01151753-v:0/01184625-v:0/02202384-v:0/02204094-v:0/02204564-v:0/02219094-v:0/02225492-v:0/02280132-v:0/02410175-v:0/02638845-v:0/02651853-v:0/02679899-v:0/02681795-v:0/02684924-v:0/02733122-v:0
independência independência NCFS000 1 07474006-n:0/13994148-n:0/14001031-n:0
em em SP 1 -
qualquer qualquer DI0CS0 0.881232 -
circunstância circunstância NCFS000 1 05074774-n:0/05817845-n:0/05822746-n:0/13942875-n:0/14512817-n:0
. . Fp 1 -

Nenhum nenhum DI0MS0 0.5 -
receio receio NCMS000 0.738095 05698791-n:0/07519253-n:0
de de SP 1 -
desagradar desagradar VMN0000 0.529581 01816645-v:0/01817130-v:0/01830600-v:0
a o DA0FS0 0.675415 -
magistrado magistrado NCMS000 1 10225219-n:0/10280945-n:0
ou ou CC 1 -
a a SP 0.313151 -
qualquer qualquer DI0CS0 0.881232 -
autoridade autoridade NCFS000 1 04763293-n:0/05196582-n:0/05697363-n:0/06411592-n:0/08050678-n:0/08337324-n:0/09623038-n:0/09824361-n:0/09824609-n:0
, , Fc 1 -
nem nem CC 1 -
de de SP 1 -
incorrer incorrer VMN0000 0.529581 00159553-v:0/00522751-v:0/02721031-v:0
em em SP 1 -
impopularidade impopularidade NCFS000 1 -
, , Fc 1 -
deve dever VMIP3S0 0.99061 02253956-v:0/02254155-v:0/02731814-v:0
deter deter VMN0000 0.533333 00460900-v:0/01215137-v:0/01440378-v:0/01859221-v:0/01987058-v:0/02283324-v:0/02422663-v:0/02495038-v:0/02559752-v:0/02681795-v:0
o o DA0MS0 0.950254 -
advogado advogado NCMS000 0.975904 09774783-n:0/09775663-n:0/09840963-n:0/10249950-n:0/10623175-n:0
em em SP 1 -
o o DA0MS0 1 -
exercício exercício NCMS000 1 00624738-n:0/00729919-n:0/00894552-n:0/00947128-n:0/15203120-n:0
de de SP 1 -
a o DA0FS0 0.675415 - a SP 0.313151 - o PP3FSA0 0.00613742 - o PD0FS00 0.00514062 - a NCMS000 0.000156639 -
profissão profissão NCFS000 1 00582388-n:0/00583246-n:0/00606370-n:0/00609953-n:0/05074774-n:0/06685040-n:0/06732925-n:0
. . Fp 1 -

