O o DA0MS0 0.950254 -
advogado advogado NCMS000 0.975904 10249950-n:0.00924298/09774783-n:0.00735475/09775663-n:0.00687952/10623175-n:0.00687008/09840963-n:0.00681116
é ser VMIP3S0 1 00339934-v:0.00447888/02604760-v:0.00293071/02627363-v:0.00257983/02620587-v:0.0025252/02655135-v:0.00240227/02702508-v:0.00236288/02603699-v:0.0023624/02445925-v:0.00233825/02731024-v:0.00227899/02664769-v:0.00214987/02614181-v:0.00210765/02597601-v:0.00210305/01717851-v:0.00206537/02749904-v:0.00202222/02616386-v:0.00200121
indispensável indispensável AQ0CS00 1 00903668-a:0.013152/00903894-a:0.0129373/01580306-a:0.0116893
a a SP 1 -
a o DA0FS0 0.675415 - a SP 0.313151 - o PP3FSA0 0.00613742 - o PD0FS00 0.00514062 - a NCMS000 0.000156639 -
administração administração NCFS000 1 00694866-n:0.008545/08050678-n:0.00318447/08164585-n:0.00315162/01133281-n:0.00311295/04865502-n:0.00278545/08381165-n:0.00277362/01135952-n:0.00276236/01124794-n:0.00267239/08357784-n:0.00265707/00604523-n:0.00257702/03504723-n:0.00251982/15266265-n:0.00249873/01084932-n:0.00248659
de de SP 1 -
a o DA0FS0 0.675415 - a SP 0.313151 - o PP3FSA0 0.00613742 - o PD0FS00 0.00514062 - a NCMS000 0.000156639 -
justiça justiça NCFS000 0.819323 00694681-n:0.0117205/00694866-n:0.008545/04850117-n:0.00524061/10225219-n:0.00488862/04839154-n:0.00481902/04826235-n:0.00462306/04850341-n:0.00455877/08135342-n:0.00405366
. . Fp 1 -

Em em SP 1 -
o o DA0MS0 1 -
seu seu DP3MSS 0.957305 -
ministério ministério NCMS000 1 08114004-n:0.00702826/08113797-n:0.00664109/03770316-n:0.00636802
privado privar VMP00SM 0.646957 01858094-a:0.00397204/02314275-v:0.00238232/02313250-v:0.00228824/01859571-a:0.00227543/01196037-v:0.00215945/00172732-v:0.00213703/02449340-v:0.00207663/00952181-a:0.0020339/01859801-a:0.00198602/01860580-a:0.00193909
, , Fc 1 -
o o DA0MS0 0.950254 -
advogado advogado NCMS000 0.975904 10249950-n:0.00580455/09774783-n:0.00463124/09775663-n:0.00430182/10623175-n:0.00429284/09840963-n:0.00425424
presta presto AQ0FS00 0.569769 -
serviço_público serviço_público NCMS000 1 -
e e CC 0.999951 -
exerce exercer VMIP3S0 0.999479 02568672-v:0.00263671/02204564-v:0.00262345/01774426-v:0.00251586/01095218-v:0.00250127/02595383-v:0.00241754/02670890-v:0.00237577/00606093-v:0.00236753/00099721-v:0.00234649/01166093-v:0.0021227
função função NCFS000 1 00586262-n:0.0022049/00582388-n:0.00165046/14515633-n:0.0016184/06582403-n:0.00156207/00720565-n:0.00155769/13525549-n:0.00154884/13783816-n:0.00153491/05149325-n:0.00151319/00719705-n:0.00150756/06891493-n:0.00146285/00722061-n:0.001437/05074774-n:0.00142991/09385911-n:0.00139088/13781164-n:0.00138573/08252467-n:0.00129237
social social AQ0CS00 1 02257141-a:0.00428923/02248349-a:0.00355793/02258360-a:0.00331598/02798370-a:0.00312691/01076634-a:0.00309894/02798597-a:0.00292261/02252877-a:0.00284125
. . Fp 1 -

Em em SP 1 -
o o DA0MS0 1 -
processo_judicial processo_judicial NCMS000 1 01182654-n:0.0123487
, , Fc 1 -
o o DA0MS0 0.950254 -
advogado advogado NCMS000 0.975904 10249950-n:0.00360634/09774783-n:0.00267583/09775663-n:0.00263978/10623175-n:0.00246845/09840963-n:0.0024433
contribui contribuir VMIP3S0 0.957576 02308741-v:0.00428525/02324478-v:0.00428198/02237782-v:0.0037355
, , Fc 1 -
em em SP 1 -
a o DA0FS0 1 -
postulação postulação NCFS000 1 -
de de SP 1 -
decisão decisão NCFS000 1 05838176-n:0.00234832/05788149-n:0.00217072/00162632-n:0.00209826/04863969-n:0.00196418/01191158-n:0.00195981/07293546-n:0.00180702
favorável favorável AQ0CS00 1 00995775-a:0.00165475/00177186-a:0.00146868/00995119-a:0.00126467/00064479-a:0.00116513/00177547-a:0.00111241/02354537-a:0.00105079/00075135-a:0.00103813/01077995-a:0.000966344/00996343-a:0.000966125/01246801-a:0.000945107/00604978-a:0.000938386/00323426-a:0.000919481
a a SP 1 -
o o DA0MS0 0.950254 - o PD0MS00 0.0313531 - o PP3MSA0 0.0183743 - o NCMS000 1.85412e-05 -
seu seu DP3MSS 0.957305 -
constituinte constituinte NCCS000 0.243133 05868954-n:0.0061418/06312966-n:0.00605081
, , Fc 1 -
a a SP 1 -
o o DA0MS0 0.950254 - o PD0MS00 0.0313531 - o PP3MSA0 0.0183743 - o NCMS000 1.85412e-05 -
convencimento convencimento NCMS000 1 05941423-n:0.0120294
de de SP 1 -
o o DA0MS0 0.950254 - o PD0MS00 0.0313531 - o PP3MSA0 0.0183743 - o NCMS000 1.85412e-05 -
julgador julgador NCMS000 0.63261 10066732-n:0.0120735
, , Fc 1 -
e e CC 0.999951 -
seus seu AP0MP3P 0.070442 -
atos ato NCMP000 1 00037396-n:0.00205839/00030358-n:0.00179796/06545137-n:0.00175834/07447261-n:0.00169272/06532095-n:0.00166503/00550341-n:0.0016509/07009640-n:0.00163518
constituem constituir VMIP3P0 1 02621395-v:0.0037955/02396205-v:0.00319403/02620587-v:0.0031616/01647229-v:0.00299965
múnus múnus NCMN000 1 -
público público AQ0MS00 0.47277 01861205-a:0.00516981/01704761-a:0.00310087/01861910-a:0.00288628/00493297-a:0.00282544
. . Fp 1 -

Em em SP 1 -
o o DA0MS0 1 -
exercício exercício NCMS000 1 00947128-n:0.00380516/00624738-n:0.00378539/00894552-n:0.00378202/15203120-n:0.00362991/00729919-n:0.00345573
de de SP 1 -
a o DA0FS0 0.675415 - a SP 0.313151 - o PP3FSA0 0.00613742 - o PD0FS00 0.00514062 - a NCMS000 0.000156639 -
profissão profissão NCFS000 1 00582388-n:0.0033453/00583246-n:0.00294167/00606370-n:0.00287018/06685040-n:0.00284176/05074774-n:0.00270004/06732925-n:0.00265304/00609953-n:0.00264883
, , Fc 1 -
o o DA0MS0 0.950254 -
advogado advogado NCMS000 0.975904 10249950-n:0.0051714/09774783-n:0.00411318/09775663-n:0.00383199/10623175-n:0.00382556/09840963-n:0.00378595
é ser VMIP3S0 1 00339934-v:0.00286386/02604760-v:0.00167153/02627363-v:0.00143357/02620587-v:0.00137985/02655135-v:0.00134157/02603699-v:0.00132409/02702508-v:0.0013145/02445925-v:0.00130048/02731024-v:0.00126746/02664769-v:0.00119542/02597601-v:0.00117967/02614181-v:0.00117179/01717851-v:0.00115189/02749904-v:0.0011253/02616386-v:0.00111211
inviolável inviolável AQ0CS00 1 02510604-a:0.00490944/02053818-a:0.00480447/00094069-a:0.00446259/02055900-a:0.00427543
por por SP 1 -
seus seu DP3MPS 0.857735 -
atos ato NCMP000 1 06532095-n:0.00427147/00037396-n:0.00303245/00030358-n:0.0027669/06545137-n:0.00271503/07447261-n:0.0026283/00550341-n:0.00256868/07009640-n:0.00254194
e e CC 0.999951 -
manifestações manifestação NCFP000 1 07323231-n:0.0034918/06725877-n:0.00323656/06880249-n:0.00309643/08358332-n:0.00301689/01177703-n:0.00298799/06798558-n:0.00293914
, , Fc 1 -
em em SP 1 -
os o DA0MP0 1 -
limites limite NCMP000 0.9832 08512259-n:0.00160876/08592656-n:0.0012547/13903079-n:0.00123149/13776137-n:0.0012025/05124057-n:0.00116851/08593130-n:0.00116134/13903387-n:0.00111514/03264542-n:0.00106735/08512736-n:0.00105645/06657646-n:0.00104668/05124928-n:0.00101859/13758296-n:0.000993745/13903576-n:0.000987272/02990373-n:0.000984391/08565701-n:0.000941315/00141806-n:0.000935372/15268857-n:0.000897545/13871452-n:0.000890375/13903738-n:0.000890061/08501114-n:0.000884359
de de SP 1 -
esta este DD0FS0 0.877868 - este PD0FS00 0.122132 -
lei lei NCFS000 1 08441203-n:0.00582929/06532095-n:0.00427147/06564387-n:0.00237153/06532330-n:0.00232836/08209687-n:0.00183045/05872982-n:0.00174552/05726596-n:0.00173203/05846054-n:0.00168532/08456347-n:0.00165962/05870916-n:0.00163895/06478582-n:0.00160503
. . Fp 1 -

