O o DA0MS0 0.950254 -
Conselho_Seccional conselho_seccional NP00O00 1 -
exerce exercer VMIP3S0 0.999479 02568672-v:0.000894003/02204564-v:0.000873984/01774426-v:0.000844062/01095218-v:0.000835746/02670890-v:0.000807588/02595383-v:0.000806655/00606093-v:0.0007927/00099721-v:0.000786791/01166093-v:0.000712024
e e CC 0.999951 -
observa observar VMIP3S0 0.983871 01158872-v:0.000808273/02130524-v:0.000773305/02169352-v:0.000718318/01020005-v:0.000675455/02154508-v:0.000612085/02455407-v:0.000552882/02128653-v:0.000513153/02118476-v:0.000512309/02150510-v:0.000497563/02118933-v:0.000487832/02165002-v:0.000483863/00732552-v:0.000474897/01058574-v:0.000467137/02578872-v:0.00046622/02130160-v:0.000439862
, , Fc 1 -
em em SP 1 -
o o DA0MS0 1 -
respectivo respectivo AQ0MS00 1 00494409-a:0.00689428
território território NCMS000 1 08552138-n:0.00264644/08493064-n:0.001821/08497294-n:0.00143636/08556491-n:0.001305/05221895-n:0.00124902/08674563-n:0.00112851
, , Fc 1 -
as o DA0FP0 0.974798 -
competências competência NCFP000 1 05642175-n:0.00441003/05153520-n:0.00432275/05154114-n:0.00383083/05622456-n:0.00364641
, , Fc 1 -
vedações vedação NCFP000 1 00830099-n:0.00660407
e e CC 0.999951 -
funções função NCFP000 1 13525549-n:0.000675211/00586262-n:0.000673228/00582388-n:0.000637441/14515633-n:0.000632061/05149325-n:0.00055891/00719705-n:0.000543297/00720565-n:0.000537023/06582403-n:0.000528842/13783816-n:0.00052835/06891493-n:0.000512986/05074774-n:0.000491596/13781164-n:0.000481832/09385911-n:0.000470995/00722061-n:0.000467933/08252467-n:0.000431388
atribuídas atribuir VMP00PF 0.992518 00726300-v:0.000948836/02294436-v:0.000698438/02317094-v:0.000659315/02391803-v:0.000650731/00727143-v:0.000632728/02228698-v:0.000615127/00726784-v:0.000600631/00677683-v:0.000585372/00727791-v:0.000577759/02228531-v:0.000568293/00740053-v:0.000562494/01290133-v:0.000540958
a a SP 1 -
o o DA0MS0 0.950254 - o PD0MS00 0.0313531 - o PP3MSA0 0.0183743 - o NCMS000 1.85412e-05 -
Conselho_Federal conselho_federal NP00O00 1 -
, , Fc 1 -
em em SP 1 -
o o DA0MS0 1 -
que que CS 0.398036 -
couber caber VMSF1S0 0.5 00050652-v:0.00361995/02735753-v:0.00360863
e e CC 0.999951 -
em em SP 1 -
o o DA0MS0 1 -
âmbito âmbito NCMS000 1 05996646-n:0.00264872/05125377-n:0.00220661/14514039-n:0.00145961/14513259-n:0.00118403/05853100-n:0.00117042/05127782-n:0.00115221
de de SP 1 -
sua seu DP3FSS 0.929764 -
competência competência NCFS000 1 05642175-n:0.00441003/05153520-n:0.00432275/05154114-n:0.00383083/05622456-n:0.00364641
material material AQ0CS00 0.0901639 00626800-a:0.00136755/00629997-a:0.00119018/00625393-a:0.00116827/01487627-a:0.00115837/01779193-a:0.00110931/02577734-a:0.00106284
e e CC 0.999951 -
territorial territorial AQ0CS00 1 02408611-a:0.00328885/02812482-a:0.00235399/02409500-a:0.00225595
, , Fc 1 -
e e CC 0.999951 -
as o DA0FP0 0.974798 -
normas norma NCFP000 1 05846054-n:0.00287993/06652242-n:0.00134183/07260623-n:0.00108028/05667613-n:0.000967277/05924920-n:0.000940363/13854488-n:0.000937613/13617952-n:0.000886065/09372176-n:0.000826179
gerais geral AQ0CP00 0.289449 01101391-a:0.002566/00526062-a:0.00195419/00489108-a:0.00195388/01426077-a:0.00176557/00527188-a:0.00175435/00783840-a:0.00173125/01839663-a:0.00164583/00487198-a:0.00163365
estabelecidas estabelecer VMP00PF 0.992518 02621395-v:0.00101686/00665476-v:0.000636749/02427103-v:0.000588705/00664788-v:0.000551455/01647229-v:0.000532987/00730758-v:0.000523919/01062395-v:0.000505155/00636888-v:0.00049808/01570108-v:0.000486282/02635033-v:0.000482856/00539338-v:0.000472245/02493300-a:0.000467835/01647672-v:0.000465514/01655505-v:0.000451165
em em SP 1 -
esta este DD0FS0 0.877868 - este PD0FS00 0.122132 -
lei lei NCFS000 1 05846054-n:0.00287993/05726596-n:0.00182917/08441203-n:0.0018206/06532330-n:0.00161688/06564387-n:0.000819961/08209687-n:0.00071492/05872982-n:0.000712945/06532095-n:0.000644963/06478582-n:0.000639507/08456347-n:0.00062964/05870916-n:0.000622214
, , Fc 1 -
em em SP 1 -
o o DA0MS0 1 -
regulamento regulamento NCMS000 0.97619 05846054-n:0.00287993/80000908-n:0.00230871/14443434-n:0.00141911/00805034-n:0.00137924/06537951-n:0.00133023
geral geral AQ0CS00 0.694581 01101391-a:0.002566/00526062-a:0.00195419/00489108-a:0.00195388/01426077-a:0.00176557/00527188-a:0.00175435/00783840-a:0.00173125/01839663-a:0.00164583/00487198-a:0.00163365
, , Fc 1 -
em em SP 1 -
o o DA0MS0 1 -
Código_de_Ética código_de_ética NP00G00 1 -
e e CC 0.999951 -
Disciplina disciplina NP00G00 1 05996646-n:0.00264872/05726596-n:0.00182917/05662876-n:0.00135387/04881623-n:0.00127618/00893836-n:0.00118998/01132864-n:0.00112227
, , Fc 1 -
e e CC 0.999951 -
em em SP 1 -
os o DA0MP0 1 -
Provimentos provimentos NP00V00 1 -
. . Fp 1 -

