Os o DA0MP0 0.958022 -
Conselhos_Federal conselhos_federal NP00O00 1 -
e e CC 0.999951 -
Seccionais seccionais NP00SP0 1 -
devem dever VMIP3P0 0.992958 02731814-v:0.00300055/02254155-v:0.00299243/02253956-v:0.00287962
promover promover VMN0000 0.330612 02554922-v:0.00167198/00976653-v:0.00150679/02554422-v:0.00149637/02219940-v:0.0014869/00875806-v:0.00146321/00497061-v:0.00132239
trienalmente trienal RG 1 -
as o DA0FP0 0.974798 -
respectivas respectivo AQ0FP00 1 00494409-a:0.00871087
Conferências conferências NP00O00 1 -
, , Fc 1 -
em em SP 1 -
data data NCFS000 0.870968 08385009-n:0.00281863/15159819-n:0.00247824/15159583-n:0.00240681/09992538-n:0.00233363
não não RN 0.99985 00024073-r:0.00480525/00024587-r:0.00217001/00050681-r:0.00206629/00024356-r:0.0020485
coincidente coincidente AQ0CS00 1 00561757-a:0.00450724/02378496-a:0.00432427
com com SP 1 -
o o DA0MS0 0.950254 -
ano ano NCMS000 1 15203791-n:0.0014419/15203565-n:0.00140525/15202634-n:0.00139813/08238660-n:0.00123931/15203229-n:0.00121822/15201505-n:0.00121127/15204297-n:0.00120378/15202806-n:0.00118028
eleitoral eleitoral AQ0CS00 1 02717538-a:0.00447531/00846219-a:0.00404295
, , Fc 1 -
e e CC 0.999951 -
, , Fc 1 -
periodicamente periodicamente RG 1 00212974-r:0.00888161
, , Fc 1 -
reunião reunião NCFS000 1 07975026-n:0.00175337/01229938-n:0.00123894/08307589-n:0.00114942/08310389-n:0.000926032/07951464-n:0.000877423/01014066-n:0.000872765/01230965-n:0.000832876/00382474-n:0.000787383/01231686-n:0.00077276/01014990-n:0.000771202/08478371-n:0.000734226/08415774-n:0.000686476
de de SP 1 -
o o DA0MS0 0.950254 - o PD0MS00 0.0313531 - o PP3MSA0 0.0183743 - o NCMS000 1.85412e-05 -
colégio colégio NCMS000 1 08276720-n:0.00400596/04146050-n:0.00302283/08412749-n:0.00300155
de de SP 1 -
presidentes presidente NCMP000 0.432698 10467395-n:0.001814/10468962-n:0.00155747/00597265-n:0.00150658/10467179-n:0.0014523/10469346-n:0.00136935/10468750-n:0.00134927/10468559-n:0.00130367
a a SP 0.313151 -
eles ele PP3MP00 1 -
vinculados vincular VMP00PM 0.992518 00713167-v:0.00316558/00885217-v:0.00299538/01356750-v:0.00292905
, , Fc 1 -
com com SP 1 -
finalidade finalidade NCFS000 1 05982152-n:0.00315921/04754440-n:0.00304646/05980875-n:0.0030274
consultiva consultivo AQ0FS00 1 01304802-a:0.00865802
. . Fp 1 -

