Para para SP 0.999444 -
os o DA0MP0 0.958022 -
fins fim NCMP000 1 15266911-n:0.00102623/05982152-n:0.000855667/07291794-n:0.000819876/05980875-n:0.000801848/11410625-n:0.000800972/05868477-n:0.000783605/05981230-n:0.000780479/00229260-n:0.000763472/07291312-n:0.000754556/15267536-n:0.000742449/15143477-n:0.000730758/00216038-n:0.000698298/08565894-n:0.000676712
de de SP 1 -
esta este DD0FS0 0.877868 - este PD0FS00 0.122132 -
lei lei NCFS000 1 06478582-n:0.00371044/08441203-n:0.00328018/06532330-n:0.0011148/06564387-n:0.00109469/08209687-n:0.00104412/06532095-n:0.000967506/05726596-n:0.000884685/05872982-n:0.000878335/05846054-n:0.000843916/08456347-n:0.000829227/05870916-n:0.000820471
, , Fc 1 -
os o DA0MP0 0.958022 -
Presidentes_dos_Conselhos_da_OAB presidentes_dos_conselhos_da_oab NP00O00 1 -
e e CC 0.999951 -
de de SP 1 -
as o DA0FP0 0.974798 - o PD0FP00 0.0142702 - o PP3FPA0 0.0109322 -
Subseções subseções NP00O00 1 -
podem poder VMIP3P0 0.993174 01774426-v:0.0033541/02744451-v:0.00310305/01192628-v:0.00290506
requisitar requisitar VMN0000 0.529581 00752764-v:0.00326627/00753428-v:0.00301237/00754430-v:0.00289995
cópias cópia NCFP000 1 03104594-n:0.00218818/03257343-n:0.00199781/03117939-n:0.00182159/04076533-n:0.00142114/01019524-n:0.00137422/04609235-n:0.00132829/06505517-n:0.00128771
de de SP 1 -
peças peça NCFP000 0.978495 13388245-n:0.00219087/07037465-n:0.00206454/09385911-n:0.00185385/03716327-n:0.00183955/03932203-n:0.00182661
de de SP 1 -
autos auto NCMP000 1 06478582-n:0.00371044/02958343-n:0.00343325/06539770-n:0.00321746
e e CC 0.999951 -
documentos documento NCMP000 1 06470073-n:0.00257545/14974264-n:0.00200528/13403331-n:0.00186475/03217458-n:0.0017507/06734322-n:0.001741
a a SP 0.313151 -
qualquer qualquer DI0CS0 0.881232 -
tribunal tribunal NCMS000 1 08329453-n:0.00327301/03649459-n:0.00327256/08329322-n:0.00237321/03121040-n:0.00221051
, , Fc 1 -
magistrado magistrado NCMS000 1 10225219-n:0.00624541/10280945-n:0.00552402
, , Fc 1 -
cartório cartório NCMS000 1 -
e e CC 0.999951 -
órgão órgão NCMS000 1 03854065-n:0.00132854/05297523-n:0.00128066/10638385-n:0.00120531/03273551-n:0.00119844/03494537-n:0.00112566/06595056-n:0.00111401/13087625-n:0.00111399/08349350-n:0.00108463
de de SP 1 -
a o DA0FS0 0.675415 - a SP 0.313151 - o PP3FSA0 0.00613742 - o PD0FS00 0.00514062 - a NCMS000 0.000156639 -
Administração_Pública administração_pública NP00O00 1 -
direta direta NCFS000 1 -
, , Fc 1 -
indireta indireta NCFS000 1 06778102-n:0.00508693/07238455-n:0.00447274
e e CC 0.999951 -
fundacional fundacional AQ0CS00 0.947364 -
. . Fp 1 -

