O o DA0MS0 0.950254 -
advogado advogado NCMS000 0.975904 09774783-n:0/09775663-n:0/09840963-n:0/10249950-n:0/10623175-n:0
obriga obrigar VMIP3S0 1 -
se se PP3CN00 1 -
a a SP 0.313151 -
cumprir cumprir VMN0000 0.529581 01640855-v:0/02542280-v:0/02561995-v:0/02563724-v:0/02578872-v:0/02594674-v:0/02671880-v:0
rigorosamente rigoroso RG 1 -
os o DA0MP0 0.958022 -
deveres dever NCMP000 0.493976 00584769-n:0/00719494-n:0/01129920-n:0
consignados consignar VMP00PM 0.992514 01000214-v:0/01647229-v:0/02347637-v:0
em em SP 1 -
o o DA0MS0 1 -
Código_de_Ética código_de_ética NP00000 1 -
e e CC 0.999951 -
Disciplina disciplina NP00000 1 00893836-n:0/01132864-n:0/04881623-n:0/05662876-n:0/05726596-n:0/05996646-n:0
. . Fp 1 -

O o DA0MS0 0.950254 -
Código_de_Ética código_de_ética NP00000 1 -
e e CC 0.999951 -
Disciplina disciplina NP00000 1 00893836-n:0/01132864-n:0/04881623-n:0/05662876-n:0/05726596-n:0/05996646-n:0
regula regular VMIP3S0 0.999479 00234988-v:0/00295966-v:0/00299341-v:0/01525666-v:0/02511551-v:0
os o DA0MP0 0.958022 -
deveres dever NCMP000 0.493976 00584769-n:0/00719494-n:0/01129920-n:0
de de SP 1 -
o o DA0MS0 0.950254 - o PD0MS00 0.0313531 - o PP3MSA0 0.0183743 - o NCMS000 1.85412e-05 -
advogado advogado NCMS000 0.975904 09774783-n:0/09775663-n:0/09840963-n:0/10249950-n:0/10623175-n:0
para para SP 0.999444 -
com com SP 1 -
a o DA0FS0 0.675415 -
comunidade comunidade NCFS000 1 07941729-n:0/07965085-n:0/08184861-n:0/08223802-n:0/13971382-n:0
, , Fc 1 -
o o DA0MS0 0.950254 -
cliente cliente NCCS000 1 03827107-n:0/09885145-n:0/09984659-n:0/09985075-n:0/10407726-n:0
, , Fc 1 -
o o DA0MS0 0.950254 -
outro outro DI0MS0 0.802288 -
profissional profissional NCCS000 0.432636 10298482-n:0/10462860-n:0/10480253-n:0/10480583-n:0
e e CC 0.999951 -
, , Fc 1 -
ainda ainda RG 1 00017639-r:0/00018189-r:0/00027795-r:0/00027918-r:0/00031304-r:0/00040365-r:0/00047534-r:0
, , Fc 1 -
a o DA0FS0 0.675415 -
publicidade publicidade NCFS000 1 01101329-n:0/04720536-n:0/07247071-n:0/07248801-n:0/07250034-n:0
, , Fc 1 -
a o DA0FS0 0.675415 -
recusa recusa NCFS000 0.488372 06634095-n:0/07205573-n:0
de de SP 1 -
o o DA0MS0 0.950254 - o PD0MS00 0.0313531 - o PP3MSA0 0.0183743 - o NCMS000 1.85412e-05 -
patrocínio patrocínio NCMS000 1 01153861-n:0/01215036-n:0
, , Fc 1 -
o o DA0MS0 0.950254 -
dever dever NCMS000 0.180447 00584769-n:0/00719494-n:0/01129920-n:0
de de SP 1 -
assistência assistência NCFS000 1 00558008-n:0/01207609-n:0/01209220-n:0/01233397-n:0/05149832-n:0/05154908-n:0/07987216-n:0
jurídica jurídico AQ0FS00 1 01400562-a:0/01401105-a:0/02499148-a:0/02752987-a:0/02753724-a:0/02754096-a:0/02754197-a:0
, , Fc 1 -
o o DA0MS0 0.950254 -
dever dever NCMS000 0.180447 00584769-n:0/00719494-n:0/01129920-n:0
geral geral AQ0CS00 0.694581 00487198-a:0/00489108-a:0/00526062-a:0/00527188-a:0/00783840-a:0/01101391-a:0/01426077-a:0/01839663-a:0
de de SP 1 -
urbanidade urbanidade NCFS000 1 -
e e CC 0.999951 -
os o DA0MP0 0.958022 -
respectivos respectivo AQ0MP00 1 00494409-a:0
procedimentos procedimento NCMP000 1 00577068-n:0/01023636-n:0/01023820-n:0/04897762-n:0
disciplinares disciplinar VMN02S0 0.976071 02553428-v:0
. . Fp 1 -

