Para para SP 0.999444 -
inscrição inscrição NCFS000 1 06405699-n:0.00264174/00050037-n:0.00235065
como como CS 0.751351 -
advogado advogado NCMS000 0.975904 10249950-n:0.00277948/09774783-n:0.00113558/10623175-n:0.00106658/09775663-n:0.00106191/09840963-n:0.00103758
é ser VMIP3S0 1 00339934-v:0.000751335/02604760-v:0.000491787/02620587-v:0.000473594/02603699-v:0.000440824/02627363-v:0.000379943/02655135-v:0.000362968/02702508-v:0.000351858/02445925-v:0.00034755/02731024-v:0.000337727/02664769-v:0.000318352/02597601-v:0.000313144/02614181-v:0.000311939/01717851-v:0.000306274/02749904-v:0.000297839/02616386-v:0.000294972
necessário necessário AQ0MS00 1 01580050-a:0.00144681/00903894-a:0.00105866/00343552-a:0.000984028/01580775-a:0.00098228/01276150-a:0.000971614
: : Fd 1 -
capacidade capacidade NCFS000 1 14530836-n:0.000638591/05616246-n:0.000542866/05200169-n:0.000515294/05153520-n:0.000515044/05202497-n:0.000477074/11433546-n:0.00044695/05105265-n:0.00044481/05620955-n:0.000428275/05623181-n:0.000425889/13779374-n:0.000404001/05033569-n:0.000391499/00914795-n:0.000374013
civil civil AQ0CS00 0.991803 01517921-a:0.00109053/02697116-a:0.000710217/01518161-a:0.000691008/00642379-a:0.000682583/00642934-a:0.000666958/00412355-a:0.00065611/02696920-a:0.00064439
; ; Fx 1 -
diploma diploma NCFS000 0.73361 06478582-n:0.00508225
ou ou CC 1 -
certidão certidão NCFS000 1 -
de de SP 1 -
graduação graduação NCFS000 1 14431471-n:0.00475408
em em SP 1 -
direito direito NCMS000 0.936047 00611143-n:0.00313468/05181199-n:0.000793173/13308999-n:0.000755444/05174653-n:0.000653183/05565337-n:0.000652626/06161718-n:0.000636378/08625073-n:0.000577674/13341756-n:0.000575396
, , Fc 1 -
obtido obter VMP00SM 0.985013 00120316-v:0.00095544/02526085-v:0.000560619/02210855-v:0.000507382/02207206-v:0.000471249/02238085-v:0.000448452/02289295-v:0.000442791/02359340-v:0.000368944/00639849-v:0.000344588/02238770-v:0.000340541/02239261-v:0.000327648/00522751-v:0.000327188/02648502-v:0.000309509/02527431-v:0.000302406/00728826-v:0.000296775/02293148-v:0.000293958/02247390-v:0.000288046
em em SP 1 -
instituição instituição NCFS000 1 08053576-n:0.00132668/03574555-n:0.00127531/00240184-n:0.00121168/08407330-n:0.00115777
de de SP 1 -
ensino ensino NCMS000 0.993421 00883297-n:0.00229363/00887081-n:0.00173203/05753564-n:0.00167631
oficialmente oficial RG 1 -
autorizada autorizar VMP00SF 0.992518 00803325-v:0.000840763/00802318-v:0.000737057/02447370-v:0.000711616/02444662-v:0.000698401/02473981-v:0.000635928/01029500-v:0.000635579/02475772-v:0.000617871/01632808-a:0.000568427
e e CC 0.999951 -
credenciada credenciado AQ0FS00 1 -
; ; Fx 1 -
título título NCMS000 1 06478582-n:0.00508225/06339416-n:0.000757679/06343520-n:0.000616217/06346461-n:0.000605406/13416345-n:0.000600265/06346891-n:0.000584464/06343117-n:0.000552814/06545137-n:0.000550813/06338908-n:0.000520881/04678908-n:0.000491576
de de SP 1 -
eleitor eleitor NCMS000 1 10760340-n:0.00513053
e e CC 0.999951 -
quitação quitação NCFS000 1 01193886-n:0.00462171
de de SP 1 -
o o DA0MS0 0.950254 - o PD0MS00 0.0313531 - o PP3MSA0 0.0183743 - o NCMS000 1.85412e-05 -
serviço serviço NCMS000 1 00577525-n:0.000507661/00582388-n:0.000482497/00584891-n:0.000383702/00719705-n:0.000377452/08114861-n:0.000360764/01032040-n:0.000356987/03315023-n:0.000355996/13968092-n:0.000348366/01209576-n:0.0003404/01032368-n:0.000337702/04175380-n:0.00032151/08186047-n:0.000316735/00098625-n:0.000312591/00568430-n:0.000309297/04558478-n:0.000296152/13325847-n:0.000291776
militar militar AQ0CS00 0.662338 01518386-a:0.00254328/01517081-a:0.00165653/02764251-a:0.00160791
, , Fc 1 -
se se CS 0.138341 -
brasileiro brasileiro NCMS000 0.788462 09694894-n:0.00478864
; ; Fx 1 -
aprovação aprovação NCFS000 1 07175241-n:0.000566142/06686736-n:0.000561121/06687358-n:0.000493228/06689297-n:0.000469418/01215392-n:0.000414519/07175575-n:0.000397381/06692572-n:0.000383667/06687178-n:0.000378699/06687701-n:0.000370393/07177192-n:0.000365646/14412374-n:0.00036146/07180372-n:0.000360616/01126856-n:0.00035676/00065575-n:0.000351544
em em SP 1 -
Exame_de_Ordem exame_de_ordem NP00G00 1 -
; ; Fx 1 -
não não RN 0.99985 00024073-r:0.00436606/00024587-r:0.00121443/00050681-r:0.00115556/00024356-r:0.0011505
exercer exercer VMN0000 0.529581 02568672-v:0.000766733/02204564-v:0.000619406/01095218-v:0.000597465/01774426-v:0.000595855/00606093-v:0.000583071/02595383-v:0.000570766/02670890-v:0.000568186/00099721-v:0.000554989/01166093-v:0.000502102
atividade atividade NCFS000 1 00037396-n:0.00146791/14006945-n:0.00114559/00407535-n:0.00105507/14531203-n:0.000948156/04635104-n:0.000939541
incompatível incompatível AQ0CS00 1 00508192-a:0.000641248/00561036-a:0.000589291/00623565-a:0.00054735/01487352-a:0.000534615/00509896-a:0.000530876/00562909-a:0.000527075/00509206-a:0.000525322/00578523-a:0.000522468/02382572-a:0.000515095
com com SP 1 -
a o DA0FS0 0.675415 -
advocacia advocacia NCFS000 1 00611143-n:0.00313468/00589217-n:0.00225873
; ; Fx 1 -
idoneidade idoneidade NCFS000 1 04716864-n:0.00510066
moral moral AQ0CS00 0.349126 01548193-a:0.00161787/02723563-a:0.00161752/01780596-a:0.00148785
; ; Fx 1 -
prestar prestar VMN0000 0.529581 02327200-v:0.000780369/01060494-v:0.000745533/02291708-v:0.000675582/00732224-v:0.000647862/02297742-v:0.000643678/02324182-v:0.000641005/01060746-v:0.000631188/02310328-v:0.000584333
compromisso compromisso NCMS000 1 07179342-n:0.000719419/06770275-n:0.000568455/01239064-n:0.000494788/01166760-n:0.000494211/08385009-n:0.000489748/01206153-n:0.000474111/01205564-n:0.000467159/13793504-n:0.000464998/06684383-n:0.000455427/01036778-n:0.000444342/07227301-n:0.000411411
perante perante SP 1 -
o o DA0MS0 0.950254 -
conselho conselho NCMS000 1 06671484-n:0.00103455/06650701-n:0.000850583/06651577-n:0.000768361/08322981-n:0.000757868/08310949-n:0.000754548/06786629-n:0.000740163/08309409-n:0.000730785
. . Fp 1 -

O o DA0MS0 0.950254 -
Exame_da_Ordem exame_da_ordem NP00O00 1 -
é ser VMIP3S0 1 00339934-v:0.00446401/02604760-v:0.00292335/02627363-v:0.00257992/02655135-v:0.00240292/02702508-v:0.00236196/02603699-v:0.00235599/02445925-v:0.00233787/02620587-v:0.00233613/02731024-v:0.00227873/02664769-v:0.00214936/02614181-v:0.0021075/02597601-v:0.00210348/01717851-v:0.00206502/02749904-v:0.00202216/02616386-v:0.00200086
regulamentado regulamentar VMP00SM 0.892572 02511551-v:0.0168588/00234857-v:0.0166875
em em SP 1 -
provimento provimento NCMS000 1 05615869-n:0.0173095/01057200-n:0.0171712
de de SP 1 -
o o DA0MS0 0.950254 - o PD0MS00 0.0313531 - o PP3MSA0 0.0183743 - o NCMS000 1.85412e-05 -
Conselho_Federal_da_OAB conselho_federal_da_oab NP00O00 1 -
. . Fp 1 -

O o DA0MS0 0.950254 -
estrangeiro estrangeiro NCMS000 0.821138 10103485-n:0.00228784/10661002-n:0.0020104/10103921-n:0.00171291/08168367-n:0.00170614/10661216-n:0.00140467
ou ou CC 1 -
brasileiro brasileiro NCMS000 0.788462 09694894-n:0.00743455
, , Fc 1 -
quando quando RG 0.998992 -
não não RN 0.99985 00024073-r:0.00558669/00024587-r:0.00187446/00050681-r:0.00178518/00024356-r:0.00177056
graduado graduar VMP00SM 0.721844 02264397-v:0.00310389/02264179-v:0.00265071/01211665-a:0.00238252
em em SP 1 -
direito direito NCMS000 0.936047 13308999-n:0.00120182/05174653-n:0.00106802/05181199-n:0.00103286/05565337-n:0.00100507/00611143-n:0.000972921/06161718-n:0.000940413/08625073-n:0.000890808/13341756-n:0.000879631
em em SP 1 -
o o DA0MS0 1 -
Brasil brasil NP00G00 1 08853741-n:0.00587251/12489524-n:0.00390167
, , Fc 1 -
deve dever VMIP3S0 0.99061 02731814-v:0.00269139/02254155-v:0.00258482/02253956-v:0.00248713
fazer fazer VMN0000 0.533333 00120316-v:0.00123176/01617192-v:0.000682893/02621395-v:0.000659762/01621555-v:0.000524922/01752884-v:0.000439038/02367363-v:0.000331339/02530167-v:0.000321596/01753788-v:0.000291263/00056930-v:0.000289715/02204692-v:0.000231358/01645601-v:0.000219325/00142191-v:0.00020598/02568672-v:0.000205932/01653873-v:0.000204837/00770437-v:0.000202536/00010435-v:0.000199229/01659248-v:0.000196719/02203362-v:0.000186595/01647229-v:0.000173227/01640207-v:0.000169019/00730758-v:0.000163222/02630189-v:0.000152195/01733477-v:0.000149656/01752495-v:0.000148816/01712704-v:0.000148134/02745332-v:0.000141436/02355596-v:0.000139666/02176268-v:0.000137386/01627355-v:0.000134867/02598483-v:0.000134237/01714208-v:0.00013042/01754737-v:0.000130338/00698256-v:0.000129255/02205098-v:0.000129171/02561995-v:0.0001286/01719921-v:0.000123708/00012267-v:0.000123241/01646075-v:0.000123238/00665476-v:0.000123223/00818974-v:0.000121902/01629000-v:0.000118194/01658188-v:0.000117825/02539788-v:0.000117717/01438902-v:0.000116904/01628197-v:0.000116813/02582921-v:0.000115674/02560767-v:0.000115126/01739814-v:0.000113986/02560585-v:0.000113236/00767334-v:0.000112997/01629589-v:0.000112291/02617567-v:0.000111353/02211948-v:0.000110823/01619014-v:0.000109701/01685313-v:0.000108669/01738774-v:0.000108459/00107369-v:0.000106906/00059559-v:0.000106737/02374764-v:0.000106352/01755504-v:0.00010591/00065370-v:0.000104699/00408624-v:0.000104494/00121046-v:0.000104085/02709107-v:0.000103545/01649024-v:0.000103469/02434859-v:0.000102135/01116980-v:0.000100695/02599636-v:9.98371e-05/02621133-v:9.98246e-05/02562901-v:9.73177e-05/00120675-v:9.70904e-05
prova prova NCFS000 0.989071 05798043-n:0.000623584/05823932-n:0.00057847/00791078-n:0.000555378/06643408-n:0.000537557/05799212-n:0.000530289/07199191-n:0.000521024/06733939-n:0.000513713/00785959-n:0.000512392/00636461-n:0.000511263/05824739-n:0.000502836/00794367-n:0.000495274/00521562-n:0.00049205/06647614-n:0.000487899/05738625-n:0.000482528/04011130-n:0.000469961/04755466-n:0.000465172
de de SP 1 -
o o DA0MS0 0.950254 - o PD0MS00 0.0313531 - o PP3MSA0 0.0183743 - o NCMS000 1.85412e-05 -
título título NCMS000 1 06339416-n:0.000980289/06346461-n:0.000932337/06346891-n:0.000900525/13416345-n:0.000854634/06343117-n:0.000844517/06545137-n:0.000813284/06343520-n:0.000804939/06338908-n:0.000796572/06478582-n:0.000783186/04678908-n:0.000758048
de de SP 1 -
graduação graduação NCFS000 1 14431471-n:0.00732776
, , Fc 1 -
obtido obter VMP00SM 0.985013 00120316-v:0.00123176/02210855-v:0.000793862/02526085-v:0.000787323/02207206-v:0.000741072/02238085-v:0.000670491/02289295-v:0.000565929/02359340-v:0.000565857/00639849-v:0.000534656/02238770-v:0.000520249/02239261-v:0.000499509/00522751-v:0.000498469/02527431-v:0.000465606/02648502-v:0.000455185/02293148-v:0.000453941/00728826-v:0.000452/02247390-v:0.000444305
em em SP 1 -
instituição instituição NCFS000 1 08053576-n:0.00197784/03574555-n:0.00196343/00240184-n:0.00186099/08407330-n:0.00175954
estrangeira estrangeiro AQ0FS00 0.557399 01034457-a:0.0030988/01035007-a:0.00272367/01037540-a:0.00263883
, , Fc 1 -
devidamente devido RG 1 -
revalidado revalidar VMP00SM 0.992518 -
, , Fc 1 -
além_de além_de SP 1 -
atender atender VMN0000 0.529581 00260648-v:0.00164889/02170427-v:0.00159567/00719590-v:0.00153239/02571901-v:0.00150733/00080304-v:0.00141514
a a SP 1 -
os o DA0MP0 0.958022 - o PD0MP00 0.021587 - o PP3MPA0 0.0203911 -
demais demais RG 1 00029367-r:0.00539055/00047392-r:0.00431298
requisitos requisito NCMP000 0.632636 09367203-n:0.00413453/05892651-n:0.00382186
previstos prever VMP00PM 0.992518 00917772-v:0.000725614/00871942-v:0.000687387/00712135-v:0.000642098/00720063-v:0.000637977/00719734-v:0.000624955/00929815-a:0.000606547/00974173-v:0.000590675/00723545-v:0.000589178/00631737-v:0.000583601/02565491-v:0.000579201/00720808-v:0.000574968/00794981-v:0.000571332/00926472-v:0.000567989/01636221-v:0.000536612
em em SP 1 -
este este DD0MS0 0.843484 - este PD0MS00 0.156516 -
artigo artigo NCMS000 1 00022903-n:0.000901654/03076708-n:0.000835017/03748886-n:0.00082564/06681551-n:0.000780143/06681177-n:0.000768294/06268096-n:0.000736343/04550840-n:0.000731389/06683784-n:0.000692116/02745091-n:0.000692059/06324669-n:0.00064413/06392935-n:0.000637039/06269956-n:0.000635994
. . Fp 1 -

A o DA0FS0 0.675415 -
inidoneidade inidoneidade NCFS000 1 -
moral moral AQ0CS00 0.349126 02723563-a:0.00289024/01548193-a:0.00288791/01780596-a:0.002662
, , Fc 1 -
suscitada suscitar VMP00SF 0.721918 00728826-v:0.00171194/00018813-v:0.00137083/00018526-v:0.00133442/01759326-v:0.00131204/01629958-v:0.0012866/02761685-v:0.00127005/00022686-v:0.00125536
por por SP 1 -
qualquer qualquer DI0CS0 0.881232 -
pessoa pessoa NCFS000 1 00007846-n:0.00597494/80000973-n:0.00167234/04617562-n:0.00114976/10344443-n:0.00114218/06326797-n:0.00114136/10203839-n:0.00111828/05217688-n:0.00110266/10289039-n:0.00107105
, , Fc 1 -
deve dever VMIP3S0 0.99061 02731814-v:0.00299982/02254155-v:0.00298983/02253956-v:0.00288513
ser ser VMN0000 0.33093 02604760-v:0.0013727/00339934-v:0.00133879/02603699-v:0.0007356/02620587-v:0.000706367/02627363-v:0.000679738/02655135-v:0.000639325/02702508-v:0.000632654/02445925-v:0.000616805/02731024-v:0.000603347/02664769-v:0.000567337/02597601-v:0.00055804/02614181-v:0.000556222/01717851-v:0.000545473/02749904-v:0.000532941/02616386-v:0.000527509
declarada declarar VMP00SF 0.992507 00941990-v:0.000756245/01010118-v:0.000736887/00971650-v:0.000706913/00971999-v:0.000700865/01016002-v:0.000673935/00933821-v:0.000635568/00822367-v:0.00063212/00965871-v:0.000609195/00756338-v:0.000607031/00878136-v:0.000574415/01009821-v:0.000564528/01618376-a:0.000550195/00820801-v:0.000544116/02300549-v:0.00053716/00940870-a:0.00053287/02444555-v:0.000519916
mediante mediante SP 0.681897 -
decisão decisão NCFS000 1 05838176-n:0.00184034/05788149-n:0.00166103/00162632-n:0.00159611/01191158-n:0.00151944/04863969-n:0.00145199/07293546-n:0.00133088
que que PR0CN00 0.584265 -
obtenha obter VMSP3S0 0.648523 00728826-v:0.00171194/00120316-v:0.00125956/02526085-v:0.000898256/02210855-v:0.000863651/02238085-v:0.000772872/02207206-v:0.000721055/02359340-v:0.00065435/02289295-v:0.000636028/00639849-v:0.000618363/02238770-v:0.000600166/02239261-v:0.000580752/00522751-v:0.000572065/02648502-v:0.00054961/02527431-v:0.000539513/02293148-v:0.000529999/02247390-v:0.000514629
em em SP 1 -
o o DA0MS0 1 -
mínimo mínimo NCMS000 0.621951 13763384-n:0.00283402/06658118-n:0.00243326/08600274-n:0.00214175/13761801-n:0.00201183
dois_terços 2/3 Zp 1 -
de de SP 1 -
os o DA0MP0 0.958022 - o PD0MP00 0.021587 - o PP3MPA0 0.0203911 -
votos voto NCMP000 0.987805 00183505-n:0.00231968/05186306-n:0.0022702/07228751-n:0.00223131/00182213-n:0.00216925
de de SP 1 -
todos todo DI0MP0 0.698087 -
os o DA0MP0 0.958022 -
membros membro NCMP000 1 10307234-n:0.00170023/05526384-n:0.00156854/05559908-n:0.00153295/05560244-n:0.00146881/13810615-n:0.00138433/02737833-n:0.00133758
de de SP 1 -
o o DA0MS0 0.950254 - o PD0MS00 0.0313531 - o PP3MSA0 0.0183743 - o NCMS000 1.85412e-05 -
conselho conselho NCMS000 1 06650701-n:0.00152444/06671484-n:0.00149326/06651577-n:0.00136925/08310949-n:0.00134309/08322981-n:0.00133463/08309409-n:0.0013184/06786629-n:0.0012764
competente competente AQ0CS00 0.585551 00510050-a:0.0023004/00051571-a:0.00224544/02226162-a:0.00220663/00512130-a:0.0021965
, , Fc 1 -
em em SP 1 -
procedimento procedimento NCMS000 1 01023820-n:0.00331858/01023636-n:0.00295957/00577068-n:0.00225815/04897762-n:0.00220252
que que PR0CN00 0.584265 -
observe observar VMSP3S0 0.648517 02130524-v:0.000977761/02169352-v:0.000902338/01020005-v:0.000876166/02154508-v:0.000733958/01158872-v:0.000717048/02455407-v:0.000694803/02128653-v:0.000649874/02118476-v:0.000646977/02150510-v:0.000628649/02118933-v:0.000615422/02165002-v:0.000611658/00732552-v:0.00059863/01058574-v:0.000595923/02578872-v:0.000581642/02130160-v:0.000555294
os o DA0MP0 0.958022 -
termos termo NCMP000 0.936047 06286395-n:0.00120925/05221895-n:0.000738495/05868477-n:0.000725894/06751974-n:0.000716587/06770875-n:0.000686485/06303888-n:0.000681264/07362075-n:0.000680202/15267536-n:0.000667412/00216038-n:0.000659841/08565894-n:0.00064284/05855904-n:0.000641924/07177622-n:0.000634717/15226451-n:0.00062771
de de SP 1 -
o o DA0MS0 0.950254 - o PD0MS00 0.0313531 - o PP3MSA0 0.0183743 - o NCMS000 1.85412e-05 -
processo processo NCMS000 0.998008 01023820-n:0.00331858/01023636-n:0.00295957/01184814-n:0.00118735/05701363-n:0.000974595/01182654-n:0.000902193/01181902-n:0.000850523/01198307-n:0.000840277/01195867-n:0.000804263/00029677-n:0.000776758/05470189-n:0.000773218/05701738-n:0.000737997/06503551-n:0.000669386
disciplinar disciplinar VMN0000 0.529581 02553428-v:0.00837782
. . Fp 1 -

Não não RN 0.9997 00024073-r:0.00711563/00024587-r:0.00317148/00050681-r:0.00301992/00024356-r:0.00299676
atende atender VMIP3S0 0.64974 00260648-v:0.00280022/02170427-v:0.00269961/00719590-v:0.0025926/02571901-v:0.00255081/00080304-v:0.00239728
a a SP 1 -
o o DA0MS0 0.950254 - o PD0MS00 0.0313531 - o PP3MSA0 0.0183743 - o NCMS000 1.85412e-05 -
requisito requisito NCMS000 0.635059 09367203-n:0.00699664/05892651-n:0.00646641
de de SP 1 -
idoneidade idoneidade NCFS000 1 04716864-n:0.0133272
moral moral AQ0CS00 0.349126 01548193-a:0.00425708/02723563-a:0.00422034/01780596-a:0.00389066
aquele aquele PD0MS00 0.219828 -
que que PR0CN00 0.584265 -
tiver ter VMSF1S0 0.5 02655135-v:0.0015076/02603699-v:0.00147855/02749904-v:0.00126136/00065639-v:0.000887051/00056930-v:0.000742113/02108026-v:0.000662426/02205098-v:0.000650012/02204692-v:0.000631144/02630189-v:0.00061826/02700867-v:0.000615851/02632167-v:0.000609569/02203362-v:0.000608358/01733477-v:0.000602123/00065370-v:0.000582441/02630871-v:0.000578945/01156834-v:0.000574046/02210119-v:0.000567011/02355596-v:0.000563238/00052374-v:0.000537385/00059559-v:0.000522917/00121046-v:0.00052175/00639849-v:0.000509199/02740745-v:0.000498933/02746275-v:0.000492368
sido ser VMP00SM 1 00339934-v:0.00229051/02655135-v:0.0015076/02603699-v:0.00147855/02604760-v:0.0013464/02749904-v:0.00126136/02627363-v:0.000992643/02620587-v:0.000963984/02702508-v:0.000911619/02445925-v:0.000904138/02731024-v:0.000879634/02664769-v:0.000828398/02597601-v:0.000814453/02614181-v:0.000811921/01717851-v:0.000795657/02616386-v:0.000770456
condenado condenar VMP00SM 0.972603 00824767-v:0.00173625/00824292-v:0.00166598/00864159-v:0.00157485/00906367-v:0.00156023/00906735-v:0.00155788/02499629-v:0.00152436/02149302-v:0.00145487/00856578-v:0.00144123/00669942-a:0.0014243
por por SP 1 -
crime crime NCMS000 1 00766234-n:0.00324185/09977660-n:0.0028548/00070965-n:0.00275425/00768701-n:0.00261822/00767477-n:0.00260966
infamante infamante AQ0CS00 1 01549964-a:0.00706344/01161233-a:0.00630323
, , Fc 1 -
salvo salvo RG 0.473804 -
reabilitação reabilitação NCFS000 1 00400645-n:0.00337321/01241997-n:0.00328267/00045646-n:0.0031386/00700260-n:0.00312317
judicial judicial AQ0CS00 1 02752987-a:0.00330534/01400961-a:0.00326453/02753724-a:0.00293407/02753205-a:0.00292474
. . Fp 1 -

