O o DA0MS0 0.950254 -
documento documento NCMS000 0.995283 03217458-n:0/06470073-n:0/06734322-n:0/13403331-n:0/14974264-n:0
de de SP 1 -
identidade identidade NCFS000 1 04618070-n:0/04743024-n:0/04747899-n:0/05763412-n:0/13786748-n:0
profissional profissional AQ0CS00 0.567364 01868724-a:0/01870100-a:0/02556402-a:0/02839505-a:0/02839695-a:0/02840478-a:0
, , Fc 1 -
em em SP 1 -
a o DA0FS0 1 -
forma forma NCFS000 0.996448 00027807-n:0/00172710-n:0/04200908-n:0/04677514-n:0/04928903-n:0/04931733-n:0/05064037-n:0/05217168-n:0/05839024-n:0/05930736-n:0/05941210-n:0/06290637-n:0/06473563-n:0/07683138-n:0/08111157-n:0/14546432-n:0
prevista prever VMP00SF 0.987805 00631737-v:0/00712135-v:0/00719734-v:0/00720063-v:0/00720808-v:0/00723545-v:0/00794981-v:0/00871942-v:0/00917772-v:0/00926472-v:0/00974173-v:0/01636221-v:0/02565491-v:0/00929815-a:0
em em SP 1 -
o o DA0MS0 1 -
regulamento regulamento NCMS000 0.97619 00805034-n:0/05846054-n:0/06537951-n:0/14443434-n:0/80000908-n:0
geral geral AQ0CS00 0.694581 00487198-a:0/00489108-a:0/00526062-a:0/00527188-a:0/00783840-a:0/01101391-a:0/01426077-a:0/01839663-a:0
, , Fc 1 -
é ser VMIP3S0 1 00339934-v:0/01717851-v:0/02445925-v:0/02597601-v:0/02603699-v:0/02604760-v:0/02614181-v:0/02616386-v:0/02620587-v:0/02627363-v:0/02655135-v:0/02664769-v:0/02702508-v:0/02731024-v:0/02749904-v:0
de de SP 1 -
uso uso NCMS000 0.98913 00413239-n:0/00830257-n:0/00947128-n:0/05149978-n:0/05669034-n:0
obrigatório obrigatório AQ0MS00 1 00848074-a:0/00848466-a:0/01580775-a:0/01580968-a:0
em em SP 1 -
o o DA0MS0 1 -
exercício exercício NCMS000 1 00624738-n:0/00729919-n:0/00894552-n:0/00947128-n:0/15203120-n:0
de de SP 1 -
a o DA0FS0 0.675415 - a SP 0.313151 - o PP3FSA0 0.00613742 - o PD0FS00 0.00514062 - a NCMS000 0.000156639 -
atividade atividade NCFS000 1 00037396-n:0/00407535-n:0/04635104-n:0/14006945-n:0/14531203-n:0
de de SP 1 -
advogado advogado NCMS000 0.975904 09774783-n:0/09775663-n:0/09840963-n:0/10249950-n:0/10623175-n:0
ou ou CC 1 -
de de SP 1 -
estagiário estagiário NCMS000 1 10211203-n:0/10722385-n:0
e e CC 0.999951 -
constitui constituir VMIP3S0 0.944444 01647229-v:0/02396205-v:0/02620587-v:0/02621395-v:0
prova prova NCFS000 0.989071 00521562-n:0/00636461-n:0/00785959-n:0/00791078-n:0/00794367-n:0/04011130-n:0/04755466-n:0/05738625-n:0/05798043-n:0/05799212-n:0/05823932-n:0/05824739-n:0/06643408-n:0/06647614-n:0/06733939-n:0/07199191-n:0
de de SP 1 -
identidade identidade NCFS000 1 04618070-n:0/04743024-n:0/04747899-n:0/05763412-n:0/13786748-n:0
civil civil AQ0CS00 0.991803 00412355-a:0/00642379-a:0/00642934-a:0/01517921-a:0/01518161-a:0/02696920-a:0/02697116-a:0
para para SP 0.999444 -
todos todo DI0MP0 0.698087 -
os o DA0MP0 0.958022 -
fins fim NCMP000 1 00216038-n:0/00229260-n:0/05868477-n:0/05980875-n:0/05981230-n:0/05982152-n:0/07291312-n:0/07291794-n:0/08565894-n:0/11410625-n:0/15143477-n:0/15266911-n:0/15267536-n:0
legais legal AQ0CP00 0.960748 01400562-a:0/01401224-a:0/02499148-a:0
. . Fp 1 -

