Todos todo DI0MP0 
os o DA0MP0 
recursos recurso NCMP000 00177448-n:0/01185611-n:0/01208597-n:0/05154517-n:0/05154676-n:0/05154908-n:0/05155123-n:0/07246932-n:0/13331778-n:0
têm ter VMIP3P0 00056930-v:0/00065370-v:0/00065639-v:0/00121046-v:0/00639849-v:0/02108026-v:0/02203362-v:0/02204692-v:0/02632167-v:0/02700867-v:0/02746275-v:0/02749904-v:0
efeito efeito NCMS000 00157081-n:0/11410625-n:0/11414411-n:0/11414608-n:0
suspensivo suspensivo AQ0MS00 
, , Fc 
exceto exceto AQ0MS00 
quando quando RG 
tratarem tratar VMN03P0 00078760-v:0/00651145-v:0/01033527-v:0/02437707-v:0/02438535-v:0/02514187-v:0
de de SP 
eleições eleição NCFP000 00180962-n:0/00181781-n:0/00183505-n:0/05790944-n:0
( ( Fpa 
arts. arts. RG 
63 63 Z 
e e CC 
seguintes seguinte AQ0CP00 00127815-a:0/00127948-a:0
) ) Fpt 
, , Fc 
de de SP 
suspensão suspensão NCFS000 00209132-n:0/01017701-n:0/01063578-n:0/04366116-n:0/07368256-n:0/14010636-n:0/15271008-n:0
preventiva preventivo AQ0FS00 01167269-a:0/01763813-a:0
decidida decidir VMP00SF 00634472-v:0/00697589-v:0/00698855-v:0/00699626-v:0/00701877-v:0/00763399-v:0/00701178-a:0
por por SP 
o o DA0MS0 
Tribunal_de_Ética tribunal_de_ética NP00000 
e e CC 
Disciplina disciplina NP00000 00893836-n:0/04881623-n:0/05662876-n:0/05996646-n:0
, , Fc 
e e CC 
de de SP 
cancelamento cancelamento NCMS000 00232386-n:0/07207142-n:0
de de SP 
a o DA0FS0 
inscrição inscrição NCFS000 00050037-n:0/06405699-n:0
obtida obter VMP00SF 00522751-v:0/00639849-v:0/02207206-v:0/02210855-v:0/02238085-v:0/02238770-v:0/02239261-v:0/02247390-v:0/02289295-v:0/02359340-v:0/02526085-v:0/02527431-v:0/02648502-v:0
com com SP 
falsa falso AQ0FS00 00584403-a:0/01573238-a:0/02461723-a:0
prova prova NCFS000 05799212-n:0/05824739-n:0/06733939-n:0/07199191-n:0
. . Fp 

O o DA0MS0 
regulamento regulamento NCMS000 05846054-n:0/06537951-n:0
geral geral AQ0CS00 00487198-a:0/00489108-a:0/01101391-a:0
disciplina disciplinar VMIP3S0 02553428-v:0
o o DA0MS0 
cabimento cabimento NCMS000 
de de SP 
recursos recurso NCMP000 00177448-n:0/01185611-n:0/01208597-n:0/05154517-n:0/05154676-n:0/05154908-n:0/05155123-n:0/07246932-n:0/13331778-n:0
específicos específico AQ0MP00 01099536-a:0/01099951-a:0/01103021-a:0/01105233-a:0/02989316-a:0
, , Fc 
em em SP 
o o DA0MS0 
âmbito âmbito NCMS000 05127782-n:0/14513259-n:0
de de SP 
cada cada DI0CN0 
órgão órgão NCMS000 03273551-n:0/03494537-n:0/03854065-n:0/05297523-n:0/06595056-n:0/08349350-n:0/13087625-n:0
julgador julgador AQ0MS00 
. . Fp 

