É ser VMIP3S0 1 00339934-v:0.00219344/02604760-v:0.00173698/02603699-v:0.00171888/02655135-v:0.00140919/02749904-v:0.00117158/02627363-v:0.000921899/02620587-v:0.000920695/02702508-v:0.000850868/02445925-v:0.000836257/02731024-v:0.000816834/02664769-v:0.000793128/02614181-v:0.000755128/02597601-v:0.000753679/01717851-v:0.000740649/02616386-v:0.00071551
permitido permitir VMP00SM 0.992518 02255462-v:0.00146015/00802318-v:0.00138329/00803325-v:0.00124179/02423183-v:0.00120877/02721438-v:0.00115777/02327200-v:0.00109909/02745486-v:0.00107331/00512877-v:0.000948455/02358034-v:0.000948235/02671279-v:0.000944983/02295447-v:0.000896384/02255715-v:0.000884236/00669099-v:0.000871839
a a SP 1 -
o o DA0MS0 0.950254 - o PD0MS00 0.0313531 - o PP3MSA0 0.0183743 - o NCMS000 1.85412e-05 -
que que CS 0.398036 -
tenha ter VMSP1S0 0.498759 00065639-v:0.00203947/02603699-v:0.00171888/02655135-v:0.00140919/02749904-v:0.00117158/02108026-v:0.000884953/00056930-v:0.000742495/00065370-v:0.00072817/02204692-v:0.000626217/01733477-v:0.000622411/02205098-v:0.000602564/02632167-v:0.000593346/02203362-v:0.000590065/02630189-v:0.00058997/02700867-v:0.000585011/01156834-v:0.000545803/02630871-v:0.000540825/02210119-v:0.000540082/02355596-v:0.000537324/00052374-v:0.000499988/00121046-v:0.000491833/00059559-v:0.000489109/00639849-v:0.000474269/02740745-v:0.000464014/02746275-v:0.000460386
sofrido sofrer VMP00SM 0.992509 00668099-v:0.00219171/00065639-v:0.00203947/00065070-v:0.00147679/00078401-v:0.00123686/01794668-v:0.00121676/01797347-v:0.00118104/02108377-v:0.00117801/00926141-a:0.00113066/02109190-v:0.00112876/02121511-v:0.00110929/02719807-v:0.000979384
qualquer qualquer DI0CS0 0.881232 -
sanção sanção NCFS000 1 01160342-n:0.00230149/06689297-n:0.00208604/01139000-n:0.00198842/05176607-n:0.00192611/06687358-n:0.00177776/01124246-n:0.00176731/05164845-n:0.00167902
disciplinar disciplinar VMN0000 0.529581 02553428-v:0.0113856
requerer requerer VMN0000 0.529581 00752764-v:0.00169566/02627934-v:0.00150229/00792471-v:0.00138275/01188725-v:0.00136385/00755745-v:0.00129576/00755447-v:0.00123335/01063695-v:0.00121598/01189113-v:0.00120469/00753428-v:0.00118703/02632567-v:0.00117763
, , Fc 1 -
um um DI0MS0 0.877848 -
ano ano NCMS000 1 15202634-n:0.00188254/15203565-n:0.00184647/15203791-n:0.00182052/15204297-n:0.00162864/08238660-n:0.00162168/15201505-n:0.0016197/15202806-n:0.00159695/15203229-n:0.00154076
após após SP 1 -
seu seu DP3MSS 0.957305 -
cumprimento cumprimento NCMS000 0.97619 01127019-n:0.00144329/06630017-n:0.00138866/00097504-n:0.00135146/06695227-n:0.00130011/00062451-n:0.0012355/01127379-n:0.00121553/06630627-n:0.00120533/00061917-n:0.00117826/01132864-n:0.00117105/07532112-n:0.00115569
, , Fc 1 -
a o DA0FS0 0.675415 -
reabilitação reabilitação NCFS000 1 00400645-n:0.00313324/01241997-n:0.00302482/00045646-n:0.00292212/00700260-n:0.00289975
, , Fc 1 -
em_face_de em_face_de SP 1 -
provas prova NCFP000 0.98913 05798043-n:0.000973218/05823932-n:0.000875655/00791078-n:0.000873859/05799212-n:0.000831804/06643408-n:0.000830461/07199191-n:0.000816362/00785959-n:0.000805106/05824739-n:0.000783455/00794367-n:0.000783136/00636461-n:0.00078188/00521562-n:0.000781444/06733939-n:0.00078119/06647614-n:0.000757448/05738625-n:0.000752985/04011130-n:0.000737981/04755466-n:0.000731528
efetivas efetivo AQ0FP00 0.501588 00043765-a:0.00376571/00834198-a:0.00311448/00044132-a:0.00307712/00832784-a:0.00305285
de de SP 1 -
bom bom AQ0MS00 0.995283 01123148-a:0.000891182/01129977-a:0.000752815/02036934-a:0.000752554/00064787-a:0.000744035/00633410-a:0.000742352/01993408-a:0.000706003/01661289-a:0.000703146/01879261-a:0.000698651/01166413-a:0.0006924/01333477-a:0.00069037/01171213-a:0.000677432/01048762-a:0.000668332/02558528-a:0.00066746/01586752-a:0.000664306/01068306-a:0.000659062/02081114-a:0.000645653/01116026-a:0.000643697
comportamento comportamento NCMS000 1 01220984-n:0.00341165/04897762-n:0.00248491/04910377-n:0.00237159/01221254-n:0.00236561/14008342-n:0.00225673
. . Fp 1 -

Quando quando RG 0.998992 -
a o DA0FS0 0.675415 -
sanção sanção NCFS000 1 01160342-n:0.00278916/06689297-n:0.00232219/01139000-n:0.00231537/05176607-n:0.00220802/01124246-n:0.00205131/06687358-n:0.00202304/05164845-n:0.0019602
disciplinar disciplinar VMN0000 0.529581 02553428-v:0.0132752
resultar resultar VMN0000 0.529581 00339934-v:0.00230342/02634265-v:0.00183805/02633881-v:0.00163469/02609764-v:0.00136252/00770437-v:0.00123863/02634133-v:0.00119775/02372605-v:0.00117278/02737187-v:0.0011658/02634567-v:0.00115289/02625339-v:0.00114739/00357332-v:0.00112378/00343898-v:0.00105407
de de SP 1 -
a o DA0FS0 0.675415 - a SP 0.313151 - o PP3FSA0 0.00613742 - o PD0FS00 0.00514062 - a NCMS000 0.000156639 -
prática prática NCFS000 0.991071 00410247-n:0.00324712/00631378-n:0.00296123/00894552-n:0.0028377/00411048-n:0.00274695/05667196-n:0.00274404
de de SP 1 -
crime crime NCMS000 1 00766234-n:0.00672702/00768701-n:0.00413918/00767477-n:0.00410826/09977660-n:0.0036102/00070965-n:0.00295409
, , Fc 1 -
o o DA0MS0 0.950254 -
pedido pedido NCMS000 0.628319 07185325-n:0.00239457/06513366-n:0.00159117/06512580-n:0.00157377/07191279-n:0.00156586/06529219-n:0.00154201/07189130-n:0.00145979/07187638-n:0.00143465/13461162-n:0.001427/05791602-n:0.00140877/07170572-n:0.00131956
de de SP 1 -
reabilitação reabilitação NCFS000 1 00400645-n:0.00365534/01241997-n:0.003528/00045646-n:0.00339967/00700260-n:0.00337789
depende depender VMIP3S0 0.999479 02664234-v:0.00244628/02711987-v:0.00238738/02663848-v:0.00232481/00712708-v:0.00221614/02664017-v:0.00219856/00688261-v:0.00218626
também também RG 0.998533 00047534-r:0.00685328/00068753-r:0.00636523
de de SP 1 -
a o DA0FS0 0.675415 - a SP 0.313151 - o PP3FSA0 0.00613742 - o PD0FS00 0.00514062 - a NCMS000 0.000156639 -
correspondente correspondente AQ0CS00 0.788462 02071973-a:0.00242247/00481737-a:0.00234414/01020885-a:0.00222028/02063554-a:0.00217138/02072660-a:0.00215702/01974451-a:0.00209228
reabilitação reabilitação NCFS000 1 00400645-n:0.00365534/01241997-n:0.003528/00045646-n:0.00339967/00700260-n:0.00337789
criminal criminal AQ0CS00 1 01402763-a:0.00753375/01322323-a:0.00716596
. . Fp 1 -

