A o DA0FS0 0.675415 -
suspensão suspensão NCFS000 1 15271008-n:0.00186986/14010636-n:0.00157522/07368256-n:0.00150729/05698247-n:0.00149393/01017701-n:0.00143431/01022483-n:0.00142186/14591091-n:0.00137412/01063578-n:0.00136383/04366116-n:0.00133078/00209132-n:0.00132898
é ser VMIP3S0 1 00339934-v:0.00199834/02604760-v:0.00136475/02627363-v:0.00107553/02620587-v:0.00103088/02655135-v:0.00100475/02603699-v:0.00098933/02702508-v:0.000986782/02445925-v:0.000975592/02731024-v:0.000951488/02664769-v:0.000897074/02614181-v:0.000882/02597601-v:0.000877416/01717851-v:0.000861335/02749904-v:0.00084324/02616386-v:0.000834244
aplicável aplicável AQ0CS00 1 01975448-a:0.0130805
em em SP 1 -
os o DA0MP0 1 -
casos caso NCMP000 1 13943400-n:0.00217508/07308889-n:0.00211129/05671325-n:0.00207511/05817743-n:0.00200459/06310945-n:0.0019858/06869129-n:0.00191212/06784966-n:0.00181947
de de SP 1 -
: : Fd 1 -
infrações infração NCFP000 1 00766234-n:0.0178494/00770270-n:0.0140108
definidas definir VMP00PF 0.992428 00957378-v:0.00171524/00933821-v:0.00169307/00947077-v:0.00167134/02736778-v:0.00165973/02611630-v:0.00163277/02698319-v:0.00158446/00652346-v:0.00157468/01006421-v:0.00152819/01062938-a:0.00147514
em em SP 1 -
os o DA0MP0 1 -
incisos inciso NCMP000 0.332764 -
XVII_a_XXV xvii_a_xxv NP00V00 1 -
de de SP 1 -
o o DA0MS0 0.950254 - o PD0MS00 0.0313531 - o PP3MSA0 0.0183743 - o NCMS000 1.85412e-05 -
art. art. NCFS000 0.69743 -
34 34 Z 1 -
; ; Fx 1 -
reincidência reincidência NCFS000 1 00068617-n:0.0139668
em em SP 1 -
infração infração NCFS000 1 00766234-n:0.0178494/00770270-n:0.0140108
disciplinar disciplinar VMN0000 0.529581 02553428-v:0.0132651
. . Fp 1 -

A o DA0FS0 0.675415 -
suspensão suspensão NCFS000 1 15271008-n:0.00139671/14010636-n:0.00118012/05698247-n:0.00114889/07368256-n:0.00112679/01017701-n:0.00107666/01022483-n:0.00106515/14591091-n:0.00103207/01063578-n:0.00102142/04366116-n:0.00099921/00209132-n:0.000994106
acarreta acarretar VMIP3S0 0.999479 01752884-v:0.00564048/02633218-v:0.00496374
a a SP 1 -
o o DA0MS0 0.950254 - o PD0MS00 0.0313531 - o PP3MSA0 0.0183743 - o NCMS000 1.85412e-05 -
infrator infrator NCMS000 1 09977660-n:0.01073
a a SP 0.313151 -
interdição interdição NCFS000 1 06542047-n:0.00422421/06558088-n:0.00362675/07255299-n:0.00345108
de de SP 1 -
o o DA0MS0 0.950254 - o PD0MS00 0.0313531 - o PP3MSA0 0.0183743 - o NCMS000 1.85412e-05 -
exercício exercício NCMS000 1 00894552-n:0.00214095/00624738-n:0.00213321/00947128-n:0.00213103/15203120-n:0.00210189/00729919-n:0.00194531
profissional profissional AQ0CS00 0.567364 01868724-a:0.00213871/01870100-a:0.00180323/02556402-a:0.00174385/02839695-a:0.00171901/02840478-a:0.00171358/02839505-a:0.0016934
, , Fc 1 -
em em SP 1 -
todo todo DI0MS0 0.724605 -
o o DA0MS0 0.950254 -
território território NCMS000 1 08552138-n:0.00204809/08497294-n:0.00201073/08556491-n:0.00192149/08493064-n:0.00189402/05221895-n:0.0018206/08674563-n:0.00169062
nacional nacional AQ0CS00 0.966867 01038102-a:0.00176822/01105840-a:0.00143469/01567862-a:0.00130747/02988060-a:0.00121628/02988402-a:0.00116046/02988281-a:0.0011228/01038332-a:0.00112062/01036754-a:0.00108955/01861776-a:0.00108327
, , Fc 1 -
por por SP 1 -
o o DA0MS0 1 -
prazo prazo NCMS000 1 15180082-n:0.00375364/15153225-n:0.00356985/15224156-n:0.00343689
de de SP 1 -
trinta 30 Z 0.230907 -
dias dia NCMP000 1 15155220-n:0.0021861/15159583-n:0.00141473/15157225-n:0.00135298/15136453-n:0.00126173/15164957-n:0.00113684/15136723-n:0.00112374/15208333-n:0.00108345/15123115-n:0.00104082/15157041-n:0.00101605/15208540-n:0.00101099
a a SP 0.313151 -
doze 12 Z 1 -
meses mês NCMP000 1 15209413-n:0.00665884/15206296-n:0.00544047
, , Fc 1 -
de_acordo de_acordo RG 1 00038625-r:0.00603431/00144722-r:0.00576675
com com SP 1 -
os o DA0MP0 0.958022 -
critérios critério NCMP000 1 07260623-n:0.00276615/05614175-n:0.00266179/06782019-n:0.00262537/04892084-n:0.00256713
de de SP 1 -
individualização individualização NCFS000 1 05749402-n:0.0100391
previstos prever VMP00PM 0.992518 00917772-v:0.000987787/00871942-v:0.000944259/00720063-v:0.0008777/00712135-v:0.000864614/00719734-v:0.00085295/00929815-a:0.000835163/00723545-v:0.00081272/00974173-v:0.000811425/00631737-v:0.000803366/00794981-v:0.000797681/00720808-v:0.000793703/02565491-v:0.000790666/00926472-v:0.000773664/01636221-v:0.000737849
em em SP 1 -
este este DD0MS0 0.843484 - este PD0MS00 0.156516 -
capítulo capítulo NCMS000 1 06392001-n:0.00308199/06396142-n:0.00261526/08228838-n:0.00252271/07307172-n:0.0023682
. . Fp 1 -

Em em SP 1 -
as o DA0FP0 1 -
hipóteses hipótese NCFP000 1 05892096-n:0.00186295/05888929-n:0.00166589/05773923-n:0.00164727/06782680-n:0.0016152/05779712-n:0.00147858/05893356-n:0.00142144/05891783-n:0.00140405/07162545-n:0.00139122/00235435-n:0.00133504
de de SP 1 -
os o DA0MP0 0.958022 - o PD0MP00 0.021587 - o PP3MPA0 0.0203911 -
incisos inciso NCMP000 0.332764 -
XXI xxi NP00V00 1 -
e e CC 0.999951 -
XXIII xxiii NP00O00 1 -
de de SP 1 -
o o DA0MS0 0.950254 - o PD0MS00 0.0313531 - o PP3MSA0 0.0183743 - o NCMS000 1.85412e-05 -
art. art. NCFS000 0.69743 -
34 34 Z 1 -
, , Fc 1 -
a o DA0FS0 0.675415 -
suspensão suspensão NCFS000 1 15271008-n:0.00159244/14010636-n:0.00134591/07368256-n:0.0012871/05698247-n:0.00123802/01017701-n:0.00122989/01022483-n:0.00122047/14591091-n:0.0011782/01063578-n:0.0011659/04366116-n:0.00114103/00209132-n:0.00113429
perdura perdurar VMIP3S0 0.999479 02647497-v:0.00618484/02618149-v:0.00606826
até até RG 0.235738 00047534-r:0.003923/00017639-r:0.0038211/00027918-r:0.00373358
que que CS 0.398036 -
satisfaça satisfazer VMSP3S0 0.648523 01183573-v:0.00178268/02671880-v:0.00134247/01816431-v:0.00132641/01815628-v:0.00132061/02594674-v:0.00128409/01816054-v:0.00125356/01182293-v:0.0011512/01183896-v:0.00113579/01194238-v:0.00108368/02369123-v:0.00103276/01184453-v:0.00102046
integralmente integral RG 1 -
a o DA0FS0 0.675415 -
dívida dívida NCFS000 1 13397174-n:0.00422314/03526198-n:0.00416545/14490319-n:0.00410705
, , Fc 1 -
inclusive inclusive RG 1 -
com com SP 1 -
correção correção NCFS000 1 00258854-n:0.00245664/04802907-n:0.00213273/01250101-n:0.0021088/05615869-n:0.0020744/04802198-n:0.00206626/05031849-n:0.00200624
monetária monetário AQ0FS00 1 02775934-a:0.0116754
. . Fp 1 -

Em em SP 1 -
a o DA0FS0 1 -
hipótese hipótese NCFS000 1 05892096-n:0.00237006/05888929-n:0.00212739/05773923-n:0.00211413/06782680-n:0.00207857/05779712-n:0.00188627/05893356-n:0.00181177/05891783-n:0.00180363/07162545-n:0.00177558/00235435-n:0.00169718
de de SP 1 -
o o DA0MS0 0.950254 - o PD0MS00 0.0313531 - o PP3MSA0 0.0183743 - o NCMS000 1.85412e-05 -
inciso inciso NCMS000 0.335187 -
XXIV xxiv NP00V00 1 -
de de SP 1 -
o o DA0MS0 0.950254 - o PD0MS00 0.0313531 - o PP3MSA0 0.0183743 - o NCMS000 1.85412e-05 -
art. art. NCFS000 0.69743 -
34 34 Z 1 -
, , Fc 1 -
a o DA0FS0 0.675415 -
suspensão suspensão NCFS000 1 15271008-n:0.00202208/14010636-n:0.00171179/07368256-n:0.00163739/05698247-n:0.00158792/01017701-n:0.00156458/01022483-n:0.00155218/14591091-n:0.00149819/01063578-n:0.00148475/04366116-n:0.00145155/00209132-n:0.00144378
perdura perdurar VMIP3S0 0.999479 02647497-v:0.00787101/02618149-v:0.00772203
até até RG 0.235738 00047534-r:0.00498654/00017639-r:0.00486316/00027918-r:0.00475807
que que CS 0.398036 -
preste prestar VMSP3S0 0.498689 01060494-v:0.00228525/02327200-v:0.00227579/02291708-v:0.00205784/02297742-v:0.00198217/00732224-v:0.00198018/02324182-v:0.0019519/01060746-v:0.00193865/02310328-v:0.00179178
novas novo AQ0FP00 0.99569 01640850-a:0.00295614/02584699-a:0.00154475/01730444-a:0.00149733/01294300-a:0.00147883/01642477-a:0.00144512/00128733-a:0.00141902/01641648-a:0.00138102/00024996-a:0.00137473/01642379-a:0.00135056/01687167-a:0.00131153/00818008-a:0.00128699
provas prova NCFP000 0.98913 05823932-n:0.00172329/05798043-n:0.00126262/00791078-n:0.00109954/05799212-n:0.0010528/06643408-n:0.00104891/07199191-n:0.00103711/00785959-n:0.00102373/05824739-n:0.00101916/00636461-n:0.000985465/00794367-n:0.000984261/06733939-n:0.000979531/06647614-n:0.000971631/00521562-n:0.000963127/05738625-n:0.000954548/04011130-n:0.000938658/04755466-n:0.000936862
de de SP 1 -
habilitação habilitação NCFS000 1 -
. . Fp 1 -

