A o DA0FS0 0.675415 -
censura censura NCFS000 0.800239 00397347-n:0/00821083-n:0
é ser VMIP3S0 1 01717851-v:0/02597601-v:0/02603699-v:0/02604760-v:0/02627363-v:0/02749904-v:0
aplicável aplicável AQ0CS00 1 01975448-a:0
em em SP 1 -
os o DA0MP0 1 -
casos caso NCMP000 1 05671325-n:0/05817743-n:0/06310945-n:0/07308889-n:0
de de SP 1 -
: : Fd 1 -
infrações infração NCFP000 1 00770270-n:0
definidas definir VMP00PF 0.992428 00957378-v:0/01062938-a:0
em em SP 1 -
os o DA0MP0 1 -
incisos inciso AQ0MP00 0.667236 -
I ir VMN0000 0.31133 00341560-v:0/00343898-v:0/00359916-v:0/01192992-v:0/01835496-v:0/01839538-v:0/01841079-v:0/01846916-v:0/01882814-v:0/01904930-v:0/01935233-v:0/01955984-v:0/01957529-v:0/01995549-v:0/02009433-v:0/02051694-v:0/02072849-v:0/02102002-v:0/02102398-v:0/02493030-v:0/02685951-v:0/02686471-v:0/02737876-v:0
a o DA0FS0 0.675415 -
XVI xvi NP00O00 1 -
e e CC 0.999951 -
XXIX xxix NP00O00 1 -
de de SP 1 -
o o DA0MS0 0.950254 - o PD0MS00 0.0313531 - o PP3MSA0 0.0183743 - o NCMS000 1.85412e-05 05198036-n:0/06832680-n:0
art. art. NCFS000 0.69743 -
34 34 Z 1 -
; ; Fx 1 -
violação violação NCFS000 1 00733483-n:0/00770543-n:0
a_preceito a_preceito RG 1 -
de de SP 1 -
o o DA0MS0 0.950254 - o PD0MS00 0.0313531 - o PP3MSA0 0.0183743 - o NCMS000 1.85412e-05 05198036-n:0/06832680-n:0
Código_de_Ética_e_Disciplina código_de_ética_e_disciplina NP00V00 1 -
; ; Fx 1 -
violação violação NCFS000 1 00733483-n:0/00770543-n:0
a_preceito a_preceito RG 1 -
de de SP 1 -
esta este DD0FS0 0.877868 - este PD0FS00 0.122132 -
lei lei NCFS000 1 05846054-n:0/05872982-n:0/06532330-n:0/08209687-n:0/08441203-n:0/08456347-n:0
, , Fc 1 -
quando quando RG 0.998992 -
para para SP 0.999444 -
a o DA0FS0 0.675415 -
infração infração NCFS000 1 00770270-n:0
não não RN 0.99985 00024073-r:0
se se PP3CN00 0.861659 -
tenha ter VMSP1S0 0.498759 00056930-v:0/00065370-v:0/00065639-v:0/00121046-v:0/00639849-v:0/02108026-v:0/02203362-v:0/02204692-v:0/02632167-v:0/02700867-v:0/02746275-v:0/02749904-v:0
estabelecido estabelecer VMP00SM 0.97619 00539338-v:0/00665476-v:0/01647229-v:0/01655505-v:0/02427103-v:0/02621395-v:0/02635033-v:0/01635146-a:0/02493300-a:0
sanção sanção NCFS000 1 01124246-n:0/01139000-n:0/05176607-n:0/06687358-n:0/06689297-n:0
mais mais RG 0.999721 00029367-r:0/00099712-r:0
grave grave AQ0CS00 0.927273 00651039-a:0/00689336-a:0/02119213-a:0
. . Fp 1 -

A o DA0FS0 0.675415 -
censura censura NCFS000 0.800239 00397347-n:0/00821083-n:0
pode poder VMIP3S0 0.994702 01192628-v:0/02744451-v:0
ser ser VMN0000 0.33093 01717851-v:0/02597601-v:0/02603699-v:0/02604760-v:0/02627363-v:0/02749904-v:0
convertida converter VMP00SF 0.721918 00114837-v:0/00115157-v:0/00161225-v:0/00384411-v:0/00385385-v:0
em em SP 1 -
advertência advertência NCFS000 1 06714420-n:0
, , Fc 1 -
em em SP 1 -
ofício ofício NCMS000 1 00582388-n:0/00606370-n:0/13945102-n:0
reservado reservar VMP00SM 0.992518 00678777-v:0/00724150-v:0/02498320-v:0/02599754-v:0/01988024-a:0/01988324-a:0
, , Fc 1 -
sem sem SP 1 -
registro registro NCMS000 0.914011 00050037-n:0/04071876-n:0/06503724-n:0/06507041-n:0/06647206-n:0/13403643-n:0
em em SP 1 -
os o DA0MP0 1 -
assentamentos assentamento NCMP000 1 08374049-n:0
de de SP 1 -
o o DA0MS0 0.950254 - o PD0MS00 0.0313531 - o PP3MSA0 0.0183743 - o NCMS000 1.85412e-05 05198036-n:0/06832680-n:0
inscrito inscrever VMP00SM 0.992518 01097309-v:0/02471087-v:0/02471327-v:0
, , Fc 1 -
quando quando RG 0.998992 -
presente presente AQ0CS00 0.957895 01731351-a:0/01846413-a:0
circunstância circunstância NCFS000 1 05822746-n:0/13942875-n:0/14512817-n:0
atenuante atenuante AQ0CS00 0.598723 00923671-a:0
. . Fp 1 -

