As o DA0FP0 0.974798 -
sanções sanção NCFP000 1 01160342-n:0.00456241/01139000-n:0.00396707/06689297-n:0.00396351/05176607-n:0.00382769/05164845-n:0.00371723/06687358-n:0.00351941/01124246-n:0.00351285
disciplinares disciplinar VMN02S0 0.976071 02553428-v:0.0227638
consistem consistir VMIP3P0 1 02616713-v:0.00849506/02653381-v:0.00781272/02633356-v:0.00779278
em em SP 1 -
: : Fd 1 -
censura censura NCFS000 0.800239 00397347-n:0.00533148/06711855-n:0.00523068/06709998-n:0.00450297/00821083-n:0.00380804/01223257-n:0.00369769/06712761-n:0.00364955
; ; Fx 1 -
suspensão suspensão NCFS000 1 15271008-n:0.00316826/14010636-n:0.00269457/07368256-n:0.00257639/05698247-n:0.00246559/01017701-n:0.00245908/01022483-n:0.00242528/14591091-n:0.00235183/01063578-n:0.00233802/00209132-n:0.0022843/04366116-n:0.00228078
; ; Fx 1 -
exclusão exclusão NCFS000 1 00394610-n:0.00854901/05707269-n:0.00852985/00206927-n:0.00802157
; ; Fx 1 -
multa multa NCFS000 0.953488 13301328-n:0.0131366/06558678-n:0.0117066
. . Fp 1 -

As o DA0FP0 0.974798 -
sanções sanção NCFP000 1 01139000-n:0.00198439/06689297-n:0.00198398/01160342-n:0.00193657/05176607-n:0.00189665/06687358-n:0.0017401/01124246-n:0.00172145/05164845-n:0.00166489
devem dever VMIP3P0 0.992958 02731814-v:0.00409423/02254155-v:0.00405256/02253956-v:0.00391733
constar constar VMN0000 0.529581 02633356-v:0.00586715/02631659-v:0.00572726
de de SP 1 -
os o DA0MP0 0.958022 - o PD0MP00 0.021587 - o PP3MPA0 0.0203911 -
assentamentos assentamento NCMP000 1 08374049-n:0.0118081
de de SP 1 -
o o DA0MS0 0.950254 - o PD0MS00 0.0313531 - o PP3MSA0 0.0183743 - o NCMS000 1.85412e-05 -
inscrito inscrever VMP00SM 0.992518 02471327-v:0.0015177/01321895-v:0.00147617/02471087-v:0.00130556/01749790-v:0.0012488/01001008-v:0.00122472/00887325-v:0.00116368/02472033-v:0.00114779/01276192-v:0.00112933/01097309-v:0.00111531/01583344-v:0.00109067
, , Fc 1 -
após após SP 1 -
o o DA0MS0 0.950254 -
trânsito trânsito NCMS000 1 08425303-n:0.00317574/04473432-n:0.00308436/01113867-n:0.00293025/07333649-n:0.00288545
em em SP 1 -
julgado julgado NCMS000 0.256849 -
de de SP 1 -
a o DA0FS0 0.675415 - a SP 0.313151 - o PP3FSA0 0.00613742 - o PD0FS00 0.00514062 - a NCMS000 0.000156639 -
decisão decisão NCFS000 1 05838176-n:0.00229088/05788149-n:0.00215389/00162632-n:0.00209538/04863969-n:0.00196319/01191158-n:0.0019506/07293546-n:0.00180389
, , Fc 1 -
não não RN 0.99985 00024073-r:0.00660464/00024587-r:0.00294478/00050681-r:0.00280406/00024356-r:0.00277999
podendo poder VMG0000 1 01774426-v:0.004329/02744451-v:0.00399253/01192628-v:0.00373708
ser ser VMN0000 0.33093 02604760-v:0.00230687/00339934-v:0.00167838/02627363-v:0.000921886/02620587-v:0.000919837/02655135-v:0.000864241/02702508-v:0.000861082/02603699-v:0.000850162/02445925-v:0.000836774/02731024-v:0.000815844/02664769-v:0.000769513/02614181-v:0.0007539/02597601-v:0.000752798/01717851-v:0.000739564/02749904-v:0.000722608/02616386-v:0.000715226
objeto objeto NCMS000 1 05982152-n:0.00233133/00002684-n:0.00222522/05810948-n:0.00218999/06599788-n:0.00208919/06310237-n:0.00202948/06132724-n:0.00179294
de de SP 1 -
publicidade publicidade NCFS000 1 07248801-n:0.00330866/01101329-n:0.00261871/07247071-n:0.00256932/07250034-n:0.00233052/04720536-n:0.00222354
a a SP 0.313151 -
de de SP 1 -
censura censura NCFS000 0.800239 06711855-n:0.00259433/06709998-n:0.00225229/00397347-n:0.00208646/00821083-n:0.00190694/01223257-n:0.00185386/06712761-n:0.00182497
. . Fp 1 -

