Não não RN 00024073-r:0
são ser VMIP3P0 01717851-v:0/02597601-v:0/02603699-v:0/02604760-v:0/02627363-v:0/02749904-v:0
admitidas admitir VMP00PF 00592883-v:0/00723545-v:0/00817311-v:0/00818553-v:0/01773734-v:0/02236624-v:0/02348568-v:0/02449847-v:0/02502536-v:0/02671279-v:0/02745486-v:0
a o DA0FS0 
registro registro NCMS000 00050037-n:0/04071876-n:0/06503724-n:0/06507041-n:0/06647206-n:0/13403643-n:0
nem nem CC 
podem poder VMIP3P0 01192628-v:0/02744451-v:0
funcionar funcionar VMN0000 01096497-v:0/01525666-v:0/01526139-v:0/01526290-v:0/02525447-v:0/02541251-v:0/02722449-v:0
todas_as todas_as PI0FP00 
espécies espécie NCFP000 05840188-n:0/05844105-n:0/05844881-n:0/05845332-n:0/08110373-n:0
de de SP 
sociedades sociedade NCFP000 06526291-n:0/07966140-n:0/08049401-n:0/08227214-n:0/13931627-n:0
de de SP 
advogados advogado NCMP000 09774783-n:0/09775663-n:0/09840963-n:0/10249950-n:0/10623175-n:0
que que PR0CN00 
apresentem apresentar VMSP3P0 00772967-v:0/00879540-v:0/00901103-v:0/00901651-v:0/00989602-v:0/01025246-v:0/01711445-v:0/01714208-v:0/02137132-v:0/02140033-v:0/02310328-v:0/02374764-v:0/02425112-v:0/02722663-v:0
forma forma NCFS000 00027807-n:0/04931733-n:0/05930736-n:0
ou ou CC 
características característica NCFP000 00024264-n:0/04731497-n:0/05849789-n:0/06813310-n:0
de de SP 
sociedade sociedade NCFS000 06526291-n:0/07966140-n:0/08049401-n:0/08227214-n:0/13931627-n:0
empresária empresário NCFS000 09882007-n:0/09882716-n:0/10060352-n:0/10593745-n:0
, , Fc 
que que CS 
adotem adotar VMSP3P0 00413195-v:0/00602112-v:0/02346724-v:0/02346895-v:0
denominação denominação NCFS000 06338908-n:0
de de SP 
fantasia fantasia NCFS000 05632446-n:0/05896059-n:0/06368425-n:0/07490579-n:0
, , Fc 
que que CS 
realizem realizar VMSP3P0 00486018-v:0/00591755-v:0/01617192-v:0/01640855-v:0/01644746-v:0/01648126-v:0/02244603-v:0/02526085-v:0/02561995-v:0/02671880-v:0
atividades atividade NCFP000 00037396-n:0/00407535-n:0/04635104-n:0/13518963-n:0/14006945-n:0
estranhas estranho AQ0FP00 00608791-a:0/00966477-a:0/00967129-a:0/00968010-a:0/00968522-a:0/00969333-a:0/01034457-a:0/01035007-a:0/01140514-a:0/01575424-a:0/02117464-a:0
a a SP 
a o DA0FS0 
advocacia advocacia NCFS000 00589217-n:0/00611143-n:0
, , Fc 
que que PR0CN00 
incluam incluir VMSP3P0 00183879-v:0/00684838-v:0/00738951-v:0/02632940-v:0/02634667-v:0/02700867-v:0
como como RG 00159040-r:0
sócio sócio AQ0MS00 
ou ou CC 
titular titular AQ0CS00 01043374-a:0/02816340-a:0
de de SP 
sociedade sociedade NCFS000 06526291-n:0/07966140-n:0/08049401-n:0/08227214-n:0/13931627-n:0
unipessoal unipessoal AQ0CS00 
de de SP 
advocacia advocacia NCFS000 00589217-n:0/00611143-n:0
pessoa pessoa NCFS000 00007846-n:0/04617562-n:0/05217688-n:0/06326797-n:0/10203839-n:0/10289039-n:0/10344443-n:0
não não RN 00024073-r:0
inscrita inscrever VMP00SF 01097309-v:0/02471087-v:0/02471327-v:0
como como CS 
advogado advogado NCMS000 09774783-n:0/09775663-n:0/09840963-n:0/10249950-n:0/10623175-n:0
ou ou CC 
totalmente totalmente RG 00008007-r:0/00008997-r:0/00057388-r:0
proibida proibir VMP00SF 00795863-v:0/00796392-v:0/00796588-v:0/02214190-v:0/02493666-v:0/01402498-a:0/01761375-a:0
de de SP 
advogar advogar VMN0000 00760576-v:0/00827730-v:0/02589576-v:0
. . Fp 

A o DA0FS0 
razão razão NCFS000 05651680-n:0/06739990-n:0/09178999-n:0/09179264-n:0/13819207-n:0
social social AQ0CS00 01076634-a:0/02248349-a:0/02252877-a:0/02258360-a:0/02798370-a:0/02798597-a:0
deve dever VMIP3S0 02253956-v:0/02254155-v:0/02731814-v:0
ter ter VMN0000 00056930-v:0/00065370-v:0/00065639-v:0/00121046-v:0/00639849-v:0/02108026-v:0/02203362-v:0/02204692-v:0/02632167-v:0/02700867-v:0/02746275-v:0/02749904-v:0
, , Fc 
obrigatoriamente obrigatoriamente RG 00414750-r:0
, , Fc 
o o DA0MS0 
nome nome NCMS000 06319293-n:0/06320004-n:0/06333653-n:0/06337307-n:0/06338908-n:0/06720964-n:0/14438788-n:0
de de SP 
, , Fc 
por por SP 
o o DA0MS0 
menos menos RG 
, , Fc 
um um DI0MS0 
advogado advogado NCMS000 09774783-n:0/09775663-n:0/09840963-n:0/10249950-n:0/10623175-n:0
responsável responsável AQ0CS00 00324878-a:0/01996377-a:0/01996875-a:0/01997221-a:0/01997583-a:0/02465350-a:0
por por SP 
a o DA0FS0 
sociedade sociedade NCFS000 06526291-n:0/07966140-n:0/08049401-n:0/08227214-n:0/13931627-n:0
, , Fc 
podendo poder VMG0000 01192628-v:0/02744451-v:0
permanecer permanecer VMN0000 00117985-v:0/01857392-v:0/02639075-v:0/02684924-v:0/02727462-v:0/02731024-v:0/02731242-v:0
o o PP3MSA0 
de de SP 
sócio sócio NCMS000 09964064-n:0/10402417-n:0/10402603-n:0
falecido falecer VMP00SM 00354845-v:0/00358431-v:0/00095873-a:0
, , Fc 
desde_que desde_que CS 
prevista prever VMP00SF 00712135-v:0/00720808-v:0/00871942-v:0/00917772-v:0/00926472-v:0/00974173-v:0/01636221-v:0/02565491-v:0/00929815-a:0
tal tal DI0CS0 
possibilidade possibilidade NCFS000 05792010-n:0/05888929-n:0/05951180-n:0/14481929-n:0
em em SP 
o o DA0MS0 
ato ato NCMS000 00030358-n:0/00037396-n:0/00550341-n:0/06532095-n:0/06545137-n:0/07009640-n:0
constitutivo constitutivo AQ0MS00 
. . Fp 

O o DA0MS0 
licenciamento licenciamento NCMS000 
de de SP 
o o DA0MS0 
sócio sócio NCMS000 09964064-n:0/10402417-n:0/10402603-n:0
para para SP 
exercer exercer VMN0000 01095218-v:0/01166093-v:0/02204564-v:0/02568672-v:0
atividade atividade NCFS000 00037396-n:0/00407535-n:0/04635104-n:0/13518963-n:0/14006945-n:0
incompatível incompatível AQ0CS00 00508192-a:0/00509206-a:0/00509896-a:0/00561036-a:0/00562909-a:0/00578523-a:0/00623565-a:0/01487352-a:0/02382572-a:0
com com SP 
a o DA0FS0 
advocacia advocacia NCFS000 00589217-n:0/00611143-n:0
em em SP 
caráter caráter NCMS000 04620216-n:0/14438693-n:0
temporário temporário AQ0MS00 00556318-a:0/01755627-a:0/01756166-a:0/01756292-a:0
deve dever VMIP3S0 02253956-v:0/02254155-v:0/02731814-v:0
ser ser VMN0000 01717851-v:0/02597601-v:0/02603699-v:0/02604760-v:0/02627363-v:0/02749904-v:0
averbado averbar VMP00SM 
em em SP 
o o DA0MS0 
registro registro NCMS000 00050037-n:0/04071876-n:0/06503724-n:0/06507041-n:0/06647206-n:0/13403643-n:0
de de SP 
a o DA0FS0 
sociedade sociedade NCFS000 06526291-n:0/07966140-n:0/08049401-n:0/08227214-n:0/13931627-n:0
, , Fc 
não não RN 00024073-r:0
alterando alterar VMG0000 00109660-v:0/00123170-v:0/00126264-v:0/00488430-v:0/01667132-v:0
sua seu DP3FSS 
constituição constituição NCFS000 00237078-n:0/04933544-n:0/06533648-n:0
. . Fp 

É ser VMIP3S0 01717851-v:0/02597601-v:0/02603699-v:0/02604760-v:0/02627363-v:0/02749904-v:0
proibido proibir VMP00SM 00795863-v:0/00796392-v:0/00796588-v:0/02214190-v:0/02493666-v:0/01402498-a:0/01761375-a:0
o o DA0MS0 
registro registro NCMS000 00050037-n:0/04071876-n:0/06503724-n:0/06507041-n:0/06647206-n:0/13403643-n:0
, , Fc 
em em SP 
os o DA0MP0 
cartórios cartório NCMP000 
de de SP 
registro registro NCMS000 00050037-n:0/04071876-n:0/06503724-n:0/06507041-n:0/06647206-n:0/13403643-n:0
civil civil AQ0CS00 00412355-a:0/01517921-a:0/01518161-a:0/02696920-a:0/02697116-a:0
de de SP 
pessoas pessoa NCFP000 00007846-n:0/04617562-n:0/05217688-n:0/06326797-n:0/10203839-n:0/10289039-n:0/10344443-n:0
jurídicas jurídico AQ0FP00 02753724-a:0
e e CC 
em em SP 
as o DA0FP0 
juntas junta NCFP000 08322981-n:0/08324514-n:0
comerciais comercial AQ0CP00 00483146-a:0/02346878-a:0/03137558-a:0
, , Fc 
de de SP 
sociedade sociedade NCFS000 06526291-n:0/07966140-n:0/08049401-n:0/08227214-n:0/13931627-n:0
que que PR0CN00 
inclua incluir VMSP3S0 00183879-v:0/00684838-v:0/00738951-v:0/02632940-v:0/02634667-v:0/02700867-v:0
, , Fc 
entre entre SP 
outras outro DI0FP0 
finalidades finalidade NCFP000 05982152-n:0
, , Fc 
a o DA0FS0 
atividade atividade NCFS000 00037396-n:0/00407535-n:0/04635104-n:0/13518963-n:0/14006945-n:0
de de SP 
advocacia advocacia NCFS000 00589217-n:0/00611143-n:0
. . Fp 

A o DA0FS0 
denominação denominação NCFS000 06338908-n:0
de de SP 
a o DA0FS0 
sociedade sociedade NCFS000 06526291-n:0/07966140-n:0/08049401-n:0/08227214-n:0/13931627-n:0
unipessoal unipessoal AQ0CS00 
de de SP 
advocacia advocacia NCFS000 00589217-n:0/00611143-n:0
deve dever VMIP3S0 02253956-v:0/02254155-v:0/02731814-v:0
ser ser VMN0000 01717851-v:0/02597601-v:0/02603699-v:0/02604760-v:0/02627363-v:0/02749904-v:0
obrigatoriamente obrigatoriamente RG 00414750-r:0
formada formar VMP00SF 00142191-v:0/01659248-v:0/02264397-v:0
por por SP 
o o DA0MS0 
nome nome NCMS000 06319293-n:0/06320004-n:0/06333653-n:0/06337307-n:0/06338908-n:0/06720964-n:0/14438788-n:0
de de SP 
o o DA0MS0 
seu seu DP3MSS 
titular titular NCCS000 10202624-n:0
, , Fc 
completo completo AQ0MS00 00515870-a:0/00520214-a:0/00520892-a:0/00522885-a:0/03149732-a:0
ou ou CC 
parcial parcial AQ0CS00 00524693-a:0/01722965-a:0/01723091-a:0
, , Fc 
com com SP 
a o DA0FS0 
expressão expressão NCFS000 04679738-n:0/07109847-n:0/07139873-n:0/07151380-n:0
‘ ‘ Fra 
Sociedade_Individual_de_Advocacia sociedade_individual_de_advocacia NP00000 
’ ’ Frc 
. . Fp 

