O o DA0MS0 
Conselho_Federal conselho_federal NP00000 
tem ter VMIP3S0 00056930-v:0/00065370-v:0/00065639-v:0/00121046-v:0/00639849-v:0/02108026-v:0/02203362-v:0/02204692-v:0/02632167-v:0/02700867-v:0/02746275-v:0/02749904-v:0
sua seu DP3FSS 
estrutura estrutura NCFS000 03391770-n:0/04341686-n:0/04931965-n:0/04932278-n:0/04933363-n:0/04933544-n:0/05726596-n:0
e e CC 
funcionamento funcionamento NCMS000 13525549-n:0/14008806-n:0
definidos definir VMP00PM 00957378-v:0/01062938-a:0
em em SP 
o o DA0MS0 
Regulamento_Geral_de_a_OAB regulamento_geral_de_a_oab NP00000 
. . Fp 

O o DA0MS0 
Presidente presidente NP00000 10467179-n:0/10467395-n:0/10468559-n:0/10468750-n:0/10468962-n:0/10469346-n:0
, , Fc 
em em SP 
as o DA0FP0 
deliberações deliberação NCFP000 04661151-n:0/05796423-n:0/07142365-n:0
de de SP 
o o DA0MS0 
Conselho conselho NP00000 06650701-n:0/06671484-n:0/08310949-n:0/08322981-n:0
, , Fc 
tem ter VMIP3S0 00056930-v:0/00065370-v:0/00065639-v:0/00121046-v:0/00639849-v:0/02108026-v:0/02203362-v:0/02204692-v:0/02632167-v:0/02700867-v:0/02746275-v:0/02749904-v:0
apenas apenas RG 00003093-r:0/00004722-r:0/00008600-r:0/00011011-r:0
o o DA0MS0 
voto voto NCMS000 00183505-n:0/05186306-n:0/07228751-n:0
de de SP 
qualidade qualidade NCFS000 04723816-n:0/04728068-n:0/04731497-n:0/05138488-n:0/05845332-n:0/05849040-n:0/05849284-n:0/05849789-n:0
. . Fp 

O o DA0MS0 
voto voto NCMS000 00183505-n:0/05186306-n:0/07228751-n:0
é ser VMIP3S0 01717851-v:0/02597601-v:0/02603699-v:0/02604760-v:0/02627363-v:0/02749904-v:0
tomado tomar VMP00SM 01156834-v:0/01170052-v:0/01171183-v:0/01172275-v:0/01199487-v:0/01202068-v:0/01214265-v:0/02205272-v:0/02206619-v:0/02248299-v:0/01797633-a:0
por por SP 
delegação delegação NCFS000 00165178-n:0/01140471-n:0/01140839-n:0/08402442-n:0/14000403-n:0
, , Fc 
e e CC 
não não RN 00024073-r:0
pode poder VMIP3S0 01192628-v:0/02744451-v:0
ser ser VMN0000 01717851-v:0/02597601-v:0/02603699-v:0/02604760-v:0/02627363-v:0/02749904-v:0
exercido exercer VMP00SM 01095218-v:0/01166093-v:0/02204564-v:0/02568672-v:0
em em SP 
as o DA0FP0 
matérias matéria NCFP000 00020827-n:0/05814291-n:0/06599788-n:0/06676416-n:0
de de SP 
interesse interesse NCMS000 05143300-n:0/05670710-n:0/05671325-n:0/05682950-n:0/05853636-n:0
de de SP 
a o DA0FS0 
unidade unidade NCFS000 00003553-n:0/04743370-n:0/05869857-n:0/09465459-n:0/13583724-n:0/13810323-n:0
que que PR0CN00 
represente representar VMSP3S0 00836236-v:0/00988028-v:0/01686132-v:0/01688256-v:0/01688771-v:0/01719302-v:0/01719921-v:0/01723690-v:0/02541509-v:0/02541921-v:0/02581675-v:0/02620587-v:0/02697725-v:0/02698443-v:0/02699497-v:0/02723733-v:0/02740352-v:0
. . Fp 

Em em SP 
a o DA0FS0 
eleição eleição NCFS000 00180962-n:0/00181781-n:0/00183505-n:0/05790944-n:0
para para SP 
a o DA0FS0 
escolha escolha NCFS000 00161243-n:0/00163047-n:0/00180962-n:0/05790242-n:0/05790944-n:0
de de SP 
a o DA0FS0 
Diretoria_de_o_Conselho_Federal diretoria_de_o_conselho_federal NP00000 
, , Fc 
cada cada DI0CN0 
membro membro NCMS000 05526384-n:0/05559908-n:0/05560244-n:0/10307234-n:0/13810615-n:0
de de SP 
a o DA0FS0 
delegação delegação NCFS000 00165178-n:0/01140471-n:0/01140839-n:0/08402442-n:0/14000403-n:0
terá ter VMIF3S0 00056930-v:0/00065370-v:0/00065639-v:0/00121046-v:0/00639849-v:0/02108026-v:0/02203362-v:0/02204692-v:0/02632167-v:0/02700867-v:0/02746275-v:0/02749904-v:0
direito direito NCMS000 00611143-n:0/05174653-n:0/05181754-n:0/13341756-n:0
a a SP 
1 1 Z 
( ( Fpa 
um 1 Z 
) ) Fpt 
voto voto NCMS000 00183505-n:0/05186306-n:0/07228751-n:0
, , Fc 
vedado vedar VMP00SM 01348013-v:0/01354006-v:0/01761375-a:0
a a SP 
os o DA0MP0 
membros membro NCMP000 05526384-n:0/05559908-n:0/05560244-n:0/10307234-n:0/13810615-n:0
honorários honorário AQ0MP00 00821959-a:0
vitalícios vitalício AQ0MP00 01440159-a:0
. . Fp 

