Cabe caber VMIP3S0 0.479968 00050652-v:0.00620985/02735753-v:0.00618442
a a SP 1 -
o o DA0MS0 0.950254 - o PD0MS00 0.0313531 - o PP3MSA0 0.0183743 - o NCMS000 1.85412e-05 -
Conselho_Federal_da_OAB conselho_federal_da_oab NP00O00 1 -
, , Fc 1 -
por por SP 1 -
deliberação deliberação NCFS000 1 05785508-n:0.00311202/05785067-n:0.00304685/04661151-n:0.0029818/05796423-n:0.00282723
de de SP 1 -
dois_terços 2/3 Zp 1 -
, , Fc 1 -
pelo_menos pelo_menos RG 1 00104345-r:0.0123108
, , Fc 1 -
de de SP 1 -
as o DA0FP0 0.974798 - o PD0FP00 0.0142702 - o PP3FPA0 0.0109322 -
delegações delegação NCFP000 1 08402442-n:0.00250291/01140839-n:0.00246331/14000403-n:0.00242649/00165178-n:0.00235787/01140471-n:0.0023266
, , Fc 1 -
editar editar VMN0000 0.529581 00967625-v:0.00588341/01745722-v:0.00518835/00968038-v:0.00422936
o o DA0MS0 0.950254 -
regulamento regulamento NCMS000 0.97619 06537951-n:0.0044034/80000908-n:0.00407745/05846054-n:0.00346619/14443434-n:0.00239245/00805034-n:0.00236968
geral geral AQ0CS00 0.694581 01101391-a:0.00223445/00526062-a:0.00165891/00489108-a:0.00164077/01426077-a:0.00151238/00527188-a:0.00148786/00783840-a:0.00148578/01839663-a:0.00141147/00487198-a:0.00140447
de de SP 1 -
este este DD0MS0 1 -
estatuto estatuto NCMS000 1 06537951-n:0.0044034/06564387-n:0.00380488/14429985-n:0.00288309/13945919-n:0.00267761/13920835-n:0.00263997
, , Fc 1 -
em em SP 1 -
o o DA0MS0 1 -
prazo prazo NCMS000 1 15180082-n:0.00427769/15153225-n:0.0040465/15224156-n:0.0039252
de de SP 1 -
seis 6 Z 1 -
meses mês NCMP000 1 15209413-n:0.00696505/15206296-n:0.00619032
, , Fc 1 -
contados contar VMP00PM 0.721896 00950431-v:0.000975522/00941990-v:0.00086098/00688377-v:0.000850553/01009240-v:0.000799592/00690614-v:0.000798775/00948071-v:0.000733428/00953216-v:0.000732813/00952524-v:0.000731482/00720063-v:0.000724686/02645839-v:0.000720361/00685081-v:0.000675841/02265231-v:0.000673736/00947857-v:0.000662963/00712708-v:0.000655243/00712556-v:0.000644799/02683489-v:0.000640256/02731632-v:0.000639515/00945499-v:0.000638382
de de SP 1 -
a o DA0FS0 0.675415 - a SP 0.313151 - o PP3FSA0 0.00613742 - o PD0FS00 0.00514062 - a NCMS000 0.000156639 -
publicação publicação NCFS000 1 06589574-n:0.00294574/01101958-n:0.00260616/07213395-n:0.00253278/06590210-n:0.00244371/01103614-n:0.00236181
de de SP 1 -
esta este DD0FS0 0.877868 - este PD0FS00 0.122132 -
lei lei NCFS000 1 06564387-n:0.00380488/05846054-n:0.00346619/08441203-n:0.00303063/06532330-n:0.00282081/08209687-n:0.00121966/06532095-n:0.00119404/08456347-n:0.00114854/05872982-n:0.00114317/05726596-n:0.00114107/05870916-n:0.00105838/06478582-n:0.00102549
. . Fp 1 -

