Os o DA0MP0 0.958022 -
presidentes presidente NCMP000 0.432698 00597265-n:0/10467179-n:0/10467395-n:0/10468559-n:0/10468750-n:0/10468962-n:0/10469346-n:0
de de SP 1 -
os o DA0MP0 0.958022 - o PD0MP00 0.021587 - o PP3MPA0 0.0203911 -
Conselhos_Seccionais conselhos_seccionais NP00O00 1 -
, , Fc 1 -
em em SP 1 -
as o DA0FP0 1 -
sessões sessão NCFP000 1 01232091-n:0/07145508-n:0
de de SP 1 -
o o DA0MS0 0.950254 - o PD0MS00 0.0313531 - o PP3MSA0 0.0183743 - o NCMS000 1.85412e-05 05198036-n:0/06832680-n:0
Conselho_Federal conselho_federal NP00O00 1 -
, , Fc 1 -
têm ter VMIP3P0 1 00056930-v:0/00065370-v:0/00065639-v:0/00121046-v:0/00639849-v:0/02108026-v:0/02203362-v:0/02204692-v:0/02632167-v:0/02700867-v:0/02746275-v:0/02749904-v:0
lugar lugar NCMS000 1 00027167-n:0/00582388-n:0/06483454-n:0/08490039-n:0/08500433-n:0/08620061-n:0/08621598-n:0/08622950-n:0/08624385-n:0/08647616-n:0/08651247-n:0/08653706-n:0/08683383-n:0/13947415-n:0
reservado reservar VMP00SM 0.992518 00678777-v:0/00724150-v:0/02498320-v:0/02599754-v:0/01988024-a:0/01988324-a:0
junto junto RG 0.984962 00116510-r:0/00116994-r:0/00507927-r:0
a a SP 1 -
a o DA0FS0 0.675415 - a SP 0.313151 - o PP3FSA0 0.00613742 - o PD0FS00 0.00514062 - a NCMS000 0.000156639 06831177-n:0
delegação delegação NCFS000 1 00165178-n:0/01140471-n:0/01140839-n:0/08402442-n:0/14000403-n:0
respectiva respectivo AQ0FS00 1 00494409-a:0
e e CC 0.999951 -
direito direito NCMS000 0.936047 00611143-n:0/05174653-n:0/05181754-n:0/06161718-n:0/13341756-n:0
somente somente RG 1 00004722-r:0/00008600-r:0/00010914-r:0/00011011-r:0/00505114-r:0
a o DA0FS0 0.675415 -
voz voz NCFS000 1 04981139-n:0/04981941-n:0/05202284-n:0/06872122-n:0/07110615-n:0/10758713-n:0
. . Fp 1 -

