A o DA0FS0 0.675415 -
Subseção subseção NP00000 1 04348548-n:0
pode poder VMIP3S0 0.994702 01192628-v:0/01774426-v:0/02744451-v:0
ser ser VMN0000 0.33093 00339934-v:0/01717851-v:0/02445925-v:0/02597601-v:0/02603699-v:0/02604760-v:0/02614181-v:0/02616386-v:0/02620587-v:0/02627363-v:0/02655135-v:0/02664769-v:0/02702508-v:0/02731024-v:0/02749904-v:0
criada criar VMP00SF 0.72093 00056334-v:0/01186844-v:0/01429455-v:0/01430447-v:0/01617192-v:0/01621555-v:0/01632411-v:0/01633343-v:0/01633825-v:0/01640207-v:0/01640550-v:0/01647229-v:0/01685313-v:0/01738597-v:0/01738774-v:0/01753465-v:0/01753596-v:0/01753788-v:0/02539788-v:0/02540569-v:0/02598483-v:0
por por SP 1 -
o o DA0MS0 1 -
Conselho_Seccional conselho_seccional NP00000 1 -
, , Fc 1 -
que que PR0CN00 0.584265 -
fixa fixar VMIP3S0 0.180034 00486998-v:0/00722232-v:0/00947077-v:0/01020005-v:0/01340439-v:0/01343892-v:0/01616901-v:0/01647229-v:0/01647543-v:0
sua seu DP3FSS 0.929764 -
área área NCFS000 1 02735688-n:0/03442756-n:0/05128519-n:0/05221895-n:0/05815517-n:0/05996646-n:0/05999134-n:0/08497294-n:0/08509442-n:0/08630039-n:0/08648658-n:0/08664443-n:0/13613862-n:0/14514039-n:0
territorial territorial AQ0CS00 1 02408611-a:0/02409500-a:0/02812482-a:0
e e CC 0.999951 -
seus seu DP3MPS 0.857735 -
limites limite NCMP000 0.9832 00141806-n:0/02990373-n:0/03264542-n:0/05124057-n:0/05124928-n:0/06657646-n:0/08501114-n:0/08512259-n:0/08512736-n:0/08565701-n:0/08592656-n:0/08593130-n:0/13758296-n:0/13776137-n:0/13871452-n:0/13903079-n:0/13903387-n:0/13903576-n:0/13903738-n:0/15268857-n:0
de de SP 1 -
competência competência NCFS000 1 05153520-n:0/05154114-n:0/05622456-n:0/05642175-n:0
e e CC 0.999951 -
autonomia autonomia NCFS000 1 13992514-n:0/14001031-n:0
. . Fp 1 -

A o DA0FS0 0.675415 -
área área NCFS000 1 02735688-n:0/03442756-n:0/05128519-n:0/05221895-n:0/05815517-n:0/05996646-n:0/05999134-n:0/08497294-n:0/08509442-n:0/08630039-n:0/08648658-n:0/08664443-n:0/13613862-n:0/14514039-n:0
territorial territorial AQ0CS00 1 02408611-a:0/02409500-a:0/02812482-a:0
de de SP 1 -
a o DA0FS0 0.675415 - a SP 0.313151 - o PP3FSA0 0.00613742 - o PD0FS00 0.00514062 - a NCMS000 0.000156639 -
Subseção subseção NP00000 1 04348548-n:0
pode poder VMIP3S0 0.994702 01192628-v:0/01774426-v:0/02744451-v:0
abranger abranger VMN0000 0.529581 00588888-v:0/00590366-v:0/00592341-v:0/02629535-v:0/02629793-v:0/02632940-v:0/02685390-v:0
um um DI0MS0 0.877848 -
ou ou CC 1 -
mais mais RG 0.999721 00029367-r:0/00047534-r:0/00099341-r:0/00099712-r:0/00111609-r:0/00112009-r:0
municípios município NCMP000 1 08225581-n:0/08524735-n:0/08626283-n:0/08672199-n:0
, , Fc 1 -
ou ou CC 1 -
parte parte NCFS000 0.969571 00787465-n:0/01085098-n:0/03081021-n:0/03390207-n:0/03892891-n:0/04164989-n:0/05671974-n:0/05852973-n:0/05867413-n:0/05868954-n:0/05929008-n:0/06392001-n:0/08256968-n:0/08264897-n:0/08630039-n:0/08649345-n:0/09385911-n:0/09428741-n:0/10402824-n:0/13086908-n:0/13285176-n:0/13286524-n:0/13809207-n:0/15257829-n:0
de de SP 1 -
município município NCMS000 1 08225581-n:0/08524735-n:0/08626283-n:0/08672199-n:0
, , Fc 1 -
inclusive inclusive RG 1 -
de de SP 1 -
a o DA0FS0 0.675415 - a SP 0.313151 - o PP3FSA0 0.00613742 - o PD0FS00 0.00514062 - a NCMS000 0.000156639 -
capital capital NCFS000 0.498759 05154517-n:0/08518505-n:0/13333420-n:0/13353607-n:0/13354420-n:0/13358549-n:0/13400662-n:0
de de SP 1 -
o o DA0MS0 0.950254 - o PD0MS00 0.0313531 - o PP3MSA0 0.0183743 - o NCMS000 1.85412e-05 -
Estado estado NP00000 1 00024720-n:0/08168978-n:0/08178547-n:0/08544813-n:0/08654360-n:0/13920429-n:0/13920835-n:0/13945919-n:0/13988498-n:0/14418395-n:0
, , Fc 1 -
contando contar VMG0000 1 00685081-v:0/00688377-v:0/00690614-v:0/00712556-v:0/00712708-v:0/00720063-v:0/00941990-v:0/00945499-v:0/00947857-v:0/00948071-v:0/00950431-v:0/00952524-v:0/00953216-v:0/01009240-v:0/02265231-v:0/02645839-v:0/02683489-v:0/02731632-v:0
com com SP 1 -
um um DI0MS0 0.877848 -
mínimo mínimo NCMS000 0.621951 06658118-n:0/08600274-n:0/13761801-n:0/13763384-n:0
de de SP 1 -
quinze 15 Z 1 -
advogados advogado NCMP000 0.556849 09774783-n:0/09775663-n:0/09840963-n:0/10249950-n:0/10623175-n:0
, , Fc 1 -
em em SP 1 -
ela ele PP3FS00 1 -
profissionalmente profissional RG 1 -
domiciliados domiciliar VMP00PM 0.992482 02650552-v:0
. . Fp 1 -

A o DA0FS0 0.675415 -
Subseção subseção NP00000 1 04348548-n:0
é ser VMIP3S0 1 00339934-v:0/01717851-v:0/02445925-v:0/02597601-v:0/02603699-v:0/02604760-v:0/02614181-v:0/02616386-v:0/02620587-v:0/02627363-v:0/02655135-v:0/02664769-v:0/02702508-v:0/02731024-v:0/02749904-v:0
administrada administrar VMP00SF 0.992465 00081072-v:0/02280132-v:0/02431971-v:0
por por SP 1 -
uma um DI0FS0 0.903495 -
diretoria diretoria NCFS000 1 08380768-n:0
, , Fc 1 -
com com SP 1 -
atribuições atribuição NCFP000 1 00373418-n:0/05734559-n:0/13285176-n:0/13289467-n:0/13289744-n:0
e e CC 0.999951 -
composição composição NCFS000 1 00237078-n:0/00378985-n:0/00929718-n:0/00939452-n:0/03081660-n:0/04341686-n:0/04933544-n:0/05076472-n:0/05870180-n:0/06409752-n:0/06788785-n:0/07037465-n:0/14588492-n:0
equivalentes equivalente AQ0CP00 1 00890351-a:0/01410606-a:0/01411065-a:0/02063554-a:0/02502016-a:0
a a SP 1 -
as o DA0FP0 0.974798 - o PD0FP00 0.0142702 - o PP3FPA0 0.0109322 -
de de SP 1 -
a o DA0FS0 0.675415 - a SP 0.313151 - o PP3FSA0 0.00613742 - o PD0FS00 0.00514062 - a NCMS000 0.000156639 -
diretoria diretoria NCFS000 1 08380768-n:0
de de SP 1 -
o o DA0MS0 0.950254 - o PD0MS00 0.0313531 - o PP3MSA0 0.0183743 - o NCMS000 1.85412e-05 -
Conselho_Seccional conselho_seccional NP00000 1 -
. . Fp 1 -

Havendo haver VMG0000 1 00339934-v:0/02210855-v:0/02603699-v:0/02616713-v:0/02655135-v:0
mais mais RG 0.999721 00029367-r:0/00047534-r:0/00099341-r:0/00099712-r:0/00111609-r:0/00112009-r:0
de de SP 1 -
cem 100 Z 1 -
advogados advogado NCMP000 0.556849 09774783-n:0/09775663-n:0/09840963-n:0/10249950-n:0/10623175-n:0
, , Fc 1 -
a o DA0FS0 0.675415 -
Subseção subseção NP00000 1 04348548-n:0
pode poder VMIP3S0 0.994702 01192628-v:0/01774426-v:0/02744451-v:0
ser ser VMN0000 0.33093 00339934-v:0/01717851-v:0/02445925-v:0/02597601-v:0/02603699-v:0/02604760-v:0/02614181-v:0/02616386-v:0/02620587-v:0/02627363-v:0/02655135-v:0/02664769-v:0/02702508-v:0/02731024-v:0/02749904-v:0
integrada integrar VMP00SF 0.992513 00466651-v:0/00467451-v:0/00642980-v:0/01541000-v:0/02449847-v:0/02481900-v:0/02629535-v:0/02632940-v:0/01326148-a:0
, , Fc 1 -
também também RG 0.998533 00047534-r:0/00068753-r:0
, , Fc 1 -
por por SP 1 -
um um DI0MS0 0.877848 -
conselho conselho NCMS000 1 06650701-n:0/06651577-n:0/06671484-n:0/06786629-n:0/08309409-n:0/08310949-n:0/08322981-n:0
em em SP 1 -
número número NCMS000 1 00033615-n:0/03835412-n:0/05090441-n:0/05107765-n:0/05121418-n:0/05855125-n:0/05861067-n:0/06326526-n:0/06425065-n:0/06426111-n:0/06596978-n:0/06807198-n:0/06892016-n:0/07997703-n:0/13331634-n:0/13582013-n:0/13741022-n:0/13742358-n:0
de de SP 1 -
membros membro NCMP000 1 02737833-n:0/05526384-n:0/05559908-n:0/05560244-n:0/10307234-n:0/13810615-n:0
fixado fixar VMP00SM 0.992518 00486998-v:0/00722232-v:0/00947077-v:0/01020005-v:0/01340439-v:0/01343892-v:0/01616901-v:0/01647229-v:0/01647543-v:0/01059400-a:0
por por SP 1 -
o o DA0MS0 1 -
Conselho_Seccional conselho_seccional NP00000 1 -
. . Fp 1 -

Os o DA0MP0 0.958022 -
quantitativos quantitativo NCMP000 0.36605 05861067-n:0
referidos referir VMP00PM 0.992518 00655555-v:0/00730052-v:0/00813978-v:0/00947077-v:0/01023071-v:0/01023259-v:0/01024190-v:0/01024763-v:0/01028294-v:0/01952898-v:0/02611630-v:0/02676054-v:0
em em SP 1 -
os o DA0MP0 1 -
§ § Fz 1 -
§ § Fz 1 -
1º 1º Z 1 -
e e CC 0.999951 -
3º 3º Z 1 -
de de SP 1 -
este este DD0MS0 1 -
artigo artigo NCMS000 1 00022903-n:0/02745091-n:0/03076708-n:0/03748886-n:0/04550840-n:0/06268096-n:0/06269956-n:0/06324669-n:0/06392935-n:0/06681177-n:0/06681551-n:0/06683784-n:0
podem poder VMIP3P0 0.993174 01192628-v:0/01774426-v:0/02744451-v:0
ser ser VMN0000 0.33093 00339934-v:0/01717851-v:0/02445925-v:0/02597601-v:0/02603699-v:0/02604760-v:0/02614181-v:0/02616386-v:0/02620587-v:0/02627363-v:0/02655135-v:0/02664769-v:0/02702508-v:0/02731024-v:0/02749904-v:0
ampliados ampliar VMP00PM 0.992482 00153263-v:0/00154778-v:0/00240293-v:0/00257269-v:0/00264386-v:0/00303661-v:0/00540235-v:0/00839834-v:0
, , Fc 1 -
em em SP 1 -
a o DA0FS0 1 -
forma forma NCFS000 0.996448 00027807-n:0/00172710-n:0/04200908-n:0/04677514-n:0/04928903-n:0/04931733-n:0/05064037-n:0/05217168-n:0/05839024-n:0/05930736-n:0/05941210-n:0/06290637-n:0/06473563-n:0/07683138-n:0/08111157-n:0/14546432-n:0
de de SP 1 -
o o DA0MS0 0.950254 - o PD0MS00 0.0313531 - o PP3MSA0 0.0183743 - o NCMS000 1.85412e-05 -
regimento regimento NCMS000 0.914011 08050678-n:0/08213817-n:0/13775093-n:0
interno interno AQ0MS00 0.475 00463784-a:0/00948670-a:0/00948985-a:0/00950272-a:0/00951831-a:0/00952867-a:0/01038102-a:0/01038332-a:0/01038808-a:0/01346978-a:0/01348835-a:0/01692786-a:0/01693799-a:0/01859571-a:0/01859801-a:0
de de SP 1 -
o o DA0MS0 0.950254 - o PD0MS00 0.0313531 - o PP3MSA0 0.0183743 - o NCMS000 1.85412e-05 -
Conselho_Seccional conselho_seccional NP00000 1 -
. . Fp 1 -

Cabe caber VMIP3S0 0.479968 00050652-v:0/02735753-v:0
a a SP 1 -
o o DA0MS0 0.950254 - o PD0MS00 0.0313531 - o PP3MSA0 0.0183743 - o NCMS000 1.85412e-05 -
Conselho_Seccional conselho_seccional NP00000 1 -
fixar fixar VMN0000 0.529581 00486998-v:0/00722232-v:0/00947077-v:0/01020005-v:0/01340439-v:0/01343892-v:0/01616901-v:0/01647229-v:0/01647543-v:0
, , Fc 1 -
em em SP 1 -
seu seu DP3MSS 0.957305 -
orçamento orçamento NCMS000 0.990196 05893356-n:0/06528783-n:0/06783598-n:0/13421462-n:0/13421832-n:0
, , Fc 1 -
dotações dotação NCFP000 1 00373418-n:0/13271320-n:0
específicas específico AQ0FP00 1 01099951-a:0/01103021-a:0/01104026-a:0/01105233-a:0/02989316-a:0
destinadas destinar VMP00PF 0.992518 00708840-v:0/00709379-v:0/00724150-v:0/00746479-v:0/01158872-v:0/02228698-v:0/00340626-a:0/01682822-a:0
a a SP 1 -
a o DA0FS0 0.675415 - a SP 0.313151 - o PP3FSA0 0.00613742 - o PD0FS00 0.00514062 - a NCMS000 0.000156639 -
manutenção manutenção NCFS000 1 00267522-n:0/01216191-n:0/07570720-n:0/13365286-n:0/13366311-n:0
de de SP 1 -
as o DA0FP0 0.974798 - o PD0FP00 0.0142702 - o PP3FPA0 0.0109322 -
Subseções subseções NP00000 1 -
. . Fp 1 -

O o DA0MS0 0.950254 -
Conselho_Seccional conselho_seccional NP00000 1 -
, , Fc 1 -
mediante mediante SP 0.681897 -
o o DA0MS0 0.950254 -
voto voto NCMS000 0.968254 00182213-n:0/00183505-n:0/05186306-n:0/07228751-n:0
de de SP 1 -
dois_terços 2/3 Zp 1 -
de de SP 1 -
seus seu DP3MPS 0.857735 -
membros membro NCMP000 1 02737833-n:0/05526384-n:0/05559908-n:0/05560244-n:0/10307234-n:0/13810615-n:0
, , Fc 1 -
pode poder VMIP3S0 0.994702 01192628-v:0/01774426-v:0/02744451-v:0
intervir intervir VMN0000 0.533333 02188848-v:0
em em SP 1 -
as o DA0FP0 1 -
Subseções subseções NP00000 1 -
, , Fc 1 -
onde onde RG 0.980752 -
constatar constatar VMN0000 0.529581 00665886-v:0/02533282-v:0
grave grave AQ0CS00 0.927273 00580039-a:0/00650577-a:0/00651039-a:0/00651451-a:0/00689336-a:0/01129185-a:0/01215421-a:0/01279611-a:0/01301316-a:0/01333477-a:0/01513050-a:0/02118379-a:0/02119213-a:0/02123314-a:0/02322512-a:0
violação violação NCFS000 1 00733483-n:0/00746232-n:0/00770270-n:0/00770543-n:0/00773402-n:0/00774107-n:0/00966384-n:0/01170813-n:0/07313814-n:0
de de SP 1 -
esta este DD0FS0 0.877868 - este PD0FS00 0.122132 -
lei lei NCFS000 1 05726596-n:0/05846054-n:0/05870916-n:0/05872982-n:0/06478582-n:0/06532095-n:0/06532330-n:0/06564387-n:0/08209687-n:0/08441203-n:0/08456347-n:0
ou ou CC 1 -
de de SP 1 -
o o DA0MS0 0.950254 - o PD0MS00 0.0313531 - o PP3MSA0 0.0183743 - o NCMS000 1.85412e-05 -
regimento regimento NCMS000 0.914011 08050678-n:0/08213817-n:0/13775093-n:0
interno interno AQ0MS00 0.475 00463784-a:0/00948670-a:0/00948985-a:0/00950272-a:0/00951831-a:0/00952867-a:0/01038102-a:0/01038332-a:0/01038808-a:0/01346978-a:0/01348835-a:0/01692786-a:0/01693799-a:0/01859571-a:0/01859801-a:0
de de SP 1 -
aquele aquele DD0MS0 0.780172 - aquele PD0MS00 0.219828 -
. . Fp 1 -

