O o DA0MS0 
advogado advogado NCMS000 09774783-n:0/09775663-n:0/09840963-n:0/10249950-n:0/10623175-n:0
substabelecido substabelecer VMP00SM 
, , Fc 
com com SP 
reserva reserva NCFS000 00820091-n:0/01218327-n:0/04657407-n:0/04900121-n:0/05698620-n:0/05795460-n:0/06762380-n:0/08390511-n:0/08462205-n:0/08587174-n:0/08615149-n:0/10671042-n:0/13330764-n:0/13367070-n:0/13368052-n:0
de de SP 
poderes poder NCMP000 05030680-n:0/05190804-n:0/05194578-n:0/05616246-n:0/06471345-n:0/06530789-n:0/08050678-n:0/10461424-n:0/13945102-n:0/14491271-n:0/14515633-n:0
, , Fc 
não não RN 00024073-r:0/00024356-r:0/00024587-r:0/00050681-r:0
pode poder VMIP3S0 01192628-v:0/01774426-v:0/02744451-v:0
cobrar cobrar VMN0000 00700517-v:0/01380638-v:0/02108654-v:0/02256354-v:0/02320374-v:0/02320903-v:0/02363742-v:0
honorários honorário NCMP000 13320168-n:0
sem sem SP 
a o DA0FS0 
intervenção intervenção NCFS000 00671351-n:0/01068184-n:0/01240210-n:0/06661562-n:0
de de SP 
aquele aquele PD0MS00 
que que PR0CN00 
lhe lhe PP3CSD0 
conferiu conferir VMIS3S0 00661824-v:0/00663353-v:0/00663682-v:0/00876665-v:0/02262278-v:0/02263346-v:0/02317094-v:0
o o DA0MS0 
substabelecimento substabelecimento NCMS000 
. . Fp 

