O o DA0MS0 
exercício exercício NCMS000 00624738-n:0/00729919-n:0/00894552-n:0/00947128-n:0/15203120-n:0
de de SP 
a o DA0FS0 
atividade atividade NCFS000 00037396-n:0/00407535-n:0/04635104-n:0/14006945-n:0/14531203-n:0
de de SP 
advocacia advocacia NCFS000 00589217-n:0/00611143-n:0
em em SP 
o o DA0MS0 
território território NCMS000 05221895-n:0/08493064-n:0/08497294-n:0/08552138-n:0/08556491-n:0/08674563-n:0
brasileiro brasileiro AQ0MS00 02966829-a:0
e e CC 
a o DA0FS0 
denominação denominação NCFS000 00163779-n:0/06338908-n:0
de de SP 
advogado advogado NCMS000 09774783-n:0/09775663-n:0/09840963-n:0/10249950-n:0/10623175-n:0
são ser VMIP3P0 00339934-v:0/01717851-v:0/02445925-v:0/02597601-v:0/02603699-v:0/02604760-v:0/02614181-v:0/02616386-v:0/02620587-v:0/02627363-v:0/02655135-v:0/02664769-v:0/02702508-v:0/02731024-v:0/02749904-v:0
privativos privativo AQ0MP00 
de de SP 
os o DA0MP0 
inscritos inscrever VMP00PM 00887325-v:0/01001008-v:0/01097309-v:0/01276192-v:0/01321895-v:0/01583344-v:0/01749790-v:0/02471087-v:0/02471327-v:0/02472033-v:0
em em SP 
a o DA0FS0 
Ordem_de_os_Advogados_de_o_Brasil ordem_de_os_advogados_de_o_brasil NP00000 
( ( Fpa 
OAB oab NP00000 
) ) Fpt 
. . Fp 

Exercem exercer VMIP3P0 00099721-v:0/00606093-v:0/01095218-v:0/01166093-v:0/01774426-v:0/02204564-v:0/02568672-v:0/02595383-v:0/02670890-v:0
atividade atividade NCFS000 00037396-n:0/00407535-n:0/04635104-n:0/14006945-n:0/14531203-n:0
de de SP 
advocacia advocacia NCFS000 00589217-n:0/00611143-n:0
, , Fc 
sujeitando sujeitar VMG0000 00878636-v:0/01216670-v:0/01296462-v:0/01301410-v:0/01303242-v:0/02110927-v:0
se se PP3CN00 
a a SP 
o o DA0MS0 
regime regime NCMS000 05891572-n:0/05905348-n:0/05909585-n:0/05927813-n:0/07561112-n:0/08050678-n:0/08435388-n:0
de de SP 
esta este DD0FS0 
lei lei NCFS000 05726596-n:0/05846054-n:0/05870916-n:0/05872982-n:0/06478582-n:0/06532095-n:0/06532330-n:0/06564387-n:0/08209687-n:0/08441203-n:0/08456347-n:0
, , Fc 
além_de além_de SP 
o o DA0MS0 
regime regime NCMS000 05891572-n:0/05905348-n:0/05909585-n:0/05927813-n:0/07561112-n:0/08050678-n:0/08435388-n:0
próprio próprio AQ0MS00 00135092-a:0/00135455-a:0/01020885-a:0/01104026-a:0/01104889-a:0/01768724-a:0
a a SP 
que que PR0CN00 
se se PP3CN00 
subordinem subordinar VMSP3P0 00579712-v:0/00659535-v:0/00878636-v:0/02634667-v:0
, , Fc 
os o DA0MP0 
integrantes integrante AQ0CP00 
de de SP 
a o DA0FS0 
Advocacia-Geral_de_a_União advocacia-geral_de_a_união NP00000 
, , Fc 
de de SP 
a o DA0FS0 
Procuradoria_de_a_Fazenda_Nacional procuradoria_de_a_fazenda_nacional NP00000 
, , Fc 
de de SP 
a o DA0FS0 
Defensoria_Pública defensoria_pública NP00000 10490557-n:0
e e CC 
de de SP 
as o DA0FP0 
Procuradorias procuradorias NP00000 
e e CC 
Consultorias_Jurídicas_de_os_Estados consultorias_jurídicas_de_os_estados NP00000 
, , Fc 
de de SP 
o o DA0MS0 
Distrito_Federal distrito_federal NP00000 08553280-n:0
, , Fc 
de de SP 
os o DA0MP0 
Municípios municípios NP00000 
e e CC 
de de SP 
as o DA0FP0 
respectivas respectivo AQ0FP00 00494409-a:0
entidades entidade NCFP000 00001740-n:0
de de SP 
administração administração NCFS000 00604523-n:0/00694866-n:0/01084932-n:0/01124794-n:0/01133281-n:0/01135952-n:0/03504723-n:0/04865502-n:0/08050678-n:0/08164585-n:0/08357784-n:0/08381165-n:0/15266265-n:0
indireta indireta NCFS000 06778102-n:0/07238455-n:0
e e CC 
fundacional fundacional AQ0CS00 
. . Fp 

O o DA0MS0 
estagiário estagiário NCMS000 10211203-n:0/10722385-n:0
de de SP 
advocacia advocacia NCFS000 00589217-n:0/00611143-n:0
, , Fc 
regularmente regularmente RG 00106921-r:0/00195024-r:0
inscrito inscrever VMP00SM 00887325-v:0/01001008-v:0/01097309-v:0/01276192-v:0/01321895-v:0/01583344-v:0/01749790-v:0/02471087-v:0/02471327-v:0/02472033-v:0
, , Fc 
pode poder VMIP3S0 01192628-v:0/01774426-v:0/02744451-v:0
praticar praticar VMN0000 00606093-v:0/00833702-v:0/01723224-v:0/02561332-v:0/02568672-v:0
os o DA0MP0 
atos ato NCMP000 00030358-n:0/00037396-n:0/00550341-n:0/06532095-n:0/06545137-n:0/07009640-n:0/07447261-n:0
previstos prever VMP00PM 00631737-v:0/00712135-v:0/00719734-v:0/00720063-v:0/00720808-v:0/00723545-v:0/00794981-v:0/00871942-v:0/00917772-v:0/00926472-v:0/00974173-v:0/01636221-v:0/02565491-v:0/00929815-a:0
em em SP 
o o DA0MS0 
art. art. NCFS000 
1º 1º Z 
, , Fc 
em em SP 
a o DA0FS0 
forma forma NCFS000 00027807-n:0/00172710-n:0/04200908-n:0/04677514-n:0/04928903-n:0/04931733-n:0/05064037-n:0/05217168-n:0/05839024-n:0/05930736-n:0/05941210-n:0/06290637-n:0/06473563-n:0/07683138-n:0/08111157-n:0/14546432-n:0
de de SP 
o o DA0MS0 
regimento regimento NCMS000 08050678-n:0/08213817-n:0/13775093-n:0
geral geral AQ0CS00 00487198-a:0/00489108-a:0/00526062-a:0/00527188-a:0/00783840-a:0/01101391-a:0/01426077-a:0/01839663-a:0
, , Fc 
em em SP 
conjunto conjunto NCMS000 00003553-n:0/00031264-n:0/03289985-n:0/03619396-n:0/04350905-n:0/05870365-n:0/07951464-n:0/07954014-n:0/07985135-n:0/07996689-n:0/07999699-n:0/08188235-n:0/08240169-n:0
com com SP 
advogado advogado NCMS000 09774783-n:0/09775663-n:0/09840963-n:0/10249950-n:0/10623175-n:0
e e CC 
sob sob SP 
responsabilidade responsabilidade NCFS000 00818466-n:0/01129920-n:0/04669247-n:0/04669828-n:0/05615869-n:0/14490319-n:0/14515633-n:0/14530403-n:0
de de SP 
este este DD0MS0 
. . Fp 

