Prescreve prescrever VMIP3S0 0.999479 00747135-v:0.0128458
em em SP 1 -
cinco 5 Z 0.997312 -
anos ano NCMP000 1 15202634-n:0.00202623/15203565-n:0.00198504/15203791-n:0.00195041/15204297-n:0.00175274/08238660-n:0.00174595/15201505-n:0.00174491/15202806-n:0.00171978/15203229-n:0.00165891
a a SP 0.313151 -
ação ação NCFS000 1 00037396-n:0.00186988/13333833-n:0.00175/13342135-n:0.0015987/13417071-n:0.00156675/14006945-n:0.0015533/00953559-n:0.00151385/00030358-n:0.00147579/06373513-n:0.00135297/04835950-n:0.00134175
de de SP 1 -
prestação prestação NCFS000 1 13308999-n:0.00707555/00240938-n:0.00625189
de de SP 1 -
contas conta NCFP000 0.987805 06516955-n:0.00452931/13354985-n:0.00309773/00634586-n:0.00303493/13591761-n:0.00302182/02815071-n:0.00290524/14491034-n:0.00280923/06517942-n:0.00279613/02815237-n:0.00273978/09179382-n:0.00260405
por por SP 1 -
as o DA0FP0 1 -
quantias quantia NCFP000 0.914011 05861067-n:0.00437646/05107765-n:0.00437545/00033615-n:0.00430482
recebidas receber VMP00PF 0.992518 02210855-v:0.000774487/01380638-v:0.00068387/00668099-v:0.000645727/01470225-v:0.000643012/02210119-v:0.000641913/02292125-v:0.00063575/02739480-v:0.000628441/00522751-v:0.000615923/02276866-v:0.000609543/00617095-v:0.000605992/00900583-v:0.000605454/01194418-v:0.000605289/02108654-v:0.000592779/01172838-v:0.000591451/00686879-v:0.000590113/02108377-v:0.000583564/02107248-v:0.000572598/02765464-v:0.000570619/00718907-v:0.000557419/00117346-v:0.000541149/00605893-a:0.000540542/02197505-v:0.000530535
por por SP 1 -
o o DA0MS0 1 -
advogado advogado NCMS000 0.975904 10249950-n:0.00393951/09774783-n:0.00285337/09775663-n:0.00266205/09840963-n:0.00265981/10623175-n:0.0026537
de de SP 1 -
seu seu DP3MSS 0.957305 -
cliente cliente NCCS000 1 09984659-n:0.0032431/09985075-n:0.00271903/10407726-n:0.00270871/09885145-n:0.00261563/03827107-n:0.00249166
, , Fc 1 -
ou ou CC 1 -
de de SP 1 -
terceiros terceiro AO0MP00 1 02202307-a:0.0116916
por por SP 1 -
conta conta NCFS000 0.546326 06516955-n:0.00452931/13354985-n:0.00309773/00634586-n:0.00303493/13591761-n:0.00302182/02815071-n:0.00290524/14491034-n:0.00280923/06517942-n:0.00279613/02815237-n:0.00273978/09179382-n:0.00260405
de de SP 1 -
ele ele PP3MS00 1 -
( ( Fpa 1 -
art. art. NCFS000 0.69743 -
34 34 Z 1 -
, , Fc 1 -
XXI xxi NP00V00 1 -
) ) Fpt 1 -
. . Fp 1 -

