Fica ficar VMIP3S0 1 00117985-v:0.0015383/02731024-v:0.00118638/00358431-v:0.00103983/00149583-v:0.00103025/01857392-v:0.00102568/02639075-v:0.00101583/02744820-v:0.00101517/02731242-v:0.00101444/02727462-v:0.000994721/02229828-v:0.000994057/02735753-v:0.000973709/00689344-v:0.000954124/02618001-v:0.000949753/02009200-v:0.00091704/02637592-v:0.000894609/00542120-v:0.000886906
impedido impedir VMP00SM 0.560418 02452885-v:0.0023677/02451370-v:0.00230873/02557199-v:0.00215342/02450505-v:0.00211757/00520357-v:0.0019389/01147060-v:0.00192751/00236289-v:0.00186903/02629390-v:0.00183731
de de SP 1 -
exercer exercer VMN0000 0.529581 01166093-v:0.00248216/02568672-v:0.00215264/02204564-v:0.00190987/01774426-v:0.00183176/01095218-v:0.00181615/02595383-v:0.00178318/00606093-v:0.00172631/02670890-v:0.00171435/00099721-v:0.00170975
o o DA0MS0 0.950254 -
mandato mandato NCMS000 0.98913 01140471-n:0.00241172/01140658-n:0.0023548/15291498-n:0.00231358/08050678-n:0.00228232/06556481-n:0.00227719/06552984-n:0.00221777/06530789-n:0.00205641
o o DA0MS0 0.950254 -
profissional profissional NCCS000 0.432636 10480253-n:0.00409282/10462860-n:0.00409095/10480583-n:0.00387366/10298482-n:0.00383309
a a SP 0.313151 -
quem quem PR0CN00 0.698606 -
forem ir VMSF3P0 0.5 01158872-v:0.00267402/01835496-v:0.00139422/02655135-v:0.000819937/01995549-v:0.000750953/02009433-v:0.000718804/02051694-v:0.000715904/01955984-v:0.000684065/02072849-v:0.00065389/01904930-v:0.000650099/02685951-v:0.000612134/01957529-v:0.000592222/02102398-v:0.000586399/01935233-v:0.00058571/00341560-v:0.000583904/02618149-v:0.000540276/02727039-v:0.000537074/02372605-v:0.000530221/02737876-v:0.000527755/01192992-v:0.000525954/02102002-v:0.000524878/01882814-v:0.000524126/01849221-v:0.000521382/02493030-v:0.000520096/01846916-v:0.000518922/02686471-v:0.000500789/01841079-v:0.000492341/02700455-v:0.000488745/00359916-v:0.000476396/01839538-v:0.000464779/00343898-v:0.000457564
aplicadas aplicar VMP00PF 0.992518 01158872-v:0.00267402/01166093-v:0.00248216/01494310-v:0.00144029/01363648-v:0.00141883/02309165-v:0.00121924/02676789-v:0.00121883/02561332-v:0.00115977/00754682-a:0.00112061/02560164-v:0.00109978/02707429-v:0.00107121/00863049-a:0.00104558/00724150-v:0.00104335/01313249-v:0.000997975/01363482-v:0.000969907/01026558-v:0.000956465
as o DA0FP0 0.974798 -
sanções sanção NCFP000 1 01160342-n:0.00288234/06689297-n:0.00259487/01139000-n:0.00254781/05176607-n:0.00245498/01124246-n:0.00223617/06687358-n:0.00223016/05164845-n:0.00213055
disciplinares disciplinar VMN02S0 0.976071 02553428-v:0.014481
de de SP 1 -
suspensão suspensão NCFS000 1 15271008-n:0.0020528/14010636-n:0.00171978/07368256-n:0.00164253/05698247-n:0.00158066/01017701-n:0.00156519/01022483-n:0.00155185/14591091-n:0.00149966/01063578-n:0.00148913/00209132-n:0.00145592/04366116-n:0.00145567
ou ou CC 1 -
exclusão exclusão NCFS000 1 05707269-n:0.0054331/00206927-n:0.00510838/00394610-n:0.00507179
. . Fp 1 -

