Recebida receber VMP00SF 0.917122 02210855-v:0.000773272/01380638-v:0.000556301/00900583-v:0.000535063/00668099-v:0.000531795/02292125-v:0.00052891/02210119-v:0.000526704/01470225-v:0.000523474/02739480-v:0.000511608/02276866-v:0.000496058/01194418-v:0.000494437/00617095-v:0.000493823/00522751-v:0.000492851/00686879-v:0.000488/01172838-v:0.000482003/02108654-v:0.000481795/02108377-v:0.000476711/02107248-v:0.000466448/02765464-v:0.000464368/00718907-v:0.000453732/00117346-v:0.000443763/00605893-a:0.000441026/02197505-v:0.000432693
a a SP 0.313151 -
representação representação NCFS000 1 05767733-n:0.00105295/06891493-n:0.0010429/00548802-n:0.0010252/04076846-n:0.00102449/00548326-n:0.00101955/07201804-n:0.000977229/05766984-n:0.000967477/14000403-n:0.000960975/00898518-n:0.000954433/01217499-n:0.000927662/00721660-n:0.000921146
, , Fc 1 -
o o DA0MS0 0.950254 -
Presidente presidente NP00SP0 1 10467395-n:0.00244004/10468962-n:0.00186727/00597265-n:0.00180331/10467179-n:0.00173708/10469346-n:0.00162725/10468750-n:0.00160446/10468559-n:0.00155291
deve dever VMIP3S0 0.99061 02731814-v:0.00357044/02254155-v:0.00354821/02253956-v:0.00342836
designar designar VMN0000 0.529581 02475922-v:0.00253415/02396205-v:0.000897359/02391803-v:0.000886569/00879540-v:0.000855282/01030132-v:0.00083869/02400760-v:0.000831677/02396716-v:0.000811235/00709379-v:0.000807071/02401523-v:0.000803219/00923793-v:0.000767886/00971650-v:0.000732489/00947077-v:0.000715658/00746479-v:0.000701176/00677683-v:0.000696844/01029642-v:0.000691725
relator relator NCMS000 0.632636 10507565-n:0.0100479
, , Fc 1 -
a o DA0FS0 0.675415 -
quem quem PT0CN00 0.297909 -
compete competir VMIP3S0 0.999479 01072262-v:0.00395364/01122194-v:0.00269524/02594674-v:0.00262183/02672187-v:0.00248249
a o DA0FS0 0.675415 -
instrução instrução NCFS000 1 00883297-n:0.00149352/05984287-n:0.00128254/05985999-n:0.00123577/00887081-n:0.00123327/06584891-n:0.00122673/06786629-n:0.001205/00895501-n:0.00114149/04921417-n:0.00113739/04921900-n:0.00112945
de de SP 1 -
o o DA0MS0 0.950254 - o PD0MS00 0.0313531 - o PP3MSA0 0.0183743 - o NCMS000 1.85412e-05 -
processo processo NCMS000 0.998008 01184814-n:0.00116139/01023820-n:0.00113427/01182654-n:0.00101344/01181902-n:0.00098807/01198307-n:0.000984118/05701363-n:0.000968157/01195867-n:0.000924471/00029677-n:0.0009202/01023636-n:0.00090222/05470189-n:0.000899398/05701738-n:0.000869375/06503551-n:0.000797046
e e CC 0.999951 -
o o DA0MS0 0.950254 -
oferecimento oferecimento NCMS000 1 13265011-n:0.00538383/07185076-n:0.00521821
de de SP 1 -
parecer parecer VMN0000 0.127907 02133435-v:0.00193721/02134672-v:0.00109126/02657219-v:0.000967912/01686132-v:0.00085296/00422090-v:0.000852257/00010435-v:0.000832264/02198234-v:0.000805044/02134927-v:0.000773015/00425071-v:0.000768991/02730471-v:0.000744965/00033599-v:0.000743409/01637166-v:0.000713969/02134050-v:0.000687509/00425967-v:0.000680936
preliminar preliminar NCMS000 0.642961 -
a a SP 0.313151 -
ser ser VMN0000 0.33093 02604760-v:0.00193591/00339934-v:0.00154044/02627363-v:0.000807101/02620587-v:0.000799595/02702508-v:0.000767339/02655135-v:0.000756932/02603699-v:0.000749992/02445925-v:0.000740071/02731024-v:0.000714111/02664769-v:0.000687255/02614181-v:0.000659892/02597601-v:0.000659499/01717851-v:0.000651824/02749904-v:0.000632634/02616386-v:0.000626107
submetido submeter VMP00SM 0.992518 02496816-v:0.00155174/01118081-v:0.00143748/00579712-v:0.00143332/01799794-v:0.00132872/00878636-v:0.00131511/01108627-v:0.00130698/00302130-v:0.00127996/00732394-v:0.00126127
a a SP 1 -
o o DA0MS0 0.950254 - o PD0MS00 0.0313531 - o PP3MSA0 0.0183743 - o NCMS000 1.85412e-05 -
Tribunal_de_Ética tribunal_de_ética NP00O00 1 -
e e CC 0.999951 -
Disciplina disciplina NP00O00 1 05996646-n:0.00213686/05662876-n:0.00197709/04881623-n:0.00184585/05726596-n:0.00178291/00893836-n:0.00178109/01132864-n:0.00168505
. . Fp 1 -

A a SP 1 -
o o DA0MS0 0.950254 - o PD0MS00 0.0313531 - o PP3MSA0 0.0183743 - o NCMS000 1.85412e-05 -
representado representar VMP00SM 0.992518 02620587-v:0.000870491/02541509-v:0.000640045/02581675-v:0.000507165/01719302-v:0.00044816/00943837-v:0.000446626/02137132-v:0.00041913/01686132-v:0.00041817/02699497-v:0.000415861/01719921-v:0.000403153/00836236-v:0.000384729/00988028-v:0.000356287/02723733-v:0.000336801/02697725-v:0.000324029/02698443-v:0.000315518/00013615-v:0.000312731/02541921-v:0.000312242/01688771-v:0.000311058/01716882-v:0.000308241/01711445-v:0.000307614/01723690-v:0.000301734/01688256-v:0.000301094/02740352-v:0.000300398/02742482-v:0.00026408
deve dever VMIP3S0 0.99061 02731814-v:0.00228718/02254155-v:0.00227707/02253956-v:0.00219546
ser ser VMN0000 0.33093 02604760-v:0.00125262/00339934-v:0.00121138/02620587-v:0.000870491/02627363-v:0.000515515/02603699-v:0.000494641/02655135-v:0.000489396/02702508-v:0.00048521/02445925-v:0.000474712/02731024-v:0.000458096/02664769-v:0.000436103/02597601-v:0.000424969/02614181-v:0.000423212/01717851-v:0.000421214/02749904-v:0.000405989/02616386-v:0.000401197
assegurado assegurar VMP00SM 0.992504 01340439-v:0.000708631/00896803-v:0.000673166/00891216-v:0.000644805/00890590-v:0.00062772/02251065-v:0.000619873/00891936-v:0.000607839/00662589-v:0.000589679/00884011-v:0.000583901/01289492-v:0.000571286/01019643-v:0.00054795/01306425-v:0.000543569/00221718-v:0.00050807
amplo amplo AQ0MS00 1 00525453-a:0.00106473/00526062-a:0.000741327/00476249-a:0.000735297/02560548-a:0.000706437/00475996-a:0.000677996/01387319-a:0.000622618/01383394-a:0.00061556/00527870-a:0.000607605/00014490-a:0.000607001/00106277-a:0.000601473/01386883-a:0.000585204
direito direito NCMS000 0.936047 13308999-n:0.00116411/05174653-n:0.000944976/05181199-n:0.000904/05565337-n:0.000885117/00611143-n:0.00085771/06161718-n:0.000841499/08625073-n:0.000785321/13341756-n:0.000776549
de de SP 1 -
defesa defesa NCFS000 0.99569 09614684-n:0.000554624/03171356-n:0.000544425/00823750-n:0.000542056/09830194-n:0.00054094/01214171-n:0.000534734/01214863-n:0.000534637/06542047-n:0.000530282/08064523-n:0.000528629/00954311-n:0.000528139/06740644-n:0.000528075/08131530-n:0.000519925/08064130-n:0.000514334/00725673-n:0.000493031
, , Fc 1 -
podendo poder VMG0000 1 01774426-v:0.00241071/02744451-v:0.00223849/01192628-v:0.00209223
acompanhar acompanhar VMN0000 0.269565 02025550-v:0.000952191/02026086-v:0.00088575/02716767-v:0.000805389/02716165-v:0.000747183/02578872-v:0.000731006/01679433-v:0.000726955/01728355-v:0.000714007/02371684-v:0.0007035/02332086-v:0.00067762
o o DA0MS0 0.950254 -
processo processo NCMS000 0.998008 01195867-n:0.00125572/01184814-n:0.000860347/01182654-n:0.00083033/01198307-n:0.000818126/01023820-n:0.000770839/01181902-n:0.000702206/05701363-n:0.000690432/00029677-n:0.000596753/05470189-n:0.000587989/01023636-n:0.000586664/05701738-n:0.000562017/06503551-n:0.000510866
em em SP 1 -
todos todo DI0MP0 0.698087 -
os o DA0MP0 0.958022 -
termos termo NCMP000 0.936047 06286395-n:0.000942113/05868477-n:0.000762386/05221895-n:0.00070053/06751974-n:0.000544762/06770875-n:0.000529467/06303888-n:0.0005205/07362075-n:0.000518715/15267536-n:0.000511694/00216038-n:0.00049995/05855904-n:0.000487894/08565894-n:0.000487668/07177622-n:0.000482894/15226451-n:0.000478738
, , Fc 1 -
pessoalmente pessoal RG 1 -
ou ou CC 1 -
por por SP 1 -
intermédio intermédio NCMS000 0.632636 -
de de SP 1 -
procurador procurador NCMS000 0.632636 10484858-n:0.00139724/09624559-n:0.0013848/09775663-n:0.00138016/10479135-n:0.00127274/10486909-n:0.00122868
, , Fc 1 -
oferecendo oferecer VMG0000 1 02327200-v:0.00133233/02200686-v:0.000581877/00706557-v:0.000537321/02296726-v:0.000527421/02297948-v:0.000510149/02296615-v:0.000496497/02297142-v:0.000491786/00887463-v:0.000490144/02297742-v:0.000487359/02298632-v:0.000483834/02263027-v:0.000454733/02297409-v:0.000450721/00251270-v:0.000430839/02425112-v:0.000422555/02376289-v:0.000422195/00880102-v:0.000410206
defesa defesa NCFS000 0.99569 09614684-n:0.000554624/03171356-n:0.000544425/00823750-n:0.000542056/09830194-n:0.00054094/01214171-n:0.000534734/01214863-n:0.000534637/06542047-n:0.000530282/08064523-n:0.000528629/00954311-n:0.000528139/06740644-n:0.000528075/08131530-n:0.000519925/08064130-n:0.000514334/00725673-n:0.000493031
prévia prévio AQ0FS00 1 00121865-a:0.00210495/00122128-a:0.00140499/00127137-a:0.00127862/00126235-a:0.00124729/01729819-a:0.00122273
após após SP 1 -
ser ser VMN0000 0.33093 02604760-v:0.00125262/00339934-v:0.00121138/02620587-v:0.000870491/02627363-v:0.000515515/02603699-v:0.000494641/02655135-v:0.000489396/02702508-v:0.00048521/02445925-v:0.000474712/02731024-v:0.000458096/02664769-v:0.000436103/02597601-v:0.000424969/02614181-v:0.000423212/01717851-v:0.000421214/02749904-v:0.000405989/02616386-v:0.000401197
notificado notificar VMP00SM 0.992518 00874175-v:0.00113332/00965035-v:0.00107329/00873682-v:0.00104859/00832778-v:0.000968406/00833199-v:0.000949114/01438681-v:0.000928448/00965390-v:0.000885845
, , Fc 1 -
razões razão NCFP000 0.65 09179264-n:0.00189223/06740402-n:0.00141298/09178999-n:0.00139345/13819207-n:0.00093786/06739990-n:0.000906289/05651680-n:0.000896265/05819149-n:0.000864383/13404655-n:0.000828696
finais final AQ0CP00 0.25 01010271-a:0.0016019/01010025-a:0.00152668/01579128-a:0.00131801/00349894-a:0.0012863/01212095-a:0.001244
após após SP 1 -
a o DA0FS0 0.675415 -
instrução instrução NCFS000 1 00883297-n:0.000962246/05984287-n:0.000830263/05985999-n:0.00079865/00887081-n:0.000790452/06584891-n:0.000789797/06786629-n:0.000787583/00895501-n:0.000732466/04921417-n:0.000729441/04921900-n:0.000724993
e e CC 0.999951 -
defesa defesa NCFS000 0.99569 09614684-n:0.000554624/03171356-n:0.000544425/00823750-n:0.000542056/09830194-n:0.00054094/01214171-n:0.000534734/01214863-n:0.000534637/06542047-n:0.000530282/08064523-n:0.000528629/00954311-n:0.000528139/06740644-n:0.000528075/08131530-n:0.000519925/08064130-n:0.000514334/00725673-n:0.000493031
oral oral AQ0CS00 0.629858 02823724-a:0.00145636/01665184-a:0.00138197/02771485-a:0.00134184/02284169-a:0.00130333/00110252-a:0.00126055
perante perante SP 1 -
o o DA0MS0 0.950254 -
Tribunal_de_Ética tribunal_de_ética NP00O00 1 -
e e CC 0.999951 -
Disciplina disciplina NP00O00 1 05996646-n:0.00142102/05662876-n:0.00126064/04881623-n:0.00117804/05726596-n:0.00114863/00893836-n:0.00114184/01132864-n:0.00107847
, , Fc 1 -
por por SP 1 -
ocasião ocasião NCFS000 1 09179264-n:0.00189223/14483917-n:0.00143926/07308889-n:0.00106047/13943400-n:0.00105507/14485064-n:0.00102853/07447261-n:0.000951108/05147237-n:0.000928697
de de SP 1 -
o o DA0MS0 0.950254 - o PD0MS00 0.0313531 - o PP3MSA0 0.0183743 - o NCMS000 1.85412e-05 -
julgamento julgamento NCMS000 1 01195867-n:0.00125572/01187810-n:0.000782281/06765044-n:0.000747547/05837957-n:0.000743291/01191158-n:0.000742894/05789432-n:0.000710782/00874067-n:0.000694796/04890112-n:0.000691843/05614175-n:0.000688617/04892084-n:0.000687645
. . Fp 1 -

Se se CS 0.138341 -
, , Fc 1 -
após após SP 1 -
a o DA0FS0 0.675415 -
defesa defesa NCFS000 0.99569 03171356-n:0.00103904/09830194-n:0.0010355/00823750-n:0.00102426/01214863-n:0.0010204/01214171-n:0.00101766/06542047-n:0.00101434/09614684-n:0.0010015/00954311-n:0.000992958/08131530-n:0.000987612/08064130-n:0.000983722/06740644-n:0.000970443/00725673-n:0.000947805/08064523-n:0.000937132
prévia prévio AQ0FS00 1 00121865-a:0.004045/00122128-a:0.00270292/00127137-a:0.00245882/00126235-a:0.00239588/01729819-a:0.00235024
, , Fc 1 -
o o DA0MS0 0.950254 -
relator relator NCMS000 0.632636 10507565-n:0.0123347
se se PP3CN00 0.861659 -
manifestar manifestar VMN0000 0.529581 00943837-v:0.00177931/00820976-v:0.00169396/01009240-v:0.00152358/02137132-v:0.00151769/00933821-v:0.00144196/00940384-v:0.00142178/01010118-v:0.00133353/02148788-v:0.00132932/00423075-v:0.00125658/00929703-v:0.00121307
por por SP 1 -
o o DA0MS0 1 -
indeferimento indeferimento NCMS000 1 -
liminar liminar AQ0CS00 0.666758 -
de de SP 1 -
a o DA0FS0 0.675415 - a SP 0.313151 - o PP3FSA0 0.00613742 - o PD0FS00 0.00514062 - a NCMS000 0.000156639 -
representação representação NCFS000 1 06891493-n:0.00127315/05767733-n:0.00125924/00548802-n:0.00125729/00548326-n:0.00124988/07201804-n:0.00121624/04076846-n:0.00121497/05766984-n:0.00118116/14000403-n:0.00117362/00898518-n:0.00116794/01217499-n:0.00114609/00721660-n:0.00112672
, , Fc 1 -
este este PD0MS00 0.156516 -
deve dever VMIP3S0 0.99061 02731814-v:0.00438371/02254155-v:0.00436369/02253956-v:0.00421435
ser ser VMN0000 0.33093 00339934-v:0.00201294/02604760-v:0.00196098/02627363-v:0.000992796/02620587-v:0.000953469/02655135-v:0.000930698/02603699-v:0.000928535/02702508-v:0.000926606/02445925-v:0.000900389/02731024-v:0.000878005/02664769-v:0.000828693/02614181-v:0.000811469/02597601-v:0.000810362/01717851-v:0.000801761/02749904-v:0.000779207/02616386-v:0.000770396
decidido decidir VMP00SM 0.980769 00697589-v:0.00331111/00763399-v:0.00256596/00698855-v:0.00204121/00634472-v:0.00141411/00699626-v:0.00136104/00679389-v:0.00131438/00701877-v:0.00126045/00701178-a:0.00125473/00699485-v:0.00123698/00703708-v:0.0012266
por por SP 1 -
o o DA0MS0 1 -
Presidente_do_Conselho_Seccional presidente_do_conselho_seccional NP00SP0 1 -
, , Fc 1 -
para para SP 0.999444 -
determinar determinar VMN0000 0.529581 00697589-v:0.00331111/00763399-v:0.00256596/00701040-v:0.00139426/00699815-v:0.00124605/00918872-v:0.00123894/00947077-v:0.00121501/00920336-v:0.0011011/02698319-v:0.00105168/01063188-v:0.00105086/00926472-v:0.00104848/00746718-v:0.00104082/00700708-v:0.00103278
seu seu DP3MSS 0.957305 -
arquivamento arquivamento NCMS000 1 -
. . Fp 1 -

O o DA0MS0 0.950254 -
prazo prazo NCMS000 1 15180082-n:0.0059878/15153225-n:0.00559612/15224156-n:0.00549283
para para SP 0.999444 -
defesa defesa NCFS000 0.99569 03171356-n:0.0013499/09830194-n:0.00134469/00823750-n:0.00133171/01214863-n:0.00132614/01214171-n:0.00132278/06542047-n:0.00131779/09614684-n:0.0013/00954311-n:0.00128946/08131530-n:0.00128383/06740644-n:0.00128264/08064130-n:0.00127808/00725673-n:0.00123189/08064523-n:0.0012089
prévia prévio AQ0FS00 1 00121865-a:0.00525707/00122128-a:0.00351378/00127137-a:0.00319588/00126235-a:0.00311515/01729819-a:0.00305538
pode poder VMIP3S0 0.994702 01774426-v:0.00603231/02744451-v:0.00558611/01192628-v:0.00522845
ser ser VMN0000 0.33093 00339934-v:0.00248042/02604760-v:0.00186158/02627363-v:0.00129047/02620587-v:0.00124893/02603699-v:0.00123134/02655135-v:0.00120988/02702508-v:0.00118745/02445925-v:0.00117096/02731024-v:0.00114082/02664769-v:0.00107568/02614181-v:0.00105794/02597601-v:0.00105267/01717851-v:0.00103349/02749904-v:0.00101227/02616386-v:0.00100138
prorrogado prorrogar VMP00SM 0.992518 -
por por SP 1 -
motivo motivo NCMS000 0.97619 09178999-n:0.00223948/06740402-n:0.00199091/06739990-n:0.00163527/09179264-n:0.00162081/00023773-n:0.00160218/05819149-n:0.0015654/07029682-n:0.00155496/05920272-n:0.00155031/07028797-n:0.00141953/03789014-n:0.00137584/05983347-n:0.00137208
relevante relevante AQ0CS00 0.616352 01975138-a:0.00415332/00138314-a:0.00369299/02339120-a:0.00367196/01975833-a:0.00341594/01487943-a:0.00321338
, , Fc 1 -
a o DA0FS0 0.675415 -
juízo juízo NCMS000 1 05615500-n:0.00245157/01187810-n:0.00229777/05837957-n:0.00227208/05614175-n:0.00225395/06551784-n:0.00215731/00874067-n:0.00211313/04892084-n:0.00211193/01195867-n:0.00204527
de de SP 1 -
o o DA0MS0 0.950254 - o PD0MS00 0.0313531 - o PP3MSA0 0.0183743 - o NCMS000 1.85412e-05 -
relator relator NCMS000 0.632636 10507565-n:0.0160335
. . Fp 1 -

Se se CS 0.138341 -
o o DA0MS0 0.950254 -
representado representar VMP00SM 0.992518 01719302-v:0.000481646/00943837-v:0.000479214/01686132-v:0.000455255/02620587-v:0.00045082/02137132-v:0.000447764/01719921-v:0.000426594/00836236-v:0.00041395/00988028-v:0.0003851/02723733-v:0.000365219/02581675-v:0.000362594/01688771-v:0.000356289/02697725-v:0.000351721/02541509-v:0.000351611/02699497-v:0.0003494/01711445-v:0.000348189/00013615-v:0.000341709/02698443-v:0.000336876/02541921-v:0.00033357/01716882-v:0.000329513/01688256-v:0.000327773/01723690-v:0.000325089/02740352-v:0.000324809/02742482-v:0.000287543
não não RN 0.99985 00024073-r:0.00503819/00024587-r:0.00179388/00050681-r:0.00170779/00024356-r:0.00169468
for ir VMSF1S0 0.249524 01835496-v:0.000669468/02655135-v:0.000400502/01158872-v:0.000360876/02051694-v:0.000340579/01995549-v:0.000337195/01955984-v:0.000331767/01904930-v:0.000329894/02072849-v:0.000310484/02009433-v:0.000299167/02685951-v:0.000298426/01957529-v:0.000290138/02372605-v:0.000281441/01935233-v:0.000280709/02618149-v:0.0002801/02102398-v:0.000274704/00341560-v:0.000267871/02686471-v:0.000259178/02727039-v:0.000258758/02737876-v:0.000253348/01882814-v:0.000252155/02102002-v:0.00025176/01192992-v:0.00025165/01849221-v:0.000251481/02493030-v:0.00025029/01846916-v:0.000249257/02700455-v:0.000239901/01841079-v:0.00023664/00359916-v:0.000227901/01839538-v:0.000222965/00343898-v:0.0002198
encontrado encontrar VMP00SM 0.980769 02154508-v:0.000537054/02248465-v:0.000518528/02285629-v:0.000488752/02286687-v:0.000458146/00918872-v:0.000444381/01450713-a:0.000418125/02247977-v:0.000400929/01637982-v:0.00040024/00721437-v:0.000390828/02206462-v:0.000378905/02023107-v:0.000365866/00920336-v:0.000357895/02710402-v:0.000348788/00715239-v:0.000347786/02212275-v:0.000336355/02739480-v:0.000332478/00635904-v:0.000310425/02730326-v:0.000306613/02021653-v:0.000304719/02213336-v:0.000301949/01203369-v:0.000301547/02526811-v:0.000297975
, , Fc 1 -
ou ou CC 1 -
for ir VMSF1S0 0.249524 01835496-v:0.000669468/02655135-v:0.000400502/01158872-v:0.000360876/02051694-v:0.000340579/01995549-v:0.000337195/01955984-v:0.000331767/01904930-v:0.000329894/02072849-v:0.000310484/02009433-v:0.000299167/02685951-v:0.000298426/01957529-v:0.000290138/02372605-v:0.000281441/01935233-v:0.000280709/02618149-v:0.0002801/02102398-v:0.000274704/00341560-v:0.000267871/02686471-v:0.000259178/02727039-v:0.000258758/02737876-v:0.000253348/01882814-v:0.000252155/02102002-v:0.00025176/01192992-v:0.00025165/01849221-v:0.000251481/02493030-v:0.00025029/01846916-v:0.000249257/02700455-v:0.000239901/01841079-v:0.00023664/00359916-v:0.000227901/01839538-v:0.000222965/00343898-v:0.0002198
revel revel AQ0CS00 0.645546 -
, , Fc 1 -
o o DA0MS0 0.950254 -
Presidente_do_Conselho presidente_do_conselho NP00SP0 1 -
ou ou CC 1 -
de de SP 1 -
a o DA0FS0 0.675415 - a SP 0.313151 - o PP3FSA0 0.00613742 - o PD0FS00 0.00514062 - a NCMS000 0.000156639 -
Subseção subseção NP00O00 1 04348548-n:0.00688766
deve dever VMIP3S0 0.99061 02731814-v:0.00247696/02254155-v:0.00246705/02253956-v:0.00238003
designar designar VMN0000 1 -
lhe lhe PP3CSD0 1 -
defensor defensor NCMS000 0.632633 09774783-n:0.00201731/10249950-n:0.0019586/09614684-n:0.00181023/09799461-n:0.00179597
dativo dativo AQ0MS00 0.638708 -
; ; Fx 1 -
É é NP00SP0 1 -
também também RG 0.998533 00047534-r:0.00359012/00068753-r:0.00330176
permitida permitir VMP00SF 0.992518 02255462-v:0.000872159/02721438-v:0.00071854/00802318-v:0.000717258/00803325-v:0.000708416/02327200-v:0.000681391/02423183-v:0.000657004/02745486-v:0.000654234/02358034-v:0.000647921/00512877-v:0.000582826/02671279-v:0.000574693/02295447-v:0.000546322/02255715-v:0.000537864/00669099-v:0.000513759
a o DA0FS0 0.675415 -
revisão revisão NCFS000 1 00879271-n:0.00131467/00399393-n:0.00131301/06428976-n:0.00125329/00897811-n:0.00120016/13411533-n:0.00116032/00143251-n:0.00113369
de de SP 1 -
o o DA0MS0 0.950254 - o PD0MS00 0.0313531 - o PP3MSA0 0.0183743 - o NCMS000 1.85412e-05 -
processo processo NCMS000 0.998008 01195867-n:0.00136053/01184814-n:0.000934944/01182654-n:0.000869268/01198307-n:0.000751097/05701363-n:0.000747142/01023820-n:0.000746093/01181902-n:0.000717365/01023636-n:0.00064271/00029677-n:0.000640409/05470189-n:0.000638826/05701738-n:0.000610127/06503551-n:0.000553096
disciplinar disciplinar VMN0000 0.529581 02553428-v:0.00692193
, , Fc 1 -
por por SP 1 -
erro erro NCMS000 0.97619 00070965-n:0.000791803/04802629-n:0.000682834/05893653-n:0.000624574/05895465-n:0.000595265/00066636-n:0.000560097/14464203-n:0.000554154/06769392-n:0.000540508/00074790-n:0.000536467/00073828-n:0.000534358/05895723-n:0.000511666/04853765-n:0.000505805/00074524-n:0.00048889/14462946-n:0.000475223/14464675-n:0.000474326/00072068-n:0.000470715/04802776-n:0.00046797
de de SP 1 -
julgamento julgamento NCMS000 1 01195867-n:0.00136053/01187810-n:0.000844179/05837957-n:0.000820622/06765044-n:0.000811805/05789432-n:0.000779815/00874067-n:0.000774584/05614175-n:0.000748732/04892084-n:0.000746599/01191158-n:0.000743193/04890112-n:0.000735758
ou ou CC 1 -
por por SP 1 -
condenação condenação NCFS000 1 01160342-n:0.00161327/01189282-n:0.00111074/07334206-n:0.00104897/14458593-n:0.00104446/07233634-n:0.00102412/15224692-n:0.00102258/01223257-n:0.000979893
baseada basear VMP00SF 0.992518 00636888-v:0.00359646/01406356-v:0.00347206
em em SP 1 -
falsa falso AQ0FS00 0.464 01116380-a:0.00096016/02461723-a:0.000765762/00633235-a:0.000590708/01782100-a:0.000564765/01116857-a:0.000535095/01223941-a:0.000517446/02182562-a:0.00051154/02462489-a:0.000500459/01117226-a:0.000499438/01117477-a:0.000494929/01942507-a:0.000494786/00584403-a:0.000480498/02182088-a:0.000478046/01935935-a:0.000469305/01573238-a:0.000463129
prova prova NCFS000 0.989071 05798043-n:0.000618843/05823932-n:0.000616928/06733939-n:0.000543157/00791078-n:0.000538322/06643408-n:0.000525345/00521562-n:0.000521702/05799212-n:0.000513098/05824739-n:0.000504614/07199191-n:0.00049734/00785959-n:0.000490937/00636461-n:0.000478271/00794367-n:0.000473454/06647614-n:0.000469389/05738625-n:0.000464299/04011130-n:0.000449719/04755466-n:0.000447018
. . Fp 1 -

