Em em SP 1 -
as o DA0FP0 1 -
causas causa NCFP000 0.97619 09178999-n:0.00243565/01182654-n:0.00178911/06740402-n:0.00168672/01181902-n:0.0013685/09179264-n:0.00136344/00023773-n:0.00134529/00007347-n:0.0013261/00798245-n:0.00131859/07326557-n:0.00124908/09179606-n:0.00121249/09179382-n:0.00118543
em em SP 1 -
que que CS 0.398036 -
for ir VMSF1S0 0.249524 02655135-v:0.00174709/01835496-v:0.00115908/02618149-v:0.00070172/02051694-v:0.000655198/01955984-v:0.000621638/01995549-v:0.000617098/02685951-v:0.000607604/02072849-v:0.000589686/01904930-v:0.000581922/01158872-v:0.000567784/02009433-v:0.000561648/01957529-v:0.000539699/01935233-v:0.000535556/02737876-v:0.000525126/00341560-v:0.000520699/02102398-v:0.000519257/02727039-v:0.000499625/02686471-v:0.000498647/02372605-v:0.000485671/01192992-v:0.000483279/01882814-v:0.000479616/02102002-v:0.000479285/02493030-v:0.000478118/01849221-v:0.000477884/01846916-v:0.000474793/01841079-v:0.000451047/02700455-v:0.00044707/00359916-v:0.000435642/00343898-v:0.000428784/01839538-v:0.000425724
parte parte NCFS000 0.969571 13285176-n:0.00120042/05929008-n:0.000946064/10402824-n:0.000818753/08630039-n:0.000721628/05867413-n:0.000717438/03081021-n:0.000705104/03892891-n:0.000703924/08256968-n:0.000699558/00787465-n:0.000698125/05868954-n:0.000673498/08264897-n:0.000661432/08649345-n:0.000653591/04164989-n:0.000638114/15257829-n:0.000618909/06392001-n:0.000618022/13809207-n:0.0006131/13086908-n:0.000601178/09385911-n:0.000598143/01085098-n:0.000596829/03390207-n:0.000584047/13286524-n:0.000574425/05852973-n:0.000571417/09428741-n:0.000547167/05671974-n:0.000535136
o o DA0MS0 0.950254 -
empregador empregador NCMS000 1 10054657-n:0.014184
, , Fc 1 -
ou ou CC 1 -
pessoa pessoa NCFS000 1 00007846-n:0.0074299/80000973-n:0.00264766/06326797-n:0.00180332/10344443-n:0.00180112/04617562-n:0.00176377/10203839-n:0.00175335/05217688-n:0.00174798/10289039-n:0.00168972
por por SP 1 -
este este DD0MS0 0.843484 -
representada representar VMP00SF 0.992518 02620587-v:0.00173526/01719302-v:0.000941667/02581675-v:0.000894635/01686132-v:0.000851236/01719921-v:0.000834236/02699497-v:0.00081892/00836236-v:0.000779415/00943837-v:0.000747337/02137132-v:0.000736723/02541509-v:0.000723749/02723733-v:0.000698925/00988028-v:0.00069316/02697725-v:0.000687493/02698443-v:0.000651272/00013615-v:0.000643861/01688771-v:0.000643707/02541921-v:0.000641354/01716882-v:0.000640714/01723690-v:0.000636132/01711445-v:0.000635845/01688256-v:0.000624054/02740352-v:0.000614076/02742482-v:0.00054557
, , Fc 1 -
os o DA0MP0 0.958022 -
honorários honorário NCMP000 0.632572 13320168-n:0.0147317
de de SP 1 -
sucumbência sucumbência NCFS000 1 -
são ser VMIP3P0 0.998554 00339934-v:0.00230924/02604760-v:0.00214041/02655135-v:0.00174709/02620587-v:0.00173526/02627363-v:0.00107576/02702508-v:0.00100737/02603699-v:0.000991377/02445925-v:0.000975959/02731024-v:0.000951165/02664769-v:0.000904398/02614181-v:0.00088977/02597601-v:0.000877492/01717851-v:0.000874254/02749904-v:0.000844787/02616386-v:0.000834824
devidos dever VMP00PM 0.721864 00136354-a:0.00410739/02254155-v:0.00388853/02731814-v:0.00356319/02253956-v:0.0034305
a a SP 1 -
os o DA0MP0 0.958022 - o PD0MP00 0.021587 - o PP3MPA0 0.0203911 -
advogados advogado NCMP000 0.556849 10249950-n:0.00401687/09774783-n:0.00309227/09775663-n:0.00297341/10623175-n:0.00286724/09840963-n:0.0028415
empregados empregado AQ0MP00 0.17119 -
. . Fp 1 -

Os o DA0MP0 0.958022 -
honorários honorário NCMP000 0.632572 13320168-n:0.0136513
de de SP 1 -
sucumbência sucumbência NCFS000 1 -
, , Fc 1 -
percebidos perceber VMP00PM 0.972958 00588888-v:0.00254212/02106506-v:0.00185272/00591519-v:0.00166624/02105810-v:0.00157516/02193194-v:0.00156503/02118476-v:0.00154069/02154312-v:0.00137683/00590241-v:0.00131838/00591755-v:0.00131332
por por SP 1 -
advogado advogado NCMS000 0.975904 10249950-n:0.00717504/09774783-n:0.00571574/09775663-n:0.00531898/10623175-n:0.0052826/09840963-n:0.00523608
empregado empregar VMP00SM 0.571918 02409412-v:0.00361264/01158872-v:0.00311906/01158181-v:0.00224276/02409941-v:0.00217502/02240151-v:0.00214485/01166093-v:0.00197623
de de SP 1 -
sociedade sociedade NCFS000 1 08058098-n:0.00187109/08227214-n:0.00182438/08049401-n:0.00175433/07966140-n:0.00170392/08387930-n:0.0017021/08060694-n:0.00166915/13931627-n:0.00166352/06526291-n:0.00164388
de de SP 1 -
advogados advogado NCMP000 0.556849 10249950-n:0.00717504/09774783-n:0.00571574/09775663-n:0.00531898/10623175-n:0.0052826/09840963-n:0.00523608
são ser VMIP3P0 0.998554 00339934-v:0.0018045/02604760-v:0.00133972/02620587-v:0.0010014/02627363-v:0.000992912/02655135-v:0.00093066/02603699-v:0.000924287/02702508-v:0.000915248/02445925-v:0.000900713/02731024-v:0.000878178/02664769-v:0.000829546/02597601-v:0.000812607/02614181-v:0.000811871/01717851-v:0.000795689/02749904-v:0.000778176/02616386-v:0.000770333
partilhados partilhar VMP00PM 0.992518 02467662-v:0.00198094/02718309-v:0.00192336/01557774-v:0.00167556/01563724-v:0.00157687/02031158-v:0.00149906/00642098-v:0.00149193/02295550-v:0.00147532/02152216-a:0.00144338/01063930-v:0.00144114
entre entre SP 0.987856 -
ele ele PP3MS00 1 -
e e CC 0.999951 -
a o DA0FS0 0.675415 -
empregadora empregador NCFS000 1 10054657-n:0.0131364
, , Fc 1 -
em em SP 1 -
a o DA0FS0 1 -
forma forma NCFS000 0.996448 04928903-n:0.00338928/05839024-n:0.00127254/05930736-n:0.00109232/05064037-n:0.00103087/00172710-n:0.000942176/06473563-n:0.000908388/00027807-n:0.00089702/06290637-n:0.000860664/05217168-n:0.000851143/08111157-n:0.000835585/14546432-n:0.000833576/05941210-n:0.000799761/04677514-n:0.000775738/07683138-n:0.000754868/04200908-n:0.000736358/04931733-n:0.000722419
estabelecida estabelecer VMP00SF 0.992518 02621395-v:0.00145028/00665476-v:0.00116523/02427103-v:0.00103813/00664788-v:0.0009858/01647229-v:0.000979304/00730758-v:0.000950897/00636888-v:0.000918252/01062395-v:0.000917942/01570108-v:0.000894892/02635033-v:0.000893233/00539338-v:0.000869654/02493300-a:0.000862841/01647672-v:0.000857981/01655505-v:0.000832295
em em SP 1 -
acordo acordo NCMS000 0.998155 06520944-n:0.00177545/13971065-n:0.0013652/07175241-n:0.00112979/07176804-n:0.00103743/06770275-n:0.000996152/07180183-n:0.000876144/04713332-n:0.000790274/06773434-n:0.000787239/06772260-n:0.00076813/05795044-n:0.000765301/07176682-n:0.000764076/04713428-n:0.000764057/13969243-n:0.000760144/01110274-n:0.000723503/05789089-n:0.000720802/01205564-n:0.000714568/13971901-n:0.000698878/13971802-n:0.000692128
. . Fp 1 -

