Cabe caber VMIP3S0 0.479968 00050652-v:0.00395355/02735753-v:0.00394413
recurso recurso NCMS000 0.914011 05154676-n:0.00105356/01185611-n:0.000855648/05155123-n:0.000826965/13331778-n:0.000826337/05154908-n:0.000821967/00177448-n:0.00081931/05154517-n:0.000812044/01208597-n:0.000803145/07068844-n:0.00074359/07246932-n:0.000705367
a a SP 1 -
o o DA0MS0 0.950254 - o PD0MS00 0.0313531 - o PP3MSA0 0.0183743 - o NCMS000 1.85412e-05 -
Conselho_Federal conselho_federal NP00O00 1 -
de de SP 1 -
todas_as todas_as PI0FP00 1 -
decisões decisão NCFP000 1 05838176-n:0.00303139/05788149-n:0.00274263/00162632-n:0.00266711/04863969-n:0.00249768/01191158-n:0.00248266/07293546-n:0.00230053
definitivas definitivo AQ0FP00 1 01578312-a:0.00200617/00700451-a:0.00192341/01010271-a:0.00187555/00550574-a:0.00184322
proferidas proferir VMP00PF 0.992518 00941990-v:0.00288958/00978549-v:0.00286041/00940384-v:0.00279189
por por SP 1 -
o o DA0MS0 1 -
Conselho_Seccional conselho_seccional NP00O00 1 -
, , Fc 1 -
quando quando RG 0.998992 -
não não RN 0.99985 00024073-r:0.00514812/00024587-r:0.00187615/00050681-r:0.00178602/00024356-r:0.00177419
tenham ter VMSP3P0 0.97619 02655135-v:0.00143509/02603699-v:0.00141417/02749904-v:0.00120513/00065639-v:0.000522753/00056930-v:0.000481959/00052374-v:0.000458863/02204692-v:0.000406996/02700867-v:0.000387646/02205098-v:0.000381896/02630189-v:0.00037929/02108026-v:0.00037893/02203362-v:0.000377814/01733477-v:0.000370276/02632167-v:0.000368614/02630871-v:0.000352898/01156834-v:0.000351711/00065370-v:0.000344418/02355596-v:0.000339187/02210119-v:0.000337591/00059559-v:0.000309607/00121046-v:0.00030884/00639849-v:0.000304191/02746275-v:0.000297718/02740745-v:0.000295231
sido ser VMP00SM 1 00339934-v:0.00241073/02604760-v:0.00178824/02655135-v:0.00143509/02603699-v:0.00141417/02749904-v:0.00120513/02627363-v:0.00116993/02620587-v:0.00115697/02702508-v:0.00107899/02445925-v:0.00106807/02731024-v:0.00103746/02664769-v:0.000978706/02597601-v:0.000968622/02614181-v:0.000959262/01717851-v:0.000939866/02616386-v:0.000909838
unânimes unânime AQ0CP00 1 00784215-a:0.00401152/00553732-a:0.00394094
ou ou CC 1 -
, , Fc 1 -
sendo ser VMG0000 1 00339934-v:0.00241073/02604760-v:0.00178824/02655135-v:0.00143509/02603699-v:0.00141417/02749904-v:0.00120513/02627363-v:0.00116993/02620587-v:0.00115697/02702508-v:0.00107899/02445925-v:0.00106807/02731024-v:0.00103746/02664769-v:0.000978706/02597601-v:0.000968622/02614181-v:0.000959262/01717851-v:0.000939866/02616386-v:0.000909838
unânimes unânime AQ0CP00 1 00784215-a:0.00401152/00553732-a:0.00394094
, , Fc 1 -
contrariem contrariar VMSP3P0 0.994118 02558172-v:0.00194088/00869126-v:0.00191479/01817130-v:0.00181581/02564841-v:0.00178992
esta este DD0FS0 0.877868 -
lei lei NCFS000 1 05846054-n:0.00220786/08441203-n:0.00219164/05726596-n:0.00199198/06532330-n:0.00174162/06564387-n:0.000889911/08209687-n:0.000765309/05872982-n:0.000739714/06532095-n:0.000704344/08456347-n:0.00068593/05870916-n:0.000677102/06478582-n:0.000655018
, , Fc 1 -
decisão decisão NCFS000 1 05838176-n:0.00303139/05788149-n:0.00274263/00162632-n:0.00266711/04863969-n:0.00249768/01191158-n:0.00248266/07293546-n:0.00230053
de de SP 1 -
o o DA0MS0 0.950254 - o PD0MS00 0.0313531 - o PP3MSA0 0.0183743 - o NCMS000 1.85412e-05 -
Conselho_Federal conselho_federal NP00O00 1 -
ou ou CC 1 -
de de SP 1 -
outro outro DI0MS0 0.802288 -
Conselho_Seccional conselho_seccional NP00O00 1 -
e e CC 0.999951 -
, , Fc 1 -
ainda ainda RG 1 00040365-r:0.00129867/00027795-r:0.00119414/00018189-r:0.00111135/00047534-r:0.00109224/00017639-r:0.00104686/00027918-r:0.00102914/00031304-r:0.000996492
, , Fc 1 -
o o DA0MS0 0.950254 -
regulamento regulamento NCMS000 0.97619 80000908-n:0.00251821/05846054-n:0.00220786/14443434-n:0.00154615/00805034-n:0.00150267/06537951-n:0.00140534
geral geral AQ0CS00 0.694581 01101391-a:0.00143512/00526062-a:0.00105501/00489108-a:0.00105329/00783840-a:0.00103991/01426077-a:0.000966211/00527188-a:0.000948474/01839663-a:0.000902691/00487198-a:0.000892016
, , Fc 1 -
o o DA0MS0 0.950254 -
Código_de_Ética código_de_ética NP00V00 1 -
e e CC 0.999951 -
Disciplina disciplina NP00O00 1 05726596-n:0.00199198/05996646-n:0.00168458/05662876-n:0.00147376/04881623-n:0.00139324/00893836-n:0.00129564/01132864-n:0.00122448
e e CC 0.999951 -
os o DA0MP0 0.958022 -
Provimentos provimentos NP00V00 1 -
. . Fp 1 -

Além além RG 0.774105 00029367-r:0.00894903/00047534-r:0.00609495/00082308-r:0.00591941
de de SP 1 -
os o DA0MP0 0.958022 - o PD0MP00 0.021587 - o PP3MPA0 0.0203911 -
interessados interessado NCMP000 0.406849 09852081-n:0.0178502
, , Fc 1 -
o o DA0MS0 0.950254 -
Presidente_do_Conselho_Seccional presidente_do_conselho_seccional NP00SP0 1 -
é ser VMIP3S0 1 00339934-v:0.00252316/02604760-v:0.00178341/02627363-v:0.0014338/02620587-v:0.00135841/02655135-v:0.00133958/02702508-v:0.00131791/02603699-v:0.00131506/02445925-v:0.00130395/02731024-v:0.0012678/02664769-v:0.00119532/02614181-v:0.00117154/02597601-v:0.00116882/01717851-v:0.00114981/02749904-v:0.00112363/02616386-v:0.00111208
legitimado legitimar VMP00SM 0.721854 02481436-v:0.018024
a a SP 0.313151 -
interpor interpor VMN0000 0.533333 00914769-v:0.00504352/02098964-v:0.00498309/01462468-v:0.00476779/02079051-v:0.00421932
o o DA0MS0 0.950254 -
recurso recurso NCMS000 0.914011 05154676-n:0.00256363/05155123-n:0.00201636/05154908-n:0.00200693/00177448-n:0.00199266/13331778-n:0.00198651/05154517-n:0.00197441/01208597-n:0.00193225/01185611-n:0.00189375/07068844-n:0.00181327/07246932-n:0.00171544
referido referir VMP00SM 0.983871 02676054-v:0.00311989/01024190-v:0.0027344/01023071-v:0.00175496/01023259-v:0.00169913/00947077-v:0.00160724/00813978-v:0.0016004/01952898-v:0.00154901/02611630-v:0.00154198/00730052-v:0.00147939/01024763-v:0.00147458/00655555-v:0.00146042/01028294-v:0.0014061
em em SP 1 -
este este DD0MS0 0.843484 - este PD0MS00 0.156516 -
artigo artigo NCMS000 1 00022903-n:0.00214405/03076708-n:0.00192815/06681177-n:0.0018707/06681551-n:0.00186097/04550840-n:0.00178087/06268096-n:0.00177871/03748886-n:0.00172625/02745091-n:0.00168528/06683784-n:0.00168299/06324669-n:0.0016058/06269956-n:0.0015481/06392935-n:0.00153171
. . Fp 1 -

