A o DA0FS0 0.675415 -
eleição eleição NCFS000 1 00183505-n:0.00254121/00181781-n:0.00156795/00161243-n:0.00129178/05790944-n:0.00100877/05790242-n:0.000999983/00163779-n:0.000954502/00180962-n:0.000934269
de de SP 1 -
a o DA0FS0 0.675415 - a SP 0.313151 - o PP3FSA0 0.00613742 - o PD0FS00 0.00514062 - a NCMS000 0.000156639 -
Diretoria_do_Conselho_Federal diretoria_do_conselho_federal NP00O00 1 -
, , Fc 1 -
que que PR0CN00 0.584265 -
tomará tomar VMIF3S0 1 02210855-v:0.000527563/01156834-v:0.000256185/01170052-v:0.000234131/01171183-v:0.00021057/02381726-v:0.0002068/02272549-v:0.000192913/01212572-v:0.000191927/01982395-v:0.000190764/02205272-v:0.000176669/01214265-v:0.000167029/01213614-v:0.000166805/02206619-v:0.000164847/02394183-v:0.000162141/01202068-v:0.000159628/02346895-v:0.000157925/01721754-v:0.000156851/01172275-v:0.000150781/01172701-v:0.000147651/01199487-v:0.000146912/02248299-v:0.00013928/02599636-v:0.000136578
posse posse NCFS000 1 00809465-n:0.000724658/00032613-n:0.000648806/00809702-n:0.000588026/14407795-n:0.000581047/00239910-n:0.000580515
em em SP 1 -
o o DA0MS0 1 -
dia dia NCMS000 1 15155220-n:0.000858228/15157225-n:0.00044663/15136453-n:0.000389374/15159583-n:0.000373834/15164957-n:0.000347292/15136723-n:0.000331817/15208333-n:0.000324934/15157041-n:0.000304694/15208540-n:0.000302465/15123115-n:0.000299594
1º 1º Z 1 -
de de SP 1 -
fevereiro [??:??/2/??:??.??:??] W 1 -
, , Fc 1 -
obedecerá obedecer VMIF3S0 1 02542795-v:0.000900576/00804139-v:0.000812315/02571901-v:0.000779504/02662979-v:0.000745415
a a SP 1 -
as o DA0FP0 0.974798 - o PD0FP00 0.0142702 - o PP3FPA0 0.0109322 -
seguintes seguinte AQ0CP00 0.97619 00127296-a:0.00219924/00127948-a:0.00107478/00127815-a:0.00107085/00199569-a:0.000986601/01294975-a:0.000975017/01732601-a:0.000943993
regras regra NCFP000 0.992424 07260623-n:0.000394678/05846054-n:0.000365005/05667613-n:0.000343446/06652242-n:0.000339753/05874232-n:0.000334621/13513747-n:0.000329136/05913538-n:0.000324864/04118776-n:0.00030943/06652064-n:0.000302918/06788897-n:0.000296314
: : Fd 1 -
será ser VMIF3S0 1 00339934-v:0.00109479/02604760-v:0.000810458/02627363-v:0.000718875/02620587-v:0.000531122/02603699-v:0.000480296/02655135-v:0.000476426/02702508-v:0.000435817/02445925-v:0.000427548/02731024-v:0.000417087/02664769-v:0.00039298/02614181-v:0.000385548/02597601-v:0.000385084/01717851-v:0.000379769/02749904-v:0.000369048/02616386-v:0.000364626
admitido admitir VMP00SM 0.992518 02502536-v:0.000272412/00817311-v:0.000252474/00668099-v:0.000245566/00723545-v:0.000244747/02671279-v:0.00024074/00818553-v:0.000239423/00592883-v:0.000234487/02449847-v:0.000232818/02236624-v:0.0002313/02209936-v:0.000224929/02745486-v:0.000219884/02348568-v:0.000212153/01773734-v:0.000207722/02741682-v:0.000199843/02546467-v:0.00019784
registro registro NCMS000 0.914011 06647206-n:0.000402622/13403643-n:0.000378367/06636524-n:0.000364987/07270179-n:0.000343269/06507041-n:0.000332405/13412321-n:0.000330594/06503724-n:0.000322786/04071876-n:0.000306327/05126849-n:0.000305757/00050037-n:0.000299196
, , Fc 1 -
junto junto RG 0.984962 00507927-r:0.0028188
a a SP 1 -
o o DA0MS0 0.950254 - o PD0MS00 0.0313531 - o PP3MSA0 0.0183743 - o NCMS000 1.85412e-05 -
Conselho_Federal conselho_federal NP00O00 1 -
, , Fc 1 -
de de SP 1 -
candidatura candidatura NCFS000 1 06512580-n:0.00171592/00799537-n:0.001564
a a SP 1 -
a o DA0FS0 0.675415 - a SP 0.313151 - o PP3FSA0 0.00613742 - o PD0FS00 0.00514062 - a NCMS000 0.000156639 -
presidência presidência NCFS000 1 15266265-n:0.00108783/00596807-n:0.00107556/00590047-n:0.000952016
, , Fc 1 -
desde desde SP 1 -
seis 6 Z 1 -
meses mês NCMP000 1 15209413-n:0.00372929/15206296-n:0.00323087
até até SP 0.764262 -
um um DI0MS0 0.877848 -
mês mês NCMS000 1 15209413-n:0.00372929/15206296-n:0.00323087
antes antes RG 0.996627 00060632-r:0.00206703/00066781-r:0.0010729/00060939-r:0.000944836
de de SP 1 -
a o DA0FS0 0.675415 - a SP 0.313151 - o PP3FSA0 0.00613742 - o PD0FS00 0.00514062 - a NCMS000 0.000156639 -
eleição eleição NCFS000 1 00183505-n:0.00254121/00181781-n:0.00156795/00161243-n:0.00129178/05790944-n:0.00100877/05790242-n:0.000999983/00163779-n:0.000954502/00180962-n:0.000934269
; ; Fx 1 -
o o DA0MS0 0.950254 -
requerimento requerimento NCMS000 1 06513366-n:0.00167769/07185325-n:0.00167639
de de SP 1 -
registro registro NCMS000 0.914011 06647206-n:0.000402622/13403643-n:0.000378367/06636524-n:0.000364987/07270179-n:0.000343269/06507041-n:0.000332405/13412321-n:0.000330594/06503724-n:0.000322786/04071876-n:0.000306327/05126849-n:0.000305757/00050037-n:0.000299196
deverá dever VMIF3S0 1 02254155-v:0.00103885/02731814-v:0.00103797/02253956-v:0.00100136
vir vir VMN0000 0.331646 02627363-v:0.000718875/02005948-v:0.000509631/01849221-v:0.000268885/02053941-v:0.000263855/00341917-v:0.000263457/00422090-v:0.000252032/00528990-v:0.000245994/02737187-v:0.000231888/02617567-v:0.000224677/02729963-v:0.000222853/02625339-v:0.00022143/00659984-v:0.000203343/02006709-v:0.000202512/02686805-v:0.000202493
acompanhado acompanhar VMP00SM 0.986111 02252053-a:0.000361162/02025550-v:0.00036056/02026086-v:0.000339287/02716767-v:0.000337093/02716165-v:0.000297177/02250899-a:0.000283637/02578872-v:0.000277978/01679433-v:0.000272805/01728355-v:0.000266847/02371684-v:0.000265651/02332086-v:0.00025071
de de SP 1 -
o o DA0MS0 0.950254 - o PD0MS00 0.0313531 - o PP3MSA0 0.0183743 - o NCMS000 1.85412e-05 -
apoiamento apoiamento NCMS000 1 -
de de SP 1 -
, , Fc 1 -
em em SP 1 -
o o DA0MS0 1 -
mínimo mínimo NCMS000 0.621951 13763384-n:0.000981873/06658118-n:0.000841447/08600274-n:0.000741433/13761801-n:0.000695646
, , Fc 1 -
seis 6 Z 1 -
Conselhos_Seccionais conselhos_seccionais NP00SP0 1 -
; ; Fx 1 -
até até SP 0.764262 -
um um DI0MS0 0.877848 -
mês mês NCMS000 1 15209413-n:0.00372929/15206296-n:0.00323087
antes antes RG 0.996627 00060632-r:0.00206703/00066781-r:0.0010729/00060939-r:0.000944836
de de SP 1 -
as o DA0FP0 0.974798 - o PD0FP00 0.0142702 - o PP3FPA0 0.0109322 -
eleições eleição NCFP000 1 00183505-n:0.00254121/00181781-n:0.00156795/00161243-n:0.00129178/05790944-n:0.00100877/05790242-n:0.000999983/00163779-n:0.000954502/00180962-n:0.000934269
, , Fc 1 -
deverá dever VMIF3S0 1 02254155-v:0.00103885/02731814-v:0.00103797/02253956-v:0.00100136
ser ser VMN0000 0.33093 00339934-v:0.00109479/02604760-v:0.000810458/02627363-v:0.000718875/02620587-v:0.000531122/02603699-v:0.000480296/02655135-v:0.000476426/02702508-v:0.000435817/02445925-v:0.000427548/02731024-v:0.000417087/02664769-v:0.00039298/02614181-v:0.000385548/02597601-v:0.000385084/01717851-v:0.000379769/02749904-v:0.000369048/02616386-v:0.000364626
requerido requerer VMP00SM 0.992518 02627934-v:0.000549066/00752764-v:0.000534686/00753428-v:0.000411117/00755745-v:0.000387606/01188725-v:0.000384944/00792471-v:0.000356376/00755447-v:0.000333871/01063695-v:0.000323621/01189113-v:0.000307731/02632567-v:0.000301649
o o DA0MS0 0.950254 -
registro registro NCMS000 0.914011 06647206-n:0.000402622/13403643-n:0.000378367/06636524-n:0.000364987/07270179-n:0.000343269/06507041-n:0.000332405/13412321-n:0.000330594/06503724-n:0.000322786/04071876-n:0.000306327/05126849-n:0.000305757/00050037-n:0.000299196
de de SP 1 -
a o DA0FS0 0.675415 - a SP 0.313151 - o PP3FSA0 0.00613742 - o PD0FS00 0.00514062 - a NCMS000 0.000156639 -
chapa chapa NCFS000 0.819323 03959936-n:0.00062772/04188643-n:0.00058449/06255777-n:0.000543519/04314216-n:0.000513419/04233405-n:0.000495863/03661180-n:0.000479282
completa completar VMIP3S0 0.916667 00484166-v:0.000488897/01640855-v:0.000390896/00172381-v:0.000295627/02609764-v:0.000278208/00452512-v:0.000252469/00455750-v:0.000226595/02649042-v:0.000225929/02342132-v:0.00022591/00485274-v:0.000217367/00484712-v:0.000211675/02563724-v:0.000202854/01020731-v:0.000202688/01117484-v:0.000195065/00455919-v:0.000192661/00473799-v:0.000190255
, , Fc 1 -
sob_pena_de sob_pena_de SP 1 -
cancelamento cancelamento NCMS000 1 00232386-n:0.00153628/07207142-n:0.00145071
de de SP 1 -
a o DA0FS0 0.675415 - a SP 0.313151 - o PP3FSA0 0.00613742 - o PD0FS00 0.00514062 - a NCMS000 0.000156639 -
candidatura candidatura NCFS000 1 06512580-n:0.00171592/00799537-n:0.001564
respectiva respectivo AQ0FS00 1 00494409-a:0.00300931
; ; Fx 1 -
em em SP 1 -
o o DA0MS0 1 -
dia_31_de_janeiro [??:31/1/??:??.??:??] W 1 -
de de SP 1 -
o o DA0MS0 0.950254 - o PD0MS00 0.0313531 - o PP3MSA0 0.0183743 - o NCMS000 1.85412e-05 -
ano ano NCMS000 1 15202634-n:0.00107268/15203791-n:0.00102469/15203565-n:0.000950079/15201505-n:0.000931161/15202806-n:0.000861603/08238660-n:0.000836775/15204297-n:0.000835649/15203229-n:0.000791985
seguinte seguinte AQ0CS00 0.932099 00127296-a:0.00219924/00127948-a:0.00107478/00127815-a:0.00107085/00199569-a:0.000986601/01294975-a:0.000975017/01732601-a:0.000943993
a a SP 1 -
o o DA0MS0 0.950254 - o PD0MS00 0.0313531 - o PP3MSA0 0.0183743 - o NCMS000 1.85412e-05 -
de de SP 1 -
a o DA0FS0 0.675415 - a SP 0.313151 - o PP3FSA0 0.00613742 - o PD0FS00 0.00514062 - a NCMS000 0.000156639 -
eleição eleição NCFS000 1 00183505-n:0.00254121/00181781-n:0.00156795/00161243-n:0.00129178/05790944-n:0.00100877/05790242-n:0.000999983/00163779-n:0.000954502/00180962-n:0.000934269
, , Fc 1 -
o o DA0MS0 0.950254 -
Conselho_Federal conselho_federal NP00O00 1 -
elegerá eleger VMIF3S0 1 00674607-v:0.00133363/02400760-v:0.000757548/02396205-v:0.000584/00679389-v:0.000523365/00676864-v:0.000458819/01710481-v:0.000443719/02462201-v:0.000432654
, , Fc 1 -
em em SP 1 -
reunião reunião NCFS000 1 07975026-n:0.000686499/01229938-n:0.000444223/08307589-n:0.000444118/07951464-n:0.000377064/01014066-n:0.000313195/01230965-n:0.000291747/08310389-n:0.000284447/00382474-n:0.000272475/01014990-n:0.000269346/01231686-n:0.000267885/08478371-n:0.000255924/08415774-n:0.000238403
presidida presidir VMP00SF 0.9925 02443609-v:0.00148417/00813790-v:0.00109216/02440020-v:0.00103326
por por SP 1 -
o o DA0MS0 1 -
conselheiro conselheiro NCMS000 0.632636 09774266-n:0.00174791/09968845-n:0.00155406
mais mais RG 0.999721 00029367-r:0.000730092/00099712-r:0.000616446/00111609-r:0.000529257/00047534-r:0.00052857/00099341-r:0.000484624/00112009-r:0.000469072
antigo antigo AQ0MS00 0.991071 01638438-a:0.000675683/01643620-a:0.000355846/01728614-a:0.000298707/01638962-a:0.000269792/01730745-a:0.000250431/01729566-a:0.000247932/01729819-a:0.000247233/00669138-a:0.000245272/01639446-a:0.000245039/01640261-a:0.000236462/01639230-a:0.000235866/00936297-a:0.000235779
, , Fc 1 -
por por SP 1 -
voto voto NCMS000 0.968254 00183505-n:0.00254121/05186306-n:0.00160121/00182213-n:0.00154172/07228751-n:0.00153386
secreto secreto AQ0MS00 0.637931 00415228-a:0.000262925/01859571-a:0.000237943/00900071-a:0.000229685/01706986-a:0.000216928/00416045-a:0.000215012/00899738-a:0.000214257/00952181-a:0.000213556/02089514-a:0.000209318/02090069-a:0.000208384/01706465-a:0.000207564/00899612-a:0.000207026/01859801-a:0.000206848/00028984-a:0.000204563/01860580-a:0.000200442
e e CC 0.999951 -
para para SP 0.999444 -
mandato mandato NCMS000 0.98913 15291498-n:0.00058868/08050678-n:0.000501407/01140658-n:0.000493755/01140471-n:0.000481857/06552984-n:0.000476465/06556481-n:0.000467354/06530789-n:0.000421739
de de SP 1 -
3 3 Z 1 -
( ( Fpa 1 -
três 3 Z 1 -
) ) Fpt 1 -
anos ano NCMP000 1 15202634-n:0.00107268/15203791-n:0.00102469/15203565-n:0.000950079/15201505-n:0.000931161/15202806-n:0.000861603/08238660-n:0.000836775/15204297-n:0.000835649/15203229-n:0.000791985
, , Fc 1 -
sua seu DP3FSS 0.929764 -
diretoria diretoria NCFS000 1 08380768-n:0.00299164
, , Fc 1 -
que que PR0CN00 0.584265 -
tomará tomar VMIF3S0 1 02210855-v:0.000527563/01156834-v:0.000256185/01170052-v:0.000234131/01171183-v:0.00021057/02381726-v:0.0002068/02272549-v:0.000192913/01212572-v:0.000191927/01982395-v:0.000190764/02205272-v:0.000176669/01214265-v:0.000167029/01213614-v:0.000166805/02206619-v:0.000164847/02394183-v:0.000162141/01202068-v:0.000159628/02346895-v:0.000157925/01721754-v:0.000156851/01172275-v:0.000150781/01172701-v:0.000147651/01199487-v:0.000146912/02248299-v:0.00013928/02599636-v:0.000136578
posse posse NCFS000 1 00809465-n:0.000724658/00032613-n:0.000648806/00809702-n:0.000588026/14407795-n:0.000581047/00239910-n:0.000580515
em em SP 1 -
o o DA0MS0 1 -
dia dia NCMS000 1 15155220-n:0.000858228/15157225-n:0.00044663/15136453-n:0.000389374/15159583-n:0.000373834/15164957-n:0.000347292/15136723-n:0.000331817/15208333-n:0.000324934/15157041-n:0.000304694/15208540-n:0.000302465/15123115-n:0.000299594
seguinte seguinte AQ0CS00 0.932099 00127296-a:0.00219924/00127948-a:0.00107478/00127815-a:0.00107085/00199569-a:0.000986601/01294975-a:0.000975017/01732601-a:0.000943993
; ; Fx 1 -
será ser VMIF3S0 1 00339934-v:0.00109479/02604760-v:0.000810458/02627363-v:0.000718875/02620587-v:0.000531122/02603699-v:0.000480296/02655135-v:0.000476426/02702508-v:0.000435817/02445925-v:0.000427548/02731024-v:0.000417087/02664769-v:0.00039298/02614181-v:0.000385548/02597601-v:0.000385084/01717851-v:0.000379769/02749904-v:0.000369048/02616386-v:0.000364626
considerada considerar VMP00SF 0.986111 01494310-v:0.000416757/00644583-v:0.000269079/00689950-v:0.000236925/02166460-v:0.000213762/00690614-v:0.00019904/00813044-v:0.000196735/00689344-v:0.000189276/00950431-v:0.000176089/00693780-v:0.000163977/00712135-v:0.00016344/02130300-v:0.000160746/00694068-v:0.000147975/00734054-v:0.000147791/01773130-v:0.000141666/00711715-v:0.00014124/00683280-v:0.000137862/02164825-v:0.000135056/00640650-v:0.00013433/00691312-v:0.000129288/00715239-v:0.000129129/00690305-v:0.000128435/00689809-v:0.000127429/02133185-v:0.00012514/00712556-v:0.000123935
eleita eleito NCFS000 0.536205 -
a a SP 0.313151 -
chapa chapa NCFS000 0.819323 03959936-n:0.00062772/04188643-n:0.00058449/06255777-n:0.000543519/04314216-n:0.000513419/04233405-n:0.000495863/03661180-n:0.000479282
que que PR0CN00 0.584265 -
obtiver obter VMSF1S0 0.5 00120316-v:0.00123725/02210855-v:0.000527563/02526085-v:0.000377173/02207206-v:0.000367226/02238085-v:0.000288066/02289295-v:0.000254663/02359340-v:0.000230409/02238770-v:0.000216248/00639849-v:0.00021561/00522751-v:0.000205591/02239261-v:0.000203259/02648502-v:0.00019968/02527431-v:0.000187945/02293148-v:0.000182198/00728826-v:0.000182143/02247390-v:0.000179521
maioria maioria NCFS000 1 13581067-n:0.00104172/05122557-n:0.00102863/15152062-n:0.000987522
simples simples AQ0CN00 0.98913 02174896-a:0.000411357/01791911-a:0.000402887/02166346-a:0.000277793/02272047-a:0.000238545/00750296-a:0.000235872/01841390-a:0.000235618/02340458-a:0.000234423/01099707-a:0.000232648/00699085-a:0.000232338/01793405-a:0.000229546/00060605-a:0.000227649/00765666-a:0.000224461/02175267-a:0.000215065
de de SP 1 -
os o DA0MP0 0.958022 - o PD0MP00 0.021587 - o PP3MPA0 0.0203911 -
votos voto NCMP000 0.987805 00183505-n:0.00254121/05186306-n:0.00160121/00182213-n:0.00154172/07228751-n:0.00153386
de de SP 1 -
os o DA0MP0 0.958022 - o PD0MP00 0.021587 - o PP3MPA0 0.0203911 -
Conselheiros_Federais conselheiros_federais NP00O00 1 -
, , Fc 1 -
presente presente AQ0CS00 0.957895 01846413-a:0.0012394/00666058-a:0.00118433/01731351-a:0.00112335
a a SP 0.313151 -
metade metade NCFS000 0.993421 13736799-n:0.00187039/15257829-n:0.00159717
mais mais RG 0.999721 00029367-r:0.000730092/00099712-r:0.000616446/00111609-r:0.000529257/00047534-r:0.00052857/00099341-r:0.000484624/00112009-r:0.000469072
1 1 Z 1 -
( ( Fpa 1 -
um 1 Z 0.117991 -
) ) Fpt 1 -
de de SP 1 -
seus seu DP3MPS 0.857735 -
membros membro NCMP000 1 10307234-n:0.000612688/05526384-n:0.000548619/05559908-n:0.000534617/05560244-n:0.000511942/13810615-n:0.000481981/02737833-n:0.000462486
. . Fp 1 -

Com com SP 1 -
exceção exceção NCFS000 1 05707269-n:0.00542108/07209533-n:0.00501561/05821246-n:0.0049648
de de SP 1 -
o o DA0MS0 0.950254 - o PD0MS00 0.0313531 - o PP3MSA0 0.0183743 - o NCMS000 1.85412e-05 -
candidato candidato NCMS000 0.962264 09889691-n:0.00363945/09607280-n:0.00360756/00799537-n:0.00324592/09890749-n:0.00305491/09801533-n:0.00303964
a a SP 0.313151 -
Presidente presidente NP00SP0 1 10467395-n:0.00322613/10468962-n:0.00266695/00597265-n:0.00261372/10467179-n:0.00258914/10468559-n:0.00243823/10468750-n:0.00233467/10469346-n:0.0023272
, , Fc 1 -
os o DA0MP0 0.958022 -
demais demais RG 1 00029367-r:0.010995/00047392-r:0.00859158
integrantes integrante AQ0CP00 1 -
de de SP 1 -
a o DA0FS0 0.675415 - a SP 0.313151 - o PP3FSA0 0.00613742 - o PD0FS00 0.00514062 - a NCMS000 0.000156639 -
chapa chapa NCFS000 0.819323 03959936-n:0.00302816/04188643-n:0.00285429/06255777-n:0.00263072/04314216-n:0.00255171/04233405-n:0.00246454/03661180-n:0.00237878
deverão dever VMIF3P0 1 02731814-v:0.00518497/02254155-v:0.00515459/02253956-v:0.00498005
ser ser VMN0000 0.33093 02604760-v:0.00228166/00339934-v:0.00213335/02620587-v:0.00164549/02627363-v:0.00117314/02655135-v:0.00109631/02702508-v:0.001091/02603699-v:0.00107844/02445925-v:0.00106408/02731024-v:0.00103716/02664769-v:0.000977969/02614181-v:0.000958691/02597601-v:0.000956646/01717851-v:0.000940283/02749904-v:0.000919667/02616386-v:0.000910217
conselheiros conselheiro NCMP000 0.632636 09774266-n:0.00865948/09968845-n:0.00773984
federais federal AQ0CP00 0.960748 01606214-a:0.0036608/01107206-a:0.00356485/02725829-a:0.00354151/01106129-a:0.00345557
eleitos eleito AQ0MP00 0.367376 00846052-a:0.00882524/01294857-a:0.00752481
. . Fp 1 -

