O o DA0MS0 0.950254 -
estagiário estagiário NCMS000 1 10211203-n:0.00395469/10722385-n:0.00296139
, , Fc 1 -
inscrito inscrever VMP00SM 0.992518 02471327-v:0.000806169/01321895-v:0.000770298/02471087-v:0.000678027/01749790-v:0.000650226/01001008-v:0.000637386/00887325-v:0.000606184/02472033-v:0.000598427/01276192-v:0.000586698/01097309-v:0.000571531/01583344-v:0.000567264
em em SP 1 -
o o DA0MS0 1 -
respectivo respectivo AQ0MS00 1 00494409-a:0.0122552
quadro quadro NCMS000 0.993421 03876519-n:0.000849427/02856463-n:0.000827125/06999802-n:0.000822231/02846511-n:0.000817012/08358594-n:0.000754767/03391464-n:0.000744678/08242100-n:0.000712709/13937075-n:0.000703208
, , Fc 1 -
fica ficar VMIP3S0 1 00117985-v:0.000626648/02731024-v:0.000484871/00358431-v:0.000447326/00149583-v:0.000425593/02744820-v:0.000419267/01857392-v:0.000417265/02731242-v:0.000414477/02639075-v:0.000414051/02229828-v:0.000405895/02735753-v:0.000402664/00689344-v:0.000395958/02727462-v:0.000395905/02618001-v:0.000387147/02009200-v:0.000372737/02637592-v:0.000371492/00542120-v:0.000362903
dispensado dispensar VMP00SM 0.992518 02564146-v:0.00135441/02534062-v:0.00129957/02534307-v:0.00121039/00893878-v:0.00112682/00081072-v:0.00104008/00893167-v:0.00101472
de de SP 1 -
o o DA0MS0 0.950254 - o PD0MS00 0.0313531 - o PP3MSA0 0.0183743 - o NCMS000 1.85412e-05 -
Exame_de_Ordem exame_de_ordem NP00O00 1 -
, , Fc 1 -
desde_que desde_que CS 1 -
comprove comprovar VMSP3S0 0.648523 00665886-v:0.00249793/02533282-v:0.0021732/02658283-v:0.00199299
, , Fc 1 -
em em SP 1 -
até até RG 0.235738 00047534-r:0.00206349/00017639-r:0.00198333/00027918-r:0.00194197
dois 2 Z 1 -
anos ano NCMP000 1 15203791-n:0.00130567/15202634-n:0.000991069/15203565-n:0.000963508/08238660-n:0.000860087/15204297-n:0.00084654/15201505-n:0.000843444/15202806-n:0.000830596/15203229-n:0.000809855
de de SP 1 -
a o DA0FS0 0.675415 - a SP 0.313151 - o PP3FSA0 0.00613742 - o PD0FS00 0.00514062 - a NCMS000 0.000156639 -
promulgação promulgação NCFS000 1 06726158-n:0.00231385/01126856-n:0.00227517/06726939-n:0.00209016
de de SP 1 -
esta este DD0FS0 0.877868 - este PD0FS00 0.122132 -
lei lei NCFS000 1 08441203-n:0.00231963/06532330-n:0.00143459/06564387-n:0.00078402/05872982-n:0.000636265/08209687-n:0.000630084/05726596-n:0.000601223/08456347-n:0.000582436/06478582-n:0.000577522/06532095-n:0.000576231/05846054-n:0.000567701/05870916-n:0.000550335
, , Fc 1 -
o o DA0MS0 0.950254 -
exercício exercício NCMS000 1 00894552-n:0.00129715/00624738-n:0.00127418/00947128-n:0.0012659/15203120-n:0.00121735/00729919-n:0.00115801
e e CC 0.999951 -
resultado resultado NCMS000 0.936047 11410625-n:0.00117965/07291312-n:0.00112847/07292694-n:0.00106357/13594585-n:0.000689778/11416988-n:0.000655059/06746005-n:0.000646152/06743506-n:0.000645518/07295507-n:0.000634192/07293546-n:0.000580021/11411610-n:0.000570476
de de SP 1 -
o o DA0MS0 0.950254 - o PD0MS00 0.0313531 - o PP3MSA0 0.0183743 - o NCMS000 1.85412e-05 -
estágio estágio NCMS000 1 00593837-n:0.00323811/03799375-n:0.00305399
profissional profissional AQ0CS00 0.567364 01868724-a:0.00127825/01870100-a:0.00107154/02556402-a:0.00103296/02839695-a:0.00102956/02840478-a:0.00102152/02839505-a:0.00100521
ou ou CC 1 -
a o DA0FS0 0.675415 -
conclusão conclusão NCFS000 1 07291312-n:0.00112847/15266911-n:0.000749062/00211110-n:0.000681269/00209943-n:0.000679408/00229260-n:0.000524629/04754440-n:0.000512455/15267536-n:0.000510925/06753030-n:0.000503729/06398401-n:0.00049629/00151497-n:0.000496102/05781541-n:0.000483138/00216038-n:0.00047984/07177622-n:0.000446002
, , Fc 1 -
com com SP 1 -
aproveitamento aproveitamento NCMS000 1 -
, , Fc 1 -
de de SP 1 -
o o DA0MS0 0.950254 - o PD0MS00 0.0313531 - o PP3MSA0 0.0183743 - o NCMS000 1.85412e-05 -
estágio estágio NCMS000 1 00593837-n:0.00323811/03799375-n:0.00305399
de de SP 1 -
Prática_Forense prática_forense NP00SP0 1 -
e e CC 0.999951 -
Organização_Judiciária organização_judiciária NP00SP0 1 -
, , Fc 1 -
realizado realizar VMP00SM 0.983871 01617192-v:0.00103456/00339934-v:0.000625668/01621555-v:0.000623848/02526085-v:0.000540762/01640855-v:0.000507819/00486018-v:0.000441197/02671880-v:0.000403615/02561995-v:0.000402402/02560767-v:0.000386965/01648126-v:0.000382866/01644746-v:0.000377642/02233195-v:0.000361568/02374764-v:0.00035245/00521329-a:0.000342281/02244603-v:0.000341334/00591755-v:0.00033168/02226028-a:0.000331374
junto junto RG 0.984962 00507927-r:0.00573992
a a SP 1 -
a o DA0FS0 0.675415 - a SP 0.313151 - o PP3FSA0 0.00613742 - o PD0FS00 0.00514062 - a NCMS000 0.000156639 -
respectiva respectivo AQ0FS00 1 00494409-a:0.0122552
faculdade faculdade NCFS000 1 08278324-n:0.00120459/08287586-n:0.00118199/05616246-n:0.00116901/08278169-n:0.00113223/13353280-n:0.00109236/05650329-n:0.00102226
, , Fc 1 -
em em SP 1 -
a o DA0FS0 1 -
forma forma NCFS000 0.996448 04928903-n:0.00215274/05839024-n:0.000771908/05930736-n:0.000611278/06290637-n:0.000591896/05064037-n:0.000559972/00172710-n:0.000529149/00027807-n:0.000491222/06473563-n:0.000439725/05217168-n:0.000436781/08111157-n:0.000408781/14546432-n:0.000407677/05941210-n:0.000387799/04677514-n:0.000375944/07683138-n:0.000365335/04200908-n:0.000356629/04931733-n:0.000348055
de de SP 1 -
a o DA0FS0 0.675415 - a SP 0.313151 - o PP3FSA0 0.00613742 - o PD0FS00 0.00514062 - a NCMS000 0.000156639 -
legislação legislação NCFS000 1 01125693-n:0.00364925/06535222-n:0.00353561
em em SP 1 -
vigor vigor NCMS000 1 05194578-n:0.00105847/05035961-n:0.000901225/05035353-n:0.000865784/05030806-n:0.00083906/00965404-n:0.000824937/11458624-n:0.000790003/10461424-n:0.00077498/04633197-n:0.000723062
. . Fp 1 -

