A o DA0FS0 
jurisdição jurisdição NCFS000 05198427-n:0/08590369-n:0/08677525-n:0
disciplinar disciplinar VMN0000 02553428-v:0
não não RN 00024073-r:0
exclui excluir VMIP3S0 00615774-v:0/00796588-v:0/01468576-v:0/01549187-v:0/02449340-v:0/02629390-v:0/02633714-v:0
a o DA0FS0 
comum comum AQ0CS00 00485711-a:0/00489108-a:0/00492677-a:0/00970610-a:0/01046226-a:0/01593079-a:0/01672607-a:0/02152473-a:0/02346557-a:0
e e CC 
, , Fc 
quando quando RG 
o o DA0MS0 
fato fato NCMS000 00029378-n:0/04350905-n:0/05819453-n:0/06636259-n:0
constituir constituir VMN0000 01647229-v:0/02621395-v:0
crime crime NCMS000 00766234-n:0/00767477-n:0/00768701-n:0
ou ou CC 
contravenção contravenção NCFS000 01170813-n:0
, , Fc 
deve dever VMIP3S0 02253956-v:0/02254155-v:0/02731814-v:0
ser ser VMN0000 01717851-v:0/02597601-v:0/02603699-v:0/02604760-v:0/02627363-v:0/02749904-v:0
comunicado comunicar VMP00SM 00740577-v:0/00742320-v:0/00873682-v:0
a a SP 
as o DA0FP0 
autoridades autoridade NCFP000 06411592-n:0/09824361-n:0/09824609-n:0
competentes competente AQ0CP00 00510050-a:0/02226162-a:0
. . Fp 

