A o DA0FS0 0.675415 -
inscrição inscrição NCFS000 1 06405699-n:0.00596625/00050037-n:0.00532185
principal principal AQ0CS00 0.99505 01472628-a:0.00119708/00198904-a:0.00118591/00792202-a:0.00117112/00730215-a:0.00107476/00228294-a:0.00105908/01472351-a:0.00104949/00901060-a:0.00104419/01012990-a:0.0010276/01512527-a:0.00101716/01277426-a:0.00101704
de de SP 1 -
o o DA0MS0 0.950254 - o PD0MS00 0.0313531 - o PP3MSA0 0.0183743 - o NCMS000 1.85412e-05 -
advogado advogado NCMS000 0.975904 10249950-n:0.00313092/09774783-n:0.00247667/09775663-n:0.00229622/10623175-n:0.00229219/09840963-n:0.00227147
deve dever VMIP3S0 0.99061 02731814-v:0.00379647/02254155-v:0.00377965/02253956-v:0.00365216
ser ser VMN0000 0.33093 02604760-v:0.00185142/00339934-v:0.00160165/02620587-v:0.000943572/02627363-v:0.000858141/02655135-v:0.000813151/02702508-v:0.000798633/02603699-v:0.000796196/02445925-v:0.000781825/02731024-v:0.000761726/02664769-v:0.000718318/02597601-v:0.000705767/02614181-v:0.000704151/01717851-v:0.000697138/02749904-v:0.000674609/02616386-v:0.000667601
feita fazer VMP00SF 0.803681 02621395-v:0.00158402/02530167-v:0.00133381/00665476-v:0.00124421/01617192-v:0.00122493/01647229-v:0.00107788/00730758-v:0.00105995/00120316-v:0.00101417/01752884-v:0.000700334/02367363-v:0.000668872/01621555-v:0.000460673/00056930-v:0.000369943/01659248-v:0.000363114/01714208-v:0.000359309/01645601-v:0.000333854/01629000-v:0.000324726/00142191-v:0.000324314/02204692-v:0.000319501/01753788-v:0.000308045/02568672-v:0.000300552/00770437-v:0.000291239/01653873-v:0.000286469/00010435-v:0.000277211/02203362-v:0.000246044/01640207-v:0.000235492/01733477-v:0.000227508/01712704-v:0.000219819/02630189-v:0.000218797/01752495-v:0.000210322/02745332-v:0.000206995/01754737-v:0.000205519/02598483-v:0.000195702/02355596-v:0.000192419/02176268-v:0.000192005/01719921-v:0.000191845/01627355-v:0.000189824/02205098-v:0.000189289/00818974-v:0.000188715/01646075-v:0.000187207/00698256-v:0.000183699/02561995-v:0.000178985/02539788-v:0.00017328/01628197-v:0.000171191/01629589-v:0.000169595/01438902-v:0.000168653/02560767-v:0.000168553/01658188-v:0.000167207/02582921-v:0.000166384/01739814-v:0.000165427/00767334-v:0.000165426/02617567-v:0.000162723/02560585-v:0.00016131/01619014-v:0.000161023/00012267-v:0.000159831/01685313-v:0.000159041/01738774-v:0.000158584/02709107-v:0.000158358/02374764-v:0.000157513/00408624-v:0.000157017/00107369-v:0.000156518/00059559-v:0.000155685/01755504-v:0.000154453/00065370-v:0.000153859/01649024-v:0.000152161/00121046-v:0.000151891/02621133-v:0.000149505/02434859-v:0.000149034/02599636-v:0.00014821/01116980-v:0.000147438/02211948-v:0.000144519/02562901-v:0.000142561/00120675-v:0.000141714
em em SP 1 -
o o DA0MS0 1 -
Conselho_Seccional conselho_seccional NP00O00 1 -
em em SP 1 -
cujo cujo PR0MS00 1 -
território território NCMS000 1 08497294-n:0.0022005/08552138-n:0.00214551/08556491-n:0.00205374/08493064-n:0.00202307/05221895-n:0.00194828/08674563-n:0.00180204
pretende pretender VMIP3S0 0.990196 00708538-v:0.00160389/02530167-v:0.00133381/02627934-v:0.00123204/00708980-v:0.00122136/00698572-v:0.00111123/01826723-v:0.00109869/02275799-v:0.00107182/00838043-v:0.0010618/00706047-v:0.00104033/00916909-v:0.00100326/00757192-v:0.000948822
estabelecer estabelecer VMN0000 0.529581 02621395-v:0.00158402/00665476-v:0.00124421/01647229-v:0.00107788/00730758-v:0.00105995/00539338-v:0.000991742/02427103-v:0.000982404/00664788-v:0.000936034/00636888-v:0.000874013/01062395-v:0.000871377/02635033-v:0.000838522/01570108-v:0.000835836/01647672-v:0.000819366/01655505-v:0.000776957
o o DA0MS0 0.950254 -
seu seu DP3MSS 0.957305 -
domicílio domicílio NCMS000 1 08558963-n:0.00439851/03259505-n:0.00429842/08559155-n:0.00369117
profissional profissional AQ0CS00 0.567364 01868724-a:0.00226935/01870100-a:0.00193382/02556402-a:0.00185842/02839695-a:0.0018333/02840478-a:0.00182559/02839505-a:0.00181296
, , Fc 1 -
em em SP 1 -
a o DA0FS0 1 -
forma forma NCFS000 0.996448 04928903-n:0.0032912/05839024-n:0.00113762/00172710-n:0.000979887/05930736-n:0.000955696/05064037-n:0.000912985/00027807-n:0.000783954/06473563-n:0.000783249/06290637-n:0.000764163/05217168-n:0.000748677/14546432-n:0.000723794/08111157-n:0.000722125/05941210-n:0.000700414/04677514-n:0.000675809/07683138-n:0.000654595/04200908-n:0.000640286/04931733-n:0.000626253
de de SP 1 -
o o DA0MS0 0.950254 - o PD0MS00 0.0313531 - o PP3MSA0 0.0183743 - o NCMS000 1.85412e-05 -
regulamento regulamento NCMS000 0.97619 80000908-n:0.00367066/14443434-n:0.00222333/05846054-n:0.00222094/00805034-n:0.00220026/06537951-n:0.00206118
geral geral AQ0CS00 0.694581 01101391-a:0.00208321/00526062-a:0.00154576/00489108-a:0.00151521/01426077-a:0.00141167/00527188-a:0.00138795/00783840-a:0.00138552/01839663-a:0.00131692/00487198-a:0.00131466
. . Fp 1 -

Considera considerar VMIP3S0 1 -
se se PP3CN00 1 -
domicílio domicílio NCMS000 1 03259505-n:0.00536095/08558963-n:0.00524792/08559155-n:0.00460493
profissional profissional AQ0CS00 0.567364 01868724-a:0.0028498/01870100-a:0.00240147/02556402-a:0.00232506/02839695-a:0.00229485/02840478-a:0.00228276/02839505-a:0.0022735
a o DA0FS0 0.675415 -
sede sede NCFS000 0.974194 05921123-n:0.00216879/14039534-n:0.00215548/14040660-n:0.00205368/03504420-n:0.00195746/03504723-n:0.00195265/04945254-n:0.00191438/08586825-n:0.00191119
principal principal AQ0CS00 0.99505 00792202-a:0.00212721/00198904-a:0.00147289/01472628-a:0.00147145/00730215-a:0.00134498/00228294-a:0.00131857/01472351-a:0.00131741/00901060-a:0.00130189/01012990-a:0.00128463/01277426-a:0.00127277/01512527-a:0.00127093
de de SP 1 -
a o DA0FS0 0.675415 - a SP 0.313151 - o PP3FSA0 0.00613742 - o PD0FS00 0.00514062 - a NCMS000 0.000156639 -
atividade atividade NCFS000 1 00037396-n:0.00360688/14006945-n:0.00303513/00407535-n:0.00280888/04635104-n:0.00266635/14531203-n:0.00257182
de de SP 1 -
advocacia advocacia NCFS000 1 00611143-n:0.00708629/00589217-n:0.00639243
, , Fc 1 -
prevalecendo prevalecer VMG0000 1 02644234-v:0.00378285/02645597-v:0.00362875/02647497-v:0.00304036/01101734-v:0.00272133/02648502-v:0.00268361
, , Fc 1 -
em em SP 1 -
a o DA0FS0 1 -
dúvida dúvida NCFS000 1 05698247-n:0.00290229/04757522-n:0.00267103/07525555-n:0.00261314/05698982-n:0.0024518/05951566-n:0.00239222/07193596-n:0.00231892
, , Fc 1 -
o o DA0MS0 0.950254 -
domicílio domicílio NCMS000 1 03259505-n:0.00536095/08558963-n:0.00524792/08559155-n:0.00460493
de de SP 1 -
a o DA0FS0 0.675415 - a SP 0.313151 - o PP3FSA0 0.00613742 - o PD0FS00 0.00514062 - a NCMS000 0.000156639 -
pessoa pessoa NCFS000 1 00007846-n:0.00626039/80000973-n:0.00264638/04617562-n:0.00182605/06326797-n:0.00180536/10344443-n:0.00180102/10203839-n:0.00175522/05217688-n:0.00174424/10289039-n:0.00168849
física físico AQ0FS00 0.962264 01778212-a:0.00163861/02392134-a:0.00150631/01717117-a:0.00147561/01778935-a:0.00136532/02391455-a:0.00135511/00627004-a:0.00134026/00627204-a:0.00132635/01574259-a:0.00131786/00874092-a:0.00127757/02779774-a:0.00125815
de de SP 1 -
o o DA0MS0 0.950254 - o PD0MS00 0.0313531 - o PP3MSA0 0.0183743 - o NCMS000 1.85412e-05 -
advogado advogado NCMS000 0.975904 10249950-n:0.00749758/09774783-n:0.00308922/09775663-n:0.00295249/10623175-n:0.00293958/09840963-n:0.00291476
. . Fp 1 -

Além além RG 0.774105 00029367-r:0.0040276/00047534-r:0.00276589/00082308-r:0.00266425
de de SP 1 -
a o DA0FS0 0.675415 - a SP 0.313151 - o PP3FSA0 0.00613742 - o PD0FS00 0.00514062 - a NCMS000 0.000156639 -
principal principal AQ0CS00 0.99505 01472628-a:0.000914292/00198904-a:0.00088781/00792202-a:0.000869192/00730215-a:0.000807285/01472351-a:0.000792336/00228294-a:0.000792043/00901060-a:0.000781217/01012990-a:0.000771924/01512527-a:0.000763291/01277426-a:0.000762975
, , Fc 1 -
o o DA0MS0 0.950254 -
advogado advogado NCMS000 0.975904 10249950-n:0.00238661/09774783-n:0.00191738/09775663-n:0.00174087/10623175-n:0.00172601/09840963-n:0.00170976
deve dever VMIP3S0 0.99061 02731814-v:0.00285037/02254155-v:0.00283714/02253956-v:0.00273566
promover promover VMN0000 0.330612 02554922-v:0.0016017/00976653-v:0.00143572/02554422-v:0.00142408/02219940-v:0.00141457/00875806-v:0.00138977/00497061-v:0.00125632
a o DA0FS0 0.675415 -
inscrição inscrição NCFS000 1 06405699-n:0.00448202/00050037-n:0.00399218
suplementar suplementar AQ0CS00 1 01854129-a:0.00282327/00049879-a:0.00281237/00048858-a:0.00267826
em em SP 1 -
os o DA0MP0 1 -
Conselhos_Seccionais conselhos_seccionais NP00O00 1 -
em em SP 1 -
cujos cujo PR0MP00 1 -
territórios território NCMP000 1 08552138-n:0.00162669/08497294-n:0.00162498/08556491-n:0.00154366/08493064-n:0.00152258/05221895-n:0.00146564/08674563-n:0.00135214
passar passar VMN0000 0.332597 00339934-v:0.000807555/02230772-v:0.000372413/02708420-v:0.000370124/02051694-v:0.00035801/02609764-v:0.000324384/02050132-v:0.000320504/02072849-v:0.000315761/02525044-v:0.000294417/02049696-v:0.000288603/00668099-v:0.000283674/02523953-v:0.000274909/02052476-v:0.000272742/01212230-v:0.000262788/02685951-v:0.000258032/02523351-v:0.000257709/00421691-v:0.000257002/02593912-v:0.000255439/01887020-v:0.000249601/01458464-v:0.000249511/02466670-v:0.000249433/02055649-v:0.00024794/01101571-v:0.000247889/02231328-v:0.000244278/02392385-v:0.000239978/01716882-v:0.000238913/01972131-v:0.000238433/01611746-v:0.000237827/00189669-v:0.000237623/01313249-v:0.000235888/02709277-v:0.000235068/02231473-v:0.000234309/00341285-v:0.000227838/02749904-v:0.000224584/02221635-v:0.000224552
a a SP 0.313151 -
exercer exercer VMN0000 0.529581 02568672-v:0.00112981/02204564-v:0.00105058/01774426-v:0.00100828/01095218-v:0.00100011/02595383-v:0.000969174/02670890-v:0.000952384/00606093-v:0.000950725/00099721-v:0.000940897/01166093-v:0.000850038
habitualmente habitual RG 1 -
a o DA0FS0 0.675415 -
profissão profissão NCFS000 1 00582388-n:0.00153585/00583246-n:0.00132396/00606370-n:0.00130101/06685040-n:0.001278/05074774-n:0.00122431/00609953-n:0.00120812/06732925-n:0.00119436
considerando considerar VMG0000 1 -
se se PP3CN00 1 -
habitualidade habitualidade NCFS000 1 -
a a SP 0.313151 -
intervenção intervenção NCFS000 1 00671351-n:0.00225013/01068184-n:0.00212302/01240210-n:0.002071/06661562-n:0.0020491
judicial judicial AQ0CS00 1 02752987-a:0.00216526/01400961-a:0.00212393/02753724-a:0.00190846/02753205-a:0.00190185
que que PR0CN00 0.584265 -
exceder exceder VMSF1S0 0.00562827 02669477-v:0.00225777/02669081-v:0.00220482/02673965-v:0.00219723/01105639-v:0.00209864/00705778-v:0.00194746
de de SP 1 -
cinco 5 Z 0.997312 -
causas causa NCFP000 0.97619 09178999-n:0.00147544/01182654-n:0.00110799/06740402-n:0.00103557/01181902-n:0.000836236/09179264-n:0.000819681/00798245-n:0.000815405/00023773-n:0.000812155/00007347-n:0.000807984/07326557-n:0.000751399/09179606-n:0.000728279/09179382-n:0.000711714
por por SP 1 -
ano ano NCMS000 1 15202634-n:0.00136238/15203791-n:0.0013037/15203565-n:0.00129291/15202806-n:0.00115934/15204297-n:0.00114175/15201505-n:0.00113976/08238660-n:0.00113549/15203229-n:0.00108074
. . Fp 1 -

No_caso_de no_caso_de SP 1 -
mudança mudança NCFS000 1 00168658-n:0.00270209/00191142-n:0.00119305/07296428-n:0.00106971/01093085-n:0.000773732/00331950-n:0.000743179/07415730-n:0.000670623/01109687-n:0.000666757/07359599-n:0.000666518/07337390-n:0.000640119/00196084-n:0.000631764/13859043-n:0.000627025/00196485-n:0.000626623/01166258-n:0.000599408/11412727-n:0.000598943/00400083-n:0.000598014/07355194-n:0.000577661/13387689-n:0.000564403/13387479-n:0.000553587/00195415-n:0.000548421/13388111-n:0.000545652/07297633-n:0.000539067/04752034-n:0.000529008
efetiva efetivo AQ0FS00 0.512206 00043765-a:0.0039815/00834198-a:0.00332978/00044132-a:0.00330328/00832784-a:0.00328019
de de SP 1 -
domicílio domicílio NCMS000 1 08558963-n:0.00512892/03259505-n:0.00495124/08559155-n:0.00425872
profissional profissional AQ0CS00 0.567364 01868724-a:0.00262111/01870100-a:0.00221255/02556402-a:0.00214428/02839695-a:0.0021145/02840478-a:0.00210597/02839505-a:0.00209112
para para SP 0.999444 -
outra outro DI0FS0 0.616959 -
unidade unidade NCFS000 1 00003553-n:0.00130565/13583724-n:0.00123225/05921123-n:0.00116692/04377057-n:0.00115339/08189659-n:0.00115298/08198398-n:0.00114304/03243218-n:0.00114273/13810323-n:0.00113312/09465459-n:0.0011172/05869857-n:0.00108753/04743370-n:0.00106741/14460565-n:0.00106167
federativa federativo AQ0FS00 1 -
, , Fc 1 -
deve dever VMIP3S0 0.99061 02731814-v:0.00437873/02254155-v:0.00436164/02253956-v:0.0042057
o o DA0MS0 0.950254 -
advogado advogado NCMS000 0.975904 10249950-n:0.00360289/09774783-n:0.00286091/09775663-n:0.00264845/10623175-n:0.00264332/09840963-n:0.00261969
requerer requerer VMN0000 0.529581 00752764-v:0.00180258/02627934-v:0.00159311/01188725-v:0.00144762/00792471-v:0.00142946/00755745-v:0.00138502/00755447-v:0.00132661/01063695-v:0.00130653/01189113-v:0.00129617/00753428-v:0.00128462/02632567-v:0.00126676
a o DA0FS0 0.675415 -
transferência transferência NCFS000 1 00168658-n:0.00270209/00315986-n:0.0019331/01107932-n:0.00192801/00201671-n:0.00190387/05756203-n:0.00177406/06247181-n:0.0017316/06519480-n:0.00173093
de de SP 1 -
sua seu DP3FSS 0.929764 -
inscrição inscrição NCFS000 1 06405699-n:0.0068806/00050037-n:0.00613884
para para SP 0.999444 -
o o DA0MS0 0.950254 -
Conselho_Seccional conselho_seccional NP00O00 1 -
correspondente correspondente AQ0CS00 0.788462 02071973-a:0.00223495/00481737-a:0.00216274/01020885-a:0.00204883/02063554-a:0.00200358/02072660-a:0.0019907/01974451-a:0.00193149
. . Fp 1 -

O o DA0MS0 0.950254 -
Conselho_Seccional conselho_seccional NP00O00 1 -
deve dever VMIP3S0 0.99061 02254155-v:0.0040862/02731814-v:0.00407032/02253956-v:0.00391061
suspender suspender VMN0000 0.529581 02609764-v:0.00129527/02680814-v:0.00116082/00364064-v:0.00114246/02683840-v:0.00106399/00362348-v:0.00105349/00363493-v:0.00104262/01482075-v:0.0010391/02523521-v:0.00100574/02428487-v:0.000977625/00353839-v:0.000977312/00148763-v:0.000976419/00542668-v:0.00092291
o o DA0MS0 0.950254 -
pedido pedido NCMS000 0.628319 07185325-n:0.00205774/06513366-n:0.00151788/07191279-n:0.00136635/06512580-n:0.00135983/06529219-n:0.00132705/07189130-n:0.0012531/07187638-n:0.0012295/13461162-n:0.00122825/05791602-n:0.00120461/07170572-n:0.00113094
de de SP 1 -
transferência transferência NCFS000 1 00315986-n:0.00178849/00201671-n:0.00176924/01107932-n:0.00173852/00168658-n:0.00173148/05756203-n:0.00164813/06519480-n:0.00160805/06247181-n:0.00160721
ou ou CC 1 -
de de SP 1 -
inscrição inscrição NCFS000 1 06405699-n:0.00640207/00050037-n:0.00570257
suplementar suplementar AQ0CS00 1 01854129-a:0.00403213/00049879-a:0.00401391/00048858-a:0.00382271
, , Fc 1 -
a a SP 1 -
o o DA0MS0 0.950254 - o PD0MS00 0.0313531 - o PP3MSA0 0.0183743 - o NCMS000 1.85412e-05 -
verificar verificar VMN0000 0.529581 00662589-v:0.00198/00664483-v:0.00197502/00661824-v:0.00158847/00339934-v:0.00147895/00662182-v:0.00137768/00663353-v:0.00134473/02533282-v:0.00127344/02658283-v:0.00125241/02520997-v:0.00123137/01012395-v:0.00118252
a o DA0FS0 0.675415 -
existência existência NCFS000 1 13954253-n:0.00180361/09466280-n:0.00158381/14473222-n:0.00153149/13959069-n:0.00152629/15140892-n:0.00145591/15140744-n:0.00142864/13961399-n:0.00142033/05810561-n:0.00139253
de de SP 1 -
vício vício NCMS000 1 00747029-n:0.00315151/04853873-n:0.00296059/07486145-n:0.0028919/00087849-n:0.00288001
ou ou CC 1 -
ilegalidade ilegalidade NCFS000 1 00770270-n:0.00594073/04810327-n:0.0056658
em em SP 1 -
a o DA0FS0 1 -
inscrição inscrição NCFS000 1 06405699-n:0.00640207/00050037-n:0.00570257
principal principal AQ0CS00 0.99505 00198904-a:0.00126314/01472628-a:0.00125927/00792202-a:0.0012391/00730215-a:0.00115132/00228294-a:0.00113038/01472351-a:0.00112747/00901060-a:0.00111643/01012990-a:0.00110257/01512527-a:0.00108975/01277426-a:0.00108921
, , Fc 1 -
contra contra SP 0.996248 -
ela ele PP3FS00 1 -
representando representar VMG0000 1 01719302-v:0.00079173/01686132-v:0.000762891/01719921-v:0.000699265/00836236-v:0.000695782/02620587-v:0.000693702/00943837-v:0.000662714/02137132-v:0.000639938/00988028-v:0.000603755/02723733-v:0.000597373/02697725-v:0.000576393/02699497-v:0.00056503/01688771-v:0.000552598/00013615-v:0.00055105/02698443-v:0.000548626/02541509-v:0.000547208/02541921-v:0.000542819/01716882-v:0.000542516/01711445-v:0.000537444/02581675-v:0.000536083/01688256-v:0.000535766/01723690-v:0.000531218/02740352-v:0.000528396/02742482-v:0.00046849
a a SP 1 -
o o DA0MS0 0.950254 - o PD0MS00 0.0313531 - o PP3MSA0 0.0183743 - o NCMS000 1.85412e-05 -
Conselho_Federal conselho_federal NP00O00 1 -
. . Fp 1 -

