Não não RN 0.9997 00024073-r:0.00544205/00024587-r:0.00274667/00050681-r:0.00261646/00024356-r:0.00259612
se se PP3CN00 0.861659 -
aplica aplicar VMIP3S0 0.999479 01494310-v:0.00374205/01158872-v:0.00135904/01363648-v:0.00120982/02676789-v:0.001054/02309165-v:0.00102648/02560164-v:0.000924524/02707429-v:0.000905347/02561332-v:0.000900113/00724150-v:0.000881112/01313249-v:0.000843662/01363482-v:0.000821024/01026558-v:0.000808933/01166093-v:0.000796557
o o DA0MS0 0.950254 -
disposto dispor VMP00SM 0.992518 01494310-v:0.00374205/01463963-v:0.00158258/02354922-v:0.00128341/01930512-a:0.00122351/02254258-v:0.00118072/00406243-v:0.00117302/00680841-v:0.00117139/01474209-v:0.00114928/01192628-v:0.00104672/01496497-v:0.00100709
em em SP 1 -
o o DA0MS0 1 -
art. art. NCFS000 0.69743 -
28 28 Z 1 -
, , Fc 1 -
inciso incisar VMIP1S0 0.189922 01610834-v:0.0112837
II ii NP00SP0 1 -
, , Fc 1 -
de de SP 1 -
esta este DD0FS0 0.877868 - este PD0FS00 0.122132 -
lei lei NCFS000 1 05726596-n:0.003295/08441203-n:0.00283032/06532330-n:0.00251421/06564387-n:0.0013795/08209687-n:0.00110385/05872982-n:0.0010832/06532095-n:0.0010312/05846054-n:0.00101008/08456347-n:0.00101002/05870916-n:0.000986507/06478582-n:0.000953508
, , Fc 1 -
a a SP 1 -
os o DA0MP0 0.958022 - o PD0MP00 0.021587 - o PP3MPA0 0.0203911 -
membros membro NCMP000 1 10307234-n:0.00203779/05526384-n:0.00197762/05559908-n:0.00194062/05560244-n:0.00185889/13810615-n:0.00175235/02737833-n:0.0016941
de de SP 1 -
o o DA0MS0 0.950254 - o PD0MS00 0.0313531 - o PP3MSA0 0.0183743 - o NCMS000 1.85412e-05 -
Ministério_Público ministério_público NP00O00 1 -
que que PR0CN00 0.584265 -
, , Fc 1 -
em em SP 1 -
a o DA0FS0 1 -
data data NCFS000 0.870968 08385009-n:0.0034797/15159819-n:0.00312294/15159583-n:0.0030278/09992538-n:0.00294485
de de SP 1 -
promulgação promulgação NCFS000 1 06726158-n:0.0041549/06726939-n:0.00375495/01126856-n:0.00363538
de de SP 1 -
a o DA0FS0 0.675415 - a SP 0.313151 - o PP3FSA0 0.00613742 - o PD0FS00 0.00514062 - a NCMS000 0.000156639 -
Constituição constituição NP00V00 1 05726596-n:0.003295/04933544-n:0.00243089/04998530-n:0.00240349/06533648-n:0.00223937/00237078-n:0.00217545
, , Fc 1 -
se se PP3CN00 0.861659 -
incluam incluir VMSP3P0 0.994118 00684838-v:0.00152763/02632940-v:0.00122547/02700867-v:0.00120405/02629535-v:0.00115673/00738951-v:0.0011354/00466651-v:0.00109705/02634667-v:0.00108097/02449847-v:0.00105724/00723545-v:0.00104911/01025602-v:0.00103875/00183879-v:0.000996024
em em SP 1 -
a o DA0FS0 1 -
previsão previsão NCFS000 1 05775081-n:0.00184582/06748969-n:0.00163812/05775407-n:0.00152123/06749881-n:0.00146898/05805277-n:0.00144846/04893172-n:0.00143349/05775293-n:0.00140163/05775829-n:0.00134345
de de SP 1 -
o o DA0MS0 0.950254 - o PD0MS00 0.0313531 - o PP3MSA0 0.0183743 - o NCMS000 1.85412e-05 -
art. art. NCFS000 0.69743 -
29 29 Z 1 -
, , Fc 1 -
§ § Fz 1 -
3º 3º Z 1 -
, , Fc 1 -
de de SP 1 -
o o DA0MS0 0.950254 - o PD0MS00 0.0313531 - o PP3MSA0 0.0183743 - o NCMS000 1.85412e-05 -
seu seu DP3MSS 0.957305 -
Ato_das_Disposições_Constitucionais_Transitórias ato_das_disposições_constitucionais_transitórias NP00G00 1 -
. . Fp 1 -

