Salvo salvo RG 
disposição disposição NCFS000 00043609-n:0/04623612-n:0/04644512-n:0/04835724-n:0
em em SP 
contrário contrário NCMS000 13858270-n:0/13858604-n:0
, , Fc 
aplicam aplicar VMIP3P0 01026558-v:0/01166093-v:0/01313249-v:0/01363482-v:0/01363648-v:0/02561332-v:0/02676789-v:0
se se PP3CN00 
subsidiariamente subsidiariamente RG 
a a SP 
o o DA0MS0 
processo processo NCMS000 01023636-n:0/01023820-n:0/01181902-n:0/01182654-n:0/01198307-n:0
disciplinar disciplinar VMN0000 02553428-v:0
as o DA0FP0 
regras regra NCFP000 05846054-n:0/05846932-n:0/05874232-n:0/05913538-n:0/06652064-n:0/06652242-n:0
de de SP 
a o DA0FS0 
legislação legislação NCFS000 01125693-n:0/06535222-n:0
processual processual AQ0CS00 00055340-a:0
penal penal AQ0CS00 01404370-a:0/01902866-a:0/02779420-a:0
comum comum AQ0CS00 00485711-a:0/00489108-a:0/00492677-a:0/00970610-a:0/01046226-a:0/01593079-a:0/01672607-a:0/02152473-a:0/02346557-a:0
e e CC 
, , Fc 
a a SP 
os o DA0MP0 
demais demais RG 00029367-r:0/00047392-r:0
processos processo NCMP000 01023636-n:0/01023820-n:0/01181902-n:0/01182654-n:0/01198307-n:0
, , Fc 
as o DA0FP0 
regras regra NCFP000 05846054-n:0/05846932-n:0/05874232-n:0/05913538-n:0/06652064-n:0/06652242-n:0
gerais geral AQ0CP00 00487198-a:0/00489108-a:0/01101391-a:0
de de SP 
o o DA0MS0 
procedimento procedimento NCMS000 00577068-n:0/01023636-n:0/01023820-n:0/04897762-n:0
administrativo administrativo AQ0MS00 02904075-a:0
comum comum AQ0CS00 00485711-a:0/00489108-a:0/00492677-a:0/00970610-a:0/01046226-a:0/01593079-a:0/01672607-a:0/02152473-a:0/02346557-a:0
e e CC 
de de SP 
a o DA0FS0 
legislação legislação NCFS000 01125693-n:0/06535222-n:0
processual processual AQ0CS00 00055340-a:0
civil civil AQ0CS00 00412355-a:0/01517921-a:0/01518161-a:0/02696920-a:0/02697116-a:0
, , Fc 
em em SP 
essa esse DD0FS0 
ordem ordem NCFS000 05726596-n:0/07168131-n:0/07168623-n:0/07169242-n:0/07169848-n:0/07170467-n:0/07170572-n:0/07279687-n:0/07939382-n:0/08049401-n:0/08075388-n:0/08106934-n:0/08227214-n:0/08231184-n:0/08233056-n:0/08234493-n:0/08240169-n:0/08242675-n:0/08436562-n:0/08456993-n:0/14496710-n:0
. . Fp 

