A o DA0FS0 
advocacia advocacia NCFS000 00589217-n:0/00611143-n:0
é ser VMIP3S0 01717851-v:0/02597601-v:0/02603699-v:0/02604760-v:0/02627363-v:0/02749904-v:0
incompatível incompatível AQ0CS00 00508192-a:0/00509206-a:0/00509896-a:0/00561036-a:0/00562909-a:0/00578523-a:0/00623565-a:0/01487352-a:0/02382572-a:0
, , Fc 
mesmo mesmo RG 00037226-r:0
em em SP 
causa causa NCFS000 00798245-n:0/01181902-n:0/01182654-n:0/07326557-n:0/09178999-n:0/09179382-n:0
própria próprio AQ0FS00 01104026-a:0/01104889-a:0/01768724-a:0/01878466-a:0
, , Fc 
com com SP 
as o DA0FP0 
seguintes seguinte AQ0CP00 00127815-a:0/00127948-a:0
atividades atividade NCFP000 00037396-n:0/00407535-n:0/04635104-n:0/13518963-n:0/14006945-n:0
: : Fd 
chefe chefe NCMS000 09623038-n:0/09867956-n:0/10104209-n:0/10162991-n:0/10298647-n:0
de de SP 
o o DA0MS0 
Poder_Executivo poder_executivo NP00000 08165455-n:0
e e CC 
membros membro NCMP000 05526384-n:0/05559908-n:0/05560244-n:0/10307234-n:0/13810615-n:0
de de SP 
a o DA0FS0 
Mesa_de_o_Poder_Legislativo mesa_de_o_poder_legislativo NP00000 
e e CC 
seus seu DP3MPS 
substitutos substituto NCMP000 05696425-n:0/07322769-n:0/10005280-n:0/10005721-n:0/10680153-n:0
legais legal AQ0CP00 01400562-a:0/02499148-a:0
; ; Fx 
membros membro NCMP000 05526384-n:0/05559908-n:0/05560244-n:0/10307234-n:0/13810615-n:0
de de SP 
órgãos órgão NCMP000 03273551-n:0/03494537-n:0/03854065-n:0/05297523-n:0/06595056-n:0/08349350-n:0/13087625-n:0
de de SP 
o o DA0MS0 
Poder_Judiciário poder_judiciário NP00000 08166318-n:0
, , Fc 
de de SP 
o o DA0MS0 
Ministério_Público ministério_público NP00000 
, , Fc 
de de SP 
os o DA0MP0 
tribunais tribunal NCMP000 03120778-n:0/03649459-n:0/08329453-n:0
e e CC 
conselhos conselho NCMP000 06650701-n:0/06671484-n:0/08310949-n:0/08322981-n:0
de de SP 
contas conta NCFP000 00634586-n:0/02815071-n:0/06516955-n:0/06517942-n:0/09179382-n:0/13354985-n:0/13591761-n:0
, , Fc 
de de SP 
os o DA0MP0 
juizados_especiais juizado_especial NCMP000 
, , Fc 
de de SP 
a o DA0FS0 
justiça justiça NCFS000 00694681-n:0/00694866-n:0/04826235-n:0/04839154-n:0/04850117-n:0/04850341-n:0/08135342-n:0
de de SP 
paz paz NCFS000 06631140-n:0/06773976-n:0/07515560-n:0/07515790-n:0/13969101-n:0/13969243-n:0/13969700-n:0/13970236-n:0/13970584-n:0
, , Fc 
juízes juiz NCMP000 09769636-n:0/09803429-n:0/10225219-n:0/10372076-n:0/10514429-n:0/10735984-n:0
classistas classista NCCP000 
, , Fc 
bem_como bem_como RG 00117082-r:0
de de SP 
todos todo PI0MP00 
os o DA0MP0 
que que PR0CN00 
exerçam exercer VMSP3P0 01095218-v:0/01166093-v:0/02204564-v:0/02568672-v:0
função função NCFS000 00582388-n:0/00720565-n:0/00722061-n:0/05149325-n:0/06582403-n:0/13781164-n:0/13783816-n:0
de de SP 
julgamento julgamento NCMS000 00874067-n:0/01187810-n:0/01191158-n:0/01195867-n:0/05789432-n:0/06710546-n:0
em em SP 
órgãos órgão NCMP000 03273551-n:0/03494537-n:0/03854065-n:0/05297523-n:0/06595056-n:0/08349350-n:0/13087625-n:0
de de SP 
deliberação deliberação NCFS000 04661151-n:0/05796423-n:0/07142365-n:0
coletiva coletivo AQ0FS00 00298293-a:0/00466808-a:0/02112701-a:0
de de SP 
a o DA0FS0 
administração administração NCFS000 01124794-n:0/01133281-n:0/01135952-n:0/08164585-n:0/08357784-n:0/08381165-n:0
pública público AQ0FS00 00493297-a:0/01861205-a:0
direta direta NCFS000 
e e CC 
indireta indireta NCFS000 07238455-n:0
; ; Fx 
ocupantes ocupante NCCP000 10523519-n:0
de de SP 
cargos cargo NCMP000 00586105-n:0/00586262-n:0/13945102-n:0
ou ou CC 
funções função NCFP000 00582388-n:0/00720565-n:0/00722061-n:0/05149325-n:0/06582403-n:0/13781164-n:0/13783816-n:0
de de SP 
direção direção NCFS000 01144876-n:0/06197215-n:0/06650701-n:0/08679972-n:0
em em SP 
Órgãos_de_a_Administração_Pública órgãos_de_a_administração_pública NP00000 
direta direta NCFS000 
ou ou CC 
indireta indireta NCFS000 07238455-n:0
, , Fc 
em em SP 
suas seu DP3FSP 
fundações fundação NCFP000 00240184-n:0/05793554-n:0/08406486-n:0/13790712-n:0
e e CC 
em em SP 
suas seu DP3FSP 
empresas empresa NCFP000 01094725-n:0/08056231-n:0
controladas controlar VMP00PF 00234857-v:0/00663160-v:0/00702601-v:0/00732552-v:0/01224744-v:0/01803936-v:0/02163301-v:0/02442924-v:0/02443049-v:0/02510337-v:0/00598679-a:0
ou ou CC 
concessionárias concessionário AQ0FP00 
de de SP 
serviço_público serviço_público NCMS000 01210281-n:0
; ; Fx 
ocupantes ocupante NCCP000 10523519-n:0
de de SP 
cargos cargo NCMP000 00586105-n:0/00586262-n:0/13945102-n:0
ou ou CC 
funções função NCFP000 00582388-n:0/00720565-n:0/00722061-n:0/05149325-n:0/06582403-n:0/13781164-n:0/13783816-n:0
vinculados vincular VMP00PM 00885217-v:0
direta direta NCFS000 
ou ou CC 
indiretamente indiretamente RG 00058359-r:0
a a SP 
qualquer qualquer DI0CS0 
órgão órgão NCMS000 03273551-n:0/03494537-n:0/03854065-n:0/05297523-n:0/06595056-n:0/08349350-n:0/13087625-n:0
de de SP 
o o DA0MS0 
Poder_Judiciário poder_judiciário NP00000 08166318-n:0
e e CC 
os o PD0MP00 
que que PR0CN00 
exercem exercer VMIP3P0 01095218-v:0/01166093-v:0/02204564-v:0/02568672-v:0
serviços serviço NCMP000 00098625-n:0/00568430-n:0/00577525-n:0/00582388-n:0/00584891-n:0/00719705-n:0/01032040-n:0/01032368-n:0/01209576-n:0/03315023-n:0/04175380-n:0/08186047-n:0/13325847-n:0/13968092-n:0
notariais notarial AQ0CP00 
e e CC 
de de SP 
registro registro NCMS000 00050037-n:0/04071876-n:0/06503724-n:0/06507041-n:0/06647206-n:0/13403643-n:0
; ; Fx 
ocupantes ocupante NCCP000 10523519-n:0
de de SP 
cargos cargo NCMP000 00586105-n:0/00586262-n:0/13945102-n:0
ou ou CC 
funções função NCFP000 00582388-n:0/00720565-n:0/00722061-n:0/05149325-n:0/06582403-n:0/13781164-n:0/13783816-n:0
vinculados vincular VMP00PM 00885217-v:0
direta direta NCFS000 
ou ou CC 
indiretamente indiretamente RG 00058359-r:0
a o DA0FS0 
atividade atividade NCFS000 00037396-n:0/00407535-n:0/04635104-n:0/13518963-n:0/14006945-n:0
policial policial AQ0CS00 
de de SP 
qualquer qualquer DI0CS0 
natureza natureza NCFS000 00019128-n:0/04623113-n:0/04726724-n:0/09466280-n:0/09503682-n:0
; ; Fx 
militares militar NCCP000 10582746-n:0/10622053-n:0
de de SP 
qualquer qualquer DI0CS0 
natureza natureza NCFS000 00019128-n:0/04623113-n:0/04726724-n:0/09466280-n:0/09503682-n:0
, , Fc 
em em SP 
a o DA0FS0 
ativa ativa NCFS000 
; ; Fx 
ocupantes ocupante NCCP000 10523519-n:0
de de SP 
cargos cargo NCMP000 00586105-n:0/00586262-n:0/13945102-n:0
ou ou CC 
funções função NCFP000 00582388-n:0/00720565-n:0/00722061-n:0/05149325-n:0/06582403-n:0/13781164-n:0/13783816-n:0
que que PR0CN00 
tenham ter VMSP3P0 00056930-v:0/00065370-v:0/00065639-v:0/00121046-v:0/00639849-v:0/02108026-v:0/02203362-v:0/02204692-v:0/02632167-v:0/02700867-v:0/02746275-v:0/02749904-v:0
competência competência NCFS000 05153520-n:0/05154114-n:0/05622456-n:0
de de SP 
lançamento lançamento NCMS000 00103140-n:0/00104539-n:0/00238022-n:0
, , Fc 
arrecadação arrecadação NCFS000 01016748-n:0
ou ou CC 
fiscalização fiscalização NCFS000 
de de SP 
tributos tributo NCMP000 00784755-n:0/01122387-n:0/06697195-n:0/13308999-n:0
e e CC 
contribuições contribuição NCFP000 00787465-n:0/13269890-n:0/13270038-n:0
parafiscais parafiscal AQ0CP00 
; ; Fx 
ocupantes ocupante NCCP000 10523519-n:0
de de SP 
funções função NCFP000 00582388-n:0/00720565-n:0/00722061-n:0/05149325-n:0/06582403-n:0/13781164-n:0/13783816-n:0
de de SP 
direção direção NCFS000 01144876-n:0/06197215-n:0/06650701-n:0/08679972-n:0
e e CC 
gerência gerência NCFS000 00594836-n:0/01144876-n:0
em em SP 
instituições instituição NCFP000 00240184-n:0/03574555-n:0/08053576-n:0/08407330-n:0
financeiras financeiro AQ0FP00 02847894-a:0
, , Fc 
inclusive inclusive RG 
privadas privar VMP00PF 00172732-v:0/01196037-v:0/02313250-v:0/02314275-v:0/00952181-a:0/01769378-a:0/01858094-a:0/01860580-a:0
. . Fp 

A o DA0FS0 
incompatibilidade incompatibilidade NCFS000 13858045-n:0
permanece permanecer VMIP3S0 00117985-v:0/01857392-v:0/02639075-v:0/02684924-v:0/02727462-v:0/02731024-v:0/02731242-v:0
mesmo_que mesmo_que CS 
o o DA0MS0 
ocupante ocupante NCCS000 10523519-n:0
de de SP 
o o DA0MS0 
cargo cargo NCMS000 00586105-n:0/00586262-n:0/13945102-n:0
ou ou CC 
função função NCFS000 00582388-n:0/00720565-n:0/00722061-n:0/05149325-n:0/06582403-n:0/13781164-n:0/13783816-n:0
deixe deixar VMSP3S0 00120316-v:0/00360092-v:0/00771490-v:0/00802318-v:0/01474550-v:0/01860795-v:0/02008396-v:0/02015598-v:0/02227487-v:0/02316304-v:0/02423183-v:0/02635659-v:0/02680814-v:0/02721438-v:0
de de SP 
exercê-lo exercer VMN0000 01095218-v:0/01166093-v:0/02204564-v:0/02568672-v:0
temporariamente temporariamente RG 00088303-r:0/00179212-r:0
. . Fp 

Não não RN 00024073-r:0
se se PP3CN00 
incluem incluir VMIP3P0 00183879-v:0/00684838-v:0/00738951-v:0/02632940-v:0/02634667-v:0/02700867-v:0
em em SP 
as o DA0FP0 
hipóteses hipótese NCFP000 05773923-n:0/05779712-n:0/05888929-n:0/05891783-n:0/05892096-n:0/05893356-n:0/06782680-n:0/07162545-n:0
de de SP 
o o DA0MS0 
inciso inciso AQ0MS00 
III iii NP00000 
os o DA0MP0 
que que CS 
não não RN 00024073-r:0
detenham deter VMSP3P0 02283324-v:0/02422663-v:0/02495038-v:0
poder poder VMN0000 01192628-v:0/02744451-v:0
de de SP 
decisão decisão NCFS000 00162632-n:0/04863969-n:0/05838176-n:0
relevante relevante AQ0CS00 01975138-a:0
sobre sobre SP 
interesses interesse NCMP000 05143300-n:0/05670710-n:0/05671325-n:0/05682950-n:0/05853636-n:0
de de SP 
terceiro terceiro AO0MS00 
, , Fc 
a o DA0FS0 
juízo juízo NCMS000 00874067-n:0/05837957-n:0/06551784-n:0
de de SP 
o o DA0MS0 
conselho conselho NCMS000 06650701-n:0/06671484-n:0/08310949-n:0/08322981-n:0
competente competente AQ0CS00 00510050-a:0/02226162-a:0
de de SP 
a o DA0FS0 
OAB oab NP00000 
, , Fc 
bem_como bem_como RG 00117082-r:0
a o DA0FS0 
administração administração NCFS000 01124794-n:0/01133281-n:0/01135952-n:0/08164585-n:0/08357784-n:0/08381165-n:0
acadêmica acadêmico AQ0FS00 02599939-a:0/02699524-a:0
diretamente diretamente RG 00051017-r:0
relacionada relacionar VMP00SF 00713167-v:0/02458103-v:0/02676054-v:0/02724417-v:0/01971237-a:0/01972820-a:0
a a SP 
o o DA0MS0 
magistério magistério NCMS000 00604811-n:0
jurídico jurídico AQ0MS00 02753724-a:0
. . Fp 

