A a SP 
os o DA0MP0 
servidores servidor NCMP000 04175147-n:0/09815790-n:0/10024119-n:0/10582154-n:0
de de SP 
a o DA0FS0 
OAB oab NP00000 
, , Fc 
aplica aplicar VMIP3S0 01026558-v:0/01166093-v:0/01313249-v:0/01363482-v:0/01363648-v:0/02561332-v:0/02676789-v:0
se se PP3CN00 
o o DA0MS0 
regime regime NCMS000 05909585-n:0/08050678-n:0
trabalhista trabalhista AQ0CS00 02894591-a:0
. . Fp 

A a SP 
os o DA0MP0 
servidores servidor NCMP000 04175147-n:0/09815790-n:0/10024119-n:0/10582154-n:0
de de SP 
a o DA0FS0 
OAB oab NP00000 
, , Fc 
sujeitos sujeito NCMP000 06309931-n:0/09908025-n:0
a a SP 
o o DA0MS0 
regime regime NCMS000 05909585-n:0/08050678-n:0
de de SP 
a o DA0FS0 
Lei lei NP00000 05846054-n:0/05872982-n:0/06532330-n:0/08209687-n:0/08441203-n:0/08456347-n:0
nº nº NCMS000 
8.112 8112 Z 
, , Fc 
de de SP 
11_de_dezembro_de_1990 [??:11/12/1990:??.??:??] W 
, , Fc 
é ser VMIP3S0 01717851-v:0/02597601-v:0/02603699-v:0/02604760-v:0/02627363-v:0/02749904-v:0
concedido conceder VMP00SM 00806049-v:0/01035380-v:0/02255268-v:0/02255462-v:0/02263346-v:0/02263692-v:0/02294436-v:0/02308741-v:0/02316649-v:0
o o DA0MS0 
direito direito NCMS000 00611143-n:0/05174653-n:0/05181754-n:0/13341756-n:0
de de SP 
opção opção NCFS000 05790944-n:0
por por SP 
o o DA0MS0 
regime regime NCMS000 05909585-n:0/08050678-n:0
trabalhista trabalhista AQ0CS00 02894591-a:0
, , Fc 
em em SP 
o o DA0MS0 
prazo prazo NCMS000 15116095-n:0/15153225-n:0/15180082-n:0/15224156-n:0
de de SP 
noventa 90 Z 
dias dia NCMP000 15123115-n:0/15136453-n:0/15136723-n:0/15155220-n:0/15157041-n:0/15157225-n:0/15159583-n:0/15164957-n:0/15208333-n:0/15208540-n:0
a_partir_de a_partir_de SP 
a o DA0FS0 
vigência vigência NCFS000 05193160-n:0
de de SP 
esta este DD0FS0 
lei lei NCFS000 05846054-n:0/05872982-n:0/06532330-n:0/08209687-n:0/08441203-n:0/08456347-n:0
, , Fc 
sendo ser VMG0000 01717851-v:0/02597601-v:0/02603699-v:0/02604760-v:0/02627363-v:0/02749904-v:0
assegurado assegurar VMP00SM 00662589-v:0/00890590-v:0/02251065-v:0
a a SP 
os o DA0MP0 
optantes optante NCCP000 
o o DA0MS0 
pagamento pagamento NCMS000 01120448-n:0/13278375-n:0
de de SP 
indenização indenização NCFS000 
, , Fc 
quando_de quando_de SP 
a o DA0FS0 
aposentadoria aposentadoria NCFS000 00212205-n:0/13954118-n:0
, , Fc 
correspondente correspondente AQ0CS00 00481737-a:0/01020885-a:0/01974451-a:0/02063554-a:0/02071973-a:0/02072660-a:0
a a SP 
cinco 5 Z 
vezes vez NCFP000 00457382-n:0/07309599-n:0/14485064-n:0/15292069-n:0
o o DA0MS0 
valor valor NCMS000 05138208-n:0/05159725-n:0/05856388-n:0/05923983-n:0/13413493-n:0/13764342-n:0
de de SP 
a o DA0FS0 
última último AO0FS00 00004296-a:0/00668366-a:0/01010271-a:0/01013279-a:0/01016035-a:0/01412912-a:0/01730329-a:0
remuneração remuneração NCFS000 13279262-n:0/13282550-n:0
. . Fp 

Os o DA0MP0 
servidores servidor NCMP000 04175147-n:0/09815790-n:0/10024119-n:0/10582154-n:0
que que PR0CN00 
não não RN 00024073-r:0
optarem optar VMN03P0 00679389-v:0
por por SP 
o o DA0MS0 
regime regime NCMS000 05909585-n:0/08050678-n:0
trabalhista trabalhista AQ0CS00 02894591-a:0
serão ser VMIF3P0 01717851-v:0/02597601-v:0/02603699-v:0/02604760-v:0/02627363-v:0/02749904-v:0
posicionados posicionar VMP00PM 00675592-v:0/01987160-v:0
em em SP 
o o DA0MS0 
quadro quadro NCMS000 02846511-n:0/02856463-n:0/03391464-n:0
em em SP 
extinção extinção NCFS000 00229934-n:0/05758692-n:0/07332691-n:0/13478342-n:0/13963032-n:0/14012173-n:0
, , Fc 
assegurado assegurar VMP00SM 00662589-v:0/00890590-v:0/02251065-v:0
o o DA0MS0 
direito direito NCMS000 00611143-n:0/05174653-n:0/05181754-n:0/13341756-n:0
adquirido adquirir VMP00SM 00012267-v:0/00094460-v:0/00597915-v:0/02207206-v:0/02208265-v:0/02210855-v:0/02212103-v:0/02238770-v:0/02239261-v:0/02288295-v:0/02289295-v:0/02359340-v:0/02695378-v:0/01315670-a:0
a a SP 
o o DA0MS0 
regime regime NCMS000 05909585-n:0/08050678-n:0
legal legal AQ0CS00 01400562-a:0/02499148-a:0
anterior anterior AQ0CS00 00122128-a:0/00668816-a:0/00814611-a:0/01729819-a:0
. . Fp 

