Cabe caber VMIP3S0 0.479968 00050652-v:0.00724232/02735753-v:0.00720775
recurso recurso NCMS000 0.914011 05154676-n:0.00192308/05155123-n:0.00150995/05154908-n:0.00150478/00177448-n:0.00149409/13331778-n:0.00149246/01185611-n:0.00148268/05154517-n:0.00147951/01208597-n:0.00144428/07068844-n:0.00136081/07246932-n:0.00128772
a a SP 1 -
o o DA0MS0 0.950254 - o PD0MS00 0.0313531 - o PP3MSA0 0.0183743 - o NCMS000 1.85412e-05 -
Conselho_Seccional conselho_seccional NP00O00 1 -
de de SP 1 -
todas_as todas_as PI0FP00 1 -
decisões decisão NCFP000 1 05838176-n:0.00280066/05788149-n:0.00250962/00162632-n:0.00243535/04863969-n:0.00228946/01191158-n:0.0022736/07293546-n:0.00210403
proferidas proferir VMP00PF 0.992518 00978549-v:0.00521979/00941990-v:0.005201/00940384-v:0.00510487
por por SP 1 -
seu seu DP3MSS 0.957305 -
Presidente presidente NP00SP0 1 10467395-n:0.0028165/10468962-n:0.00243784/00597265-n:0.00237202/10467179-n:0.00226011/10468559-n:0.00216759/10469346-n:0.00212884/10468750-n:0.00212788
, , Fc 1 -
por por SP 1 -
o o DA0MS0 1 -
Tribunal_de_Ética tribunal_de_ética NP00O00 1 -
e e CC 0.999951 -
Disciplina disciplina NP00O00 1 05662876-n:0.00258133/05996646-n:0.00250034/04881623-n:0.00244677/00893836-n:0.00236399/05726596-n:0.00235192/01132864-n:0.0022397
, , Fc 1 -
ou ou CC 1 -
pela pelar VMIP3S0 0.470159 01382083-v:0.00274586/01262936-v:0.00259692/01592456-v:0.0025286/02762468-v:0.00234123/00179227-v:0.00231755/01384275-v:0.00226675
diretoria diretoria NCFS000 1 08380768-n:0.0135485
de de SP 1 -
a o DA0FS0 0.675415 - a SP 0.313151 - o PP3FSA0 0.00613742 - o PD0FS00 0.00514062 - a NCMS000 0.000156639 -
Subseção subseção NP00O00 1 04348548-n:0.0131981
ou ou CC 1 -
de de SP 1 -
a o DA0FS0 0.675415 - a SP 0.313151 - o PP3FSA0 0.00613742 - o PD0FS00 0.00514062 - a NCMS000 0.000156639 -
Caixa_de_Assistência_dos_Advogados caixa_de_assistência_dos_advogados NP00O00 1 -
. . Fp 1 -

