Compete competir VMIP3S0 0.999479 01072262-v:0.00221646/01122194-v:0.00148829/02594674-v:0.00146064/02672187-v:0.00137198
a a SP 1 -
a o DA0FS0 0.675415 - a SP 0.313151 - o PP3FSA0 0.00613742 - o PD0FS00 0.00514062 - a NCMS000 0.000156639 -
Subseção subseção NP00O00 1 04348548-n:0.00546363
, , Fc 1 -
em em SP 1 -
o o DA0MS0 1 -
âmbito âmbito NCMS000 1 05125377-n:0.00155113/14514039-n:0.00124185/05996646-n:0.00117377/05127782-n:0.000994696/14513259-n:0.000980198/05853100-n:0.000969816
de de SP 1 -
seu seu DP3MSS 0.957305 -
território território NCMS000 1 08497294-n:0.00121377/08552138-n:0.00118158/08556491-n:0.00108223/08493064-n:0.00106635/05221895-n:0.00102932/08674563-n:0.00093515
: : Fd 1 -
dar dar VMN0000 0.332597 00712135-v:0.000597728/02317094-v:0.000323224/01629000-v:0.000281152/00339934-v:0.000275564/01733477-v:0.000261048/02308741-v:0.000233964/02230772-v:0.000217921/02609764-v:0.000194166/02199590-v:0.000193985/02235229-v:0.000190134/01060494-v:0.000187388/02200686-v:0.000187226/01652139-v:0.00018574/02309165-v:0.000181513/02263692-v:0.00018137/02562901-v:0.000174291/02262278-v:0.000172886/02339171-v:0.000167048/02358327-v:0.000163494/02358034-v:0.000159112/02255462-v:0.000158855/02296153-v:0.0001547/00748616-v:0.000151754/02229055-v:0.000150066/02235842-v:0.000146179/02291708-v:0.000145014/01060746-v:0.000143276/02293321-v:0.000142223/02309374-v:0.000139427/00732224-v:0.000138701/01647672-v:0.000133507/01629403-v:0.000130015/02627363-v:0.000129127/01989053-v:0.000127417/02263027-v:0.000125864/02343595-v:0.000125636/00888009-v:0.000119025/02108791-v:0.000118788/01716283-v:0.000117195/01180351-v:0.000115227/02310328-v:0.00011519/02316868-v:0.000115185/02357873-v:0.00011363/02319669-v:0.000113565/02310007-v:0.000113127/02359553-v:0.000112713/01175810-v:0.000112295/02325272-v:0.000111328/02686471-v:0.000109594/02200498-v:0.000109461/01060317-v:0.000107944/01401115-v:0.000102034
cumprimento cumprimento NCMS000 0.97619 00097504-n:0.000697867/06630017-n:0.000681164/01127019-n:0.000648006/06695227-n:0.00064183/00062451-n:0.000613548/01127379-n:0.000610283/06630627-n:0.000580959/00061917-n:0.000570667/07532112-n:0.00056911/01132864-n:0.000559684
efetivo efetivo AQ0MS00 0.542381 00043765-a:0.00179822/00834198-a:0.00151326/00044132-a:0.00148285/00832784-a:0.00147339
a a SP 1 -
as o DA0FP0 0.974798 - o PD0FP00 0.0142702 - o PP3FPA0 0.0109322 -
finalidades finalidade NCFP000 1 05982152-n:0.00218594/05980875-n:0.00211644/04754440-n:0.00200251
de de SP 1 -
a o DA0FS0 0.675415 - a SP 0.313151 - o PP3FSA0 0.00613742 - o PD0FS00 0.00514062 - a NCMS000 0.000156639 -
OAB oab NP00O00 1 -
; ; Fx 1 -
velar velar VMN0000 0.529581 02144835-v:0.00176346/00020259-v:0.00151834/01483247-v:0.00144016/02167435-v:0.00143724
por por SP 1 -
a o DA0FS0 1 -
dignidade dignidade NCFS000 1 04886881-n:0.00161312/14431902-n:0.00153147/04910684-n:0.00148688/10748620-n:0.0013848
, , Fc 1 -
independência independência NCFS000 1 13994148-n:0.00215869/14001031-n:0.00191814/07474006-n:0.00176066
e e CC 0.999951 -
valorização valorização NCFS000 1 05733583-n:0.00598288
de de SP 1 -
a o DA0FS0 0.675415 - a SP 0.313151 - o PP3FSA0 0.00613742 - o PD0FS00 0.00514062 - a NCMS000 0.000156639 -
advocacia advocacia NCFS000 1 00611143-n:0.00293548/00589217-n:0.00264637
, , Fc 1 -
e e CC 0.999951 -
fazer fazer VMN0000 0.533333 02621395-v:0.0018135/01647229-v:0.00125196/00120316-v:0.000961388/01719921-v:0.00090421/01617192-v:0.00070864/01714208-v:0.000643954/01712704-v:0.000633744/01752884-v:0.00058641/02561995-v:0.00057541/02367363-v:0.000533693/01621555-v:0.000381168/02530167-v:0.00030513/00056930-v:0.000285864/01629000-v:0.000281152/01753788-v:0.000275047/01733477-v:0.000261048/02568672-v:0.000260152/02204692-v:0.000233247/00010435-v:0.000186136/01645601-v:0.000185486/00770437-v:0.000182631/01640207-v:0.000178465/01659248-v:0.000178004/01653873-v:0.00017703/02203362-v:0.000175999/02562901-v:0.000174291/00142191-v:0.00016694/00665476-v:0.000146261/02630189-v:0.000132842/00730758-v:0.000131038/01752495-v:0.000126007/02176268-v:0.00011302/02355596-v:0.000109471/01627355-v:0.000108998/02745332-v:0.000108908/02598483-v:0.000104049/01754737-v:0.000102108/00698256-v:0.000100297/02205098-v:9.876e-05/02582921-v:9.75563e-05/02539788-v:9.69947e-05/02560767-v:9.46269e-05/01619014-v:9.36802e-05/01646075-v:9.35161e-05/01438902-v:9.29913e-05/01658188-v:9.29422e-05/01628197-v:9.23894e-05/01629589-v:9.02816e-05/00818974-v:8.96762e-05/01739814-v:8.83774e-05/02560585-v:8.67986e-05/00767334-v:8.66204e-05/01685313-v:8.66003e-05/00012267-v:8.52756e-05/01738774-v:8.44975e-05/02599636-v:8.44451e-05/02374764-v:8.40005e-05/02617567-v:8.38942e-05/00059559-v:8.34379e-05/02621133-v:8.21283e-05/00107369-v:8.19106e-05/01755504-v:8.05505e-05/00408624-v:8.02099e-05/00065370-v:7.97115e-05/00121046-v:7.95318e-05/01649024-v:7.91414e-05/02709107-v:7.89662e-05/02434859-v:7.74594e-05/01116980-v:7.71239e-05/02211948-v:7.59515e-05/00120675-v:7.36509e-05
valer valer VMN0000 0.529581 02703018-v:0.0013619/02646378-v:0.00124961/02702508-v:0.00121705/02676789-v:0.00118503/02683489-v:0.00111003
as o DA0FP0 0.974798 -
prerrogativas prerrogativa NCFP000 1 05178715-n:0.00574962
de de SP 1 -
o o DA0MS0 0.950254 - o PD0MS00 0.0313531 - o PP3MSA0 0.0183743 - o NCMS000 1.85412e-05 -
advogado advogado NCMS000 0.975904 10249950-n:0.00312487/09774783-n:0.00131457/09775663-n:0.00124871/10623175-n:0.0012205/09840963-n:0.00120981
; ; Fx 1 -
representar representar VMN0000 0.328 02620587-v:0.00160032/01719921-v:0.00090421/01686132-v:0.00082913/02137132-v:0.000562386/02541509-v:0.000529574/01719302-v:0.000440684/00943837-v:0.00042579/02581675-v:0.000391014/00836236-v:0.000358042/00988028-v:0.00030186/01716882-v:0.000295354/02723733-v:0.00029212/02699497-v:0.000287511/02697725-v:0.00028329/01688771-v:0.000280926/02698443-v:0.00027734/00013615-v:0.000277291/01688256-v:0.000271918/01711445-v:0.00027166/02541921-v:0.00026696/01723690-v:0.000263873/02740352-v:0.00025868/02742482-v:0.000226212
a o DA0FS0 0.675415 -
OAB oab NP00O00 1 -
perante perante SP 1 -
os o DA0MP0 0.958022 -
poderes poder NCMP000 0.254222 05616246-n:0.000900643/05194578-n:0.000727952/14515633-n:0.000685306/08050678-n:0.000611367/05190804-n:0.000581818/06471345-n:0.000554266/14491271-n:0.000553168/10461424-n:0.000530485/13945102-n:0.00052835/05030680-n:0.000511994/06530789-n:0.000510249
constituídos constituir VMP00PM 0.992518 02621395-v:0.0018135/02620587-v:0.00160032/02396205-v:0.00129523/01647229-v:0.00125196/00529266-a:0.00119479
; ; Fx 1 -
desempenhar desempenhar VMN0000 0.529581 01719921-v:0.00090421/01686132-v:0.00082913/01640855-v:0.000766307/01714208-v:0.000643954/01712704-v:0.000633744/02561995-v:0.00057541/01072949-v:0.000568746/01079480-v:0.000502416/02418686-v:0.000454226/01586278-v:0.000439536/01903385-v:0.000425734/02597601-v:0.000422667/01156115-v:0.000421757
as o DA0FP0 0.974798 -
atribuições atribuição NCFP000 1 13289467-n:0.00183542/13285176-n:0.00168858/13289744-n:0.00144013/05734559-n:0.00143686/00373418-n:0.00116339
previstas prever VMP00PF 0.992518 00712135-v:0.000597728/00917772-v:0.000590178/00720808-v:0.000589619/00871942-v:0.000528395/00720063-v:0.000494923/00719734-v:0.000487447/00929815-a:0.000461951/00723545-v:0.000459691/00974173-v:0.000450868/02565491-v:0.000449918/00631737-v:0.000444438/00794981-v:0.000437389/00926472-v:0.000431947/01636221-v:0.000410927
em em SP 1 -
o o DA0MS0 1 -
regulamento regulamento NCMS000 0.97619 80000908-n:0.00195725/05846054-n:0.00115841/14443434-n:0.00115224/00805034-n:0.0011438/06537951-n:0.0010671
geral geral AQ0CS00 0.694581 01101391-a:0.0011574/00489108-a:0.000832344/00526062-a:0.000821242/00527188-a:0.000736447/01426077-a:0.000732052/00783840-a:0.000719467/01839663-a:0.000682075/00487198-a:0.000678558
ou ou CC 1 -
por por SP 1 -
delegação delegação NCFS000 1 08402442-n:0.00122001/01140839-n:0.00119218/14000403-n:0.00118808/00165178-n:0.00114238/01140471-n:0.00113033
de de SP 1 -
competência competência NCFS000 1 05642175-n:0.00183931/05153520-n:0.00179746/05154114-n:0.00158818/05622456-n:0.00152042
de de SP 1 -
o o DA0MS0 0.950254 - o PD0MS00 0.0313531 - o PP3MSA0 0.0183743 - o NCMS000 1.85412e-05 -
Conselho_Seccional conselho_seccional NP00O00 1 -
. . Fp 1 -

A a SP 1 -
o o DA0MS0 0.950254 - o PD0MS00 0.0313531 - o PP3MSA0 0.0183743 - o NCMS000 1.85412e-05 -
Conselho_da_Subseção conselho_da_subseção NP00V00 1 -
, , Fc 1 -
quando quando RG 0.998992 -
houver haver VMSF1S0 0.5 00339934-v:0.00180333/02655135-v:0.00133758/02603699-v:0.00132127/02210855-v:0.00129627/02616713-v:0.00100015
, , Fc 1 -
compete competir VMIP3S0 0.999479 01072262-v:0.00176814/01122194-v:0.00119851/02594674-v:0.00116953/02672187-v:0.0011054
exercer exercer VMN0000 0.529581 02568672-v:0.000652123/02204564-v:0.00058358/01095218-v:0.000563951/01774426-v:0.000561445/02670890-v:0.000543686/02595383-v:0.000539453/00606093-v:0.000532489/00099721-v:0.000525979/01166093-v:0.000474914
as o DA0FP0 0.974798 -
funções função NCFP000 1 00586262-n:0.000636259/00582388-n:0.00050869/14515633-n:0.000418413/13525549-n:0.000405254/05074774-n:0.000401956/00720565-n:0.000388681/05149325-n:0.000385714/00719705-n:0.000369969/06582403-n:0.000362711/06891493-n:0.000360452/13783816-n:0.000356112/00722061-n:0.000338264/13781164-n:0.000322269/09385911-n:0.000315124/08252467-n:0.000287973
e e CC 0.999951 -
atribuições atribuição NCFP000 1 13289467-n:0.00147837/13285176-n:0.00135804/13289744-n:0.00116057/05734559-n:0.00112378/00373418-n:0.000936859
de de SP 1 -
o o DA0MS0 0.950254 - o PD0MS00 0.0313531 - o PP3MSA0 0.0183743 - o NCMS000 1.85412e-05 -
Conselho_Seccional conselho_seccional NP00O00 1 -
, , Fc 1 -
em em SP 1 -
a o DA0FS0 1 -
forma forma NCFS000 0.996448 04928903-n:0.00253401/05839024-n:0.000684701/05930736-n:0.000485187/05064037-n:0.000433341/00172710-n:0.00041027/00027807-n:0.00035954/06290637-n:0.000350934/06473563-n:0.00034315/05217168-n:0.000335735/08111157-n:0.000315108/14546432-n:0.000304924/05941210-n:0.000292608/04677514-n:0.000284443/07683138-n:0.000274251/04200908-n:0.000268314/04931733-n:0.000261383
de de SP 1 -
o o DA0MS0 0.950254 - o PD0MS00 0.0313531 - o PP3MSA0 0.0183743 - o NCMS000 1.85412e-05 -
regimento regimento NCMS000 0.914011 08213817-n:0.00168127/08050678-n:0.00163167/13775093-n:0.00155219
interno interno AQ0MS00 0.475 00948670-a:0.000492713/01038102-a:0.000457663/00952867-a:0.0003642/00950272-a:0.000347861/01038808-a:0.00034678/01692786-a:0.000342637/01859571-a:0.000334579/01693799-a:0.000333534/00948985-a:0.000314569/00463784-a:0.000309987/01346978-a:0.000300568/01038332-a:0.000298125/01348835-a:0.000292787/01859801-a:0.000292419/00951831-a:0.000292081
de de SP 1 -
este este DD0MS0 1 -
, , Fc 1 -
e e CC 0.999951 -
ainda ainda RG 1 00040365-r:0.000982834/00027795-r:0.000743105/00047534-r:0.000696301/00018189-r:0.00067903/00017639-r:0.000638169/00027918-r:0.000632264/00031304-r:0.000610499
: : Fd 1 -
editar editar VMN0000 0.529581 00967625-v:0.00194902/01745722-v:0.00167438/00968038-v:0.00164057
seu seu DP3MSS 0.957305 -
regimento regimento NCMS000 0.914011 08213817-n:0.00168127/08050678-n:0.00163167/13775093-n:0.00155219
interno interno AQ0MS00 0.475 00948670-a:0.000492713/01038102-a:0.000457663/00952867-a:0.0003642/00950272-a:0.000347861/01038808-a:0.00034678/01692786-a:0.000342637/01859571-a:0.000334579/01693799-a:0.000333534/00948985-a:0.000314569/00463784-a:0.000309987/01346978-a:0.000300568/01038332-a:0.000298125/01348835-a:0.000292787/01859801-a:0.000292419/00951831-a:0.000292081
, , Fc 1 -
a a SP 0.313151 -
ser ser VMN0000 0.33093 00339934-v:0.00180333/02655135-v:0.00133758/02603699-v:0.00132127/02604760-v:0.000499525/02620587-v:0.000427575/02627363-v:0.000357946/02445925-v:0.000334143/02702508-v:0.00033203/02731024-v:0.000319614/02664769-v:0.000300808/02614181-v:0.000296197/02597601-v:0.000294665/01717851-v:0.000289404/02749904-v:0.000286729/02616386-v:0.000278853
referendado referendar VMP00SM 0.992518 -
por por SP 1 -
o o DA0MS0 1 -
Conselho_Seccional conselho_seccional NP00O00 1 -
; ; Fx 1 -
editar editar VMN0000 0.529581 00967625-v:0.00194902/01745722-v:0.00167438/00968038-v:0.00164057
resoluções resolução NCFP000 1 05838176-n:0.00147615/00162632-n:0.00120336/07293546-n:0.000966989/04861486-n:0.000482684/05982152-n:0.000387398/07177924-n:0.00036991/05789089-n:0.000362656/00180228-n:0.000338437/04864200-n:0.000333213/06511874-n:0.000318968/06743506-n:0.0003041/00163047-n:0.00028803/00153809-n:0.000279409/11505769-n:0.000275767/07028221-n:0.000275001/07420217-n:0.000270357
, , Fc 1 -
em em SP 1 -
o o DA0MS0 1 -
âmbito âmbito NCMS000 1 05996646-n:0.00192095/05125377-n:0.00101135/14514039-n:0.000960625/14513259-n:0.000790635/05853100-n:0.000780858/05127782-n:0.000762605
de de SP 1 -
sua seu DP3FSS 0.929764 -
competência competência NCFS000 1 05642175-n:0.0014763/05153520-n:0.00144588/05154114-n:0.0012792/05622456-n:0.00122228
; ; Fx 1 -
instaurar instaurar VMN0000 0.529581 02427103-v:0.00104602/02554922-v:0.000968836/02426799-v:0.000959965/01647229-v:0.000920389/01618547-v:0.000885361
e e CC 0.999951 -
instruir instruir VMN0000 0.529581 00603298-v:0.00153224/00829107-v:0.00147359/02539788-v:0.00106852/00273734-v:0.00105424/00749963-v:0.00104119/00831074-v:0.0010113/00830188-v:0.000994265/00603981-v:0.000989183/02592667-v:0.000954567
processos processo NCMP000 1 01195867-n:0.000874509/01182654-n:0.000631564/01184814-n:0.000606844/05701363-n:0.000546653/01181902-n:0.000496731/01023820-n:0.000489758/01198307-n:0.000482893/00029677-n:0.000424003/05470189-n:0.000413335/01023636-n:0.000412802/05701738-n:0.0003937/06503551-n:0.000355997
disciplinares disciplinar VMN02S0 0.976071 02553428-v:0.00444115
, , Fc 1 -
para para SP 0.999444 -
julgamento julgamento NCMS000 1 05837957-n:0.00179836/01191158-n:0.00124281/01195867-n:0.000874509/01187810-n:0.000638975/05789432-n:0.000579427/06765044-n:0.000520418/00874067-n:0.00051152/04892084-n:0.00050013/05614175-n:0.000481865/04890112-n:0.000478059
por por SP 1 -
o o DA0MS0 1 -
Tribunal_de_Ética tribunal_de_ética NP00O00 1 -
e e CC 0.999951 -
Disciplina disciplina NP00O00 1 05996646-n:0.00192095/04881623-n:0.000923147/05662876-n:0.000920854/00893836-n:0.000899227/05726596-n:0.000808978/01132864-n:0.000752653
; ; Fx 1 -
receber receber VMN0000 0.330909 02210855-v:0.00129627/02292125-v:0.000273313/01380638-v:0.000264573/02210119-v:0.000260424/00668099-v:0.000259289/01470225-v:0.000247815/00522751-v:0.000246498/02739480-v:0.000239474/02276866-v:0.00023297/00900583-v:0.000232829/00617095-v:0.000232723/01194418-v:0.000232214/01172838-v:0.00022664/02108654-v:0.000226489/02765464-v:0.000226359/00686879-v:0.000224075/02108377-v:0.000223048/02107248-v:0.000219112/00718907-v:0.000212279/00117346-v:0.000206284/02197505-v:0.000201287
pedido pedir VMP00SM 0.362832 00752764-v:0.000519537/00752493-v:0.000431852/00784342-v:0.000418209/02627934-v:0.000404/00755745-v:0.000296179/02498320-v:0.000294851/00753428-v:0.000285191/00782057-v:0.000266905/00784727-v:0.000264967/00745499-v:0.000264196/00795632-v:0.000259019/00759269-v:0.00025673/00793580-v:0.000248267/00897746-v:0.000248073/00753734-v:0.00024524/00894738-v:0.000243149/02270815-v:0.000237958/01069809-v:0.000234359/01018065-v:0.00023414/02359061-v:0.000225483/01760143-v:0.000218713
de de SP 1 -
inscrição inscrição NCFS000 1 06405699-n:0.00249746/00050037-n:0.00221958
em em SP 1 -
os o DA0MP0 1 -
quadros quadro NCMP000 1 03876519-n:0.000651649/02856463-n:0.00062545/06999802-n:0.000621107/02846511-n:0.00061504/08358594-n:0.000571581/03391464-n:0.000558904/08242100-n:0.0005357/13937075-n:0.000528406
de de SP 1 -
advogado advogado NCMS000 0.975904 10249950-n:0.00134659/09774783-n:0.00106127/09775663-n:0.000974349/10623175-n:0.000962034/09840963-n:0.000949469
e e CC 0.999951 -
estagiário estagiário NCMS000 1 10211203-n:0.00229944/10722385-n:0.00227759
, , Fc 1 -
instruindo instruir VMG0000 1 00603298-v:0.00153224/00829107-v:0.00147359/02539788-v:0.00106852/00273734-v:0.00105424/00749963-v:0.00104119/00831074-v:0.0010113/00830188-v:0.000994265/00603981-v:0.000989183/02592667-v:0.000954567
e e CC 0.999951 -
emitindo emitir VMG0000 1 02767308-v:0.000722582/00983824-v:0.000542727/00973056-v:0.000527077/01064799-v:0.000499501/02293321-v:0.000478185/02631005-v:0.000451687/02043851-v:0.000448276/01018800-v:0.000438365/00291286-v:0.000437651/01062253-v:0.000427283
parecer parecer NCMS000 0.593023 05837957-n:0.00179836/05945642-n:0.00141608/06782019-n:0.00121115/06746471-n:0.00114634
prévio prévio AQ0MS00 1 00121865-a:0.00146515/00122128-a:0.000975977/00127137-a:0.000888855/00126235-a:0.000868223/01729819-a:0.000849699
, , Fc 1 -
para para SP 0.999444 -
decisão decisão NCFS000 1 05838176-n:0.00147615/01191158-n:0.00124281/00162632-n:0.00120336/07293546-n:0.000966989/05788149-n:0.000958373/04863969-n:0.00078237
de de SP 1 -
o o DA0MS0 0.950254 - o PD0MS00 0.0313531 - o PP3MSA0 0.0183743 - o NCMS000 1.85412e-05 -
Conselho_Seccional conselho_seccional NP00O00 1 -
. . Fp 1 -

