Constitui constituir VMIP3S0 0.944444 02621395-v:0.000981256/02620587-v:0.000463586/01647229-v:0.000443946/02396205-v:0.000343649
infração infração NCFS000 1 00766234-n:0.000945696/00770270-n:0.000463768
disciplinar disciplinar VMN0000 0.529581 02553428-v:0.000799822
: : Fd 1 -
exercer exercer VMN0000 0.529581 02568672-v:0.000389167/00606093-v:0.000282147/02204564-v:0.00014362/02670890-v:0.000131948/01095218-v:0.000120943/02595383-v:0.000116473/01774426-v:0.000109778/00099721-v:0.000106797/01166093-v:9.9197e-05
a o DA0FS0 0.675415 -
profissão profissão NCFS000 1 00582388-n:0.000378586/05074774-n:0.000210021/00583246-n:0.000182278/00609953-n:0.000176138/00606370-n:0.00015945/06685040-n:0.00013147/06732925-n:0.000129016
, , Fc 1 -
quando quando RG 0.998992 -
impedido impedir VMP00SM 0.560418 02452885-v:0.000461952/02451370-v:0.000357207/02450505-v:0.00028881/02557199-v:0.000266215/00520357-v:0.000252311/01147060-v:0.000223479/00236289-v:0.000212169/02629390-v:0.000210458
de de SP 1 -
fazê fazer VMN0000 1 -
o o PP3MSA0 1 -
, , Fc 1 -
ou ou CC 1 -
facilitar facilitar VMN0000 0.529581 02327200-v:0.000362946/02735897-v:0.000200275/00518395-v:0.000192447/00876200-v:0.00016721/01757338-v:0.000165274
, , Fc 1 -
por por SP 1 -
qualquer qualquer DI0CS0 0.881232 -
meio meio NCMS000 0.671123 00172710-n:0.00026506/08567235-n:0.000128986/13934596-n:0.00011899/03733547-n:0.000103081/13736799-n:9.73828e-05/08523483-n:9.60561e-05/05250659-n:7.45022e-05/05921123-n:7.39023e-05/15266685-n:6.30059e-05/08521816-n:6.12016e-05/06254475-n:6.00917e-05/05868272-n:5.9639e-05/05155123-n:5.23398e-05/14899328-n:5.21695e-05/14513944-n:4.62313e-05/08588699-n:4.53241e-05/08568579-n:4.53029e-05/08568142-n:4.46814e-05
, , Fc 1 -
o o DA0MS0 0.950254 -
seu seu DP3MSS 0.957305 -
exercício exercício NCMS000 1 00947128-n:0.000339837/00894552-n:0.000243958/00624738-n:0.000194013/15203120-n:0.000165152/00729919-n:0.00016095
a a SP 1 -
os o DA0MP0 0.958022 - o PD0MP00 0.021587 - o PP3MPA0 0.0203911 -
não não RN 0.99985 00024073-r:0.00307237/00024356-r:0.000209756/00024587-r:0.000208526/00050681-r:0.000198902
inscritos inscrever VMP00PM 0.892483 02471327-v:0.000232644/01321895-v:0.000137175/02471087-v:0.000100318/01749790-v:9.53781e-05/01001008-v:9.49355e-05/00887325-v:9.03165e-05/01097309-v:8.78637e-05/02472033-v:8.73087e-05/01276192-v:8.07427e-05/01583344-v:7.91998e-05
, , Fc 1 -
proibidos proibir VMP00PM 0.972958 02452885-v:0.000461952/00795863-v:0.000270305/02493666-v:0.000137908/00796588-v:0.00012655/00796392-v:0.000126236/02214190-v:0.000113309/01402498-a:0.000104573/01761375-a:0.000102836
ou ou CC 1 -
impedidos impedir VMP00PM 0.422003 02452885-v:0.000461952/02451370-v:0.000357207/02450505-v:0.00028881/02557199-v:0.000266215/00520357-v:0.000252311/01147060-v:0.000223479/00236289-v:0.000212169/02629390-v:0.000210458
; ; Fx 1 -
manter manter VMN0000 0.533333 02681795-v:0.0001992/02202384-v:0.000154539/02204564-v:0.00014362/02219094-v:8.85086e-05/00736586-v:8.73918e-05/02638845-v:8.39141e-05/02679899-v:7.79573e-05/02225492-v:5.99986e-05/02280132-v:5.5735e-05/01016778-v:5.56546e-05/01184625-v:5.51692e-05/00212414-v:5.50888e-05/02684924-v:5.41245e-05/00117985-v:5.0497e-05/00896497-v:4.70283e-05/01017643-v:4.4008e-05/00607000-v:3.80622e-05/02733122-v:3.77633e-05/00732552-v:3.75499e-05/00896017-v:3.69782e-05/02204094-v:3.63307e-05/02410175-v:3.51287e-05/01151753-v:3.47631e-05/00077369-v:3.25274e-05/01065877-v:3.21257e-05/02651853-v:3.16792e-05
sociedade sociedade NCFS000 1 08058098-n:0.000224605/08227214-n:0.000203475/08049401-n:0.000198529/07966140-n:0.000196073/13931627-n:0.000123164/08060694-n:0.000117304/08387930-n:0.000114286/06526291-n:0.000113648
profissional profissional AQ0CS00 0.567364 01868724-a:0.000219313/01870100-a:0.000156163/02839505-a:0.000150862/02840478-a:0.000149866/02839695-a:0.000146896/02556402-a:0.000139228
fora ir VMIM1S0 0.0849582 01158872-v:0.000290005/01835496-v:0.000205831/02072849-v:0.0001931/02009433-v:0.000134745/01995549-v:0.000128947/02655135-v:9.09548e-05/01935233-v:9.03193e-05/01904930-v:8.86254e-05/01955984-v:6.26266e-05/01849221-v:5.82382e-05/01957529-v:5.76929e-05/02051694-v:5.32676e-05/02618149-v:5.16658e-05/02372605-v:5.0896e-05/00341560-v:4.84161e-05/02685951-v:4.80198e-05/02102398-v:4.00371e-05/02102002-v:3.89791e-05/02727039-v:3.44155e-05/02737876-v:3.34748e-05/02493030-v:3.32423e-05/01846916-v:3.28137e-05/01882814-v:3.27649e-05/02686471-v:3.06605e-05/01841079-v:3.04039e-05/02700455-v:3.03863e-05/01192992-v:2.98654e-05/00359916-v:2.90682e-05/00343898-v:2.78819e-05/01839538-v:2.74546e-05
de de SP 1 -
as o DA0FP0 0.974798 - o PD0FP00 0.0142702 - o PP3FPA0 0.0109322 -
normas norma NCFP000 1 05846054-n:0.000237669/07260623-n:0.000207586/06652242-n:0.000192796/05924920-n:0.000176603/05667613-n:0.000172036/13854488-n:0.000127492/13617952-n:0.000107688/09372176-n:0.000100536
e e CC 0.999951 -
preceitos preceito NCMP000 1 06185955-n:0.000441104/06655388-n:0.00043241
estabelecidos estabelecer VMP00PM 0.992518 02621395-v:0.000981256/00636888-v:0.000487053/01647229-v:0.000443946/02427103-v:0.00029422/00664788-v:0.00028886/00665476-v:0.000276181/00730758-v:0.000247878/01062395-v:0.000186908/02635033-v:0.000185338/01570108-v:0.000183934/01647672-v:0.000179913/00539338-v:0.000174865/01655505-v:0.000167129/02493300-a:0.000112489
em em SP 1 -
esta este DD0FS0 0.877868 - este PD0FS00 0.122132 -
lei lei NCFS000 1 08441203-n:0.0024255/06532095-n:0.000456965/06478582-n:0.000351119/05726596-n:0.000321615/05846054-n:0.000237669/06532330-n:0.000230917/06564387-n:0.000176347/08209687-n:0.000149822/05872982-n:0.000133038/05870916-n:8.58578e-05/08456347-n:8.4321e-05
; ; Fx 1 -
valer valer VMN03S0 1 -
se se PP3CN00 1 -
de de SP 1 -
agenciador agenciador NCMS000 0.63261 10351874-n:0.00043172/09866222-n:0.000407283
de de SP 1 -
causas causa NCFP000 0.97619 01182654-n:0.00125588/09178999-n:0.000561014/06740402-n:0.000323646/09179382-n:0.000314904/01181902-n:0.000311663/00023773-n:0.000265515/09179264-n:0.000248629/00798245-n:0.000198605/00007347-n:0.000179682/07326557-n:0.000161004/09179606-n:0.000156995
, , Fc 1 -
mediante mediante SP 0.681897 -
participação participação NCFS000 1 00787465-n:0.000334569/01239064-n:0.000181441/13286801-n:0.000165216/05048301-n:0.000118904/13793504-n:0.000116001/13924659-n:0.000112219/07185668-n:0.0001094/13333420-n:0.00010786
em em SP 1 -
os o DA0MP0 1 -
honorários honorário NCMP000 0.632572 13320168-n:0.00093964
a a SP 0.313151 -
receber receber VMN0000 0.330909 02107248-v:0.000516193/02210855-v:0.000214064/02292125-v:0.000172402/02210119-v:0.000169622/00668099-v:0.000156107/01380638-v:0.000149029/02739480-v:0.000139561/01470225-v:0.00013819/00522751-v:0.000133401/02276866-v:0.000125082/00900583-v:0.000124773/00617095-v:0.000123538/02108377-v:0.000123213/01194418-v:0.000123144/02108654-v:0.000120773/00686879-v:0.000120245/01172838-v:0.000119532/02765464-v:0.000118179/00718907-v:0.000111563/00117346-v:0.000110703/02197505-v:0.000105124
; ; Fx 1 -
angariar angariar VMN0000 0.529581 01098452-v:0.000825213
ou ou CC 1 -
captar captar VMN0000 0.529581 02107248-v:0.000516193/02270815-v:0.000413143
causas causa NCFP000 0.97619 01182654-n:0.00125588/09178999-n:0.000561014/06740402-n:0.000323646/09179382-n:0.000314904/01181902-n:0.000311663/00023773-n:0.000265515/09179264-n:0.000248629/00798245-n:0.000198605/00007347-n:0.000179682/07326557-n:0.000161004/09179606-n:0.000156995
, , Fc 1 -
com com SP 1 -
ou ou CC 1 -
sem sem SP 1 -
a o DA0FS0 0.675415 -
intervenção intervenção NCFS000 1 00671351-n:0.000282284/01068184-n:0.000264794/01240210-n:0.000223896/06661562-n:0.000213092
de de SP 1 -
terceiros terceiro AO0MP00 1 02202307-a:0.00151162
; ; Fx 1 -
assinar assinar VMN0000 0.32973 00889229-v:0.000234013/02464866-v:0.00018284/00996485-v:0.000182762/00997020-v:0.000177938/02209745-v:0.000165378
qualquer qualquer DI0CS0 0.881232 -
escrito escrito NCMS000 0.255814 06362953-n:0.000451269/06363778-n:0.000302693/06365467-n:0.000286534
destinado destinar VMP00SM 0.986111 01158872-v:0.000290005/00709379-v:0.000156346/00708840-v:0.000147159/02228698-v:0.000133937/00724150-v:0.000124146/00746479-v:0.000114147/01682822-a:0.000106125/00340626-a:0.00010036
a a SP 0.313151 -
processo_judicial processo_judicial NCMS000 1 01182654-n:0.00125588
ou ou CC 1 -
para para SP 0.999444 -
fim fim NCMS000 1 05982152-n:0.000517437/05980875-n:0.000209983/11410625-n:0.000190654/15266911-n:0.000167083/05868477-n:0.000111238/07291794-n:0.000103736/05981230-n:9.36435e-05/07291312-n:8.69242e-05/00229260-n:7.46074e-05/15267536-n:7.39875e-05/15143477-n:7.20658e-05/00216038-n:6.60122e-05/08565894-n:6.40295e-05
extrajudicial extrajudicial AQ0CS00 1 01403316-a:0.000767895
que que PR0CN00 0.584265 -
não não RN 0.99985 00024073-r:0.00307237/00024356-r:0.000209756/00024587-r:0.000208526/00050681-r:0.000198902
tenha ter VMSP1S0 0.498759 02700867-v:0.00026991/00056930-v:0.000245247/02203362-v:0.000190652/02210119-v:0.000169622/02204692-v:0.000154246/02630189-v:0.000130935/01733477-v:0.000118077/02632167-v:9.66083e-05/02655135-v:9.09548e-05/02630871-v:8.7569e-05/02355596-v:7.92458e-05/00121046-v:7.67983e-05/01156834-v:7.56556e-05/02205098-v:7.44994e-05/00065639-v:7.39301e-05/02108026-v:6.58309e-05/00065370-v:6.13084e-05/00059559-v:5.90986e-05/02603699-v:5.78328e-05/00052374-v:4.39098e-05/00639849-v:3.67125e-05/02746275-v:3.47788e-05/02749904-v:3.3316e-05/02740745-v:3.29828e-05
feito fazer VMP00SM 0.992095 02621395-v:0.000981256/00120316-v:0.000979684/01752884-v:0.000856057/01617192-v:0.000667283/01647229-v:0.000443946/02568672-v:0.000389167/01621555-v:0.000316324/00665476-v:0.000276181/02530167-v:0.000250439/00730758-v:0.000247878/00056930-v:0.000245247/02367363-v:0.000240933/02203362-v:0.000190652/02561995-v:0.000184032/02204692-v:0.000154246/01753788-v:0.000151441/00770437-v:0.000148179/01645601-v:0.000131766/02630189-v:0.000130935/00142191-v:0.000128356/01653873-v:0.000120073/01659248-v:0.000119942/01733477-v:0.000118077/01712704-v:9.24674e-05/01752495-v:8.89723e-05/00010435-v:8.05884e-05/02355596-v:7.92458e-05/01629000-v:7.7984e-05/00121046-v:7.67983e-05/01640207-v:7.54494e-05/02205098-v:7.44994e-05/00065370-v:6.13084e-05/00059559-v:5.90986e-05/02582921-v:5.87118e-05/02176268-v:5.81755e-05/01754737-v:5.81635e-05/00818974-v:5.58503e-05/01627355-v:5.39807e-05/01629589-v:4.89717e-05/01714208-v:4.4145e-05/01646075-v:3.99237e-05/01719921-v:3.896e-05/01739814-v:3.62632e-05/01438902-v:3.53446e-05/02745332-v:3.52778e-05/02617567-v:3.49003e-05/01658188-v:3.41847e-05/02539788-v:3.40113e-05/02560585-v:3.39484e-05/00012267-v:3.36591e-05/01628197-v:3.27639e-05/02598483-v:3.2761e-05/02560767-v:3.21198e-05/01116980-v:3.10595e-05/00698256-v:3.08205e-05/01619014-v:2.9555e-05/01685313-v:2.92008e-05/01738774-v:2.77664e-05/00408624-v:2.71004e-05/02374764-v:2.70277e-05/02621133-v:2.6853e-05/00767334-v:2.65594e-05/02211948-v:2.61557e-05/02599636-v:2.57311e-05/01649024-v:2.54626e-05/01755504-v:2.49687e-05/00107369-v:2.49465e-05/02709107-v:2.49322e-05/02434859-v:2.35074e-05/00120675-v:2.18588e-05/02562901-v:2.17576e-05
, , Fc 1 -
ou ou CC 1 -
em em SP 1 -
que que PR0CN00 0.584265 -
não não RN 0.99985 00024073-r:0.00307237/00024356-r:0.000209756/00024587-r:0.000208526/00050681-r:0.000198902
tenha ter VMSP1S0 0.498759 02700867-v:0.00026991/00056930-v:0.000245247/02203362-v:0.000190652/02210119-v:0.000169622/02204692-v:0.000154246/02630189-v:0.000130935/01733477-v:0.000118077/02632167-v:9.66083e-05/02655135-v:9.09548e-05/02630871-v:8.7569e-05/02355596-v:7.92458e-05/00121046-v:7.67983e-05/01156834-v:7.56556e-05/02205098-v:7.44994e-05/00065639-v:7.39301e-05/02108026-v:6.58309e-05/00065370-v:6.13084e-05/00059559-v:5.90986e-05/02603699-v:5.78328e-05/00052374-v:4.39098e-05/00639849-v:3.67125e-05/02746275-v:3.47788e-05/02749904-v:3.3316e-05/02740745-v:3.29828e-05
colaborado colaborar VMP00SM 1 02416278-v:0.000605639/02416751-v:0.00041741
; ; Fx 1 -
advogar advogar VMN0000 0.529581 00827730-v:0.000319335/00760576-v:0.00029961/02589576-v:0.000289573
contra contra SP 0.996248 -
literal literal AQ0CS00 1 01418789-a:0.000288944/00914983-a:0.000286243/02460964-a:0.000282989
disposição disposição NCFS000 1 06552984-n:0.000338429/05726596-n:0.000321615/06193203-n:0.000237585/05074774-n:0.000210021/04623612-n:0.000111838/04644512-n:9.53013e-05/06755947-n:8.52613e-05/01135952-n:7.76526e-05/04942869-n:7.62172e-05/01010901-n:7.53333e-05/04835724-n:7.20547e-05/05198622-n:6.48108e-05
de de SP 1 -
lei lei NCFS000 1 08441203-n:0.0024255/06532095-n:0.000456965/06478582-n:0.000351119/05726596-n:0.000321615/05846054-n:0.000237669/06532330-n:0.000230917/06564387-n:0.000176347/08209687-n:0.000149822/05872982-n:0.000133038/05870916-n:8.58578e-05/08456347-n:8.4321e-05
, , Fc 1 -
presumindo presumir VMG0000 1 -
se se PP3CN00 1 -
a o DA0FS0 0.675415 -
boa-fé boa-fé NCMS000 0.500006 04871720-n:0.000818818
quando quando RG 0.998992 -
fundamentado fundamentar VMP00SM 0.892572 00636888-v:0.000487053/00665886-v:0.000352915/02499511-a:0.000271302
em em SP 1 -
a o DA0FS0 1 -
inconstitucionalidade inconstitucionalidade NCFS000 1 -
, , Fc 1 -
em em SP 1 -
a o DA0FS0 1 -
injustiça injustiça NCFS000 1 04854389-n:0.000229366/06202553-n:0.000226589/00744616-n:0.000219486/07293475-n:0.000202139
de de SP 1 -
a o DA0FS0 0.675415 - a SP 0.313151 - o PP3FSA0 0.00613742 - o PD0FS00 0.00514062 - a NCMS000 0.000156639 -
lei lei NCFS000 1 08441203-n:0.0024255/06532095-n:0.000456965/06478582-n:0.000351119/05726596-n:0.000321615/05846054-n:0.000237669/06532330-n:0.000230917/06564387-n:0.000176347/08209687-n:0.000149822/05872982-n:0.000133038/05870916-n:8.58578e-05/08456347-n:8.4321e-05
ou ou CC 1 -
em em SP 1 -
pronunciamento pronunciamento NCMS000 1 00962129-n:0.000442487/06727224-n:0.00040009
judicial judicial AQ0CS00 1 02752987-a:0.000675032/02753724-a:0.000302405/01400961-a:0.00023076/02753205-a:0.000192664
anterior anterior AQ0CS00 1 00130778-a:0.0001489/00127137-a:0.000125335/00122128-a:0.000118786/00126235-a:0.000116552/00668816-a:0.000114268/00814611-a:0.000113049/01729819-a:0.000110278
; ; Fx 1 -
violar violar NCMS000 0.0805 -
, , Fc 1 -
sem sem SP 1 -
justa justo AQ0FS00 0.46384 00956131-a:0.000258414/01369663-a:0.000238262/00958151-a:0.000218838/02036578-a:0.000181969/00631391-a:0.000181207/01943406-a:0.000178518/00021766-a:0.000169799/02036934-a:0.000147991/01407267-a:0.000145641/01370475-a:0.000142175/02035086-a:0.000140637/01447937-a:0.000125882/02526441-a:0.000120799
causa causa NCFS000 0.931889 01182654-n:0.00125588/09178999-n:0.000561014/06740402-n:0.000323646/09179382-n:0.000314904/01181902-n:0.000311663/00023773-n:0.000265515/09179264-n:0.000248629/00798245-n:0.000198605/00007347-n:0.000179682/07326557-n:0.000161004/09179606-n:0.000156995
, , Fc 1 -
sigilo sigilo NCMS000 0.914011 14416089-n:0.000926629
profissional profissional AQ0CS00 0.567364 01868724-a:0.000219313/01870100-a:0.000156163/02839505-a:0.000150862/02840478-a:0.000149866/02839695-a:0.000146896/02556402-a:0.000139228
; ; Fx 1 -
estabelecer estabelecer VMN0000 0.529581 02621395-v:0.000981256/00636888-v:0.000487053/01647229-v:0.000443946/02427103-v:0.00029422/00664788-v:0.00028886/00665476-v:0.000276181/00730758-v:0.000247878/01062395-v:0.000186908/02635033-v:0.000185338/01570108-v:0.000183934/01647672-v:0.000179913/00539338-v:0.000174865/01655505-v:0.000167129
entendimento entendimento NCMS000 1 05805475-n:0.000218141/05651680-n:0.000148415/07176804-n:0.00010932/05805902-n:0.000107028/06199142-n:0.000106107/05807540-n:0.000102167/07513247-n:0.000101315/05623628-n:0.000100923/04840405-n:9.67317e-05
com com SP 1 -
a o DA0FS0 0.675415 -
parte parte NCFS000 0.969571 05868954-n:0.000566547/00787465-n:0.000334569/10402824-n:0.000263011/08256968-n:0.000211585/09385911-n:0.000182191/08630039-n:0.000162025/03081021-n:0.000123556/05867413-n:0.000105897/13285176-n:9.50663e-05/08264897-n:8.31561e-05/06392001-n:7.63097e-05/05929008-n:7.57307e-05/08649345-n:7.17824e-05/13086908-n:6.70467e-05/13809207-n:5.9813e-05/03892891-n:5.81417e-05/04164989-n:5.80436e-05/01085098-n:5.1511e-05/15257829-n:4.47342e-05/03390207-n:4.21953e-05/05852973-n:3.60811e-05/09428741-n:3.59959e-05/13286524-n:3.53051e-05/05671974-n:3.36067e-05
adversa adverso AQ0FS00 0.869767 00065488-a:0.000846902
sem sem SP 1 -
autorização autorização NCFS000 1 05196582-n:0.000484471/06556481-n:0.000248484/05176607-n:0.000176347/06689297-n:0.000174484/01138670-n:0.000149251/06687358-n:0.000143219/01141593-n:0.000107568/13994806-n:0.000107309
de de SP 1 -
o o DA0MS0 0.950254 - o PD0MS00 0.0313531 - o PP3MSA0 0.0183743 - o NCMS000 1.85412e-05 -
cliente cliente NCCS000 1 09984659-n:0.000506767/09985075-n:0.000381695/09885145-n:0.000365326/10407726-n:0.000358556/03827107-n:0.00032822
ou ou CC 1 -
ciência ciência NCFS000 1 05999797-n:0.000211401/05985999-n:0.000177773/05636887-n:0.00017329/06000400-n:0.000170694/05999540-n:0.000168003
de de SP 1 -
o o DA0MS0 0.950254 - o PD0MS00 0.0313531 - o PP3MSA0 0.0183743 - o NCMS000 1.85412e-05 -
advogado advogado NCMS000 0.975904 10249950-n:0.000740528/09775663-n:0.000286125/09774783-n:0.000268733/10623175-n:0.000206083/09840963-n:0.000190938
contrário contrário AQ0MS00 0.0833333 01245138-a:0.000237834/01662756-a:0.000229398/02065958-a:0.000222429/01246148-a:0.000218739/00042837-a:0.000213864/01293542-a:0.000213273/01818680-a:0.000211972/02382396-a:0.000202405
; ; Fx 1 -
prejudicar prejudicar VMN0000 0.529581 00824292-v:0.000140123/02513460-v:0.000137802/01564144-v:0.000128987/00260470-v:0.000126599/02513742-v:0.000123376/01793177-v:0.000123343/01085874-v:0.000111607/00681281-v:0.000107173
, , Fc 1 -
por por SP 1 -
culpa culpa NCFS000 0.819323 00766234-n:0.000945696/13990675-n:0.000243088/06713752-n:0.000218501/13991346-n:0.000135973/04669692-n:0.000134687/07536245-n:0.00012667/13990960-n:0.000120001
grave grave AQ0CS00 0.927273 02118379-a:9.82983e-05/00650577-a:8.64896e-05/02119213-a:6.97891e-05/00651039-a:6.75483e-05/01301316-a:6.65699e-05/00580039-a:6.37162e-05/01513050-a:6.36881e-05/00689336-a:6.3409e-05/02123314-a:6.28183e-05/01215421-a:6.11413e-05/01129185-a:5.94143e-05/00651451-a:5.73648e-05/01279611-a:5.49828e-05/01333477-a:5.48612e-05/02322512-a:5.36388e-05
, , Fc 1 -
interesse interessar VMSP1S0 0.0820896 02678438-v:0.000231197/01821423-v:0.000228037/02678663-v:0.000205577/00722675-v:0.000204908
confiado confiar VMP00SM 0.992512 02349212-v:0.00019436/00689344-v:0.000166324/00720063-v:0.000162444/00688377-v:0.000138109/02230772-v:0.000135104/00936465-v:0.000107507/02356230-v:9.65517e-05/01826723-v:9.55572e-05/01689169-v:6.91487e-05/02265726-v:6.76557e-05/02481819-v:6.65107e-05/00883112-v:6.42367e-05/00882523-v:6.34233e-05
a a SP 1 -
o o DA0MS0 0.950254 - o PD0MS00 0.0313531 - o PP3MSA0 0.0183743 - o NCMS000 1.85412e-05 -
seu seu DP3MSS 0.957305 -
patrocínio patrocínio NCMS000 1 01153861-n:0.000408706/01215036-n:0.000391453
; ; Fx 1 -
acarretar acarretar VMN0000 0.529581 01752884-v:0.000856057/02633218-v:0.000395761
, , Fc 1 -
conscientemente consciente RG 1 -
, , Fc 1 -
por por SP 1 -
ato ato NCMS000 0.914009 00037396-n:0.000801207/06532095-n:0.000456965/00030358-n:0.000224205/06545137-n:0.00017179/07447261-n:0.000125857/07009640-n:0.000118354/00550341-n:0.000117121
próprio próprio AQ0MS00 0.95045 01020885-a:0.000152894/01104026-a:0.000142885/00135092-a:0.000139912/00135455-a:0.000136883/01768724-a:0.000132269/01104889-a:0.00012936
, , Fc 1 -
a o DA0FS0 0.675415 -
anulação anulação NCFS000 1 00231887-n:0.000233175/00231567-n:0.000224756/01240979-n:0.000222852/07207142-n:0.000206084
ou ou CC 1 -
a o DA0FS0 0.675415 -
nulidade nulidade NCFS000 1 06532763-n:0.000830496
de de SP 1 -
o o DA0MS0 0.950254 - o PD0MS00 0.0313531 - o PP3MSA0 0.0183743 - o NCMS000 1.85412e-05 -
processo processo NCMS000 0.998008 01182654-n:0.00125588/01184814-n:0.000380255/01181902-n:0.000311663/01023820-n:0.000153761/05701363-n:0.000146886/01198307-n:0.000126426/01195867-n:0.000113563/01023636-n:0.000105203/00029677-n:9.73317e-05/05470189-n:9.44436e-05/05701738-n:7.74767e-05/06503551-n:7.44649e-05
em em SP 1 -
que que CS 0.398036 -
funcione funcionar VMSP3S0 0.648515 01525666-v:0.000323775/01526290-v:0.000121823/01096497-v:0.000120523/02541251-v:0.000114777/02525447-v:0.000104076/00341285-v:9.93786e-05/01526139-v:9.57717e-05/02722449-v:9.56957e-05
; ; Fx 1 -
abandonar abandonar VMN0000 0.529581 00614057-v:0.0001429/02227487-v:0.000103784/02316304-v:0.000103181/02382367-v:9.98285e-05/02529284-v:9.88068e-05/02584097-v:8.93385e-05/02534062-v:8.4797e-05/00613683-v:8.19202e-05/02383440-v:7.78863e-05/02229055-v:7.52782e-05/00550117-v:6.82655e-05/02227741-v:6.7737e-05/00613393-v:6.63145e-05/00496673-v:6.4712e-05/02228031-v:6.4202e-05/00363110-v:5.97108e-05/01083044-v:5.90359e-05/02076676-v:5.17611e-05/00613248-v:4.88662e-05/00614444-v:4.24296e-05/02535716-v:3.69435e-05/02228268-v:3.68498e-05/01842367-v:3.45584e-05/02223136-v:3.42085e-05
a o DA0FS0 0.675415 -
causa causa NCFS000 0.931889 01182654-n:0.00125588/09178999-n:0.000561014/06740402-n:0.000323646/09179382-n:0.000314904/01181902-n:0.000311663/00023773-n:0.000265515/09179264-n:0.000248629/00798245-n:0.000198605/00007347-n:0.000179682/07326557-n:0.000161004/09179606-n:0.000156995
sem sem SP 1 -
justo justo NCMS000 0.635066 -
motivo motivo NCMS000 0.97619 09178999-n:0.000561014/06740402-n:0.000323646/00023773-n:0.000265515/09179264-n:0.000248629/06739990-n:0.000119491/05819149-n:9.9479e-05/05920272-n:9.33887e-05/07029682-n:7.95311e-05/07028797-n:7.54845e-05/05983347-n:7.29571e-05/03789014-n:7.06581e-05
ou ou CC 1 -
antes antes RG 0.996627 00060632-r:0.000643001/00066781-r:0.000298067/00060939-r:0.000259871
de de SP 1 -
decorridos decorrer VMP00PM 0.992518 00339934-v:0.000447853/02582042-v:0.000221436/02072849-v:0.0001931/00799383-v:0.000153897/02737187-v:0.000151734/01784602-a:0.000133763
dez 10 Z 1 -
dias dia NCMP000 1 15155220-n:0.000233165/15159583-n:0.000127077/15157225-n:0.000126722/15136453-n:0.00011094/15164957-n:0.000106365/15136723-n:9.37694e-05/15208333-n:8.92238e-05/15123115-n:8.54772e-05/15157041-n:8.40272e-05/15208540-n:8.38569e-05
de de SP 1 -
a o DA0FS0 0.675415 - a SP 0.313151 - o PP3FSA0 0.00613742 - o PD0FS00 0.00514062 - a NCMS000 0.000156639 -
comunicação comunicação NCFS000 1 00033020-n:0.000217728/06252138-n:0.000203892/09385911-n:0.000182191/06746580-n:0.000165759/06623614-n:0.000159/07212612-n:0.000140814
de de SP 1 -
a o DA0FS0 0.675415 - a SP 0.313151 - o PP3FSA0 0.00613742 - o PD0FS00 0.00514062 - a NCMS000 0.000156639 -
renúncia renúncia NCFS000 1 07254594-n:0.000120803/00212808-n:0.00011711/07254267-n:0.000113366/06511560-n:0.000103153/00205079-n:0.000103005/00213694-n:0.000102039/07254836-n:0.000101172/00204439-n:9.75412e-05/07254456-n:9.69459e-05/07207410-n:9.16659e-05/14413411-n:8.03259e-05
; ; Fx 1 -
recusar recusar VMN03S0 1 -
se se PP3CN00 1 -
a a SP 0.313151 -
prestar prestar VMN0000 0.529581 02327200-v:0.000362946/02291708-v:0.0001982/02324182-v:0.000165641/01060494-v:0.000134966/00732224-v:0.000118973/01060746-v:0.000113853/02297742-v:0.000111982/02310328-v:0.000102247
, , Fc 1 -
sem sem SP 1 -
justo justo AQ0MS00 0.175008 00956131-a:0.000258414/01369663-a:0.000238262/00958151-a:0.000218838/02036578-a:0.000181969/00631391-a:0.000181207/01943406-a:0.000178518/00021766-a:0.000169799/02036934-a:0.000147991/01407267-a:0.000145641/01370475-a:0.000142175/02035086-a:0.000140637/01447937-a:0.000125882/02526441-a:0.000120799
motivo motivo NCMS000 0.97619 09178999-n:0.000561014/06740402-n:0.000323646/00023773-n:0.000265515/09179264-n:0.000248629/06739990-n:0.000119491/05819149-n:9.9479e-05/05920272-n:9.33887e-05/07029682-n:7.95311e-05/07028797-n:7.54845e-05/05983347-n:7.29571e-05/03789014-n:7.06581e-05
, , Fc 1 -
assistência assistência NCFS000 1 01207609-n:0.00025025/05154908-n:0.000170548/01233397-n:0.000155023/05149832-n:0.000147085/01209220-n:0.000133287/00558008-n:0.000115346/07987216-n:0.000115318
jurídica jurídico AQ0FS00 1 01400562-a:0.00074284/02752987-a:0.000675032/02753724-a:0.000302405/02754096-a:0.00024944/02754197-a:0.000157469/02499148-a:0.000133124/01401105-a:0.000119722
, , Fc 1 -
quando quando RG 0.998992 -
nomeado nomear VMP00SM 0.97619 02396205-v:0.000343649/01024190-v:0.000237293/00652346-v:0.000161595/02475922-v:0.000134015/01028748-v:0.000121142/02400760-v:9.1641e-05/01026095-v:9.10518e-05/01705257-v:8.34332e-05/02396716-v:7.56488e-05/00879540-v:7.40496e-05/00945853-v:7.01046e-05/02401523-v:6.79015e-05/00121034-a:6.22606e-05/02635794-a:6.04117e-05/01375831-a:5.92174e-05/01029642-v:5.6025e-05
em_virtude_de em_virtude_de SP 1 -
impossibilidade impossibilidade NCFS000 1 14483126-n:0.00084946
de de SP 1 -
a o DA0FS0 0.675415 - a SP 0.313151 - o PP3FSA0 0.00613742 - o PD0FS00 0.00514062 - a NCMS000 0.000156639 -
Defensoria_Pública defensoria_pública NP00O00 1 10490557-n:0.000773476
; ; Fx 1 -
fazer fazer VMN0000 0.533333 02621395-v:0.000981256/00120316-v:0.000979684/01752884-v:0.000856057/01617192-v:0.000667283/01647229-v:0.000443946/02568672-v:0.000389167/01621555-v:0.000316324/00665476-v:0.000276181/02530167-v:0.000250439/00730758-v:0.000247878/00056930-v:0.000245247/02367363-v:0.000240933/02203362-v:0.000190652/02561995-v:0.000184032/02204692-v:0.000154246/01753788-v:0.000151441/00770437-v:0.000148179/01645601-v:0.000131766/02630189-v:0.000130935/00142191-v:0.000128356/01653873-v:0.000120073/01659248-v:0.000119942/01733477-v:0.000118077/01712704-v:9.24674e-05/01752495-v:8.89723e-05/00010435-v:8.05884e-05/02355596-v:7.92458e-05/01629000-v:7.7984e-05/00121046-v:7.67983e-05/01640207-v:7.54494e-05/02205098-v:7.44994e-05/00065370-v:6.13084e-05/00059559-v:5.90986e-05/02582921-v:5.87118e-05/02176268-v:5.81755e-05/01754737-v:5.81635e-05/00818974-v:5.58503e-05/01627355-v:5.39807e-05/01629589-v:4.89717e-05/01714208-v:4.4145e-05/01646075-v:3.99237e-05/01719921-v:3.896e-05/01739814-v:3.62632e-05/01438902-v:3.53446e-05/02745332-v:3.52778e-05/02617567-v:3.49003e-05/01658188-v:3.41847e-05/02539788-v:3.40113e-05/02560585-v:3.39484e-05/00012267-v:3.36591e-05/01628197-v:3.27639e-05/02598483-v:3.2761e-05/02560767-v:3.21198e-05/01116980-v:3.10595e-05/00698256-v:3.08205e-05/01619014-v:2.9555e-05/01685313-v:2.92008e-05/01738774-v:2.77664e-05/00408624-v:2.71004e-05/02374764-v:2.70277e-05/02621133-v:2.6853e-05/00767334-v:2.65594e-05/02211948-v:2.61557e-05/02599636-v:2.57311e-05/01649024-v:2.54626e-05/01755504-v:2.49687e-05/00107369-v:2.49465e-05/02709107-v:2.49322e-05/02434859-v:2.35074e-05/00120675-v:2.18588e-05/02562901-v:2.17576e-05
publicar publicar VMN0000 0.529581 00967625-v:0.000340818/01744611-v:0.000258073/01745722-v:0.000208561/02157100-v:0.000190137/00991683-v:0.000174303
em em SP 1 -
a o DA0FS0 1 -
imprensa imprensa NCFS000 0.992933 00113113-n:0.000209854/03999992-n:0.000177818/06263369-n:0.000172855/04000311-n:0.000170719/08168241-n:0.000157215
, , Fc 1 -
desnecessária desnecessário AQ0FS00 1 01581115-a:0.000407916/01866812-a:0.000234755/00549826-a:0.000230462/01582049-a:0.000217021
e e CC 0.999951 -
habitualmente habitual RG 1 -
, , Fc 1 -
alegações alegação NCFP000 1 06559365-n:0.000382903/07236077-n:0.000302074/07190290-n:0.000278129
forenses forense AQ0CP00 1 02752987-a:0.000675032/00863361-a:0.000282906/02017613-a:0.00026428
ou ou CC 1 -
relativas relativo AQ0FP00 1 00006032-a:0.000476543/00482673-a:0.000401564
a o DA0FS0 0.675415 -
causas causa NCFP000 0.97619 01182654-n:0.00125588/09178999-n:0.000561014/06740402-n:0.000323646/09179382-n:0.000314904/01181902-n:0.000311663/00023773-n:0.000265515/09179264-n:0.000248629/00798245-n:0.000198605/00007347-n:0.000179682/07326557-n:0.000161004/09179606-n:0.000156995
pendentes pendente AQ0CP00 0.667364 02130514-a:0.00022497/02130821-a:0.00019083/01710543-a:0.000177522/01004703-a:0.000170999/00730470-a:0.000168751
; ; Fx 1 -
deturpar deturpar VMN0000 0.529581 02576921-v:0.000454746/01549905-v:0.000425241
o o DA0MS0 0.950254 -
teor teor NCMS000 1 07051975-n:0.000430036/13779374-n:0.000402265
de de SP 1 -
dispositivo dispositivo NCMS000 0.452636 03183080-n:0.000473857/02727825-n:0.000310807/07068844-n:0.000274401
de de SP 1 -
lei lei NCFS000 1 08441203-n:0.0024255/06532095-n:0.000456965/06478582-n:0.000351119/05726596-n:0.000321615/05846054-n:0.000237669/06532330-n:0.000230917/06564387-n:0.000176347/08209687-n:0.000149822/05872982-n:0.000133038/05870916-n:8.58578e-05/08456347-n:8.4321e-05
, , Fc 1 -
de de SP 1 -
citação citação NCFS000 1 06556692-n:0.000291459/06557047-n:0.000182864/06613056-n:0.000179172/06763681-n:0.0001643/06558277-n:0.000159992/00318391-n:0.000150395
doutrinária doutrinário AQ0FS00 1 -
ou ou CC 1 -
de de SP 1 -
julgado julgar VMP00SM 0.721918 00689344-v:0.000166324/00670261-v:0.000163415/02501278-v:0.000129817/02500902-v:0.000117711/00672433-v:0.000109965/00822367-v:0.000108633/00681429-v:0.000103444/00971650-v:0.000100917/00693780-v:9.58312e-05/00672277-v:6.58408e-05/00828374-v:6.43408e-05/00631737-v:6.37469e-05/02166460-v:6.35652e-05/00971999-v:6.29611e-05/01637166-v:5.2854e-05/01916555-a:4.9884e-05
, , Fc 1 -
bem_como bem_como RG 1 00117082-r:0.000917576
de de SP 1 -
depoimentos depoimento NCMP000 1 06734467-n:0.000466812/06732710-n:0.000414476
, , Fc 1 -
documentos documento NCMP000 1 06470073-n:0.000418958/14974264-n:0.000253626/13403331-n:0.000193611/06734322-n:0.000164738/03217458-n:0.000161716
e e CC 0.999951 -
alegações alegação NCFP000 1 06559365-n:0.000382903/07236077-n:0.000302074/07190290-n:0.000278129
de de SP 1 -
a o DA0FS0 0.675415 - a SP 0.313151 - o PP3FSA0 0.00613742 - o PD0FS00 0.00514062 - a NCMS000 0.000156639 -
parte parte NCFS000 0.969571 05868954-n:0.000566547/00787465-n:0.000334569/10402824-n:0.000263011/08256968-n:0.000211585/09385911-n:0.000182191/08630039-n:0.000162025/03081021-n:0.000123556/05867413-n:0.000105897/13285176-n:9.50663e-05/08264897-n:8.31561e-05/06392001-n:7.63097e-05/05929008-n:7.57307e-05/08649345-n:7.17824e-05/13086908-n:6.70467e-05/13809207-n:5.9813e-05/03892891-n:5.81417e-05/04164989-n:5.80436e-05/01085098-n:5.1511e-05/15257829-n:4.47342e-05/03390207-n:4.21953e-05/05852973-n:3.60811e-05/09428741-n:3.59959e-05/13286524-n:3.53051e-05/05671974-n:3.36067e-05
contrária contrário AQ0FS00 0.667311 01245138-a:0.000237834/01662756-a:0.000229398/02065958-a:0.000222429/01246148-a:0.000218739/00042837-a:0.000213864/01293542-a:0.000213273/01818680-a:0.000211972/02382396-a:0.000202405
, , Fc 1 -
para para SP 0.999444 -
confundir confundir VMN0000 0.529581 00617748-v:0.000113123/01790739-v:9.48061e-05/00619610-v:9.36571e-05/00621734-v:9.13077e-05/01790020-v:9.00421e-05/01657254-v:9.00151e-05/00620673-v:8.23238e-05/00619869-v:8.18297e-05/00620532-v:7.91739e-05/02678287-v:7.32612e-05/01791408-v:7.30921e-05/00618267-v:7.23225e-05/01791973-v:6.97218e-05
o o DA0MS0 0.950254 -
adversário adversário NCMS000 0.632636 09773245-n:0.000613946/10379620-n:0.000503217/10533013-n:0.000368095
ou ou CC 1 -
iludir iludir VMN0000 0.529581 02575082-v:0.0009269
o o DA0MS0 0.950254 -
juiz juiz NCMS000 1 10225219-n:0.000580136/10372076-n:0.000186506/10280945-n:0.000164521/10514429-n:0.000158959/09769636-n:0.0001347/10735984-n:0.000127537/09803429-n:0.000122724
de de SP 1 -
a o DA0FS0 0.675415 - a SP 0.313151 - o PP3FSA0 0.00613742 - o PD0FS00 0.00514062 - a NCMS000 0.000156639 -
causa causa NCFS000 0.931889 01182654-n:0.00125588/09178999-n:0.000561014/06740402-n:0.000323646/09179382-n:0.000314904/01181902-n:0.000311663/00023773-n:0.000265515/09179264-n:0.000248629/00798245-n:0.000198605/00007347-n:0.000179682/07326557-n:0.000161004/09179606-n:0.000156995
; ; Fx 1 -
fazer fazer VMN0000 0.533333 02621395-v:0.000981256/00120316-v:0.000979684/01752884-v:0.000856057/01617192-v:0.000667283/01647229-v:0.000443946/02568672-v:0.000389167/01621555-v:0.000316324/00665476-v:0.000276181/02530167-v:0.000250439/00730758-v:0.000247878/00056930-v:0.000245247/02367363-v:0.000240933/02203362-v:0.000190652/02561995-v:0.000184032/02204692-v:0.000154246/01753788-v:0.000151441/00770437-v:0.000148179/01645601-v:0.000131766/02630189-v:0.000130935/00142191-v:0.000128356/01653873-v:0.000120073/01659248-v:0.000119942/01733477-v:0.000118077/01712704-v:9.24674e-05/01752495-v:8.89723e-05/00010435-v:8.05884e-05/02355596-v:7.92458e-05/01629000-v:7.7984e-05/00121046-v:7.67983e-05/01640207-v:7.54494e-05/02205098-v:7.44994e-05/00065370-v:6.13084e-05/00059559-v:5.90986e-05/02582921-v:5.87118e-05/02176268-v:5.81755e-05/01754737-v:5.81635e-05/00818974-v:5.58503e-05/01627355-v:5.39807e-05/01629589-v:4.89717e-05/01714208-v:4.4145e-05/01646075-v:3.99237e-05/01719921-v:3.896e-05/01739814-v:3.62632e-05/01438902-v:3.53446e-05/02745332-v:3.52778e-05/02617567-v:3.49003e-05/01658188-v:3.41847e-05/02539788-v:3.40113e-05/02560585-v:3.39484e-05/00012267-v:3.36591e-05/01628197-v:3.27639e-05/02598483-v:3.2761e-05/02560767-v:3.21198e-05/01116980-v:3.10595e-05/00698256-v:3.08205e-05/01619014-v:2.9555e-05/01685313-v:2.92008e-05/01738774-v:2.77664e-05/00408624-v:2.71004e-05/02374764-v:2.70277e-05/02621133-v:2.6853e-05/00767334-v:2.65594e-05/02211948-v:2.61557e-05/02599636-v:2.57311e-05/01649024-v:2.54626e-05/01755504-v:2.49687e-05/00107369-v:2.49465e-05/02709107-v:2.49322e-05/02434859-v:2.35074e-05/00120675-v:2.18588e-05/02562901-v:2.17576e-05
, , Fc 1 -
em em SP 1 -
nome nome NCMS000 1 06333653-n:0.000332012/10344443-n:0.000186412/06319293-n:9.14443e-05/06337307-n:8.55533e-05/06317862-n:8.53372e-05/06338908-n:8.33578e-05/06337693-n:7.75753e-05/06320004-n:7.53329e-05/14438788-n:7.39631e-05/06720964-n:7.28285e-05/01139636-n:7.05549e-05/00721660-n:6.94182e-05/05143300-n:6.40788e-05
de de SP 1 -
o o DA0MS0 0.950254 - o PD0MS00 0.0313531 - o PP3MSA0 0.0183743 - o NCMS000 1.85412e-05 -
constituinte constituinte NCCS000 0.243133 05868954-n:0.000566547/06312966-n:0.000454845
, , Fc 1 -
sem sem SP 1 -
autorização autorização NCFS000 1 05196582-n:0.000484471/06556481-n:0.000248484/05176607-n:0.000176347/06689297-n:0.000174484/01138670-n:0.000149251/06687358-n:0.000143219/01141593-n:0.000107568/13994806-n:0.000107309
escrita escrever VMP00SF 0.422003 02284578-a:0.000344232/01744611-v:0.000258073/01698271-v:0.000147199/00993014-v:0.000134234/01691057-v:9.78161e-05/01699896-v:8.93268e-05/01007027-v:8.79148e-05/02286661-a:8.5702e-05/01705494-v:8.36779e-05/01704452-v:8.09451e-05/02213270-a:7.63142e-05
de de SP 1 -
este este DD0MS0 1 -
, , Fc 1 -
imputação imputação NCFS000 1 07237038-n:0.000471983/05735478-n:0.00045946
a o DA0FS0 0.675415 -
terceiro terceiro AO0MS00 0.992424 02202307-a:0.00151162
de de SP 1 -
fato fato NCMS000 1 00037396-n:0.000801207/00029378-n:0.000555506/03051540-n:0.000238457/07283608-n:0.000203119/04350905-n:0.000155359/05819453-n:0.000153981
definido definir VMP00SM 0.992518 00933821-v:0.00018614/00652346-v:0.000161595/00947077-v:0.000117909/00957378-v:0.000113127/02736778-v:0.000112359/02611630-v:0.00011166/01006421-v:9.9897e-05/02698319-v:9.81846e-05/01062938-a:9.06634e-05
como como CS 0.751351 -
crime crime NCMS000 1 00766234-n:0.000945696/00070965-n:0.000697542/09977660-n:0.000320587/00768701-n:0.000213505/00767477-n:0.000182766
; ; Fx 1 -
deixar deixar VMN0000 0.331507 00120316-v:0.000979684/01494310-v:0.00036672/02324182-v:0.000165641/00614057-v:0.0001429/02230772-v:0.000135104/02009433-v:0.000134745/02680814-v:0.000121865/00802318-v:0.000104791/02227487-v:0.000103784/02316304-v:0.000103181/02382367-v:9.98285e-05/02356230-v:9.65517e-05/02584097-v:8.93385e-05/00136991-v:8.68095e-05/02534062-v:8.4797e-05/00613683-v:8.19202e-05/02383440-v:7.78863e-05/02229055-v:7.52782e-05/00496673-v:6.4712e-05/02423183-v:6.3304e-05/00363110-v:5.97108e-05/01083044-v:5.90359e-05/02635659-v:5.87967e-05/01860795-v:5.27097e-05/01474550-v:4.52867e-05/02008396-v:4.2655e-05/02015598-v:3.88048e-05/01196037-v:3.63011e-05/00613018-v:3.49725e-05/00360092-v:3.21476e-05/02681639-v:3.20828e-05/01489465-v:3.0234e-05/02721438-v:2.95214e-05/02729414-v:2.89352e-05/00571061-v:2.83863e-05/00771490-v:2.8203e-05/02200498-v:2.64146e-05
de de SP 1 -
cumprir cumprir VMN0000 0.529581 01640855-v:0.000294234/02671880-v:0.000191559/02561995-v:0.000184032/02542280-v:0.00015197/02594674-v:0.000145896/02578872-v:0.000132489/02563724-v:0.000118541
, , Fc 1 -
em em SP 1 -
o o DA0MS0 1 -
prazo prazo NCMS000 1 15180082-n:0.000302413/15153225-n:0.000297091/15224156-n:0.000278569
estabelecido estabelecer VMP00SM 0.97619 02621395-v:0.000981256/00636888-v:0.000487053/01647229-v:0.000443946/02427103-v:0.00029422/00664788-v:0.00028886/00665476-v:0.000276181/00730758-v:0.000247878/01062395-v:0.000186908/02635033-v:0.000185338/01570108-v:0.000183934/01647672-v:0.000179913/00539338-v:0.000174865/01655505-v:0.000167129/02493300-a:0.000112489
, , Fc 1 -
determinação determinação NCFS000 1 05726596-n:0.000321615/05838176-n:0.000192395/04861486-n:0.000159167/00162632-n:0.000132064/04862005-n:0.000129208/04754237-n:0.000118709/04864200-n:0.000117995/01149303-n:0.000107651
emanada emanar VMP00SF 0.992497 00546192-v:0.000253348/00546080-v:0.000235316/02068413-v:0.000226347/00004605-v:0.000208572
de de SP 1 -
o o DA0MS0 0.950254 - o PD0MS00 0.0313531 - o PP3MSA0 0.0183743 - o NCMS000 1.85412e-05 -
órgão órgão NCMS000 1 05297523-n:0.000208029/10638385-n:0.00013028/03854065-n:0.000128464/03273551-n:0.000110941/13087625-n:0.000108684/06595056-n:0.000106877/08349350-n:0.000105467/03494537-n:0.000102658
ou ou CC 1 -
de de SP 1 -
autoridade autoridade NCFS000 1 05196582-n:0.000484471/08050678-n:0.000277393/09623038-n:0.000192424/08337324-n:0.000180356/09824609-n:0.000169321/05697363-n:0.000131253/09824361-n:0.000110728/04763293-n:0.000104577/06411592-n:9.90441e-05
de de SP 1 -
a o DA0FS0 0.675415 - a SP 0.313151 - o PP3FSA0 0.00613742 - o PD0FS00 0.00514062 - a NCMS000 0.000156639 -
Ordem ordem NP00O00 1 06552984-n:0.000338429/05726596-n:0.000321615/08227214-n:0.000203475/08049401-n:0.000198529/07168131-n:0.000145469/06547059-n:8.67473e-05/06584891-n:7.60394e-05/08233056-n:6.95038e-05/08436562-n:5.80407e-05/07168623-n:5.24556e-05/08240169-n:4.9663e-05/08231184-n:4.87142e-05/14496710-n:4.42234e-05/08456993-n:4.41574e-05/08229467-n:4.28984e-05/07169848-n:4.16333e-05/13968547-n:4.12628e-05/08075388-n:4.02781e-05/07169242-n:3.92536e-05/13950812-n:3.91418e-05/07170467-n:3.88497e-05/07939382-n:3.85184e-05/08242675-n:3.68611e-05/08234493-n:3.59954e-05/07170572-n:3.46277e-05/08106934-n:3.31642e-05
, , Fc 1 -
em em SP 1 -
matéria matéria NCFS000 1 06599788-n:0.000353868/14580897-n:0.000311337/05814291-n:0.000234669/06676416-n:0.00019607/05417472-n:0.000160813/00020827-n:0.0001476
de de SP 1 -
a o DA0FS0 0.675415 - a SP 0.313151 - o PP3FSA0 0.00613742 - o PD0FS00 0.00514062 - a NCMS000 0.000156639 -
competência competência NCFS000 1 05153520-n:0.000276118/05642175-n:0.000272757/05154114-n:0.000232262/05622456-n:0.00022787
de de SP 1 -
esta este DD0FS0 0.877868 - este PD0FS00 0.122132 -
, , Fc 1 -
depois depois RG 1 00117620-r:0.000273377/00146281-r:0.00023329/00054212-r:0.000231732/00061203-r:0.000222498
de de SP 1 -
regularmente regular RG 1 -
notificado notificar VMP00SM 0.992518 00873682-v:0.000205735/00965035-v:0.000198852/00874175-v:0.000146593/01438681-v:0.000139056/00833199-v:0.000122901/00832778-v:0.000121537/00965390-v:0.000116107
; ; Fx 1 -
prestar prestar VMN0000 0.529581 02327200-v:0.000362946/02291708-v:0.0001982/02324182-v:0.000165641/01060494-v:0.000134966/00732224-v:0.000118973/01060746-v:0.000113853/02297742-v:0.000111982/02310328-v:0.000102247
concurso concurso NCMS000 1 07456188-n:0.000334183/07199191-n:0.000280864/01205156-n:0.000226949/06621061-n:0.000204064
a a SP 0.313151 -
clientes cliente NCCP000 1 09984659-n:0.000506767/09985075-n:0.000381695/09885145-n:0.000365326/10407726-n:0.000358556/03827107-n:0.00032822
ou ou CC 1 -
a o DA0FS0 0.675415 -
terceiros terceiro AO0MP00 1 02202307-a:0.00151162
para para SP 0.999444 -
realização realização NCFS000 1 00035189-n:0.000161402/00097504-n:0.000154367/06891493-n:0.000135965/00062451-n:0.000107599/01127379-n:9.33814e-05/00044150-n:9.28171e-05/00036762-n:8.91297e-05/00062806-n:8.60108e-05/00061917-n:8.00244e-05/07532112-n:7.78598e-05/00931847-n:7.57332e-05
de de SP 1 -
ato ato NCMS000 0.914009 00037396-n:0.000801207/06532095-n:0.000456965/00030358-n:0.000224205/06545137-n:0.00017179/07447261-n:0.000125857/07009640-n:0.000118354/00550341-n:0.000117121
contrário contrário NCMS000 0.916667 09773245-n:0.000613946/10379620-n:0.000503217/13858604-n:0.000190823/10098710-n:0.000154792/13858833-n:0.00014546/13858270-n:0.000144469
a a SP 1 -
a o DA0FS0 0.675415 - a SP 0.313151 - o PP3FSA0 0.00613742 - o PD0FS00 0.00514062 - a NCMS000 0.000156639 -
lei lei NCFS000 1 08441203-n:0.0024255/06532095-n:0.000456965/06478582-n:0.000351119/05726596-n:0.000321615/05846054-n:0.000237669/06532330-n:0.000230917/06564387-n:0.000176347/08209687-n:0.000149822/05872982-n:0.000133038/05870916-n:8.58578e-05/08456347-n:8.4321e-05
ou ou CC 1 -
destinado destinar VMP00SM 0.986111 01158872-v:0.000290005/00709379-v:0.000156346/00708840-v:0.000147159/02228698-v:0.000133937/00724150-v:0.000124146/00746479-v:0.000114147/01682822-a:0.000106125/00340626-a:0.00010036
a a SP 0.313151 -
fraudá fraudar VMN0000 1 -
a o PP3FSA0 1 -
; ; Fx 1 -
solicitar solicitar VMN0000 0.529581 02627934-v:0.000373027/00752764-v:0.000332538/00784342-v:0.000184078/00782057-v:0.000165605/01063695-v:0.000151994/00754731-v:0.000150595
ou ou CC 1 -
receber receber VMN0000 0.330909 02107248-v:0.000516193/02210855-v:0.000214064/02292125-v:0.000172402/02210119-v:0.000169622/00668099-v:0.000156107/01380638-v:0.000149029/02739480-v:0.000139561/01470225-v:0.00013819/00522751-v:0.000133401/02276866-v:0.000125082/00900583-v:0.000124773/00617095-v:0.000123538/02108377-v:0.000123213/01194418-v:0.000123144/02108654-v:0.000120773/00686879-v:0.000120245/01172838-v:0.000119532/02765464-v:0.000118179/00718907-v:0.000111563/00117346-v:0.000110703/02197505-v:0.000105124
de de SP 1 -
constituinte constituinte NCCS000 0.243133 05868954-n:0.000566547/06312966-n:0.000454845
qualquer qualquer DI0CS0 0.881232 -
importância importância NCFS000 1 05861067-n:0.00041163/05138208-n:0.000239614/05168261-n:0.000175989/05170574-n:0.000163825/05169507-n:0.00015064/14433587-n:0.000132635/14434681-n:0.000125285
para para SP 0.999444 -
aplicação aplicação NCFS000 1 00947128-n:0.000339837/00949134-n:0.00018764/06570110-n:0.00016625/01127019-n:0.000148303/04865502-n:0.000140414/00712225-n:0.000133817/00694990-n:0.000118804
ilícita ilícito AQ0FS00 1 01396047-a:0.000313199/01550572-a:0.000306645/01403760-a:0.000278211
ou ou CC 1 -
desonesta desonesto AQ0FS00 0.591236 01222884-a:0.000602374/00621207-a:0.000414148
; ; Fx 1 -
receber receber VMN0000 0.330909 02107248-v:0.000516193/02210855-v:0.000214064/02292125-v:0.000172402/02210119-v:0.000169622/00668099-v:0.000156107/01380638-v:0.000149029/02739480-v:0.000139561/01470225-v:0.00013819/00522751-v:0.000133401/02276866-v:0.000125082/00900583-v:0.000124773/00617095-v:0.000123538/02108377-v:0.000123213/01194418-v:0.000123144/02108654-v:0.000120773/00686879-v:0.000120245/01172838-v:0.000119532/02765464-v:0.000118179/00718907-v:0.000111563/00117346-v:0.000110703/02197505-v:0.000105124
valores valor NCMP000 0.493902 06601327-n:0.000271847/05138208-n:0.000239614/05138488-n:0.0001974/05141683-n:0.00016131/04857083-n:0.000116025/13413493-n:7.69319e-05/15134913-n:7.24878e-05/05856388-n:7.07116e-05/04857490-n:6.98039e-05/04857738-n:6.92748e-05/13764342-n:6.69531e-05/04979425-n:6.14095e-05/04859816-n:6.11745e-05/05159725-n:6.03907e-05/05923983-n:5.77021e-05
, , Fc 1 -
de de SP 1 -
a o DA0FS0 0.675415 - a SP 0.313151 - o PP3FSA0 0.00613742 - o PD0FS00 0.00514062 - a NCMS000 0.000156639 -
parte parte NCFS000 0.969571 05868954-n:0.000566547/00787465-n:0.000334569/10402824-n:0.000263011/08256968-n:0.000211585/09385911-n:0.000182191/08630039-n:0.000162025/03081021-n:0.000123556/05867413-n:0.000105897/13285176-n:9.50663e-05/08264897-n:8.31561e-05/06392001-n:7.63097e-05/05929008-n:7.57307e-05/08649345-n:7.17824e-05/13086908-n:6.70467e-05/13809207-n:5.9813e-05/03892891-n:5.81417e-05/04164989-n:5.80436e-05/01085098-n:5.1511e-05/15257829-n:4.47342e-05/03390207-n:4.21953e-05/05852973-n:3.60811e-05/09428741-n:3.59959e-05/13286524-n:3.53051e-05/05671974-n:3.36067e-05
contrária contrário AQ0FS00 0.667311 01245138-a:0.000237834/01662756-a:0.000229398/02065958-a:0.000222429/01246148-a:0.000218739/00042837-a:0.000213864/01293542-a:0.000213273/01818680-a:0.000211972/02382396-a:0.000202405
ou ou CC 1 -
de de SP 1 -
terceiro terceiro AO0MS00 0.992424 02202307-a:0.00151162
, , Fc 1 -
relacionados relacionar VMP00PM 0.992518 02676054-v:0.00198508/01972820-a:0.000269922/00713167-v:0.000261172/01971237-a:0.00016968/01354673-v:0.000142034/01292885-v:0.000120702/02724417-v:0.000120448/02458103-v:0.000113733
com com SP 1 -
o o DA0MS0 0.950254 -
objeto objeto NCMS000 1 05982152-n:0.000517437/00002684-n:0.000408471/06599788-n:0.000353868/05810948-n:0.000179955/06310237-n:0.000173917/06132724-n:0.000125633
de de SP 1 -
o o DA0MS0 0.950254 - o PD0MS00 0.0313531 - o PP3MSA0 0.0183743 - o NCMS000 1.85412e-05 -
mandato mandato NCMS000 0.98913 06552984-n:0.000338429/08050678-n:0.000277393/06556481-n:0.000248484/01140471-n:0.000146302/01140658-n:0.000138243/15291498-n:0.000132456/06530789-n:0.000128789
, , Fc 1 -
sem sem SP 1 -
expressa expresso AQ0FS00 0.569778 00940437-a:0.000413824/00941148-a:0.000285019/00977699-a:0.000275254
autorização autorização NCFS000 1 05196582-n:0.000484471/06556481-n:0.000248484/05176607-n:0.000176347/06689297-n:0.000174484/01138670-n:0.000149251/06687358-n:0.000143219/01141593-n:0.000107568/13994806-n:0.000107309
de de SP 1 -
o o DA0MS0 0.950254 - o PD0MS00 0.0313531 - o PP3MSA0 0.0183743 - o NCMS000 1.85412e-05 -
constituinte constituinte NCCS000 0.243133 05868954-n:0.000566547/06312966-n:0.000454845
; ; Fx 1 -
locupletar locupletar VMN03S0 1 -
se se PP3CN00 1 -
, , Fc 1 -
por por SP 1 -
qualquer qualquer DI0CS0 0.881232 -
forma forma NCFS000 0.996448 04928903-n:0.00205589/05839024-n:0.000452962/05930736-n:0.000266584/00172710-n:0.00026506/05064037-n:0.000182166/06290637-n:0.000131451/00027807-n:0.000116313/05217168-n:9.94035e-05/04677514-n:7.75098e-05/08111157-n:7.54195e-05/06473563-n:7.07715e-05/14546432-n:5.88033e-05/05941210-n:5.76645e-05/04200908-n:5.45061e-05/07683138-n:5.44148e-05/04931733-n:4.74267e-05
, , Fc 1 -
a a SP 1 -
a o DA0FS0 0.675415 - a SP 0.313151 - o PP3FSA0 0.00613742 - o PD0FS00 0.00514062 - a NCMS000 0.000156639 -
custa custa NCFS000 0.255814 05145118-n:0.00106061
de de SP 1 -
o o DA0MS0 0.950254 - o PD0MS00 0.0313531 - o PP3MSA0 0.0183743 - o NCMS000 1.85412e-05 -
cliente cliente NCCS000 1 09984659-n:0.000506767/09985075-n:0.000381695/09885145-n:0.000365326/10407726-n:0.000358556/03827107-n:0.00032822
ou ou CC 1 -
de de SP 1 -
a o DA0FS0 0.675415 - a SP 0.313151 - o PP3FSA0 0.00613742 - o PD0FS00 0.00514062 - a NCMS000 0.000156639 -
parte parte NCFS000 0.969571 05868954-n:0.000566547/00787465-n:0.000334569/10402824-n:0.000263011/08256968-n:0.000211585/09385911-n:0.000182191/08630039-n:0.000162025/03081021-n:0.000123556/05867413-n:0.000105897/13285176-n:9.50663e-05/08264897-n:8.31561e-05/06392001-n:7.63097e-05/05929008-n:7.57307e-05/08649345-n:7.17824e-05/13086908-n:6.70467e-05/13809207-n:5.9813e-05/03892891-n:5.81417e-05/04164989-n:5.80436e-05/01085098-n:5.1511e-05/15257829-n:4.47342e-05/03390207-n:4.21953e-05/05852973-n:3.60811e-05/09428741-n:3.59959e-05/13286524-n:3.53051e-05/05671974-n:3.36067e-05
adversa adverso AQ0FS00 0.869767 00065488-a:0.000846902
, , Fc 1 -
por por SP 1 -
si si PP3CSO0 0.99505 -
ou ou CC 1 -
interposta interpor VMP00SF 0.992518 00914769-v:0.000267728/02098964-v:0.000224715/01462468-v:0.000220948/02079051-v:0.000189667
pessoa pessoa NCFS000 1 00007846-n:0.00466679/10344443-n:0.000186412/80000973-n:0.000155309/04617562-n:0.000139236/10203839-n:0.000121432/06326797-n:0.000116902/05217688-n:0.00011118/10289039-n:0.000109032
; ; Fx 1 -
recusar recusar VMN03S0 1 -
se se PP3CN00 1 -
, , Fc 1 -
injustificadamente injustificado RG 1 -
, , Fc 1 -
a a SP 0.313151 -
prestar prestar VMN0000 0.529581 02327200-v:0.000362946/02291708-v:0.0001982/02324182-v:0.000165641/01060494-v:0.000134966/00732224-v:0.000118973/01060746-v:0.000113853/02297742-v:0.000111982/02310328-v:0.000102247
contas conta NCFP000 0.987805 06516955-n:0.0003436/09179382-n:0.000314904/13354985-n:0.000236292/00634586-n:0.000202772/13591761-n:0.000200428/02815071-n:0.0001936/14491034-n:0.000187062/06517942-n:0.000183788/02815237-n:0.000178959
a a SP 1 -
o o DA0MS0 0.950254 - o PD0MS00 0.0313531 - o PP3MSA0 0.0183743 - o NCMS000 1.85412e-05 -
cliente cliente NCCS000 1 09984659-n:0.000506767/09985075-n:0.000381695/09885145-n:0.000365326/10407726-n:0.000358556/03827107-n:0.00032822
de de SP 1 -
quantias quantia NCFP000 0.914011 05861067-n:0.00041163/00033615-n:0.000308442/05107765-n:0.000289831
recebidas receber VMP00PF 0.992518 02107248-v:0.000516193/02210855-v:0.000214064/02292125-v:0.000172402/02210119-v:0.000169622/00668099-v:0.000156107/01380638-v:0.000149029/02739480-v:0.000139561/01470225-v:0.00013819/00522751-v:0.000133401/02276866-v:0.000125082/00900583-v:0.000124773/00617095-v:0.000123538/02108377-v:0.000123213/01194418-v:0.000123144/02108654-v:0.000120773/00686879-v:0.000120245/01172838-v:0.000119532/02765464-v:0.000118179/00718907-v:0.000111563/00117346-v:0.000110703/02197505-v:0.000105124/00605893-a:7.27698e-05
de de SP 1 -
ele ele PP3MS00 1 -
ou ou CC 1 -
de de SP 1 -
terceiros terceiro AO0MP00 1 02202307-a:0.00151162
por por SP 1 -
conta conta NCFS000 0.546326 06516955-n:0.0003436/09179382-n:0.000314904/13354985-n:0.000236292/00634586-n:0.000202772/13591761-n:0.000200428/02815071-n:0.0001936/14491034-n:0.000187062/06517942-n:0.000183788/02815237-n:0.000178959
de de SP 1 -
ele ele PP3MS00 1 -
; ; Fx 1 -
reter reter VMN0000 0.533333 02451370-v:0.000357207/02681795-v:0.0001992/02202384-v:0.000154539/02283324-v:0.000137616/02213690-v:0.000136366/01301410-v:0.000118867/02641463-v:0.000101229/02215001-v:0.000101159/00610010-v:8.88712e-05/02701628-v:8.25129e-05
, , Fc 1 -
abusivamente abusivo RG 1 -
, , Fc 1 -
ou ou CC 1 -
extraviar extraviar VMN0000 0.529581 00876104-v:0.000774975
autos auto NCMP000 1 02958343-n:0.000422544/06539770-n:0.000370708/06478582-n:0.000351119
recebidos receber VMP00PM 0.972958 02107248-v:0.000516193/02210855-v:0.000214064/02292125-v:0.000172402/02210119-v:0.000169622/00668099-v:0.000156107/01380638-v:0.000149029/02739480-v:0.000139561/01470225-v:0.00013819/00522751-v:0.000133401/02276866-v:0.000125082/00900583-v:0.000124773/00617095-v:0.000123538/02108377-v:0.000123213/01194418-v:0.000123144/02108654-v:0.000120773/00686879-v:0.000120245/01172838-v:0.000119532/02765464-v:0.000118179/00718907-v:0.000111563/00117346-v:0.000110703/02197505-v:0.000105124/00605893-a:7.27698e-05
com com SP 1 -
vista vista NCFS000 0.830097 06782019-n:0.000120779/06208751-n:0.000109664/06210363-n:9.95144e-05/05654362-n:9.60374e-05/05623818-n:9.01583e-05/05933246-n:7.80314e-05/05713524-n:7.63929e-05/04144782-n:7.07384e-05/06888944-n:6.55107e-05/05614476-n:6.49306e-05/05933054-n:6.34803e-05/14484778-n:6.16803e-05/06210964-n:5.83464e-05/04674861-n:5.58102e-05
ou ou CC 1 -
em em SP 1 -
confiança confiança NCFS000 1 07526505-n:0.000169761/13929852-n:0.0001537/05943066-n:0.000126562/06673435-n:0.000111819/05697976-n:0.000107718/04895246-n:0.00010647/04655442-n:0.000106128/14483744-n:0.000103588/14001728-n:0.000101082
; ; Fx 1 -
deixar deixar VMN0000 0.331507 00120316-v:0.000979684/01494310-v:0.00036672/02324182-v:0.000165641/00614057-v:0.0001429/02230772-v:0.000135104/02009433-v:0.000134745/02680814-v:0.000121865/00802318-v:0.000104791/02227487-v:0.000103784/02316304-v:0.000103181/02382367-v:9.98285e-05/02356230-v:9.65517e-05/02584097-v:8.93385e-05/00136991-v:8.68095e-05/02534062-v:8.4797e-05/00613683-v:8.19202e-05/02383440-v:7.78863e-05/02229055-v:7.52782e-05/00496673-v:6.4712e-05/02423183-v:6.3304e-05/00363110-v:5.97108e-05/01083044-v:5.90359e-05/02635659-v:5.87967e-05/01860795-v:5.27097e-05/01474550-v:4.52867e-05/02008396-v:4.2655e-05/02015598-v:3.88048e-05/01196037-v:3.63011e-05/00613018-v:3.49725e-05/00360092-v:3.21476e-05/02681639-v:3.20828e-05/01489465-v:3.0234e-05/02721438-v:2.95214e-05/02729414-v:2.89352e-05/00571061-v:2.83863e-05/00771490-v:2.8203e-05/02200498-v:2.64146e-05
de de SP 1 -
pagar pagar VMN0000 0.331343 02251743-v:0.000472633/02291708-v:0.0001982/02252931-v:8.90999e-05/02344060-v:8.8394e-05/02249741-v:8.55244e-05/02344243-v:8.4267e-05/02215506-v:8.40848e-05/02250625-v:8.21533e-05/02284803-v:8.18378e-05/02296495-v:7.50431e-05/02732292-v:6.39372e-05/02287209-v:6.38606e-05
as o DA0FP0 0.974798 -
contribuições contribuição NCFP000 1 00787465-n:0.000334569/13308999-n:0.000262143/13261916-n:0.000163218/13270038-n:0.000145481/01102712-n:0.00013732/13269890-n:0.000131122
, , Fc 1 -
multas multa NCFP000 0.914011 13301328-n:0.000470822/06558678-n:0.000439304
e e CC 0.999951 -
preços preço NCMP000 1 05145118-n:0.00106061/13303315-n:0.000325324/01160342-n:0.00025224/13275847-n:0.000220153/05138488-n:0.0001974/05141683-n:0.00016131/13306870-n:0.0001305/05163807-n:0.00011394/07167041-n:8.68933e-05/13303759-n:8.5716e-05
de de SP 1 -
serviços serviço NCMP000 1 00582388-n:0.000378586/00577525-n:0.000300765/01032040-n:0.000130579/00719705-n:0.000115479/03315023-n:0.000111348/01209576-n:9.89958e-05/00584891-n:9.13574e-05/13968092-n:9.01618e-05/08186047-n:8.90088e-05/01032368-n:8.15888e-05/08114861-n:7.90698e-05/13325847-n:7.40019e-05/00098625-n:6.53468e-05/04175380-n:5.85736e-05/00568430-n:5.83593e-05/04558478-n:5.14881e-05
devidos dever VMP00PM 0.721864 02254155-v:0.000319104/00136354-a:0.000268242/02731814-v:0.000217459/02253956-v:0.000210801
a a SP 1 -
a o DA0FS0 0.675415 - a SP 0.313151 - o PP3FSA0 0.00613742 - o PD0FS00 0.00514062 - a NCMS000 0.000156639 -
OAB oab NP00O00 1 -
, , Fc 1 -
depois depois RG 1 00117620-r:0.000273377/00146281-r:0.00023329/00054212-r:0.000231732/00061203-r:0.000222498
de de SP 1 -
regularmente regular RG 1 -
notificado notificar VMP00SM 0.992518 00873682-v:0.000205735/00965035-v:0.000198852/00874175-v:0.000146593/01438681-v:0.000139056/00833199-v:0.000122901/00832778-v:0.000121537/00965390-v:0.000116107
a a SP 0.313151 -
fazê fazer VMN0000 1 -
o o PP3MSA0 1 -
; ; Fx 1 -
incidir incidir VMN0000 0.529581 01014186-v:0.000755257
em em SP 1 -
erros erro NCMP000 1 00070965-n:0.000697542/00066636-n:0.000121924/04802629-n:9.93791e-05/05893653-n:9.52406e-05/06769392-n:9.40151e-05/00073828-n:8.91376e-05/05895723-n:8.88134e-05/00074524-n:8.48316e-05/04853765-n:8.38411e-05/00074790-n:8.20229e-05/14464203-n:7.8185e-05/05895465-n:7.73461e-05/14462946-n:6.70483e-05/00072068-n:6.05882e-05/14464675-n:5.78522e-05/04802776-n:5.67673e-05
reiterados reiterar VMP00PM 0.992518 00958334-v:0.000331148/00957679-v:0.000301593/02595662-v:0.000277891
que que CS 0.398036 -
evidenciem evidenciar VMSP3P0 0.994118 02139544-v:0.000417533/00921300-v:0.000410166
inépcia inépcia NCFS000 1 01248075-n:0.000769685
profissional profissional AQ0CS00 0.567364 01868724-a:0.000219313/01870100-a:0.000156163/02839505-a:0.000150862/02840478-a:0.000149866/02839695-a:0.000146896/02556402-a:0.000139228
; ; Fx 1 -
manter manter VMN0000 0.533333 02681795-v:0.0001992/02202384-v:0.000154539/02204564-v:0.00014362/02219094-v:8.85086e-05/00736586-v:8.73918e-05/02638845-v:8.39141e-05/02679899-v:7.79573e-05/02225492-v:5.99986e-05/02280132-v:5.5735e-05/01016778-v:5.56546e-05/01184625-v:5.51692e-05/00212414-v:5.50888e-05/02684924-v:5.41245e-05/00117985-v:5.0497e-05/00896497-v:4.70283e-05/01017643-v:4.4008e-05/00607000-v:3.80622e-05/02733122-v:3.77633e-05/00732552-v:3.75499e-05/00896017-v:3.69782e-05/02204094-v:3.63307e-05/02410175-v:3.51287e-05/01151753-v:3.47631e-05/00077369-v:3.25274e-05/01065877-v:3.21257e-05/02651853-v:3.16792e-05
conduta conduta NCFS000 1 01220984-n:0.000410567/00038262-n:0.000202355/01221254-n:0.00017768/04897762-n:0.000174348/14008342-n:0.000137047/13091057-n:0.000136476
incompatível incompatível AQ0CS00 1 00508192-a:0.000124244/00561036-a:0.000106323/00623565-a:0.000101516/01487352-a:9.34109e-05/00509896-a:9.31083e-05/00509206-a:9.29297e-05/02382572-a:9.26688e-05/00562909-a:9.21845e-05/00578523-a:9.13597e-05
com com SP 1 -
a o DA0FS0 0.675415 -
advocacia advocacia NCFS000 1 00611143-n:0.000460741/00589217-n:0.000386951
; ; Fx 1 -
fazer fazer VMN0000 0.533333 02621395-v:0.000981256/00120316-v:0.000979684/01752884-v:0.000856057/01617192-v:0.000667283/01647229-v:0.000443946/02568672-v:0.000389167/01621555-v:0.000316324/00665476-v:0.000276181/02530167-v:0.000250439/00730758-v:0.000247878/00056930-v:0.000245247/02367363-v:0.000240933/02203362-v:0.000190652/02561995-v:0.000184032/02204692-v:0.000154246/01753788-v:0.000151441/00770437-v:0.000148179/01645601-v:0.000131766/02630189-v:0.000130935/00142191-v:0.000128356/01653873-v:0.000120073/01659248-v:0.000119942/01733477-v:0.000118077/01712704-v:9.24674e-05/01752495-v:8.89723e-05/00010435-v:8.05884e-05/02355596-v:7.92458e-05/01629000-v:7.7984e-05/00121046-v:7.67983e-05/01640207-v:7.54494e-05/02205098-v:7.44994e-05/00065370-v:6.13084e-05/00059559-v:5.90986e-05/02582921-v:5.87118e-05/02176268-v:5.81755e-05/01754737-v:5.81635e-05/00818974-v:5.58503e-05/01627355-v:5.39807e-05/01629589-v:4.89717e-05/01714208-v:4.4145e-05/01646075-v:3.99237e-05/01719921-v:3.896e-05/01739814-v:3.62632e-05/01438902-v:3.53446e-05/02745332-v:3.52778e-05/02617567-v:3.49003e-05/01658188-v:3.41847e-05/02539788-v:3.40113e-05/02560585-v:3.39484e-05/00012267-v:3.36591e-05/01628197-v:3.27639e-05/02598483-v:3.2761e-05/02560767-v:3.21198e-05/01116980-v:3.10595e-05/00698256-v:3.08205e-05/01619014-v:2.9555e-05/01685313-v:2.92008e-05/01738774-v:2.77664e-05/00408624-v:2.71004e-05/02374764-v:2.70277e-05/02621133-v:2.6853e-05/00767334-v:2.65594e-05/02211948-v:2.61557e-05/02599636-v:2.57311e-05/01649024-v:2.54626e-05/01755504-v:2.49687e-05/00107369-v:2.49465e-05/02709107-v:2.49322e-05/02434859-v:2.35074e-05/00120675-v:2.18588e-05/02562901-v:2.17576e-05
falsa falso AQ0FS00 0.464 02461723-a:0.000252281/01116380-a:0.000137539/01223941-a:0.000107391/01116857-a:9.08224e-05/01942507-a:8.29586e-05/00633235-a:7.54153e-05/01782100-a:6.81191e-05/02182562-a:6.4999e-05/00584403-a:6.41171e-05/01117477-a:6.20528e-05/02462489-a:6.15213e-05/01117226-a:6.10124e-05/02182088-a:6.04939e-05/01935935-a:5.94472e-05/01573238-a:5.86728e-05
prova prova NCFS000 0.989071 05823932-n:0.000309353/07199191-n:0.000280864/06733939-n:0.000193381/06643408-n:0.000113928/05798043-n:0.000100027/05824739-n:8.60165e-05/00636461-n:7.80603e-05/06647614-n:7.29251e-05/00791078-n:7.19613e-05/00521562-n:7.14894e-05/05799212-n:6.82605e-05/00785959-n:6.51457e-05/04755466-n:6.3689e-05/00794367-n:6.32282e-05/05738625-n:5.72883e-05/04011130-n:5.26775e-05
de de SP 1 -
qualquer qualquer DI0CS0 0.881232 -
de de SP 1 -
os o DA0MP0 0.958022 - o PD0MP00 0.021587 - o PP3MPA0 0.0203911 -
requisitos requisito NCMP000 0.632636 09367203-n:0.000483492/05892651-n:0.000454345
para para SP 0.999444 -
inscrição inscrição NCFS000 1 06405699-n:0.000464184/00050037-n:0.000407071
em em SP 1 -
a o DA0FS0 1 -
OAB oab NP00O00 1 -
; ; Fx 1 -
tornar tornar VMN03S0 1 -
se se PP3CN00 1 -
moralmente moral RG 1 -
inidôneo inidôneo AQ0MS00 1 -
para para SP 0.999444 -
o o DA0MS0 0.950254 -
exercício exercício NCMS000 1 00947128-n:0.000339837/00894552-n:0.000243958/00624738-n:0.000194013/15203120-n:0.000165152/00729919-n:0.00016095
de de SP 1 -
a o DA0FS0 0.675415 - a SP 0.313151 - o PP3FSA0 0.00613742 - o PD0FS00 0.00514062 - a NCMS000 0.000156639 -
advocacia advocacia NCFS000 1 00611143-n:0.000460741/00589217-n:0.000386951
; ; Fx 1 -
praticar praticar VMN0000 0.529581 02568672-v:0.000389167/00606093-v:0.000282147/02561332-v:0.000193142/01723224-v:0.000186707/00833702-v:0.000166826
crime crime NCMS000 1 00766234-n:0.000945696/00070965-n:0.000697542/09977660-n:0.000320587/00768701-n:0.000213505/00767477-n:0.000182766
infamante infamante AQ0CS00 1 01549964-a:0.000462818/01161233-a:0.000421713
; ; Fx 1 -
praticar praticar VMN0000 0.529581 02568672-v:0.000389167/00606093-v:0.000282147/02561332-v:0.000193142/01723224-v:0.000186707/00833702-v:0.000166826
, , Fc 1 -
o o DA0MS0 0.950254 -
estagiário estagiário NCMS000 1 10211203-n:0.000416837/10722385-n:0.000402761
, , Fc 1 -
ato atar VMIP1S0 0.0859907 01285440-v:0.000191551/02622234-v:0.000130461/01286913-v:0.00010797/01343892-v:0.000103718/01303242-v:0.000101621/01356750-v:0.000101358/01614235-v:9.13808e-05/01303547-v:8.31646e-05/01286038-v:8.28259e-05/01300144-v:8.09299e-05
excedente excedente NCMS000 0.980769 05119714-n:0.000462711/13810818-n:0.000439586
de de SP 1 -
sua seu DP3FSS 0.929764 -
habilitação habilitação NCFS000 1 -
. . Fp 1 -

Inclui incluir VMIP3S0 1 -
se se PP3CN00 1 -
em em SP 1 -
a o DA0FS0 1 -
conduta conduta NCFS000 1 01220984-n:0.00230026/04897762-n:0.00184508/00038262-n:0.00181317/01221254-n:0.00173233/13091057-n:0.00165338/14008342-n:0.00164996
incompatível incompatível AQ0CS00 1 00508192-a:0.00135089/00561036-a:0.00123498/00623565-a:0.00116578/01487352-a:0.00113134/00509896-a:0.00112472/00562909-a:0.00111854/00509206-a:0.0011132/00578523-a:0.00110771/02382572-a:0.00109253
: : Fd 1 -
prática prática NCFS000 0.991071 00410247-n:0.00274589/00631378-n:0.00222325/00894552-n:0.00216083/05667196-n:0.00207355/00411048-n:0.00206194
reiterada reiterar VMP00SF 0.992513 00958334-v:0.00379426/00957679-v:0.0036311/02595662-v:0.00345381
de de SP 1 -
jogo jogo NCMS000 0.997738 00455599-n:0.00112842/00430606-n:0.00101847/00456199-n:0.000906625/07456188-n:0.00086771/15256915-n:0.000845932/07996689-n:0.000805589/01170962-n:0.000790656/07470671-n:0.000789402/00430140-n:0.000744659/15256714-n:0.00071544/00431552-n:0.000714627/05696020-n:0.00070003/00457382-n:0.00069861/00431893-n:0.000685119/14009763-n:0.000661794
de de SP 1 -
azar azar NCMS000 1 07304852-n:0.00186225/11418138-n:0.00171002/11427842-n:0.00168316/14475405-n:0.00167809/05832745-n:0.00165059/07314427-n:0.00162197/14473222-n:0.00162041
, , Fc 1 -
não não RN 0.99985 00024073-r:0.00736763/00024587-r:0.00257781/00050681-r:0.00245401/00024356-r:0.00243341
autorizado autorizar VMP00SM 0.992518 00803325-v:0.00153694/02447370-v:0.00142972/00802318-v:0.00139386/02444662-v:0.00138172/02473981-v:0.00130962/02475772-v:0.00126206/01029500-v:0.00122568/01632808-a:0.00119173
por por SP 1 -
lei lei NCFS000 1 08441203-n:0.00217455/06532330-n:0.00123954/06564387-n:0.00121336/08209687-n:0.00103846/05872982-n:0.00103441/05846054-n:0.000988035/05726596-n:0.000982351/05870916-n:0.000977238/06532095-n:0.000960628/08456347-n:0.000928313/06478582-n:0.000904992
; ; Fx 1 -
incontinência incontinência NCFS000 1 13496972-n:0.0100938
pública público AQ0FS00 1 01861205-a:0.0049297/01704761-a:0.0027199/01861910-a:0.00252721/00493297-a:0.0024717
e e CC 0.999951 -
escandalosa escandaloso AQ0FS00 1 01549964-a:0.0114163
; ; Fx 1 -
embriaguez embriaguez NCFS000 1 14018567-n:0.0110272
ou ou CC 1 -
toxicomania toxicomania NCFS000 1 14064408-n:0.0109738
habituais habitual AQ0CP00 0.960748 00489108-a:0.00300313/00024417-a:0.00168119/01066542-a:0.00149974/01067003-a:0.00133774/00489491-a:0.00132769/00489863-a:0.00126076/00606079-a:0.00122113/00489768-a:0.0012111
. . Fp 1 -

