Extingue extinguir VMIP3S0 00471711-v:0/00478217-v:0/00478682-v:0/01327582-v:0/01569017-v:0/02760495-v:0
se se PP3CN00 
o o DA0MS0 
mandato mandato NCMS000 01140658-n:0/06530789-n:0/06552984-n:0/06556481-n:0
automaticamente automaticamente RG 00005567-r:0/00114029-r:0
, , Fc 
antes antes RG 00060632-r:0/00060939-r:0
de de SP 
o o DA0MS0 
seu seu DP3MSS 
término término NCMS000 15266911-n:0/15268682-n:0
, , Fc 
quando quando RG 
: : Fd 
ocorrer ocorrer VMN0000 00339934-v:0/00344643-v:0/02612368-v:0
qualquer qualquer DI0CS0 
hipótese hipótese NCFS000 05773923-n:0/05779712-n:0/05888929-n:0/05891783-n:0/05892096-n:0/05893356-n:0/06782680-n:0/07162545-n:0
de de SP 
cancelamento cancelamento NCMS000 00232386-n:0/07207142-n:0
de de SP 
inscrição inscrição NCFS000 00050037-n:0/06405699-n:0
ou ou CC 
de de SP 
licenciamento licenciamento NCMS000 
de de SP 
o o DA0MS0 
profissional profissional NCCS000 10462860-n:0
; ; Fx 
o o DA0MS0 
titular titular NCCS000 10202624-n:0
sofrer sofrer VMN0000 00065070-v:0/00065639-v:0/00078401-v:0/01794668-v:0/01797347-v:0/02108377-v:0/02109190-v:0/02719807-v:0
condenação condenação NCFS000 01189282-n:0/15224692-n:0
disciplinar disciplinar VMN0000 02553428-v:0
; ; Fx 
o o DA0MS0 
titular titular NCCS000 10202624-n:0
faltar faltar VMN0000 02613672-v:0/02632353-v:0
, , Fc 
sem sem SP 
motivo motivo NCMS000 00023773-n:0/03789014-n:0/05920272-n:0/07028797-n:0/07029682-n:0/09178999-n:0
justificado justificar VMP00SM 00489699-v:0/00894738-v:0/00896141-v:0/00896803-v:0
, , Fc 
a a SP 
três 3 Z 
reuniões reunião NCFP000 00382474-n:0/01014066-n:0/01014990-n:0/01229938-n:0/01230965-n:0/01231686-n:0/07975026-n:0/08307589-n:0/08310389-n:0/08415774-n:0/08478371-n:0
ordinárias ordinário AQ0FP00 00489108-a:0/00683531-a:0/00970610-a:0/01046226-a:0/01593079-a:0/01672607-a:0
consecutivas consecutiva NCFP000 
de de SP 
cada cada DI0CN0 
órgão órgão NCMS000 03273551-n:0/03494537-n:0/03854065-n:0/05297523-n:0/06595056-n:0/08349350-n:0/13087625-n:0
deliberativo deliberativo AQ0MS00 
de de SP 
o o DA0MS0 
conselho conselho NCMS000 06650701-n:0/06671484-n:0/08310949-n:0/08322981-n:0
ou ou CC 
de de SP 
a o DA0FS0 
diretoria diretoria NCFS000 08380768-n:0
de de SP 
a o DA0FS0 
Subseção subseção NP00000 04348548-n:0
ou ou CC 
de de SP 
a o DA0FS0 
Caixa_de_Assistência_de_os_Advogados caixa_de_assistência_de_os_advogados NP00000 
, , Fc 
não não RN 00024073-r:0
podendo poder VMG0000 01192628-v:0/02744451-v:0
ser ser VMN0000 01717851-v:0/02597601-v:0/02603699-v:0/02604760-v:0/02627363-v:0/02749904-v:0
reconduzido reconduzir VMP00SM 
em em SP 
o o DA0MS0 
mesmo mesmo RG 00037226-r:0
período período NCMS000 15113229-n:0/15120346-n:0/15122231-n:0/15134340-n:0/15134490-n:0/15144371-n:0/15224486-n:0/15236475-n:0/15247518-n:0/15248020-n:0/15248269-n:0/15248564-n:0/15249236-n:0/15254028-n:0/15289779-n:0/15290337-n:0
de de SP 
mandato mandato NCMS000 01140658-n:0/06530789-n:0/06552984-n:0/06556481-n:0
. . Fp 

Extinto extinguir VMP00SM 00471711-v:0/00478217-v:0/00478682-v:0/01327582-v:0/01569017-v:0/02760495-v:0/00041051-a:0/00100213-a:0/00929164-a:0
qualquer qualquer DI0CS0 
mandato mandato NCMS000 01140658-n:0/06530789-n:0/06552984-n:0/06556481-n:0
, , Fc 
em em SP 
as o DA0FP0 
hipóteses hipótese NCFP000 05773923-n:0/05779712-n:0/05888929-n:0/05891783-n:0/05892096-n:0/05893356-n:0/06782680-n:0/07162545-n:0
de de SP 
este este DD0MS0 
artigo artigo NCMS000 00022903-n:0/02745091-n:0/03076708-n:0/03748886-n:0/04550840-n:0/06268096-n:0/06269956-n:0/06324669-n:0/06392935-n:0/06681177-n:0/06681551-n:0/06683784-n:0
, , Fc 
cabe caber VMIP3S0 00050652-v:0/02659763-v:0/02735753-v:0
a a SP 
o o DA0MS0 
Conselho_Seccional conselho_seccional NP00000 
escolher escolher VMN0000 00674607-v:0/00676267-v:0/00676450-v:0/00676864-v:0/00677203-v:0/00677683-v:0/00679239-v:0/00679389-v:0/00679937-v:0/00723222-v:0/01710481-v:0/02400378-v:0/02400760-v:0/02448642-v:0
o o DA0MS0 
substituto substituto NCMS000 05696425-n:0/07322769-n:0/10005280-n:0/10005721-n:0/10680153-n:0
, , Fc 
caso caso CS 
não não RN 00024073-r:0
haja haver VMSP1S0 02616713-v:0
suplente suplente AQ0CS00 
. . Fp 

