São ser VMIP3P0 00339934-v:0/01717851-v:0/02445925-v:0/02597601-v:0/02603699-v:0/02604760-v:0/02614181-v:0/02616386-v:0/02620587-v:0/02627363-v:0/02655135-v:0/02664769-v:0/02702508-v:0/02731024-v:0/02749904-v:0
direitos direito NCMP000 00611143-n:0/05174653-n:0/05181199-n:0/05565337-n:0/06161718-n:0/08625073-n:0/13308999-n:0/13341756-n:0
de de SP 
o o DA0MS0 
advogado advogado NCMS000 09774783-n:0/09775663-n:0/09840963-n:0/10249950-n:0/10623175-n:0
: : Fd 
I ir VMN0000 00341560-v:0/00343898-v:0/00359916-v:0/01158872-v:0/01192992-v:0/01835496-v:0/01839538-v:0/01841079-v:0/01846916-v:0/01849221-v:0/01882814-v:0/01904930-v:0/01935233-v:0/01955984-v:0/01957529-v:0/01995549-v:0/02009433-v:0/02051694-v:0/02072849-v:0/02102002-v:0/02102398-v:0/02372605-v:0/02493030-v:0/02618149-v:0/02655135-v:0/02685951-v:0/02686471-v:0/02700455-v:0/02727039-v:0/02737876-v:0
- - Fg 
exercer exercer VMN0000 00099721-v:0/00606093-v:0/01095218-v:0/01166093-v:0/01774426-v:0/02204564-v:0/02568672-v:0/02595383-v:0/02670890-v:0
, , Fc 
com com SP 
liberdade liberdade NCFS000 13991823-n:0/13994148-n:0/13994456-n:0/13995148-n:0/13996061-n:0/14528873-n:0
, , Fc 
a o DA0FS0 
profissão profissão NCFS000 00582388-n:0/00583246-n:0/00606370-n:0/00609953-n:0/05074774-n:0/06685040-n:0/06732925-n:0
em em SP 
todo todo DI0MS0 
o o DA0MS0 
território território NCMS000 05221895-n:0/08493064-n:0/08497294-n:0/08552138-n:0/08556491-n:0/08674563-n:0
nacional nacional AQ0CS00 01036754-a:0/01038102-a:0/01038332-a:0/01105840-a:0/01567862-a:0/01861776-a:0/02988060-a:0/02988281-a:0/02988402-a:0
; ; Fx 
a o DA0FS0 
inviolabilidade inviolabilidade NCFS000 
de de SP 
seu seu DP3MSS 
escritório escritório NCMS000 03118846-n:0/03841666-n:0/04345028-n:0/08337324-n:0
ou ou CC 
local local NCFS000 00586262-n:0/05074774-n:0/08621598-n:0/08622950-n:0/08627161-n:0/08664443-n:0
de de SP 
trabalho trabalho NCMS000 00575741-n:0/00576717-n:0/00576877-n:0/00581241-n:0/00582388-n:0/00584367-n:0/00584769-n:0/00620752-n:0/00621476-n:0/00719705-n:0/00795720-n:0/00796886-n:0/03599628-n:0/03841417-n:0/04599396-n:0/04602044-n:0/08137495-n:0/13968092-n:0
, , Fc 
bem_como bem_como RG 00117082-r:0
de de SP 
seus seu DP3MPS 
instrumentos instrumento NCMP000 00173761-n:0/03183080-n:0/03563967-n:0/03574816-n:0/03575240-n:0/03800933-n:0/04451818-n:0/06471345-n:0/06479665-n:0
de de SP 
trabalho trabalho NCMS000 00575741-n:0/00576717-n:0/00576877-n:0/00581241-n:0/00582388-n:0/00584367-n:0/00584769-n:0/00620752-n:0/00621476-n:0/00719705-n:0/00795720-n:0/00796886-n:0/03599628-n:0/03841417-n:0/04599396-n:0/04602044-n:0/08137495-n:0/13968092-n:0
, , Fc 
de de SP 
sua seu DP3FSS 
correspondência correspondência NCFS000 00316989-n:0/04713428-n:0/04745240-n:0/06623614-n:0/13783816-n:0
escrita escrever VMP00SF 00993014-v:0/01007027-v:0/01691057-v:0/01698271-v:0/01699896-v:0/01704452-v:0/01705494-v:0/01744611-v:0/02213270-a:0/02284578-a:0/02286661-a:0
, , Fc 
eletrônica eletrônico AQ0FS00 02718497-a:0/02718719-a:0
, , Fc 
telefônica telefônica AQ0FS00 
e e CC 
telemática telemática NCFS000 80000798-n:0
, , Fc 
desde_que desde_que CS 
relativas relativo AQ0FP00 00006032-a:0/00482673-a:0
a a SP 
o o DA0MS0 
exercício exercício NCMS000 00624738-n:0/00729919-n:0/00894552-n:0/00947128-n:0/15203120-n:0
de de SP 
a o DA0FS0 
advocacia advocacia NCFS000 00589217-n:0/00611143-n:0
; ; Fx 
comunicar comunicar VMN03S0 00720961-v:0/00740577-v:0/00742320-v:0/00831651-v:0/00873682-v:0/00928630-v:0/00940384-v:0/01355518-v:0/02231661-v:0/02296153-v:0
se se PP3CN00 
com com SP 
seus seu DP3MPS 
clientes cliente NCCP000 03827107-n:0/09885145-n:0/09984659-n:0/09985075-n:0/10407726-n:0
, , Fc 
pessoal pessoal AQ0CS00 01616157-a:0/01767329-a:0/01768969-a:0/01779428-a:0/02858707-a:0/02858816-a:0
e e CC 
reservadamente reservadomente RG 
, , Fc 
mesmo mesmo RG 00047534-r:0
sem sem SP 
procuração procuração NCFS000 06530789-n:0/06531141-n:0
, , Fc 
quando quando RG 
estes este PD0MP00 
se se PP3CN00 
acharem achar VMN03P0 00598954-v:0/00631737-v:0/00634472-v:0/00683280-v:0/00684068-v:0/00689344-v:0/00689809-v:0/00690305-v:0/00690614-v:0/00712135-v:0/00715239-v:0/00721098-v:0/00734348-v:0/00739340-v:0/00918872-v:0/01637166-v:0/01637982-v:0/02021653-v:0/02154508-v:0/02212275-v:0/02213336-v:0/02248465-v:0/02285629-v:0/02286204-v:0/02286687-v:0/02694933-v:0
presos preso NCMP000 09962966-n:0/10476086-n:0
, , Fc 
detidos deter VMP00PM 00460900-v:0/01215137-v:0/01440378-v:0/01859221-v:0/01987058-v:0/02283324-v:0/02422663-v:0/02495038-v:0/02559752-v:0/02681795-v:0
ou ou CC 
recolhidos recolher VMP00PM 00181664-v:0/01082454-v:0/01380638-v:0/01384439-v:0/01540844-v:0/02218173-v:0/02218443-v:0/02304982-v:0/02305586-v:0
em em SP 
estabelecimentos estabelecimento NCMP000 00235435-n:0/00237078-n:0/00240184-n:0/03297735-n:0/04202417-n:0/05921123-n:0/08053576-n:0
civis civil AQ0CP00 00412355-a:0/00642379-a:0/00642934-a:0/01517921-a:0/01518161-a:0/02696920-a:0/02697116-a:0
ou ou CC 
militares militar AQ0CP00 01517081-a:0/01518386-a:0/02764251-a:0
, , Fc 
ainda_que ainda_que CS 
considerados considerar VMP00PM 00640650-v:0/00644583-v:0/00683280-v:0/00689344-v:0/00689809-v:0/00689950-v:0/00690305-v:0/00690614-v:0/00691312-v:0/00693780-v:0/00694068-v:0/00711715-v:0/00712135-v:0/00712556-v:0/00715239-v:0/00734054-v:0/00813044-v:0/00950431-v:0/01494310-v:0/01773130-v:0/02130300-v:0/02133185-v:0/02164825-v:0/02166460-v:0
incomunicáveis incomunicável AQ0CP00 
; ; Fx 
ter ter VMN0000 00052374-v:0/00056930-v:0/00059559-v:0/00065370-v:0/00065639-v:0/00121046-v:0/00639849-v:0/01156834-v:0/01733477-v:0/02108026-v:0/02203362-v:0/02204692-v:0/02205098-v:0/02210119-v:0/02355596-v:0/02603699-v:0/02630189-v:0/02630871-v:0/02632167-v:0/02655135-v:0/02700867-v:0/02740745-v:0/02746275-v:0/02749904-v:0
a o DA0FS0 
presença presença NCFS000 00050195-n:0/01233397-n:0/01233802-n:0/04673965-n:0/04910377-n:0/05917174-n:0/08642632-n:0/09547528-n:0/13957601-n:0
de de SP 
representante representante NCCS000 09774783-n:0/09777353-n:0/09955781-n:0/10000787-n:0/10002982-n:0/10005721-n:0/10052694-n:0/10486909-n:0/10522035-n:0/10638385-n:0
de de SP 
a o DA0FS0 
OAB oab NP00000 
, , Fc 
quando quando RG 
preso preso NCMS000 09962966-n:0/10476086-n:0
em em SP 
flagrante flagrante NCMS000 
, , Fc 
por por SP 
motivo motivo NCMS000 00023773-n:0/03789014-n:0/05819149-n:0/05920272-n:0/05983347-n:0/06739990-n:0/06740402-n:0/07028797-n:0/07029682-n:0/09178999-n:0/09179264-n:0
ligado ligar VMP00SM 00107231-v:0/00396880-v:0/00567291-v:0/00713167-v:0/00789448-v:0/01069190-v:0/01069391-v:0/01285440-v:0/01292885-v:0/01354673-v:0/01355411-v:0/01356750-v:0/01421122-v:0/01492052-v:0/01494310-v:0/01510173-v:0/01607072-v:0/01658444-v:0/01777107-v:0/01823149-v:0/02389346-v:0/02563327-v:0/02622234-v:0/02622969-v:0/02623194-v:0/00567161-a:0/00667936-a:0
a a SP 
o o DA0MS0 
exercício exercício NCMS000 00624738-n:0/00729919-n:0/00894552-n:0/00947128-n:0/15203120-n:0
de de SP 
a o DA0FS0 
advocacia advocacia NCFS000 00589217-n:0/00611143-n:0
, , Fc 
para para SP 
lavratura lavratura NCFS000 
de de SP 
o o DA0MS0 
auto auto NCMS000 02958343-n:0/06478582-n:0/06539770-n:0
respectivo respectivo AQ0MS00 00494409-a:0
, , Fc 
sob_pena_de sob_pena_de SP 
nulidade nulidade NCFS000 06532763-n:0
e e CC 
, , Fc 
em em SP 
os o DA0MP0 
demais demais RG 00029367-r:0/00047392-r:0
casos caso NCMP000 05671325-n:0/05817743-n:0/06310945-n:0/06784966-n:0/06869129-n:0/07308889-n:0/13943400-n:0
, , Fc 
a o DA0FS0 
comunicação comunicação NCFS000 00033020-n:0/06252138-n:0/06623614-n:0/06746580-n:0/07212612-n:0/09385911-n:0
expressa expresso AQ0FS00 00940437-a:0/00941148-a:0/00977699-a:0
a a SP 
a o DA0FS0 
seccional seccional AQ0CS00 
de de SP 
a o DA0FS0 
OAB oab NP00000 
; ; Fx 
não não RN 00024073-r:0/00024356-r:0/00024587-r:0/00050681-r:0
ser ser VMN0000 00339934-v:0/01717851-v:0/02445925-v:0/02597601-v:0/02603699-v:0/02604760-v:0/02614181-v:0/02616386-v:0/02620587-v:0/02627363-v:0/02655135-v:0/02664769-v:0/02702508-v:0/02731024-v:0/02749904-v:0
recolhido recolher VMP00SM 00181664-v:0/01082454-v:0/01380638-v:0/01384439-v:0/01540844-v:0/02218173-v:0/02218443-v:0/02304982-v:0/02305586-v:0
preso preso NCMS000 09962966-n:0/10476086-n:0
, , Fc 
antes antes RG 00060632-r:0/00060939-r:0/00066781-r:0
de de SP 
sentença sentença NCFS000 01187810-n:0/01191158-n:0/06285090-n:0/06539770-n:0/06551784-n:0/07152948-n:0
transitada transitar VMP00SF 01867072-v:0
em em SP 
julgado julgar VMP00SM 00631737-v:0/00670261-v:0/00672277-v:0/00672433-v:0/00681429-v:0/00689344-v:0/00693780-v:0/00822367-v:0/00828374-v:0/00971650-v:0/00971999-v:0/01637166-v:0/02166460-v:0/02500902-v:0/02501278-v:0/01916555-a:0
, , Fc 
senão senão RG 
em em SP 
sala sala NCFS000 02715513-n:0/03004146-n:0/03077616-n:0/03175081-n:0/03200701-n:0/03478907-n:0/03679712-n:0/03718581-n:0/03891538-n:0/04105893-n:0/04549919-n:0
de de SP 
Estado_Maior estado_maior NP00000 
, , Fc 
com com SP 
instalações instalação NCFP000 00240938-n:0/00266806-n:0/03315023-n:0/04516874-n:0
e e CC 
comodidades comodidade NCFP000 04718563-n:0/04779053-n:0/14447525-n:0/14491889-n:0
condignas condigno AQ0FP00 
e e CC 
, , Fc 
em em SP 
a o DA0FS0 
sua seu DP3FSS 
falta falta NCFS000 00067397-n:0/00070965-n:0/00735936-n:0/00766234-n:0/00770270-n:0/00770997-n:0/01234090-n:0/05116953-n:0/05162642-n:0/13960974-n:0/14449405-n:0/14449865-n:0/14462946-n:0
, , Fc 
em em SP 
prisão prisão NCFS000 01161635-n:0/01162376-n:0/02805443-n:0/03592245-n:0/03684740-n:0/03823540-n:0/03907654-n:0/04005630-n:0/13937284-n:0
domiciliar domiciliar VMN0000 02650552-v:0
ingressar ingressar VMN0000 02434976-v:0
livremente livremente RG 00210651-r:0
: : Fd 
em em SP 
as o DA0FP0 
salas sala NCFP000 02715513-n:0/03004146-n:0/03077616-n:0/03175081-n:0/03200701-n:0/03478907-n:0/03679712-n:0/03718581-n:0/03891538-n:0/04105893-n:0/04549919-n:0
de de SP 
sessões sessão NCFP000 01232091-n:0/06891493-n:0/07145508-n:0/08417920-n:0
de de SP 
os o DA0MP0 
tribunais tribunal NCMP000 03121040-n:0/03649459-n:0/08329322-n:0/08329453-n:0
, , Fc 
mesmo mesmo RG 00047534-r:0
além_de além_de SP 
os o DA0MP0 
cancelos cancelo NCMP000 
que que PR0CN00 
separam separar VMIP3P0 00334186-v:0/00397576-v:0/00495808-v:0/00650353-v:0/00654625-v:0/00714273-v:0/00724150-v:0/01222485-v:0/01294182-v:0/01294396-v:0/01298668-v:0/01299758-v:0/01458973-v:0/01463792-v:0/01468576-v:0/01556921-v:0/01557774-v:0/01560731-v:0/01560984-v:0/01824050-v:0/02030158-v:0/02031158-v:0/02031622-v:0/02430580-v:0/02431320-v:0/02467662-v:0/02621853-v:0
a o DA0FS0 
parte parte NCFS000 00787465-n:0/01085098-n:0/03081021-n:0/03390207-n:0/03892891-n:0/04164989-n:0/05671974-n:0/05852973-n:0/05867413-n:0/05868954-n:0/05929008-n:0/06392001-n:0/08256968-n:0/08264897-n:0/08630039-n:0/08649345-n:0/09385911-n:0/09428741-n:0/10402824-n:0/13086908-n:0/13285176-n:0/13286524-n:0/13809207-n:0/15257829-n:0
reservada reservar VMP00SF 00678777-v:0/00724150-v:0/00795632-v:0/02214485-v:0/02498320-v:0/00339941-a:0/01988024-a:0
a a SP 
os o DA0MP0 
magistrados magistrado NCMP000 10225219-n:0/10280945-n:0
; ; Fx 
em em SP 
as o DA0FP0 
salas sala NCFP000 02715513-n:0/03004146-n:0/03077616-n:0/03175081-n:0/03200701-n:0/03478907-n:0/03679712-n:0/03718581-n:0/03891538-n:0/04105893-n:0/04549919-n:0
e e CC 
dependências dependência NCFP000 03859280-n:0/14001348-n:0/14001728-n:0/14062725-n:0
de de SP 
audiências audiência NCFP000 07143624-n:0/08221897-n:0/08222293-n:0/14484778-n:0
, , Fc 
secretarias secretaria NCFP000 00599472-n:0/08324274-n:0
, , Fc 
cartórios cartório NCMP000 
, , Fc 
ofícios ofício NCMP000 00582388-n:0/00606370-n:0/00719705-n:0/00720565-n:0/01033458-n:0/08436562-n:0/13945102-n:0
de de SP 
justiça justiça NCFS000 00694681-n:0/00694866-n:0/04826235-n:0/04839154-n:0/04850117-n:0/04850341-n:0/08135342-n:0/10225219-n:0
, , Fc 
serviços serviço NCMP000 00098625-n:0/00568430-n:0/00577525-n:0/00582388-n:0/00584891-n:0/00719705-n:0/01032040-n:0/01032368-n:0/01209576-n:0/03315023-n:0/04175380-n:0/04558478-n:0/08114861-n:0/08186047-n:0/13325847-n:0/13968092-n:0
notariais notarial AQ0CP00 
e e CC 
de de SP 
registro registro NCMS000 00050037-n:0/04071876-n:0/05126849-n:0/06503724-n:0/06507041-n:0/06636524-n:0/06647206-n:0/07270179-n:0/13403643-n:0/13412321-n:0
, , Fc 
e e CC 
, , Fc 
em em SP 
o o DA0MS0 
caso caso NCMS000 05671325-n:0/05817743-n:0/06310945-n:0/06784966-n:0/06869129-n:0/07308889-n:0/13943400-n:0
de de SP 
delegacias delegacia NCFP000 03977678-n:0/07572353-n:0/08402442-n:0
e e CC 
prisões prisão NCFP000 01161635-n:0/01162376-n:0/02805443-n:0/03592245-n:0/03684740-n:0/03823540-n:0/03907654-n:0/04005630-n:0/13937284-n:0
, , Fc 
mesmo mesmo RG 00047534-r:0
fora fora RG 00029037-r:0/00110919-r:0
de de SP 
a o DA0FS0 
hora hora NCFS000 05131023-n:0/15116910-n:0/15129927-n:0/15225249-n:0/15227846-n:0/15228378-n:0/15228910-n:0/15245515-n:0/15270431-n:0
de de SP 
expediente expediente NCMS000 00047745-n:0/05155123-n:0/06503551-n:0
e e CC 
independentemente independentemente RG 00118531-r:0/00118727-r:0/00180611-r:0/00207668-r:0/00450647-r:0
de de SP 
a o DA0FS0 
presença presença NCFS000 00050195-n:0/01233397-n:0/01233802-n:0/04673965-n:0/04910377-n:0/05917174-n:0/08642632-n:0/09547528-n:0/13957601-n:0
de de SP 
seus seu DP3MPS 
titulares titular NCCP000 06344461-n:0/10115748-n:0/10202624-n:0/10388924-n:0
; ; Fx 
em em SP 
qualquer qualquer DI0CS0 
edifício edifício NCMS000 00911048-n:0/01104637-n:0/02913152-n:0/03295140-n:0/04341686-n:0
ou ou CC 
recinto recinto NCMS000 03081859-n:0/03285912-n:0
em em SP 
que que CS 
funcione funcionar VMSP3S0 00341285-v:0/01096497-v:0/01525666-v:0/01526139-v:0/01526290-v:0/02525447-v:0/02541251-v:0/02722449-v:0
repartição repartição NCFS000 01083645-n:0/01085793-n:0
judicial judicial AQ0CS00 01400961-a:0/02752987-a:0/02753205-a:0/02753724-a:0
ou ou CC 
outro outro DI0MS0 
serviço_público serviço_público NCMS000 
onde onde RG 
o o DA0MS0 
advogado advogado NCMS000 09774783-n:0/09775663-n:0/09840963-n:0/10249950-n:0/10623175-n:0
deva dever VMSP3S0 02253956-v:0/02254155-v:0/02731814-v:0
praticar praticar VMN0000 00606093-v:0/00833702-v:0/01723224-v:0/02561332-v:0/02568672-v:0
ato ato NCMS000 00030358-n:0/00037396-n:0/00550341-n:0/06532095-n:0/06545137-n:0/07009640-n:0/07447261-n:0
ou ou CC 
colher colher VMN0000 01320009-v:0/01380638-v:0/01382083-v:0
prova prova NCFS000 00521562-n:0/00636461-n:0/00785959-n:0/00791078-n:0/00794367-n:0/04011130-n:0/04755466-n:0/05738625-n:0/05798043-n:0/05799212-n:0/05823932-n:0/05824739-n:0/06643408-n:0/06647614-n:0/06733939-n:0/07199191-n:0
ou ou CC 
informação informação NCFS000 05816287-n:0/05816622-n:0/06634376-n:0/06642138-n:0/07212190-n:0/07221094-n:0/07237561-n:0/08462320-n:0
útil útil AQ0CS00 00019731-a:0/00061262-a:0/00560586-a:0/00604897-a:0/01090820-a:0/01195536-a:0/01817500-a:0/02123812-a:0/02495922-a:0
a a SP 
o o DA0MS0 
exercício exercício NCMS000 00624738-n:0/00729919-n:0/00894552-n:0/00947128-n:0/15203120-n:0
de de SP 
a o DA0FS0 
atividade atividade NCFS000 00037396-n:0/00407535-n:0/04635104-n:0/14006945-n:0/14531203-n:0
profissional profissional AQ0CS00 01868724-a:0/01870100-a:0/02556402-a:0/02839505-a:0/02839695-a:0/02840478-a:0
, , Fc 
dentro_de dentro_de SP 
o o DA0MS0 
expediente expediente NCMS000 00047745-n:0/05155123-n:0/06503551-n:0
ou ou CC 
fora ir VMIM1S0 00341560-v:0/00343898-v:0/00359916-v:0/01158872-v:0/01192992-v:0/01835496-v:0/01839538-v:0/01841079-v:0/01846916-v:0/01849221-v:0/01882814-v:0/01904930-v:0/01935233-v:0/01955984-v:0/01957529-v:0/01995549-v:0/02009433-v:0/02051694-v:0/02072849-v:0/02102002-v:0/02102398-v:0/02372605-v:0/02493030-v:0/02618149-v:0/02655135-v:0/02685951-v:0/02686471-v:0/02700455-v:0/02727039-v:0/02737876-v:0
de de SP 
ele ele PP3MS00 
, , Fc 
e e CC 
ser ser VMN0000 00339934-v:0/01717851-v:0/02445925-v:0/02597601-v:0/02603699-v:0/02604760-v:0/02614181-v:0/02616386-v:0/02620587-v:0/02627363-v:0/02655135-v:0/02664769-v:0/02702508-v:0/02731024-v:0/02749904-v:0
atendido atender VMP00SM 00080304-v:0/00260648-v:0/00719590-v:0/02170427-v:0/02571901-v:0
, , Fc 
desde_que desde_que CS 
se se PP3CN00 
ache achar VMSP1S0 00598954-v:0/00631737-v:0/00634472-v:0/00683280-v:0/00684068-v:0/00689344-v:0/00689809-v:0/00690305-v:0/00690614-v:0/00712135-v:0/00715239-v:0/00721098-v:0/00734348-v:0/00739340-v:0/00918872-v:0/01637166-v:0/01637982-v:0/02021653-v:0/02154508-v:0/02212275-v:0/02213336-v:0/02248465-v:0/02285629-v:0/02286204-v:0/02286687-v:0/02694933-v:0
presente presente AQ0CS00 00666058-a:0/01731351-a:0/01846413-a:0
qualquer qualquer DI0CS0 
servidor servidor AQ0MS00 
ou ou CC 
empregado empregar VMP00SM 01158181-v:0/01158872-v:0/01166093-v:0/02240151-v:0/02409412-v:0/02409941-v:0
; ; Fx 
em em SP 
qualquer qualquer DI0CS0 
assembléia assembléia NCFS000 01229938-n:0/08163792-n:0/08295894-n:0/08402222-n:0
ou ou CC 
reunião reunião NCFS000 00382474-n:0/01014066-n:0/01014990-n:0/01229938-n:0/01230965-n:0/01231686-n:0/07951464-n:0/07975026-n:0/08307589-n:0/08310389-n:0/08415774-n:0/08478371-n:0
de de SP 
que que CS 
participe participar VMSP3S0 00873682-v:0/01082606-v:0/01172701-v:0/02450256-v:0/02612762-v:0
ou ou CC 
possa poder VMSP1S0 01192628-v:0/01774426-v:0/02744451-v:0
participar participar VMN0000 00873682-v:0/01082606-v:0/01172701-v:0/02450256-v:0/02612762-v:0
o o DA0MS0 
seu seu DP3MSS 
cliente cliente NCCS000 03827107-n:0/09885145-n:0/09984659-n:0/09985075-n:0/10407726-n:0
, , Fc 
ou ou CC 
perante perante SP 
a o DA0FS0 
qual qual PR0CS00 
este este PD0MS00 
deva dever VMSP3S0 02253956-v:0/02254155-v:0/02731814-v:0
comparecer comparecer VMN0000 00422090-v:0/00425522-v:0/02597762-v:0
, , Fc 
desde_que desde_que CS 
munido munir VMP00SM 02327200-v:0
de de SP 
poderes poder NCMP000 05030680-n:0/05190804-n:0/05194578-n:0/05616246-n:0/06471345-n:0/06530789-n:0/08050678-n:0/10461424-n:0/13945102-n:0/14491271-n:0/14515633-n:0
especiais especial AQ0CP00 00488187-a:0/00968010-a:0/01103844-a:0/01104026-a:0/01678729-a:0/01853228-a:0/02278011-a:0/02367319-a:0
; ; Fx 
permanecer permanecer VMN0000 00117985-v:0/01857392-v:0/02009200-v:0/02619122-v:0/02637202-v:0/02637592-v:0/02637938-v:0/02639075-v:0/02684924-v:0/02727462-v:0/02731024-v:0/02731242-v:0
sentado sentar VMP00SM 00026941-v:0/01543123-v:0/01543998-v:0/01544285-v:0/01984902-v:0
ou ou CC 
em em SP 
pé pé NCMS000 02153445-n:0/02439568-n:0/02439929-n:0/02464327-n:0/02797692-n:0/03378442-n:0/03387016-n:0/03654826-n:0/05563266-n:0/07011209-n:0/07094843-n:0/08511570-n:0/13129165-n:0/13650045-n:0/13650225-n:0
e e CC 
retirar retirar VMN03S0 00173338-v:0/00179311-v:0/00181559-v:0/00181664-v:0/00194534-v:0/00195342-v:0/01154175-v:0/01243298-v:0/01511380-v:0/01549420-v:0/01615457-v:0/02205719-v:0/02224055-v:0/02225342-v:0/02311387-v:0/02312478-v:0/02380251-v:0/02404224-v:0/02404904-v:0/02428487-v:0/02480216-v:0
se se PP3CN00 
de de SP 
quaisquer qualquer DI0CP0 
locais local NCFP000 00586262-n:0/05074774-n:0/08621598-n:0/08622950-n:0/08627161-n:0/08664443-n:0
indicados indicar VMP00PM 00749376-v:0/00772640-v:0/00921300-v:0/00923197-v:0/00923793-v:0/00928015-v:0/00955148-v:0/00955472-v:0/01004062-v:0/01039330-v:0/01058574-v:0/01061481-v:0/01931768-v:0/01020885-a:0
em em SP 
o o DA0MS0 
inciso inciso NCMS000 
anterior anterior AQ0CS00 00122128-a:0/00126235-a:0/00127137-a:0/00130778-a:0/00668816-a:0/00814611-a:0/01729819-a:0
, , Fc 
independentemente independentemente RG 00118531-r:0/00118727-r:0/00180611-r:0/00207668-r:0/00450647-r:0
de de SP 
licença licença NCFS000 01139194-n:0/06527576-n:0/06549661-n:0/13994806-n:0/13995378-n:0/15139130-n:0/15139432-n:0
; ; Fx 
dirigir dirigir VMN03S0 00710005-v:0/00749205-v:0/00813790-v:0/00897564-v:0/01150559-v:0/01151110-v:0/01151889-v:0/01152896-v:0/01710317-v:0/01732921-v:0/01930117-v:0/01930874-v:0/01931768-v:0/01935104-v:0/01935233-v:0/01999798-v:0/02436349-v:0/02439501-v:0/02440020-v:0/02440244-v:0/02442205-v:0/02539334-v:0
se se PP3CN00 
diretamente diretamente RG 00051017-r:0/00051848-r:0/00058128-r:0
a a SP 
os o DA0MP0 
magistrados magistrado NCMP000 10225219-n:0/10280945-n:0
em em SP 
as o DA0FP0 
salas sala NCFP000 02715513-n:0/03004146-n:0/03077616-n:0/03175081-n:0/03200701-n:0/03478907-n:0/03679712-n:0/03718581-n:0/03891538-n:0/04105893-n:0/04549919-n:0
e e CC 
gabinetes gabinete NCMP000 00631712-n:0/03175081-n:0/08381820-n:0
de de SP 
trabalho trabalho NCMS000 00575741-n:0/00576717-n:0/00576877-n:0/00581241-n:0/00582388-n:0/00584367-n:0/00584769-n:0/00620752-n:0/00621476-n:0/00719705-n:0/00795720-n:0/00796886-n:0/03599628-n:0/03841417-n:0/04599396-n:0/04602044-n:0/08137495-n:0/13968092-n:0
, , Fc 
independentemente independentemente RG 00118531-r:0/00118727-r:0/00180611-r:0/00207668-r:0/00450647-r:0
de de SP 
horário horário NCMS000 05910940-n:0/06495328-n:0/06496397-n:0/06496499-n:0/15270245-n:0
previamente previamente RG 00060632-r:0
marcado marcar VMP00SM 00234725-v:0/00508032-v:0/00511040-v:0/00612612-v:0/00728393-v:0/00922867-v:0/00947077-v:0/00966330-v:0/01004062-v:0/01111816-v:0/01275762-v:0/01551195-v:0/01647229-v:0/01287808-a:0
ou ou CC 
outra outro DI0FS0 
condição condição NCFS000 00024720-n:0/05074774-n:0/05822746-n:0/05839024-n:0/06755568-n:0/06755947-n:0/06770875-n:0/09367203-n:0/13920429-n:0/13920835-n:0/13923030-n:0/13927383-n:0/13945919-n:0/13947645-n:0
, , Fc 
observando observar VMG0000 00732552-v:0/01020005-v:0/01058574-v:0/01158872-v:0/02118476-v:0/02118933-v:0/02128653-v:0/02130160-v:0/02130524-v:0/02150510-v:0/02154508-v:0/02165002-v:0/02169352-v:0/02455407-v:0/02578872-v:0
se se PP3CN00 
a o DA0FS0 
ordem ordem NCFS000 05726596-n:0/06547059-n:0/06552984-n:0/06584891-n:0/07168131-n:0/07168623-n:0/07169242-n:0/07169848-n:0/07170467-n:0/07170572-n:0/07939382-n:0/08049401-n:0/08075388-n:0/08106934-n:0/08227214-n:0/08229467-n:0/08231184-n:0/08233056-n:0/08234493-n:0/08240169-n:0/08242675-n:0/08436562-n:0/08456993-n:0/13950812-n:0/13968547-n:0/14496710-n:0
de de SP 
chegada chegada NCFS000 00048225-n:0/00048374-n:0/00048828-n:0/00052334-n:0/07291312-n:0
; ; Fx 
usar usar VMN0000 00050652-v:0/00052374-v:0/01080064-v:0/01158572-v:0/01158872-v:0/01165043-v:0/02561332-v:0/02600490-v:0/02705132-v:0
de de SP 
a o DA0FS0 
palavra palavra NCFS000 06286395-n:0/06303888-n:0/06738162-n:0/07140659-n:0/07169242-n:0/07227301-n:0/09537144-n:0/13627327-n:0
, , Fc 
por por SP 
a o DA0FS0 
ordem ordem NCFS000 05726596-n:0/06547059-n:0/06552984-n:0/06584891-n:0/07168131-n:0/07168623-n:0/07169242-n:0/07169848-n:0/07170467-n:0/07170572-n:0/07939382-n:0/08049401-n:0/08075388-n:0/08106934-n:0/08227214-n:0/08229467-n:0/08231184-n:0/08233056-n:0/08234493-n:0/08240169-n:0/08242675-n:0/08436562-n:0/08456993-n:0/13950812-n:0/13968547-n:0/14496710-n:0
, , Fc 
em em SP 
qualquer qualquer DI0CS0 
juízo juízo NCMS000 00874067-n:0/01187810-n:0/01195867-n:0/04892084-n:0/05614175-n:0/05615500-n:0/05837957-n:0/06551784-n:0
ou ou CC 
tribunal tribunal NCMS000 03121040-n:0/03649459-n:0/08329322-n:0/08329453-n:0
, , Fc 
mediante mediante SP 
intervenção intervenção NCFS000 00671351-n:0/01068184-n:0/01240210-n:0/06661562-n:0
sumária sumário AQ0FS00 00547317-a:0
, , Fc 
para para SP 
esclarecer esclarecer VMN0000 00543161-v:0/00549217-v:0/00621058-v:0/00873682-v:0/00939277-v:0/00939857-v:0/00991385-v:0/01188725-v:0/02771169-v:0
equívoco equívoco NCMS000 00070965-n:0/00752431-n:0/04825383-n:0
ou ou CC 
dúvida dúvida NCFS000 04757522-n:0/05698247-n:0/05698982-n:0/05951566-n:0/07193596-n:0/07525555-n:0
surgida surgir VMP00SF 00422090-v:0/00423702-v:0/00426581-v:0/00528990-v:0/00935141-v:0/01990694-v:0/02068413-v:0/02624263-v:0/02625786-v:0/02627363-v:0/02696801-v:0/02696961-v:0/02743921-v:0/02744061-v:0
em_relação_a em_relação_a SP 
fatos fato NCMP000 00029378-n:0/00037396-n:0/03051540-n:0/04350905-n:0/05819453-n:0/07283608-n:0
, , Fc 
documentos documento NCMP000 03217458-n:0/06470073-n:0/06734322-n:0/13403331-n:0/14974264-n:0
ou ou CC 
afirmações afirmação NCFP000 06722453-n:0/06725877-n:0/06730563-n:0/06732350-n:0/07203126-n:0/07227772-n:0
que que PR0CN00 
influam influir VMSP3P0 02536557-v:0/02677097-v:0
em em SP 
o o DA0MS0 
julgamento julgamento NCMS000 00874067-n:0/01187810-n:0/01191158-n:0/01195867-n:0/04890112-n:0/04892084-n:0/05614175-n:0/05789432-n:0/05837957-n:0/06765044-n:0
, , Fc 
bem_como bem_como RG 00117082-r:0
para para SP 
replicar replicar VMN0000 00815379-v:0/00815686-v:0/00816353-v:0/01734502-v:0
acusação acusação NCFS000 06561942-n:0/06713752-n:0/06730780-n:0/07213395-n:0/07234230-n:0/07235335-n:0/07235790-n:0/07237409-n:0
ou ou CC 
censura censurar VMIP3S0 00682928-v:0/00823669-v:0/00824066-v:0/00824767-v:0/00825975-v:0/00842772-v:0/02493876-v:0
que que CS 
lhe lhe PP3CSD0 
forem ir VMSF3P0 00341560-v:0/00343898-v:0/00359916-v:0/01158872-v:0/01192992-v:0/01835496-v:0/01839538-v:0/01841079-v:0/01846916-v:0/01849221-v:0/01882814-v:0/01904930-v:0/01935233-v:0/01955984-v:0/01957529-v:0/01995549-v:0/02009433-v:0/02051694-v:0/02072849-v:0/02102002-v:0/02102398-v:0/02372605-v:0/02493030-v:0/02618149-v:0/02655135-v:0/02685951-v:0/02686471-v:0/02700455-v:0/02727039-v:0/02737876-v:0
feitas fazer VMP00PF 00010435-v:0/00012267-v:0/00056930-v:0/00059559-v:0/00065370-v:0/00107369-v:0/00120316-v:0/00120675-v:0/00121046-v:0/00142191-v:0/00408624-v:0/00665476-v:0/00698256-v:0/00730758-v:0/00767334-v:0/00770437-v:0/00818974-v:0/01116980-v:0/01438902-v:0/01617192-v:0/01619014-v:0/01621555-v:0/01627355-v:0/01628197-v:0/01629000-v:0/01629589-v:0/01640207-v:0/01645601-v:0/01646075-v:0/01647229-v:0/01649024-v:0/01653873-v:0/01658188-v:0/01659248-v:0/01685313-v:0/01712704-v:0/01714208-v:0/01719921-v:0/01733477-v:0/01738774-v:0/01739814-v:0/01752495-v:0/01752884-v:0/01753788-v:0/01754737-v:0/01755504-v:0/02176268-v:0/02203362-v:0/02204692-v:0/02205098-v:0/02211948-v:0/02355596-v:0/02367363-v:0/02374764-v:0/02434859-v:0/02530167-v:0/02539788-v:0/02560585-v:0/02560767-v:0/02561995-v:0/02562901-v:0/02568672-v:0/02582921-v:0/02598483-v:0/02599636-v:0/02617567-v:0/02621133-v:0/02621395-v:0/02630189-v:0/02709107-v:0/02745332-v:0
; ; Fx 
reclamar reclamar VMN0000 00610928-v:0/00754942-v:0/00844298-v:0/00844941-v:0/00907147-v:0/00910891-v:0/00910973-v:0/01051956-v:0/02275365-v:0/02627934-v:0
, , Fc 
verbalmente verbalmente RG 00128456-r:0/00128554-r:0
ou ou CC 
por por SP 
escrito escrever VMP00SM 00993014-v:0/01007027-v:0/01691057-v:0/01698271-v:0/01699896-v:0/01704452-v:0/01705494-v:0/01744611-v:0/02213270-a:0/02284578-a:0/02286661-a:0
, , Fc 
perante perante SP 
qualquer qualquer DI0CS0 
juízo juízo NCMS000 00874067-n:0/01187810-n:0/01195867-n:0/04892084-n:0/05614175-n:0/05615500-n:0/05837957-n:0/06551784-n:0
, , Fc 
tribunal tribunal NCMS000 03121040-n:0/03649459-n:0/08329322-n:0/08329453-n:0
ou ou CC 
autoridade autoridade NCFS000 04763293-n:0/05196582-n:0/05697363-n:0/06411592-n:0/08050678-n:0/08337324-n:0/09623038-n:0/09824361-n:0/09824609-n:0
, , Fc 
contra contra SP 
a o DA0FS0 
inobservância inobservância NCFS000 
de de SP 
preceito preceito NCMS000 06185955-n:0/06655388-n:0
de de SP 
lei lei NCFS000 05726596-n:0/05846054-n:0/05870916-n:0/05872982-n:0/06478582-n:0/06532095-n:0/06532330-n:0/06564387-n:0/08209687-n:0/08441203-n:0/08456347-n:0
, , Fc 
regulamento regulamento NCMS000 00805034-n:0/05846054-n:0/06537951-n:0/14443434-n:0/80000908-n:0
ou ou CC 
regimento regimento NCMS000 08050678-n:0/08213817-n:0/13775093-n:0
; ; Fx 
falar falar NCMS000 
, , Fc 
sentado sentar VMP00SM 00026941-v:0/01543123-v:0/01543998-v:0/01544285-v:0/01984902-v:0
ou ou CC 
em em SP 
pé pé NCMS000 02153445-n:0/02439568-n:0/02439929-n:0/02464327-n:0/02797692-n:0/03378442-n:0/03387016-n:0/03654826-n:0/05563266-n:0/07011209-n:0/07094843-n:0/08511570-n:0/13129165-n:0/13650045-n:0/13650225-n:0
, , Fc 
em em SP 
juízo juízo NCMS000 00874067-n:0/01187810-n:0/01195867-n:0/04892084-n:0/05614175-n:0/05615500-n:0/05837957-n:0/06551784-n:0
, , Fc 
tribunal tribunal NCMS000 03121040-n:0/03649459-n:0/08329322-n:0/08329453-n:0
ou ou CC 
órgão órgão NCMS000 03273551-n:0/03494537-n:0/03854065-n:0/05297523-n:0/06595056-n:0/08349350-n:0/10638385-n:0/13087625-n:0
de de SP 
deliberação deliberação NCFS000 04661151-n:0/05785067-n:0/05785508-n:0/05796423-n:0
coletiva coletivo AQ0FS00 00298293-a:0/00466808-a:0/02112701-a:0
de de SP 
a o DA0FS0 
Administração_Pública administração_pública NP00000 
ou ou CC 
de de SP 
o o DA0MS0 
Poder_Legislativo poder_legislativo NP00000 08163273-n:0
; ; Fx 
examinar examinar VMN0000 00080589-v:0/00627520-v:0/00644583-v:0/00646542-v:0/00697419-v:0/00786816-v:0/00788564-v:0/00855512-v:0/01226875-v:0/01460594-v:0/02131279-v:0/02152812-v:0/02153709-v:0/02166117-v:0/02531625-v:0/02533282-v:0
, , Fc 
em em SP 
qualquer qualquer DI0CS0 
órgão órgão NCMS000 03273551-n:0/03494537-n:0/03854065-n:0/05297523-n:0/06595056-n:0/08349350-n:0/10638385-n:0/13087625-n:0
de de SP 
os o DA0MP0 
Poderes_Judiciário poderes_judiciário NP00000 
e e CC 
Legislativo legislativo NP00000 
, , Fc 
ou ou CC 
de de SP 
a o DA0FS0 
Administração_Pública administração_pública NP00000 
em em SP 
geral geral NCCS000 10123844-n:0
, , Fc 
autos auto NCMP000 02958343-n:0/06478582-n:0/06539770-n:0
de de SP 
processos processo NCMP000 00029677-n:0/01023636-n:0/01023820-n:0/01181902-n:0/01182654-n:0/01184814-n:0/01195867-n:0/01198307-n:0/05470189-n:0/05701363-n:0/05701738-n:0/06503551-n:0
findos findo AQ0MP00 
ou ou CC 
em em SP 
andamento andamento NCMS000 00057657-n:0/00282840-n:0/00290579-n:0/03431243-n:0/04635482-n:0/04841810-n:0/05058580-n:0/07058296-n:0/08428019-n:0/15264363-n:0
, , Fc 
mesmo mesmo RG 00047534-r:0
sem sem SP 
procuração procuração NCFS000 06530789-n:0/06531141-n:0
, , Fc 
quando quando RG 
não não RN 00024073-r:0/00024356-r:0/00024587-r:0/00050681-r:0
estejam estar VMSP3P0 00120796-v:0/00149583-v:0/00689344-v:0/01857392-v:0/02604760-v:0/02655135-v:0/02729963-v:0/02731024-v:0/02734338-v:0/02744820-v:0
sujeitos sujeito AQ0MP00 00071559-a:0/01997583-a:0
a o DA0FS0 
sigilo sigilo NCMS000 14416089-n:0
, , Fc 
assegurada assegurar VMP00SF 00221718-v:0/00662589-v:0/00884011-v:0/00890590-v:0/00891216-v:0/00891936-v:0/00896803-v:0/01019643-v:0/01289492-v:0/01306425-v:0/01340439-v:0/02251065-v:0
a a SP 
obtenção obtenção NCFS000 00048225-n:0/00062806-n:0/00077856-n:0/00083729-n:0
de de SP 
cópias cópia NCFP000 01019524-n:0/03104594-n:0/03117939-n:0/03257343-n:0/04076533-n:0/04609235-n:0/06505517-n:0
, , Fc 
podendo poder VMG0000 01192628-v:0/01774426-v:0/02744451-v:0
tomar tomar VMN0000 01156834-v:0/01170052-v:0/01171183-v:0/01172275-v:0/01172701-v:0/01199487-v:0/01202068-v:0/01212572-v:0/01213614-v:0/01214265-v:0/01721754-v:0/01982395-v:0/02205272-v:0/02206619-v:0/02210855-v:0/02248299-v:0/02272549-v:0/02346895-v:0/02381726-v:0/02394183-v:0/02599636-v:0
apontamentos apontamento NCMP000 00090393-n:0/06763273-n:0
; ; Fx 
examinar examinar VMN0000 00080589-v:0/00627520-v:0/00644583-v:0/00646542-v:0/00697419-v:0/00786816-v:0/00788564-v:0/00855512-v:0/01226875-v:0/01460594-v:0/02131279-v:0/02152812-v:0/02153709-v:0/02166117-v:0/02531625-v:0/02533282-v:0
, , Fc 
em em SP 
qualquer qualquer DI0CS0 
instituição instituição NCFS000 00240184-n:0/03574555-n:0/08053576-n:0/08407330-n:0
responsável responsável AQ0CS00 00324878-a:0/01996377-a:0/01996875-a:0/01997221-a:0/01997583-a:0/02465350-a:0
por por SP 
conduzir conduzir VMN0000 00556593-v:0/01435380-v:0/01732921-v:0/01733213-v:0/01808218-v:0/01930117-v:0/01930874-v:0/01933305-v:0/01999798-v:0/02000133-v:0/02000547-v:0/02056971-v:0/02058049-v:0/02079933-v:0/02376089-v:0/02408281-v:0/02436349-v:0/02439501-v:0/02439732-v:0/02445509-v:0/02518161-v:0/02550168-v:0
investigação investigação NCFS000 00633864-n:0/00636728-n:0/00636921-n:0/00945777-n:0/05797597-n:0/05800611-n:0/07194676-n:0
, , Fc 
mesmo mesmo RG 00047534-r:0
sem sem SP 
procuração procuração NCFS000 06530789-n:0/06531141-n:0
, , Fc 
autos auto NCMP000 02958343-n:0/06478582-n:0/06539770-n:0
de de SP 
flagrante flagrante NCMS000 
e e CC 
de de SP 
investigações investigação NCFP000 00633864-n:0/00636728-n:0/00636921-n:0/00945777-n:0/05797597-n:0/05800611-n:0/07194676-n:0
de de SP 
qualquer qualquer DI0CS0 
natureza natureza NCFS000 00019128-n:0/04623113-n:0/04623612-n:0/04726724-n:0/09366762-n:0/09466280-n:0/09503682-n:0
, , Fc 
findos findo AQ0MP00 
ou ou CC 
em em SP 
andamento andamento NCMS000 00057657-n:0/00282840-n:0/00290579-n:0/03431243-n:0/04635482-n:0/04841810-n:0/05058580-n:0/07058296-n:0/08428019-n:0/15264363-n:0
, , Fc 
ainda_que ainda_que CS 
conclusos concluso AQ0MP00 
a a SP 
a o DA0FS0 
autoridade autoridade NCFS000 04763293-n:0/05196582-n:0/05697363-n:0/06411592-n:0/08050678-n:0/08337324-n:0/09623038-n:0/09824361-n:0/09824609-n:0
, , Fc 
podendo poder VMG0000 01192628-v:0/01774426-v:0/02744451-v:0
copiar copiar VMN0000 01693881-v:0/01694263-v:0/01742886-v:0/02674879-v:0/02675701-v:0
peças peça NCFP000 03716327-n:0/03932203-n:0/07037465-n:0/09385911-n:0/13388245-n:0
e e CC 
tomar tomar VMN0000 01156834-v:0/01170052-v:0/01171183-v:0/01172275-v:0/01172701-v:0/01199487-v:0/01202068-v:0/01212572-v:0/01213614-v:0/01214265-v:0/01721754-v:0/01982395-v:0/02205272-v:0/02206619-v:0/02210855-v:0/02248299-v:0/02272549-v:0/02346895-v:0/02381726-v:0/02394183-v:0/02599636-v:0
apontamentos apontamento NCMP000 00090393-n:0/06763273-n:0
, , Fc 
em em SP 
meio meio NCMS000 00172710-n:0/03733547-n:0/05155123-n:0/05250659-n:0/05868272-n:0/05921123-n:0/06254475-n:0/08521816-n:0/08523483-n:0/08567235-n:0/08568142-n:0/08568579-n:0/08588699-n:0/13736799-n:0/13934596-n:0/14513944-n:0/14899328-n:0/15266685-n:0
físico físico AQ0MS00 00627004-a:0/00627204-a:0/00874092-a:0/01574259-a:0/01717117-a:0/01778212-a:0/01778935-a:0/02391455-a:0/02392134-a:0/02779774-a:0
ou ou CC 
digital digital AQ0CS00 00110701-a:0/02713096-a:0/02713232-a:0
; ; Fx 
ter ter VMN0000 00052374-v:0/00056930-v:0/00059559-v:0/00065370-v:0/00065639-v:0/00121046-v:0/00639849-v:0/01156834-v:0/01733477-v:0/02108026-v:0/02203362-v:0/02204692-v:0/02205098-v:0/02210119-v:0/02355596-v:0/02603699-v:0/02630189-v:0/02630871-v:0/02632167-v:0/02655135-v:0/02700867-v:0/02740745-v:0/02746275-v:0/02749904-v:0
vista ver VMP00SF 00591115-v:0/00598954-v:0/00623151-v:0/00690614-v:0/00703708-v:0/00920336-v:0/01156568-v:0/01635432-v:0/02023107-v:0/02107097-v:0/02118476-v:0/02128653-v:0/02128873-v:0/02129289-v:0/02129709-v:0/02130160-v:0/02130300-v:0/02130524-v:0/02131279-v:0/02131777-v:0/02131963-v:0/02132745-v:0/02133185-v:0/02150510-v:0/02150948-v:0/02154312-v:0/02154508-v:0/02163746-v:0/02164531-v:0/02165304-v:0/02167052-v:0/02455407-v:0/02488304-v:0/02493030-v:0
de de SP 
os o DA0MP0 
processos_judiciais processo_judicial NCMP000 01182654-n:0
ou ou CC 
administrativos administrativo AQ0MP00 02556229-a:0/02904075-a:0/02904223-a:0
de de SP 
qualquer qualquer DI0CS0 
natureza natureza NCFS000 00019128-n:0/04623113-n:0/04623612-n:0/04726724-n:0/09366762-n:0/09466280-n:0/09503682-n:0
, , Fc 
em em SP 
cartório cartório NCMS000 
ou ou CC 
em em SP 
a o DA0FS0 
repartição repartição NCFS000 01083645-n:0/01085793-n:0
competente competente AQ0CS00 00051571-a:0/00510050-a:0/00512130-a:0/02226162-a:0
, , Fc 
ou ou CC 
retirá-los retirar VMN0000 00173338-v:0/00179311-v:0/00181559-v:0/00181664-v:0/00194534-v:0/00195342-v:0/01154175-v:0/01243298-v:0/01511380-v:0/01549420-v:0/01615457-v:0/02205719-v:0/02224055-v:0/02225342-v:0/02311387-v:0/02312478-v:0/02380251-v:0/02404224-v:0/02404904-v:0/02428487-v:0/02480216-v:0
por por SP 
os o DA0MP0 
prazos prazo NCMP000 15153225-n:0/15180082-n:0/15224156-n:0
legais legal AQ0CP00 01400562-a:0/01401224-a:0/02499148-a:0
; ; Fx 
retirar retirar VMN0000 00173338-v:0/00179311-v:0/00181559-v:0/00181664-v:0/00194534-v:0/00195342-v:0/01154175-v:0/01243298-v:0/01511380-v:0/01549420-v:0/01615457-v:0/02205719-v:0/02224055-v:0/02225342-v:0/02311387-v:0/02312478-v:0/02380251-v:0/02404224-v:0/02404904-v:0/02428487-v:0/02480216-v:0
autos auto NCMP000 02958343-n:0/06478582-n:0/06539770-n:0
de de SP 
processos processo NCMP000 00029677-n:0/01023636-n:0/01023820-n:0/01181902-n:0/01182654-n:0/01184814-n:0/01195867-n:0/01198307-n:0/05470189-n:0/05701363-n:0/05701738-n:0/06503551-n:0
findos findo AQ0MP00 
, , Fc 
mesmo mesmo RG 00047534-r:0
sem sem SP 
procuração procuração NCFS000 06530789-n:0/06531141-n:0
, , Fc 
por por SP 
o o DA0MS0 
prazo prazo NCMS000 15153225-n:0/15180082-n:0/15224156-n:0
de de SP 
dez 10 Z 
dias dia NCMP000 15123115-n:0/15136453-n:0/15136723-n:0/15155220-n:0/15157041-n:0/15157225-n:0/15159583-n:0/15164957-n:0/15208333-n:0/15208540-n:0
; ; Fx 
ser ser VMN0000 00339934-v:0/01717851-v:0/02445925-v:0/02597601-v:0/02603699-v:0/02604760-v:0/02614181-v:0/02616386-v:0/02620587-v:0/02627363-v:0/02655135-v:0/02664769-v:0/02702508-v:0/02731024-v:0/02749904-v:0
publicamente publicamente RG 00161932-r:0/00162765-r:0
desagravado desagravar VMP00SM 00205885-v:0/01153486-v:0
, , Fc 
quando quando RG 
ofendido ofender VMP00SM 00848420-v:0/01789270-v:0/01793177-v:0/01810447-v:0/01817130-v:0/02566528-v:0/01712753-a:0
em em SP 
o o DA0MS0 
exercício exercício NCMS000 00624738-n:0/00729919-n:0/00894552-n:0/00947128-n:0/15203120-n:0
de de SP 
a o DA0FS0 
profissão profissão NCFS000 00582388-n:0/00583246-n:0/00606370-n:0/00609953-n:0/05074774-n:0/06685040-n:0/06732925-n:0
ou ou CC 
em em SP 
razão razão NCFS000 05651680-n:0/05819149-n:0/06739990-n:0/06740402-n:0/09178999-n:0/09179264-n:0/13404655-n:0/13819207-n:0
de de SP 
ela ele PP3FS00 
; ; Fx 
usar usar VMN0000 00050652-v:0/00052374-v:0/01080064-v:0/01158572-v:0/01158872-v:0/01165043-v:0/02561332-v:0/02600490-v:0/02705132-v:0
os o DA0MP0 
símbolos símbolo NCMP000 05765415-n:0/05959954-n:0/06646243-n:0/06795746-n:0/06806469-n:0/06880664-n:0
privativos privativo AQ0MP00 
de de SP 
a o DA0FS0 
profissão profissão NCFS000 00582388-n:0/00583246-n:0/00606370-n:0/00609953-n:0/05074774-n:0/06685040-n:0/06732925-n:0
de de SP 
advogado advogado NCMS000 09774783-n:0/09775663-n:0/09840963-n:0/10249950-n:0/10623175-n:0
; ; Fx 
recusar recusar VMN03S0 00674340-v:0/00685419-v:0/00685683-v:0/00686249-v:0/00795863-v:0/00796976-v:0/00797430-v:0/00801626-v:0/00816556-v:0/01808769-v:0/02194913-v:0/02212825-v:0/02214190-v:0/02237338-v:0/02502916-v:0/02583545-v:0/02707800-v:0/02755017-v:0
se se PP3CN00 
a a SP 
depor depor VMN0000 01013040-v:0/01494310-v:0/02402825-v:0
como como CS 
testemunha testemunha NCFS000 02809491-n:0/06648207-n:0/06732710-n:0/06734467-n:0/06734702-n:0/10633450-n:0/10786033-n:0/10786517-n:0
em em SP 
processo processo NCMS000 00029677-n:0/01023636-n:0/01023820-n:0/01181902-n:0/01182654-n:0/01184814-n:0/01195867-n:0/01198307-n:0/05470189-n:0/05701363-n:0/05701738-n:0/06503551-n:0
em em SP 
o o DA0MS0 
qual qual PR0CS00 
funcionou funcionar VMIS3S0 00341285-v:0/01096497-v:0/01525666-v:0/01526139-v:0/01526290-v:0/02525447-v:0/02541251-v:0/02722449-v:0
ou ou CC 
deva dever VMSP3S0 02253956-v:0/02254155-v:0/02731814-v:0
funcionar funcionar VMN0000 00341285-v:0/01096497-v:0/01525666-v:0/01526139-v:0/01526290-v:0/02525447-v:0/02541251-v:0/02722449-v:0
, , Fc 
ou ou CC 
sobre sobre SP 
fato fato NCMS000 00029378-n:0/00037396-n:0/03051540-n:0/04350905-n:0/05819453-n:0/07283608-n:0
relacionado relacionar VMP00SM 00713167-v:0/01292885-v:0/01354673-v:0/02458103-v:0/02676054-v:0/02724417-v:0/01971237-a:0/01972820-a:0
com com SP 
pessoa pessoa NCFS000 00007846-n:0/04617562-n:0/05217688-n:0/06326797-n:0/10203839-n:0/10289039-n:0/10344443-n:0/80000973-n:0
de de SP 
quem quem PR0CN00 
seja ser VMSP1S0 00339934-v:0/01717851-v:0/02445925-v:0/02597601-v:0/02603699-v:0/02604760-v:0/02614181-v:0/02616386-v:0/02620587-v:0/02627363-v:0/02655135-v:0/02664769-v:0/02702508-v:0/02731024-v:0/02749904-v:0
ou ou CC 
foi ir VMIS3S0 00341560-v:0/00343898-v:0/00359916-v:0/01158872-v:0/01192992-v:0/01835496-v:0/01839538-v:0/01841079-v:0/01846916-v:0/01849221-v:0/01882814-v:0/01904930-v:0/01935233-v:0/01955984-v:0/01957529-v:0/01995549-v:0/02009433-v:0/02051694-v:0/02072849-v:0/02102002-v:0/02102398-v:0/02372605-v:0/02493030-v:0/02618149-v:0/02655135-v:0/02685951-v:0/02686471-v:0/02700455-v:0/02727039-v:0/02737876-v:0
advogado advogado NCMS000 09774783-n:0/09775663-n:0/09840963-n:0/10249950-n:0/10623175-n:0
, , Fc 
mesmo mesmo RG 00047534-r:0
quando quando RG 
autorizado autorizar VMP00SM 00802318-v:0/00803325-v:0/01029500-v:0/02444662-v:0/02447370-v:0/02473981-v:0/02475772-v:0/01632808-a:0
ou ou CC 
solicitado solicitar VMP00SM 00752764-v:0/00754731-v:0/00782057-v:0/00784342-v:0/01063695-v:0/02627934-v:0
por por SP 
o o DA0MS0 
constituinte constituinte NCCS000 05868954-n:0/06312966-n:0
, , Fc 
bem_como bem_como RG 00117082-r:0
sobre sobre SP 
fato fato NCMS000 00029378-n:0/00037396-n:0/03051540-n:0/04350905-n:0/05819453-n:0/07283608-n:0
que que PR0CN00 
constitua constituir VMSP3S0 01647229-v:0/02396205-v:0/02620587-v:0/02621395-v:0
sigilo sigilo NCMS000 14416089-n:0
profissional profissional AQ0CS00 01868724-a:0/01870100-a:0/02556402-a:0/02839505-a:0/02839695-a:0/02840478-a:0
; ; Fx 
retirar retirar VMN03S0 00173338-v:0/00179311-v:0/00181559-v:0/00181664-v:0/00194534-v:0/00195342-v:0/01154175-v:0/01243298-v:0/01511380-v:0/01549420-v:0/01615457-v:0/02205719-v:0/02224055-v:0/02225342-v:0/02311387-v:0/02312478-v:0/02380251-v:0/02404224-v:0/02404904-v:0/02428487-v:0/02480216-v:0
se se PP3CN00 
de de SP 
o o DA0MS0 
recinto recinto NCMS000 03081859-n:0/03285912-n:0
onde onde RG 
se se PP3CN00 
encontre encontrar VMSP3S0 00635904-v:0/00715239-v:0/00721437-v:0/00918872-v:0/00920336-v:0/01203369-v:0/01637982-v:0/02021653-v:0/02023107-v:0/02154508-v:0/02206462-v:0/02212275-v:0/02213336-v:0/02247977-v:0/02248465-v:0/02285629-v:0/02286687-v:0/02526811-v:0/02710402-v:0/02730326-v:0/02739480-v:0
aguardando aguardar VMG0000 00059019-v:0/00059376-v:0/00720063-v:0/01811441-v:0/02637938-v:0/02641463-v:0
pregão pregão NCMS000 06726158-n:0
para para SP 
ato ato NCMS000 00030358-n:0/00037396-n:0/00550341-n:0/06532095-n:0/06545137-n:0/07009640-n:0/07447261-n:0
judicial judicial AQ0CS00 01400961-a:0/02752987-a:0/02753205-a:0/02753724-a:0
, , Fc 
após após SP 
trinta 30 Z 
minutos minuto NCMP000 05131023-n:0/13611567-n:0/15234764-n:0/15244650-n:0/15246853-n:0
de de SP 
o o DA0MS0 
horário horário NCMS000 05910940-n:0/06495328-n:0/06496397-n:0/06496499-n:0/15270245-n:0
designado designar VMP00SM 00677683-v:0/00709379-v:0/00746479-v:0/00879540-v:0/00923793-v:0/00947077-v:0/00971650-v:0/01029642-v:0/01030132-v:0/02391803-v:0/02396205-v:0/02396716-v:0/02400760-v:0/02401523-v:0/02475922-v:0
e e CC 
a a SP 
o o PD0MS00 
qual qual PR0CS00 
ainda ainda RG 00017639-r:0/00018189-r:0/00027795-r:0/00027918-r:0/00031304-r:0/00040365-r:0/00047534-r:0
não não RN 00024073-r:0/00024356-r:0/00024587-r:0/00050681-r:0
tenha ter VMSP1S0 00052374-v:0/00056930-v:0/00059559-v:0/00065370-v:0/00065639-v:0/00121046-v:0/00639849-v:0/01156834-v:0/01733477-v:0/02108026-v:0/02203362-v:0/02204692-v:0/02205098-v:0/02210119-v:0/02355596-v:0/02603699-v:0/02630189-v:0/02630871-v:0/02632167-v:0/02655135-v:0/02700867-v:0/02740745-v:0/02746275-v:0/02749904-v:0
comparecido comparecer VMP00SM 00422090-v:0/00425522-v:0/02597762-v:0
a o DA0FS0 
autoridade autoridade NCFS000 04763293-n:0/05196582-n:0/05697363-n:0/06411592-n:0/08050678-n:0/08337324-n:0/09623038-n:0/09824361-n:0/09824609-n:0
que que PR0CN00 
deva dever VMSP3S0 02253956-v:0/02254155-v:0/02731814-v:0
presidir presidir VMN0000 00813790-v:0/02440020-v:0/02443609-v:0
a a SP 
ele ele PP3MS00 
, , Fc 
mediante mediante SP 
comunicação comunicação NCFS000 00033020-n:0/06252138-n:0/06623614-n:0/06746580-n:0/07212612-n:0/09385911-n:0
protocolizada protocolizar VMP00SF 
em em SP 
juízo juízo NCMS000 00874067-n:0/01187810-n:0/01195867-n:0/04892084-n:0/05614175-n:0/05615500-n:0/05837957-n:0/06551784-n:0
. . Fp 

assistir assistir VMN0000 01020005-v:0/02128653-v:0/02150510-v:0/02150948-v:0/02414710-v:0/02455407-v:0/02540670-v:0/02547586-v:0/02612762-v:0/02649830-v:0
a o DA0FS0 
seus seu DP3MPS 
clientes cliente NCCP000 03827107-n:0/09885145-n:0/09984659-n:0/09985075-n:0/10407726-n:0
investigados investigar VMP00PM 00648224-v:0/00649481-v:0/00785962-v:0/00788564-v:0/00789138-v:0/00877327-v:0
durante durante SP 
a o DA0FS0 
apuração apuração NCFS000 
de de SP 
infrações infração NCFP000 00766234-n:0/00770270-n:0
, , Fc 
sob_pena_de sob_pena_de SP 
nulidade nulidade NCFS000 06532763-n:0
absoluta absoluto AQ0FS00 00005205-a:0/00094069-a:0/00520892-a:0/00522885-a:0/00523479-a:0/00719328-a:0/00897015-a:0/01914407-a:0/02180486-a:0
de de SP 
o o DA0MS0 
respectivo respectivo AQ0MS00 00494409-a:0
interrogatório interrogatório NCMS000 05797597-n:0/07193184-n:0/07193958-n:0
ou ou CC 
depoimento depoimento NCMS000 06732710-n:0/06734467-n:0
e e CC 
, , Fc 
subsequentemente subsequentemente RG 00061203-r:0
, , Fc 
de de SP 
todos todo DI0MP0 
os o DA0MP0 
elementos elemento NCMP000 03081021-n:0/05868954-n:0/09909060-n:0/13809920-n:0/13810323-n:0/13934465-n:0/14622893-n:0/14840755-n:0
investigatórios investigatórios AQ0MP00 
e e CC 
probatórios probatório AQ0MP00 02723723-a:0
de de SP 
ele ele PP3MS00 
decorrentes decorrente AQ0CP00 00122844-a:0
ou ou CC 
derivados derivado AQ0MP00 
, , Fc 
direta direta NCFS000 
ou ou CC 
indiretamente indiretamente RG 00058359-r:0
, , Fc 
podendo poder VMG0000 01192628-v:0/01774426-v:0/02744451-v:0
, , Fc 
inclusive inclusive RG 
, , Fc 
em em SP 
o o DA0MS0 
curso curso NCMS000 00038262-n:0/00884466-n:0/06773434-n:0/08238463-n:0/08238660-n:0/08377085-n:0/08461595-n:0/08679972-n:0/08680888-n:0/08681222-n:0/09387222-n:0/09475179-n:0/13827426-n:0
de de SP 
a o DA0FS0 
respectiva respectivo AQ0FS00 00494409-a:0
apuração apuração NCFS000 
: : Fd 
apresentar apresentar VMN0000 00772967-v:0/00878136-v:0/00878636-v:0/00879540-v:0/00899956-v:0/00901103-v:0/00901651-v:0/00989602-v:0/01025246-v:0/01118081-v:0/01688771-v:0/01711445-v:0/01714208-v:0/02078591-v:0/02137132-v:0/02140033-v:0/02262752-v:0/02310328-v:0/02374764-v:0/02425112-v:0/02589013-v:0/02592397-v:0/02630189-v:0/02722663-v:0
razões razão NCFP000 05651680-n:0/05819149-n:0/06739990-n:0/06740402-n:0/09178999-n:0/09179264-n:0/13404655-n:0/13819207-n:0
e e CC 
quesitos quesito NCMP000 09367203-n:0
; ; Fx 
Não não NP00000 07205104-n:0
se se PP3CN00 
aplica aplicar VMIP3S0 00724150-v:0/01026558-v:0/01158872-v:0/01166093-v:0/01313249-v:0/01363482-v:0/01363648-v:0/01494310-v:0/02309165-v:0/02560164-v:0/02561332-v:0/02676789-v:0/02707429-v:0
o o DA0MS0 
disposto dispor VMP00SM 00406243-v:0/00680841-v:0/01192628-v:0/01463963-v:0/01474209-v:0/01494310-v:0/01496497-v:0/02254258-v:0/02354922-v:0/01930512-a:0
em em SP 
os o DA0MP0 
incisos inciso NCMP000 
XV xv NP00000 
e e CC 
XVI xvi NP00000 
: : Fd 
a a SP 
os o DA0MP0 
processos processo NCMP000 00029677-n:0/01023636-n:0/01023820-n:0/01181902-n:0/01182654-n:0/01184814-n:0/01195867-n:0/01198307-n:0/05470189-n:0/05701363-n:0/05701738-n:0/06503551-n:0
sob sob SP 
regime regime NCMS000 05891572-n:0/05905348-n:0/05909585-n:0/05927813-n:0/07561112-n:0/08050678-n:0/08435388-n:0
de de SP 
segredo segredo NCMS000 05794057-n:0/06672953-n:0/06673142-n:0/06785223-n:0/14416089-n:0
de de SP 
justiça justiça NCFS000 00694681-n:0/00694866-n:0/04826235-n:0/04839154-n:0/04850117-n:0/04850341-n:0/08135342-n:0/10225219-n:0
; ; Fx 
quando quando RG 
existirem existir VMN03P0 02603699-v:0/02614181-v:0/02616713-v:0/02653381-v:0
em em SP 
os o DA0MP0 
autos auto NCMP000 02958343-n:0/06478582-n:0/06539770-n:0
documentos documento NCMP000 03217458-n:0/06470073-n:0/06734322-n:0/13403331-n:0/14974264-n:0
originais original AQ0CP00 00609564-a:0/00968010-a:0/01012503-a:0/01115635-a:0/01686439-a:0/01687167-a:0/01853039-a:0
de de SP 
difícil difícil AQ0CS00 00193799-a:0/00651039-a:0/00744916-a:0/00746047-a:0/00748795-a:0/00836544-a:0/00933154-a:0/01150915-a:0/01155354-a:0/01156505-a:0/01872374-a:0
restauração restauração NCFS000 00266806-n:0/14424517-n:0
ou ou CC 
ocorrer ocorrer VMN0000 00339934-v:0/00344643-v:0/02108791-v:0/02593912-v:0/02612368-v:0/02749904-v:0
circunstância circunstância NCFS000 05074774-n:0/05817845-n:0/05822746-n:0/13942875-n:0/14512817-n:0
relevante relevante AQ0CS00 00138314-a:0/01487943-a:0/01975138-a:0/01975833-a:0/02339120-a:0
que que PR0CN00 
justifique justificar VMSP3S0 00489699-v:0/00891936-v:0/00894738-v:0/00896141-v:0/00896803-v:0/00902424-v:0/00933821-v:0/00939621-v:0
a o DA0FS0 
permanência permanência NCFS000 01053617-n:0/05053215-n:0/15133488-n:0/15133621-n:0
de de SP 
os o DA0MP0 
autos auto NCMP000 02958343-n:0/06478582-n:0/06539770-n:0
em em SP 
o o DA0MS0 
cartório cartório NCMS000 
, , Fc 
secretaria secretaria NCFS000 00599472-n:0/08324274-n:0
ou ou CC 
repartição repartição NCFS000 01083645-n:0/01085793-n:0
, , Fc 
reconhecida reconhecer VMP00SF 00592883-v:0/00610374-v:0/00618878-v:0/00727791-v:0/00728617-v:0/00740449-v:0/00817311-v:0/00818553-v:0/00819923-v:0/00892467-v:0/01059123-v:0/02131279-v:0/02167571-v:0/02193194-v:0/02475535-v:0/02546075-v:0/02546467-v:0/02754158-v:0
por por SP 
a o DA0FS0 
autoridade autoridade NCFS000 04763293-n:0/05196582-n:0/05697363-n:0/06411592-n:0/08050678-n:0/08337324-n:0/09623038-n:0/09824361-n:0/09824609-n:0
em em SP 
despacho despacho NCMS000 00061290-n:0/06539770-n:0/06682794-n:0
motivado motivar VMP00SM 01649999-v:0/01752884-v:0
, , Fc 
proferido proferir VMP00SM 00940384-v:0/00941990-v:0/00978549-v:0
de de SP 
ofício ofício NCMS000 00582388-n:0/00606370-n:0/00719705-n:0/00720565-n:0/01033458-n:0/08436562-n:0/13945102-n:0
, , Fc 
mediante mediante SP 
representação representação NCFS000 00548326-n:0/00548802-n:0/00721660-n:0/00898518-n:0/01217499-n:0/04076846-n:0/05766984-n:0/05767733-n:0/06891493-n:0/07201804-n:0/14000403-n:0
ou ou CC 
a o DA0FS0 
requerimento requerimento NCMS000 06513366-n:0/07185325-n:0
de de SP 
a o DA0FS0 
parte parte NCFS000 00787465-n:0/01085098-n:0/03081021-n:0/03390207-n:0/03892891-n:0/04164989-n:0/05671974-n:0/05852973-n:0/05867413-n:0/05868954-n:0/05929008-n:0/06392001-n:0/08256968-n:0/08264897-n:0/08630039-n:0/08649345-n:0/09385911-n:0/09428741-n:0/10402824-n:0/13086908-n:0/13285176-n:0/13286524-n:0/13809207-n:0/15257829-n:0
interessada interessar VMP00SF 00722675-v:0/01821423-v:0/02678438-v:0/02678663-v:0/01342237-a:0/01515692-a:0
; ; Fx 
até até RG 00017639-r:0/00027918-r:0/00047534-r:0
o o DA0MS0 
encerramento encerramento NCMS000 00210797-n:0/00229260-n:0/00344040-n:0/00827638-n:0/02853449-n:0/03323703-n:0/06398401-n:0
de de SP 
o o DA0MS0 
processo processo NCMS000 00029677-n:0/01023636-n:0/01023820-n:0/01181902-n:0/01182654-n:0/01184814-n:0/01195867-n:0/01198307-n:0/05470189-n:0/05701363-n:0/05701738-n:0/06503551-n:0
, , Fc 
a a SP 
o o DA0MS0 
advogado advogado NCMS000 09774783-n:0/09775663-n:0/09840963-n:0/10249950-n:0/10623175-n:0
que que PR0CN00 
houver haver VMSF1S0 00339934-v:0/02210855-v:0/02603699-v:0/02616713-v:0/02655135-v:0
deixado deixar VMP00SM 00120316-v:0/00136991-v:0/00360092-v:0/00363110-v:0/00496673-v:0/00571061-v:0/00613018-v:0/00613683-v:0/00614057-v:0/00771490-v:0/00802318-v:0/01083044-v:0/01196037-v:0/01474550-v:0/01489465-v:0/01494310-v:0/01860795-v:0/02008396-v:0/02009433-v:0/02015598-v:0/02200498-v:0/02227487-v:0/02229055-v:0/02230772-v:0/02316304-v:0/02324182-v:0/02356230-v:0/02382367-v:0/02383440-v:0/02423183-v:0/02534062-v:0/02584097-v:0/02635659-v:0/02680814-v:0/02681639-v:0/02721438-v:0/02729414-v:0
de de SP 
devolver devolver VMN0000 00076400-v:0/00799076-v:0/02004874-v:0/02078294-v:0/02284951-v:0/02310007-v:0/02310328-v:0/02344060-v:0/02357072-v:0
os o DA0MP0 
respectivos respectivo AQ0MP00 00494409-a:0
autos auto NCMP000 02958343-n:0/06478582-n:0/06539770-n:0
em em SP 
o o DA0MS0 
prazo prazo NCMS000 15153225-n:0/15180082-n:0/15224156-n:0
legal legal AQ0CS00 01400562-a:0/01401224-a:0/02499148-a:0
, , Fc 
e e CC 
só só RG 00004722-r:0/00008600-r:0/00010759-r:0/00010914-r:0/00011011-r:0/00028319-r:0
o o PP3MSA0 
fizer fazer VMSF1S0 00010435-v:0/00012267-v:0/00056930-v:0/00059559-v:0/00065370-v:0/00107369-v:0/00120316-v:0/00120675-v:0/00121046-v:0/00142191-v:0/00408624-v:0/00665476-v:0/00698256-v:0/00730758-v:0/00767334-v:0/00770437-v:0/00818974-v:0/01116980-v:0/01438902-v:0/01617192-v:0/01619014-v:0/01621555-v:0/01627355-v:0/01628197-v:0/01629000-v:0/01629589-v:0/01640207-v:0/01645601-v:0/01646075-v:0/01647229-v:0/01649024-v:0/01653873-v:0/01658188-v:0/01659248-v:0/01685313-v:0/01712704-v:0/01714208-v:0/01719921-v:0/01733477-v:0/01738774-v:0/01739814-v:0/01752495-v:0/01752884-v:0/01753788-v:0/01754737-v:0/01755504-v:0/02176268-v:0/02203362-v:0/02204692-v:0/02205098-v:0/02211948-v:0/02355596-v:0/02367363-v:0/02374764-v:0/02434859-v:0/02530167-v:0/02539788-v:0/02560585-v:0/02560767-v:0/02561995-v:0/02562901-v:0/02568672-v:0/02582921-v:0/02598483-v:0/02599636-v:0/02617567-v:0/02621133-v:0/02621395-v:0/02630189-v:0/02709107-v:0/02745332-v:0
depois depois RG 00054212-r:0/00061203-r:0/00117620-r:0/00146281-r:0
de de SP 
intimado intimar VMP00SM 00746718-v:0/00793418-v:0/00796839-v:0/02627934-v:0
. . Fp 

O o DA0MS0 
advogado advogado NCMS000 09774783-n:0/09775663-n:0/09840963-n:0/10249950-n:0/10623175-n:0
tem ter VMIP3S0 00052374-v:0/00056930-v:0/00059559-v:0/00065370-v:0/00065639-v:0/00121046-v:0/00639849-v:0/01156834-v:0/01733477-v:0/02108026-v:0/02203362-v:0/02204692-v:0/02205098-v:0/02210119-v:0/02355596-v:0/02603699-v:0/02630189-v:0/02630871-v:0/02632167-v:0/02655135-v:0/02700867-v:0/02740745-v:0/02746275-v:0/02749904-v:0
imunidade imunidade NCFS000 00213903-n:0/05033906-n:0/14526764-n:0/14527171-n:0
profissional profissional AQ0CS00 01868724-a:0/01870100-a:0/02556402-a:0/02839505-a:0/02839695-a:0/02840478-a:0
, , Fc 
não não RN 00024073-r:0/00024356-r:0/00024587-r:0/00050681-r:0
constituindo constituir VMG0000 01647229-v:0/02396205-v:0/02620587-v:0/02621395-v:0
injúria injúria NCFS000 00419908-n:0/00744131-n:0/01224031-n:0/01225027-n:0/06715223-n:0/06720600-n:0
, , Fc 
difamação difamação NCFS000 01220336-n:0
puníveis punível AQ0CP00 01322846-a:0
qualquer qualquer DI0CS0 
manifestação manifestação NCFS000 01177703-n:0/06725877-n:0/06798558-n:0/06880249-n:0/07323231-n:0/08358332-n:0
de de SP 
sua seu DP3FSS 
parte parte NCFS000 00787465-n:0/01085098-n:0/03081021-n:0/03390207-n:0/03892891-n:0/04164989-n:0/05671974-n:0/05852973-n:0/05867413-n:0/05868954-n:0/05929008-n:0/06392001-n:0/08256968-n:0/08264897-n:0/08630039-n:0/08649345-n:0/09385911-n:0/09428741-n:0/10402824-n:0/13086908-n:0/13285176-n:0/13286524-n:0/13809207-n:0/15257829-n:0
, , Fc 
em em SP 
o o DA0MS0 
exercício exercício NCMS000 00624738-n:0/00729919-n:0/00894552-n:0/00947128-n:0/15203120-n:0
de de SP 
sua seu DP3FSS 
atividade atividade NCFS000 00037396-n:0/00407535-n:0/04635104-n:0/14006945-n:0/14531203-n:0
, , Fc 
em em SP 
juízo juízo NCMS000 00874067-n:0/01187810-n:0/01195867-n:0/04892084-n:0/05614175-n:0/05615500-n:0/05837957-n:0/06551784-n:0
ou ou CC 
fora ir VMIM1S0 00341560-v:0/00343898-v:0/00359916-v:0/01158872-v:0/01192992-v:0/01835496-v:0/01839538-v:0/01841079-v:0/01846916-v:0/01849221-v:0/01882814-v:0/01904930-v:0/01935233-v:0/01955984-v:0/01957529-v:0/01995549-v:0/02009433-v:0/02051694-v:0/02072849-v:0/02102002-v:0/02102398-v:0/02372605-v:0/02493030-v:0/02618149-v:0/02655135-v:0/02685951-v:0/02686471-v:0/02700455-v:0/02727039-v:0/02737876-v:0
de de SP 
ele ele PP3MS00 
, , Fc 
sem sem SP 
prejuízo prejuízo NCMS000 00403092-n:0/05162985-n:0/06201908-n:0/07420538-n:0/07420770-n:0/13327231-n:0/13328273-n:0/14285662-n:0/14541852-n:0
de de SP 
as o DA0FP0 
sanções sanção NCFP000 01124246-n:0/01139000-n:0/01160342-n:0/05164845-n:0/05176607-n:0/06687358-n:0/06689297-n:0
disciplinares disciplinar VMN02S0 02553428-v:0
perante perante SP 
a o DA0FS0 
OAB oab NP00000 
, , Fc 
por por SP 
os o DA0MP0 
excessos excesso NCMP000 01073655-n:0/05118437-n:0/05119714-n:0/05120116-n:0/14452294-n:0
que que PR0CN00 
cometer cometer VMN0000 02349212-v:0/02582615-v:0
. . Fp 

O o DA0MS0 
advogado advogado NCMS000 09774783-n:0/09775663-n:0/09840963-n:0/10249950-n:0/10623175-n:0
somente somente RG 00004722-r:0/00008600-r:0/00011011-r:0
poderá poder VMIF3S0 01192628-v:0/01774426-v:0/02744451-v:0
ser ser VMN0000 00339934-v:0/01717851-v:0/02445925-v:0/02597601-v:0/02603699-v:0/02604760-v:0/02614181-v:0/02616386-v:0/02620587-v:0/02627363-v:0/02655135-v:0/02664769-v:0/02702508-v:0/02731024-v:0/02749904-v:0
preso preso NCMS000 09962966-n:0/10476086-n:0
em em SP 
flagrante flagrante NCMS000 
, , Fc 
por por SP 
motivo motivo NCMS000 00023773-n:0/03789014-n:0/05819149-n:0/05920272-n:0/05983347-n:0/06739990-n:0/06740402-n:0/07028797-n:0/07029682-n:0/09178999-n:0/09179264-n:0
de de SP 
exercício exercício NCMS000 00624738-n:0/00729919-n:0/00894552-n:0/00947128-n:0/15203120-n:0
de de SP 
a o DA0FS0 
profissão profissão NCFS000 00582388-n:0/00583246-n:0/00606370-n:0/00609953-n:0/05074774-n:0/06685040-n:0/06732925-n:0
, , Fc 
em em SP 
caso caso NCMS000 05671325-n:0/05817743-n:0/06310945-n:0/06784966-n:0/06869129-n:0/07308889-n:0/13943400-n:0
de de SP 
crime crime NCMS000 00070965-n:0/00766234-n:0/00767477-n:0/00768701-n:0/09977660-n:0
inafiançável inafiançável AQ0CS00 
, , Fc 
observado observar VMP00SM 00732552-v:0/01020005-v:0/01058574-v:0/01158872-v:0/02118476-v:0/02118933-v:0/02128653-v:0/02130160-v:0/02130524-v:0/02150510-v:0/02154508-v:0/02165002-v:0/02169352-v:0/02455407-v:0/02578872-v:0
o o DA0MS0 
disposto dispor VMP00SM 00406243-v:0/00680841-v:0/01192628-v:0/01463963-v:0/01474209-v:0/01494310-v:0/01496497-v:0/02254258-v:0/02354922-v:0/01930512-a:0
em em SP 
o o DA0MS0 
inciso inciso NCMS000 
IV iv NP00000 
de de SP 
este este DD0MS0 
artigo artigo NCMS000 00022903-n:0/02745091-n:0/03076708-n:0/03748886-n:0/04550840-n:0/06268096-n:0/06269956-n:0/06324669-n:0/06392935-n:0/06681177-n:0/06681551-n:0/06683784-n:0
. . Fp 

O o DA0MS0 
Poder_Judiciário poder_judiciário NP00000 08166318-n:0
e e CC 
o o DA0MS0 
Poder_Executivo poder_executivo NP00000 08165455-n:0
devem dever VMIP3P0 02253956-v:0/02254155-v:0/02731814-v:0
instalar instalar VMN0000 01493619-v:0/01569566-v:0/01570108-v:0/02384041-v:0
, , Fc 
em em SP 
todos todo DI0MP0 
os o DA0MP0 
juizados juizado NCMP000 08329453-n:0
, , Fc 
fóruns fórum NCMP000 03386420-n:0/08309754-n:0/80000947-n:0
, , Fc 
tribunais tribunal NCMP000 03121040-n:0/03649459-n:0/08329322-n:0/08329453-n:0
, , Fc 
delegacias delegacia NCFP000 03977678-n:0/07572353-n:0/08402442-n:0
de de SP 
polícia polícia NCCS000 03977678-n:0/05615869-n:0/08209687-n:0/10271216-n:0/10448983-n:0/10449412-n:0
e e CC 
presídios presídio NCMP000 03592245-n:0/03684740-n:0/03823540-n:0/03911513-n:0/04005630-n:0
, , Fc 
salas sala NCFP000 02715513-n:0/03004146-n:0/03077616-n:0/03175081-n:0/03200701-n:0/03478907-n:0/03679712-n:0/03718581-n:0/03891538-n:0/04105893-n:0/04549919-n:0
especiais especial AQ0CP00 00488187-a:0/00968010-a:0/01103844-a:0/01104026-a:0/01678729-a:0/01853228-a:0/02278011-a:0/02367319-a:0
permanentes permanente NCFP000 05260533-n:0
para para SP 
os o DA0MP0 
advogados advogado NCMP000 09774783-n:0/09775663-n:0/09840963-n:0/10249950-n:0/10623175-n:0
, , Fc 
com com SP 
uso uso NCMS000 00413239-n:0/00830257-n:0/00947128-n:0/05149978-n:0/05669034-n:0
assegurados assegurar VMP00PM 00221718-v:0/00662589-v:0/00884011-v:0/00890590-v:0/00891216-v:0/00891936-v:0/00896803-v:0/01019643-v:0/01289492-v:0/01306425-v:0/01340439-v:0/02251065-v:0
a a SP 
a o DA0FS0 
OAB oab NP00000 
. . Fp 

Em em SP 
o o DA0MS0 
caso caso NCMS000 05671325-n:0/05817743-n:0/06310945-n:0/06784966-n:0/06869129-n:0/07308889-n:0/13943400-n:0
de de SP 
ofensa ofensa NCFS000 00766234-n:0/00770270-n:0/01224031-n:0/01225027-n:0/07517550-n:0
a a SP 
inscrito inscrever VMP00SM 00887325-v:0/01001008-v:0/01097309-v:0/01276192-v:0/01321895-v:0/01583344-v:0/01749790-v:0/02471087-v:0/02471327-v:0/02472033-v:0
em em SP 
a o DA0FS0 
OAB oab NP00000 
, , Fc 
em em SP 
o o DA0MS0 
exercício exercício NCMS000 00624738-n:0/00729919-n:0/00894552-n:0/00947128-n:0/15203120-n:0
de de SP 
a o DA0FS0 
profissão profissão NCFS000 00582388-n:0/00583246-n:0/00606370-n:0/00609953-n:0/05074774-n:0/06685040-n:0/06732925-n:0
ou ou CC 
de de SP 
cargo cargo NCMS000 00586105-n:0/00586262-n:0/05074774-n:0/06561942-n:0/07190941-n:0/13945102-n:0
ou ou CC 
função função NCFS000 00582388-n:0/00586262-n:0/00719705-n:0/00720565-n:0/00722061-n:0/05074774-n:0/05149325-n:0/06582403-n:0/06891493-n:0/08252467-n:0/09385911-n:0/13525549-n:0/13781164-n:0/13783816-n:0/14515633-n:0
de de SP 
órgão órgão NCMS000 03273551-n:0/03494537-n:0/03854065-n:0/05297523-n:0/06595056-n:0/08349350-n:0/10638385-n:0/13087625-n:0
de de SP 
a o DA0FS0 
OAB oab NP00000 
, , Fc 
o o DA0MS0 
conselho conselho NCMS000 06650701-n:0/06651577-n:0/06671484-n:0/06786629-n:0/08309409-n:0/08310949-n:0/08322981-n:0
competente competente AQ0CS00 00051571-a:0/00510050-a:0/00512130-a:0/02226162-a:0
deve dever VMIP3S0 02253956-v:0/02254155-v:0/02731814-v:0
promover promover VMN0000 00497061-v:0/00875806-v:0/00976653-v:0/02219940-v:0/02554422-v:0/02554922-v:0
o o DA0MS0 
desagravo desagravo NCMS000 
público público AQ0MS00 00493297-a:0/01704761-a:0/01861205-a:0/01861910-a:0
de de SP 
o o DA0MS0 
ofendido ofendido NCMS000 
, , Fc 
sem sem SP 
prejuízo prejuízo NCMS000 00403092-n:0/05162985-n:0/06201908-n:0/07420538-n:0/07420770-n:0/13327231-n:0/13328273-n:0/14285662-n:0/14541852-n:0
de de SP 
a o DA0FS0 
responsabilidade responsabilidade NCFS000 00818466-n:0/01129920-n:0/04669247-n:0/04669828-n:0/05615869-n:0/14490319-n:0/14515633-n:0/14530403-n:0
criminal criminal AQ0CS00 01322323-a:0/01402763-a:0
em em SP 
que que CS 
incorrer incorrer VMN0000 00159553-v:0/00522751-v:0/02721031-v:0
o o DA0MS0 
infrator infrator NCMS000 09977660-n:0
. . Fp 

Presentes presente AQ0CP00 00666058-a:0/01731351-a:0/01846413-a:0
indícios indício NCMP000 06643763-n:0/06797169-n:0/06802785-n:0/06879521-n:0/13773361-n:0
de de SP 
autoria autoria NCFS000 00929718-n:0
e e CC 
materialidade materialidade NCFS000 01248075-n:0
de de SP 
a o DA0FS0 
prática prática NCFS000 00410247-n:0/00411048-n:0/00631378-n:0/00894552-n:0/05667196-n:0
de de SP 
crime crime NCMS000 00070965-n:0/00766234-n:0/00767477-n:0/00768701-n:0/09977660-n:0
por_parte_de por_parte_de SP 
advogado advogado NCMS000 09774783-n:0/09775663-n:0/09840963-n:0/10249950-n:0/10623175-n:0
, , Fc 
a o DA0FS0 
autoridade autoridade NCFS000 04763293-n:0/05196582-n:0/05697363-n:0/06411592-n:0/08050678-n:0/08337324-n:0/09623038-n:0/09824361-n:0/09824609-n:0
judiciária judiciário AQ0FS00 01400961-a:0/02752987-a:0/02753205-a:0
competente competente AQ0CS00 00051571-a:0/00510050-a:0/00512130-a:0/02226162-a:0
poderá poder VMIF3S0 01192628-v:0/01774426-v:0/02744451-v:0
decretar decretar VMN0000 00715868-v:0/01027508-v:0/02427916-v:0
a o DA0FS0 
quebra quebra NCCS000 00068333-n:0
de de SP 
a o DA0FS0 
inviolabilidade inviolabilidade NCFS000 
de de SP 
que que PR0CN00 
trata tratar VMIP3S0 00078760-v:0/00081725-v:0/00515154-v:0/00638837-v:0/00651145-v:0/01033527-v:0/02436349-v:0/02437707-v:0/02438535-v:0/02514187-v:0
o o DA0MS0 
inciso inciso AQ0MS00 
II ii NP00000 
de de SP 
o o DA0MS0 
caput caput I 
de de SP 
este este DD0MS0 
artigo artigo NCMS000 00022903-n:0/02745091-n:0/03076708-n:0/03748886-n:0/04550840-n:0/06268096-n:0/06269956-n:0/06324669-n:0/06392935-n:0/06681177-n:0/06681551-n:0/06683784-n:0
, , Fc 
em em SP 
decisão decisão NCFS000 00162632-n:0/01191158-n:0/04863969-n:0/05788149-n:0/05838176-n:0/07293546-n:0
motivada motivado AQ0FS00 
, , Fc 
expedindo expedir VMG0000 01437888-v:0/01950798-v:0
mandado mandar VMP00SM 00746718-v:0/00747135-v:0/00751567-v:0/00751887-v:0/01031256-v:0/02441022-v:0/02644234-v:0/02646931-v:0
de de SP 
busca busca NCFS000 00039916-n:0/00637354-n:0/00945401-n:0/00946650-n:0/05770058-n:0/05770391-n:0/13553560-n:0
e e CC 
apreensão apreensão NCFS000 00086297-n:0/04904851-n:0/05805475-n:0/05951566-n:0/07521674-n:0/07523905-n:0
, , Fc 
específico específico AQ0MS00 01099951-a:0/01103021-a:0/01104026-a:0/01105233-a:0/02989316-a:0
e e CC 
pormenorizado pormenorizar VMP00SM 00645241-v:0/00956250-v:0/00310433-a:0
, , Fc 
a a SP 
ser ser VMN0000 00339934-v:0/01717851-v:0/02445925-v:0/02597601-v:0/02603699-v:0/02604760-v:0/02614181-v:0/02616386-v:0/02620587-v:0/02627363-v:0/02655135-v:0/02664769-v:0/02702508-v:0/02731024-v:0/02749904-v:0
cumprido cumprir VMP00SM 01640855-v:0/02542280-v:0/02561995-v:0/02563724-v:0/02578872-v:0/02594674-v:0/02671880-v:0/02226028-a:0
em em SP 
a o DA0FS0 
presença presença NCFS000 00050195-n:0/01233397-n:0/01233802-n:0/04673965-n:0/04910377-n:0/05917174-n:0/08642632-n:0/09547528-n:0/13957601-n:0
de de SP 
representante representante NCCS000 09774783-n:0/09777353-n:0/09955781-n:0/10000787-n:0/10002982-n:0/10005721-n:0/10052694-n:0/10486909-n:0/10522035-n:0/10638385-n:0
de de SP 
a o DA0FS0 
OAB oab NP00000 
, , Fc 
sendo ser VMG0000 00339934-v:0/01717851-v:0/02445925-v:0/02597601-v:0/02603699-v:0/02604760-v:0/02614181-v:0/02616386-v:0/02620587-v:0/02627363-v:0/02655135-v:0/02664769-v:0/02702508-v:0/02731024-v:0/02749904-v:0
, , Fc 
em em SP 
qualquer qualquer DI0CS0 
hipótese hipótese NCFS000 00235435-n:0/05773923-n:0/05779712-n:0/05888929-n:0/05891783-n:0/05892096-n:0/05893356-n:0/06782680-n:0/07162545-n:0
, , Fc 
vedada vedar VMP00SF 00795863-v:0/01348013-v:0/01354006-v:0/01761375-a:0
a a SP 
utilização utilização NCFS000 00947128-n:0/00949134-n:0
de de SP 
os o DA0MP0 
documentos documento NCMP000 03217458-n:0/06470073-n:0/06734322-n:0/13403331-n:0/14974264-n:0
, , Fc 
de de SP 
as o DA0FP0 
mídias mídia NCFP000 06254669-n:0
e e CC 
de de SP 
os o DA0MP0 
objetos objeto NCMP000 00002684-n:0/05810948-n:0/05982152-n:0/06132724-n:0/06310237-n:0/06599788-n:0
pertencentes pertencente AQ0CP00 
a o DA0FS0 
clientes cliente NCCP000 03827107-n:0/09885145-n:0/09984659-n:0/09985075-n:0/10407726-n:0
de de SP 
o o DA0MS0 
advogado advogado NCMS000 09774783-n:0/09775663-n:0/09840963-n:0/10249950-n:0/10623175-n:0
averiguado averiguar VMP00SM 
, , Fc 
bem_como bem_como RG 00117082-r:0
de de SP 
os o DA0MP0 
demais demais RG 00029367-r:0/00047392-r:0
instrumentos instrumento NCMP000 00173761-n:0/03183080-n:0/03563967-n:0/03574816-n:0/03575240-n:0/03800933-n:0/04451818-n:0/06471345-n:0/06479665-n:0
de de SP 
trabalho trabalho NCMS000 00575741-n:0/00576717-n:0/00576877-n:0/00581241-n:0/00582388-n:0/00584367-n:0/00584769-n:0/00620752-n:0/00621476-n:0/00719705-n:0/00795720-n:0/00796886-n:0/03599628-n:0/03841417-n:0/04599396-n:0/04602044-n:0/08137495-n:0/13968092-n:0
que que PR0CN00 
contenham conter VMSP3P0 00004492-v:0/00233335-v:0/00302130-v:0/00440286-v:0/00462092-v:0/01131473-v:0/01139756-v:0/01301051-v:0/01301410-v:0/02213690-v:0/02422663-v:0/02450989-v:0/02629535-v:0/02629793-v:0/02632940-v:0/02634667-v:0/02700867-v:0/02701210-v:0
informações informação NCFP000 05816287-n:0/05816622-n:0/06634376-n:0/06642138-n:0/07212190-n:0/07221094-n:0/07237561-n:0/08462320-n:0
sobre sobre SP 
clientes cliente NCCP000 03827107-n:0/09885145-n:0/09984659-n:0/09985075-n:0/10407726-n:0
. . Fp 

A o DA0FS0 
ressalva ressalva NCFS000 07525555-n:0
constante constante AQ0CS00 00576680-a:0/00583239-a:0/00592222-a:0/00594413-a:0/00595299-a:0/00595863-a:0/00754393-a:0/00959244-a:0/01754421-a:0/01990653-a:0/02301560-a:0/02506029-a:0
de de SP 
o o DA0MS0 
§ § Fz 
6o 6o Z 
de de SP 
este este DD0MS0 
artigo artigo NCMS000 00022903-n:0/02745091-n:0/03076708-n:0/03748886-n:0/04550840-n:0/06268096-n:0/06269956-n:0/06324669-n:0/06392935-n:0/06681177-n:0/06681551-n:0/06683784-n:0
não não RN 00024073-r:0/00024356-r:0/00024587-r:0/00050681-r:0
se se PP3CN00 
estende estender VMIP3S0 00027268-v:0/00027705-v:0/00154778-v:0/00303661-v:0/00318816-v:0/00540235-v:0/00541746-v:0/00824767-v:0/01378556-v:0/01391280-v:0/01579813-v:0/02054989-v:0/02082690-v:0/02685951-v:0
a o DA0FS0 
clientes cliente NCCP000 03827107-n:0/09885145-n:0/09984659-n:0/09985075-n:0/10407726-n:0
de de SP 
o o DA0MS0 
advogado advogado NCMS000 09774783-n:0/09775663-n:0/09840963-n:0/10249950-n:0/10623175-n:0
averiguado averiguar VMP00SM 
que que CS 
estejam estar VMSP3P0 00120796-v:0/00149583-v:0/00689344-v:0/01857392-v:0/02604760-v:0/02655135-v:0/02729963-v:0/02731024-v:0/02734338-v:0/02744820-v:0
sendo ser VMG0000 00339934-v:0/01717851-v:0/02445925-v:0/02597601-v:0/02603699-v:0/02604760-v:0/02614181-v:0/02616386-v:0/02620587-v:0/02627363-v:0/02655135-v:0/02664769-v:0/02702508-v:0/02731024-v:0/02749904-v:0
formalmente formalmente RG 00186366-r:0/00186491-r:0
investigados investigar VMP00PM 00648224-v:0/00649481-v:0/00785962-v:0/00788564-v:0/00789138-v:0/00877327-v:0
como como CS 
seus seu DP3MPS 
partícipes partícipe NCCP000 
ou ou CC 
co-autores co-autores NCMP000 
por por SP 
a o DA0FS0 
prática prática NCFS000 00410247-n:0/00411048-n:0/00631378-n:0/00894552-n:0/05667196-n:0
de de SP 
o o DA0MS0 
mesmo mesmo RG 00047534-r:0
crime crime NCMS000 00070965-n:0/00766234-n:0/00767477-n:0/00768701-n:0/09977660-n:0
que que PR0CN00 
deu dar VMIS3S0 00339934-v:0/00712135-v:0/00732224-v:0/00748616-v:0/00888009-v:0/01060317-v:0/01060494-v:0/01060746-v:0/01175810-v:0/01180351-v:0/01401115-v:0/01629000-v:0/01629403-v:0/01647672-v:0/01652139-v:0/01716283-v:0/01733477-v:0/01989053-v:0/02108791-v:0/02199590-v:0/02200498-v:0/02200686-v:0/02229055-v:0/02230772-v:0/02235229-v:0/02235842-v:0/02255462-v:0/02262278-v:0/02263027-v:0/02263692-v:0/02291708-v:0/02293321-v:0/02296153-v:0/02308741-v:0/02309165-v:0/02309374-v:0/02310007-v:0/02310328-v:0/02316868-v:0/02317094-v:0/02319669-v:0/02325272-v:0/02339171-v:0/02343595-v:0/02357873-v:0/02358034-v:0/02358327-v:0/02359553-v:0/02562901-v:0/02609764-v:0/02627363-v:0/02686471-v:0
causa causa NCFS000 00007347-n:0/00023773-n:0/00798245-n:0/01181902-n:0/01182654-n:0/06740402-n:0/07326557-n:0/09178999-n:0/09179264-n:0/09179382-n:0/09179606-n:0
a a SP 
a o DA0FS0 
quebra quebra NCCS000 00068333-n:0
de de SP 
a o DA0FS0 
inviolabilidade inviolabilidade NCFS000 
. . Fp 

Em em SP 
os o DA0MP0 
autos auto NCMP000 02958343-n:0/06478582-n:0/06539770-n:0
sujeitos sujeito AQ0MP00 00071559-a:0/01997583-a:0
a a SP 
sigilo sigilo NCMS000 14416089-n:0
, , Fc 
deve dever VMIP3S0 02253956-v:0/02254155-v:0/02731814-v:0
o o DA0MS0 
advogado advogado NCMS000 09774783-n:0/09775663-n:0/09840963-n:0/10249950-n:0/10623175-n:0
apresentar apresentar VMN0000 00772967-v:0/00878136-v:0/00878636-v:0/00879540-v:0/00899956-v:0/00901103-v:0/00901651-v:0/00989602-v:0/01025246-v:0/01118081-v:0/01688771-v:0/01711445-v:0/01714208-v:0/02078591-v:0/02137132-v:0/02140033-v:0/02262752-v:0/02310328-v:0/02374764-v:0/02425112-v:0/02589013-v:0/02592397-v:0/02630189-v:0/02722663-v:0
procuração procuração NCFS000 06530789-n:0/06531141-n:0
para para SP 
o o DA0MS0 
exercício exercício NCMS000 00624738-n:0/00729919-n:0/00894552-n:0/00947128-n:0/15203120-n:0
de de SP 
os o DA0MP0 
direitos direito NCMP000 00611143-n:0/05174653-n:0/05181199-n:0/05565337-n:0/06161718-n:0/08625073-n:0/13308999-n:0/13341756-n:0
de de SP 
que que PR0CN00 
trata tratar VMIP3S0 00078760-v:0/00081725-v:0/00515154-v:0/00638837-v:0/00651145-v:0/01033527-v:0/02436349-v:0/02437707-v:0/02438535-v:0/02514187-v:0
o o DA0MS0 
inciso inciso AQ0MS00 
XIV xiv NP00000 
. . Fp 

Em em SP 
o o DA0MS0 
caso caso NCMS000 05671325-n:0/05817743-n:0/06310945-n:0/06784966-n:0/06869129-n:0/07308889-n:0/13943400-n:0
previsto prever VMP00SM 00631737-v:0/00712135-v:0/00719734-v:0/00720063-v:0/00720808-v:0/00723545-v:0/00794981-v:0/00871942-v:0/00917772-v:0/00926472-v:0/00974173-v:0/01636221-v:0/02565491-v:0/00929815-a:0
em em SP 
o o DA0MS0 
inciso inciso NCMS000 
XIV xiv NP00000 
, , Fc 
a o DA0FS0 
autoridade autoridade NCFS000 04763293-n:0/05196582-n:0/05697363-n:0/06411592-n:0/08050678-n:0/08337324-n:0/09623038-n:0/09824361-n:0/09824609-n:0
competente competente AQ0CS00 00051571-a:0/00510050-a:0/00512130-a:0/02226162-a:0
poderá poder VMIF3S0 01192628-v:0/01774426-v:0/02744451-v:0
delimitar delimitar VMN0000 00234725-v:0/00730301-v:0/02609764-v:0/02611630-v:0/02693842-v:0
o o DA0MS0 
acesso acesso NCMS000 00049789-n:0/00281132-n:0/02671062-n:0/03224032-n:0/03290771-n:0/05175467-n:0/05176188-n:0/05805475-n:0/06354204-n:0/07014320-n:0/14081375-n:0
de de SP 
o o DA0MS0 
advogado advogado NCMS000 09774783-n:0/09775663-n:0/09840963-n:0/10249950-n:0/10623175-n:0
a a SP 
os o DA0MP0 
elementos elemento NCMP000 03081021-n:0/05868954-n:0/09909060-n:0/13809920-n:0/13810323-n:0/13934465-n:0/14622893-n:0/14840755-n:0
de de SP 
prova prova NCFS000 00521562-n:0/00636461-n:0/00785959-n:0/00791078-n:0/00794367-n:0/04011130-n:0/04755466-n:0/05738625-n:0/05798043-n:0/05799212-n:0/05823932-n:0/05824739-n:0/06643408-n:0/06647614-n:0/06733939-n:0/07199191-n:0
relacionados relacionar VMP00PM 00713167-v:0/01292885-v:0/01354673-v:0/02458103-v:0/02676054-v:0/02724417-v:0/01971237-a:0/01972820-a:0
a a SP 
diligências diligência NCFP000 00633329-n:0/01184814-n:0/04297098-n:0/04673006-n:0/04865114-n:0/05615869-n:0
em em SP 
andamento andamento NCMS000 00057657-n:0/00282840-n:0/00290579-n:0/03431243-n:0/04635482-n:0/04841810-n:0/05058580-n:0/07058296-n:0/08428019-n:0/15264363-n:0
e e CC 
ainda ainda RG 00017639-r:0/00018189-r:0/00027795-r:0/00027918-r:0/00031304-r:0/00040365-r:0/00047534-r:0
não não RN 00024073-r:0/00024356-r:0/00024587-r:0/00050681-r:0
documentados documentar VMP00PM 00666510-v:0/01002297-v:0
em em SP 
os o DA0MP0 
autos auto NCMP000 02958343-n:0/06478582-n:0/06539770-n:0
, , Fc 
quando quando RG 
houver haver VMSF1S0 00339934-v:0/02210855-v:0/02603699-v:0/02616713-v:0/02655135-v:0
risco risco NCMS000 00802238-n:0/04683136-n:0/05256358-n:0/08593924-n:0/14541044-n:0/14541852-n:0
de de SP 
comprometimento comprometimento NCMS000 01129920-n:0
de de SP 
a o DA0FS0 
eficiência eficiência NCFS000 05199286-n:0/05644527-n:0
, , Fc 
de de SP 
a o DA0FS0 
eficácia eficácia NCFS000 05034225-n:0/05199286-n:0/05199869-n:0
ou ou CC 
de de SP 
a o DA0FS0 
finalidade finalidade NCFS000 04754440-n:0/05980875-n:0/05982152-n:0
de de SP 
as o DA0FP0 
diligências diligência NCFP000 00633329-n:0/01184814-n:0/04297098-n:0/04673006-n:0/04865114-n:0/05615869-n:0
. . Fp 

