A o DA0FS0 0.675415 -
exclusão exclusão NCFS000 1 05707269-n:0.00497259/00206927-n:0.0046746/00394610-n:0.00464347
é ser VMIP3S0 1 00339934-v:0.00201529/02604760-v:0.00136606/02627363-v:0.00107228/02620587-v:0.0010619/02655135-v:0.00100395/02603699-v:0.00098829/02702508-v:0.000986268/02445925-v:0.000974708/02731024-v:0.000951084/02664769-v:0.000898146/02597601-v:0.000882717/02614181-v:0.000881776/01717851-v:0.00086327/02749904-v:0.000843314/02616386-v:0.000834353
aplicável aplicável AQ0CS00 1 01975448-a:0.0130872
em em SP 1 -
os o DA0MP0 1 -
casos caso NCMP000 1 07308889-n:0.00217614/13943400-n:0.00217296/05671325-n:0.00207312/05817743-n:0.00200858/06310945-n:0.00198445/06869129-n:0.00191131/06784966-n:0.00181896
de de SP 1 -
: : Fd 1 -
aplicação aplicação NCFS000 1 00949134-n:0.0024572/06570110-n:0.00226986/04865502-n:0.00215248/00947128-n:0.00211984/00712225-n:0.00203421/01127019-n:0.001987/00694990-n:0.0019738
, , Fc 1 -
por por SP 1 -
três 3 Z 1 -
vezes vez NCFP000 0.99449 07309599-n:0.00377959/00457382-n:0.00338802/14485064-n:0.00338184/15292069-n:0.00329005
, , Fc 1 -
de de SP 1 -
suspensão suspensão NCFS000 1 15271008-n:0.00186368/14010636-n:0.00156846/07368256-n:0.00150198/05698247-n:0.0015004/01017701-n:0.00143351/01022483-n:0.00142077/14591091-n:0.00137521/01063578-n:0.00136085/04366116-n:0.00133098/00209132-n:0.00132723
; ; Fx 1 -
infrações infração NCFP000 1 00766234-n:0.00759753/00770270-n:0.00699272
definidas definir VMP00PF 0.992428 00957378-v:0.00171337/00933821-v:0.00168194/00947077-v:0.00166914/02736778-v:0.00165849/02611630-v:0.00163055/02698319-v:0.00158302/00652346-v:0.00156141/01006421-v:0.00152803/01062938-a:0.00147468
em em SP 1 -
os o DA0MP0 1 -
incisos inciso NCMP000 0.332764 -
XXVI_a_XXVIII xxvi_a_xxviii NP00V00 1 -
de de SP 1 -
o o DA0MS0 0.950254 - o PD0MS00 0.0313531 - o PP3MSA0 0.0183743 - o NCMS000 1.85412e-05 -
art. art. NCFS000 0.69743 -
34 34 Z 1 -
. . Fp 1 -

Para para SP 0.999444 -
a o DA0FS0 0.675415 -
aplicação aplicação NCFS000 1 06570110-n:0.00247833/04865502-n:0.00235312/00949134-n:0.00233058/01127019-n:0.00232702/00947128-n:0.00227968/00712225-n:0.0022178/00694990-n:0.00214483
de de SP 1 -
a o DA0FS0 0.675415 - a SP 0.313151 - o PP3FSA0 0.00613742 - o PD0FS00 0.00514062 - a NCMS000 0.000156639 -
sanção sanção NCFS000 1 01160342-n:0.00287054/06689297-n:0.00252841/01139000-n:0.00252597/05176607-n:0.0024075/01124246-n:0.00224443/06687358-n:0.00221265/05164845-n:0.00212943
disciplinar disciplinar VMN0000 0.529581 02553428-v:0.0144878
de de SP 1 -
exclusão exclusão NCFS000 1 05707269-n:0.00543103/00206927-n:0.00510554/00394610-n:0.00507222
, , Fc 1 -
é ser VMIP3S0 1 00339934-v:0.00209864/02604760-v:0.00140013/02620587-v:0.0011923/02627363-v:0.0011731/02655135-v:0.00109777/02603699-v:0.00108076/02702508-v:0.00107576/02445925-v:0.00106392/02731024-v:0.00103934/02664769-v:0.000978242/02597601-v:0.000963513/02614181-v:0.000959111/01717851-v:0.000939744/02749904-v:0.000919496/02616386-v:0.000910115
necessária necessário AQ0FS00 0.987805 01580050-a:0.00437929/00903894-a:0.00326458/00343552-a:0.00304516/01580775-a:0.00303199/01276150-a:0.00299921
a o DA0FS0 0.675415 -
manifestação manifestação NCFS000 1 07323231-n:0.00286207/06725877-n:0.00260209/06880249-n:0.00253362/08358332-n:0.00246851/01177703-n:0.002444/06798558-n:0.00240888
favorável favorável AQ0CS00 1 00995775-a:0.00211183/00177186-a:0.00188502/00995119-a:0.00161158/00064479-a:0.00148309/00177547-a:0.00141781/02354537-a:0.001329/00075135-a:0.00132547/00996343-a:0.00123039/01077995-a:0.00122974/01246801-a:0.00120266/00604978-a:0.00119433/00323426-a:0.00116961
de de SP 1 -
dois_terços 2/3 Zp 1 -
de de SP 1 -
os o DA0MP0 0.958022 - o PD0MP00 0.021587 - o PP3MPA0 0.0203911 -
membros membro NCMP000 1 10307234-n:0.00275473/05526384-n:0.0026941/05559908-n:0.00264133/05560244-n:0.0025327/13810615-n:0.00238984/02737833-n:0.00230976
de de SP 1 -
o o DA0MS0 0.950254 - o PD0MS00 0.0313531 - o PP3MSA0 0.0183743 - o NCMS000 1.85412e-05 -
Conselho_Seccional conselho_seccional NP00O00 1 -
competente competente AQ0CS00 0.585551 00510050-a:0.00394841/00051571-a:0.00387775/02226162-a:0.0038038/00512130-a:0.0037935
. . Fp 1 -

