Compete competir VMIP3S0 01072262-v:0/01122194-v:0/02672187-v:0
privativamente privativomente RG 
a a SP 
o o DA0MS0 
Conselho_Seccional conselho_seccional NP00000 
: : Fd 
editar editar VMN0000 01745722-v:0
seu seu DP3MSS 
regimento regimento NCMS000 08213817-n:0
interno interno AQ0MS00 00948670-a:0/00950272-a:0/00951831-a:0/01346978-a:0/01348835-a:0/01692786-a:0
e e CC 
resoluções resolução NCFP000 00153809-n:0/00162632-n:0/00163047-n:0/00180228-n:0/04864200-n:0/05789089-n:0/05838176-n:0/06511874-n:0
; ; Fx 
criar criar VMN0000 01186844-v:0/01429455-v:0/01617192-v:0/01621555-v:0/01640207-v:0/01640550-v:0/01685313-v:0/01738774-v:0/01753596-v:0/01753788-v:0/02539788-v:0/02540569-v:0
as o DA0FP0 
Subseções subseções NP00000 
e e CC 
a o DA0FS0 
Caixa_de_Assistência_de_os_Advogados caixa_de_assistência_de_os_advogados NP00000 
; ; Fx 
julgar julgar VMN0000 00670261-v:0/00672277-v:0/00693780-v:0/00822367-v:0/00828374-v:0/00971650-v:0/00971999-v:0/02166460-v:0/02501278-v:0
, , Fc 
em em SP 
grau grau NCMS000 05093890-n:0/05094565-n:0/13584918-n:0/13611207-n:0/13714184-n:0/13939892-n:0/14429608-n:0
de de SP 
recurso recurso NCMS000 00177448-n:0/01185611-n:0/01208597-n:0/05154517-n:0/05154676-n:0/05154908-n:0/05155123-n:0/07246932-n:0/13331778-n:0
, , Fc 
as o DA0FP0 
questões questão NCFP000 04757522-n:0/06783768-n:0/06784003-n:0/07193184-n:0/07193596-n:0/07196682-n:0
decididas decidir VMP00PF 00634472-v:0/00697589-v:0/00698855-v:0/00699626-v:0/00701877-v:0/00763399-v:0/00701178-a:0
por por SP 
seu seu DP3MSS 
Presidente presidente NP00000 10467179-n:0/10467395-n:0/10468559-n:0/10468750-n:0/10468962-n:0/10469346-n:0
, , Fc 
por por SP 
sua seu DP3FSS 
diretoria diretoria NCFS000 08380768-n:0
, , Fc 
por por SP 
o o DA0MS0 
Tribunal_de_Ética tribunal_de_ética NP00000 
e e CC 
Disciplina disciplina NP00000 00893836-n:0/04881623-n:0/05662876-n:0/05996646-n:0
, , Fc 
por por SP 
as o DA0FP0 
diretorias diretoria NCFP000 08380768-n:0
de de SP 
as o DA0FP0 
Subseções subseções NP00000 
e e CC 
de de SP 
a o DA0FS0 
Caixa_de_Assistência_de_os_Advogados caixa_de_assistência_de_os_advogados NP00000 
; ; Fx 
fiscalizar fiscalizar VMN0000 01844048-v:0
a o DA0FS0 
aplicação aplicação NCFS000 00694990-n:0/00949134-n:0/01127019-n:0/06570110-n:0
de de SP 
a o DA0FS0 
receita receita NCFS000 06788565-n:0/06788785-n:0/13260190-n:0
, , Fc 
apreciar apreciar VMN0000 00592341-v:0/00691665-v:0/00892315-v:0/00892467-v:0/01182152-v:0/01776214-v:0/01805982-v:0/02256109-v:0
o o DA0MS0 
relatório relatório NCMS000 06409752-n:0/07217924-n:0/07218470-n:0
anual anual AQ0CS00 00678024-a:0/01969150-a:0
e e CC 
deliberar deliberar VMN0000 00812580-v:0/00813044-v:0
sobre sobre SP 
o o DA0MS0 
balanço balanço NCMS000 04371774-n:0/13403964-n:0/13408980-n:0
e e CC 
as o DA0FP0 
contas conta NCFP000 00634586-n:0/02815071-n:0/06516955-n:0/06517942-n:0/09179382-n:0/13354985-n:0/13591761-n:0
de de SP 
sua seu DP3FSS 
diretoria diretoria NCFS000 08380768-n:0
, , Fc 
de de SP 
as o DA0FP0 
diretorias diretoria NCFP000 08380768-n:0
de de SP 
as o DA0FP0 
Subseções subseções NP00000 
e e CC 
de de SP 
a o DA0FS0 
Caixa_de_Assistência_de_os_Advogados caixa_de_assistência_de_os_advogados NP00000 
; ; Fx 
fixar fixar VMN0000 01340439-v:0/01343892-v:0/01616901-v:0
a o DA0FS0 
tabela tabela NCFS000 02768226-n:0/07002992-n:0/08266235-n:0
de de SP 
honorários honorário NCMP000 
, , Fc 
válida válido AQ0FS00 00938659-a:0/02498708-a:0
para para SP 
todo todo DI0MS0 
o o DA0MS0 
território território NCMS000 08493064-n:0/08497294-n:0/08552138-n:0
estadual estadual AQ0CS00 01862161-a:0
; ; Fx 
realizar realizar VMN0000 00486018-v:0/00591755-v:0/01617192-v:0/01640855-v:0/01644746-v:0/01648126-v:0/02244603-v:0/02526085-v:0/02561995-v:0/02671880-v:0
o o DA0MS0 
Exame_de_Ordem exame_de_ordem NP00000 
; ; Fx 
decidir decidir VMN0000 00634472-v:0/00697589-v:0/00698855-v:0/00699626-v:0/00701877-v:0/00763399-v:0
os o DA0MP0 
pedidos pedido NCMP000 05791602-n:0/06529219-n:0/07185325-n:0/13461162-n:0
de de SP 
inscrição inscrição NCFS000 00050037-n:0/06405699-n:0
em em SP 
os o DA0MP0 
quadros quadro NCMP000 02846511-n:0/02856463-n:0/03391464-n:0
de de SP 
advogados advogado NCMP000 09774783-n:0/09775663-n:0/09840963-n:0/10249950-n:0/10623175-n:0
e e CC 
estagiários estagiário NCMP000 10211203-n:0/10722385-n:0
; ; Fx 
manter manter VMN0000 00117985-v:0/00607000-v:0/00732552-v:0/00736586-v:0/01016778-v:0/01017643-v:0/01065877-v:0/01151753-v:0/01184625-v:0/02202384-v:0/02204564-v:0/02219094-v:0/02225492-v:0/02638845-v:0/02679899-v:0/02681795-v:0
cadastro cadastro NCMS000 06502192-n:0
de de SP 
seus seu DP3MPS 
inscritos inscrever VMP00PM 01097309-v:0/02471087-v:0/02471327-v:0
; ; Fx 
fixar fixar VMN0000 01340439-v:0/01343892-v:0/01616901-v:0
, , Fc 
alterar alterar VMN0000 00109660-v:0/00123170-v:0/00126264-v:0/00488430-v:0/01667132-v:0
e e CC 
receber receber VMN0000 00522751-v:0/00617095-v:0/00686879-v:0/00900583-v:0/01194418-v:0/01470225-v:0/02108377-v:0/02108654-v:0/02210119-v:0/02210855-v:0/02739480-v:0
contribuições contribuição NCFP000 00787465-n:0/13269890-n:0/13270038-n:0
obrigatórias obrigatório AQ0FP00 00848074-a:0/00848466-a:0/01580968-a:0
, , Fc 
preços preço NCMP000 05138488-n:0/05141683-n:0/05145118-n:0/05163807-n:0/13275847-n:0/13303315-n:0/13303759-n:0/13306870-n:0
de de SP 
serviços serviço NCMP000 00098625-n:0/00568430-n:0/00577525-n:0/00582388-n:0/00584891-n:0/00719705-n:0/01032040-n:0/01032368-n:0/01209576-n:0/03315023-n:0/04175380-n:0/08186047-n:0/13325847-n:0/13968092-n:0
e e CC 
multas multa NCFP000 06558678-n:0/13301328-n:0
; ; Fx 
participar participar VMN0000 02450256-v:0
de de SP 
a o DA0FS0 
elaboração elaboração NCFS000 00250710-n:0/04698112-n:0/04766852-n:0
de de SP 
os o DA0MP0 
concursos concurso NCMP000 07456188-n:0
públicos público AQ0MP00 00493297-a:0/01861205-a:0
, , Fc 
em em SP 
todas_as todas_as PI0FP00 
suas seu DP3FSP 
fases fase NCFP000 13939892-n:0/14480065-n:0/15206744-n:0/15290132-n:0/15290337-n:0
, , Fc 
em em SP 
os o DA0MP0 
casos caso NCMP000 05671325-n:0/05817743-n:0/06310945-n:0/07308889-n:0
previstos prever VMP00PM 00712135-v:0/00720808-v:0/00871942-v:0/00917772-v:0/00926472-v:0/00974173-v:0/01636221-v:0/02565491-v:0/00929815-a:0
em em SP 
a o DA0FS0 
Constituição constituição NP00000 00237078-n:0/04933544-n:0/06533648-n:0
e e CC 
em em SP 
as o DA0FP0 
leis lei NCFP000 05846054-n:0/05872982-n:0/06532330-n:0/08209687-n:0/08441203-n:0/08456347-n:0
, , Fc 
em em SP 
o o DA0MS0 
âmbito âmbito NCMS000 05127782-n:0/14513259-n:0
de de SP 
o o DA0MS0 
seu seu DP3MSS 
território território NCMS000 08493064-n:0/08497294-n:0/08552138-n:0
; ; Fx 
determinar determinar VMN0000 00699815-v:0/00700708-v:0/00701040-v:0/00918872-v:0/00947077-v:0/01063188-v:0/02698319-v:0
, , Fc 
com com SP 
exclusividade exclusividade NCFS000 04889337-n:0
, , Fc 
critérios critério NCMP000 07260623-n:0
para para SP 
o o DA0MS0 
traje traje NCMS000 02742322-n:0/02756098-n:0/03051540-n:0/03113657-n:0/03859958-n:0/04350905-n:0
de de SP 
os o DA0MP0 
advogados advogado NCMP000 09774783-n:0/09775663-n:0/09840963-n:0/10249950-n:0/10623175-n:0
, , Fc 
em em SP 
o o DA0MS0 
exercício exercício NCMS000 00729919-n:0/00894552-n:0/15203120-n:0
profissional profissional AQ0CS00 01868724-a:0/01870100-a:0/02556402-a:0/02839505-a:0/02840478-a:0
; ; Fx 
aprovar aprovar VMN0000 00673983-v:0/00687033-v:0/00797697-v:0/00806502-v:0/00860292-v:0/00861725-v:0/02447793-v:0/02453889-v:0/02556817-v:0
e e CC 
modificar modificar VMN0000 00123170-v:0/00126264-v:0/00171127-v:0
seu seu DP3MSS 
orçamento orçamento NCMS000 06528783-n:0/06783598-n:0/13421462-n:0/13421832-n:0
anual anual AQ0CS00 00678024-a:0/01969150-a:0
; ; Fx 
definir definir VMN0000 00957378-v:0
a o DA0FS0 
composição composição NCFS000 00939452-n:0/03081660-n:0/04933544-n:0/05076472-n:0/05870180-n:0
e e CC 
o o DA0MS0 
funcionamento funcionamento NCMS000 13525549-n:0/14008806-n:0
de de SP 
o o DA0MS0 
Tribunal_de_Ética tribunal_de_ética NP00000 
e e CC 
Disciplina disciplina NP00000 00893836-n:0/04881623-n:0/05662876-n:0/05996646-n:0
, , Fc 
e e CC 
escolher escolher VMN0000 00674607-v:0/00676267-v:0/00676450-v:0/00676864-v:0/00677203-v:0/00677683-v:0/00679239-v:0/00679389-v:0/00679937-v:0/00723222-v:0/01710481-v:0/02400378-v:0/02400760-v:0/02448642-v:0
seus seu DP3MPS 
membros membro NCMP000 05526384-n:0/05559908-n:0/05560244-n:0/10307234-n:0/13810615-n:0
; ; Fx 
eleger eleger VMN0000 00676864-v:0/01710481-v:0/02400760-v:0
as o DA0FP0 
listas lista NCFP000 06481320-n:0/06495000-n:0
, , Fc 
constitucionalmente constitucionalmente RG 00122124-r:0
previstas prever VMP00PF 00712135-v:0/00720808-v:0/00871942-v:0/00917772-v:0/00926472-v:0/00974173-v:0/01636221-v:0/02565491-v:0/00929815-a:0
, , Fc 
para para SP 
preenchimento preenchimento NCMS000 
de de SP 
os o DA0MP0 
cargos cargo NCMP000 00586105-n:0/00586262-n:0/13945102-n:0
em em SP 
os o DA0MP0 
tribunais tribunal NCMP000 03120778-n:0/03649459-n:0/08329453-n:0
judiciários judiciário AQ0MP00 01400961-a:0/02752987-a:0/02753205-a:0
, , Fc 
em em SP 
o o DA0MS0 
âmbito âmbito NCMS000 05127782-n:0/14513259-n:0
de de SP 
sua seu DP3FSS 
competência competência NCFS000 05153520-n:0/05154114-n:0/05622456-n:0
e e CC 
em em SP 
a o DA0FS0 
forma forma NCFS000 00027807-n:0/04931733-n:0/05930736-n:0
de de SP 
o o DA0MS0 
Provimento_de_o_Conselho_Federal provimento_de_o_conselho_federal NP00000 
, , Fc 
vedada vedar VMP00SF 01348013-v:0/01354006-v:0/01761375-a:0
a a SP 
inclusão inclusão NCFS000 00373130-n:0/13794034-n:0/13936304-n:0
de de SP 
membros membro NCMP000 05526384-n:0/05559908-n:0/05560244-n:0/10307234-n:0/13810615-n:0
de de SP 
o o DA0MS0 
próprio próprio AQ0MS00 01104026-a:0/01104889-a:0/01768724-a:0/01878466-a:0
Conselho conselho NP00000 06650701-n:0/06671484-n:0/08310949-n:0/08322981-n:0
e e CC 
de de SP 
qualquer qualquer DI0CS0 
órgão órgão NCMS000 03273551-n:0/03494537-n:0/03854065-n:0/05297523-n:0/06595056-n:0/08349350-n:0/13087625-n:0
de de SP 
a o DA0FS0 
OAB oab NP00000 
; ; Fx 
intervir intervir VMN0000 
em em SP 
as o DA0FP0 
Subseções subseções NP00000 
e e CC 
em em SP 
a o DA0FS0 
Caixa_de_Assistência_de_os_Advogados caixa_de_assistência_de_os_advogados NP00000 
; ; Fx 
desempenhar desempenhar VMN0000 01712704-v:0/01714208-v:0/02561995-v:0/02597601-v:0
outras outro DI0FP0 
atribuições atribuição NCFP000 13285176-n:0/13289467-n:0/13289744-n:0
previstas prever VMP00PF 00712135-v:0/00720808-v:0/00871942-v:0/00917772-v:0/00926472-v:0/00974173-v:0/01636221-v:0/02565491-v:0/00929815-a:0
em em SP 
o o DA0MS0 
regulamento regulamento NCMS000 05846054-n:0/06537951-n:0
geral geral AQ0CS00 00487198-a:0/00489108-a:0/01101391-a:0
. . Fp 

