O o DA0MS0 
pagamento pagamento NCMS000 01120448-n:0/13278375-n:0
de de SP 
a o DA0FS0 
contribuição contribuição NCFS000 00787465-n:0/13269890-n:0/13270038-n:0
anual anual AQ0CS00 00678024-a:0/01969150-a:0
a a SP 
a o DA0FS0 
OAB oab NP00000 
isenta isentar VMIP3S0 
os o DA0MP0 
inscritos inscrever VMP00PM 01097309-v:0/02471087-v:0/02471327-v:0
em em SP 
os o DA0MP0 
seus seu DP3MPS 
quadros quadro NCMP000 02846511-n:0/02856463-n:0/03391464-n:0
de de SP 
o o DA0MS0 
pagamento pagamento NCMS000 01120448-n:0/13278375-n:0
obrigatório obrigatório AQ0MS00 00848074-a:0/00848466-a:0/01580968-a:0
de de SP 
a o DA0FS0 
contribuição contribuição NCFS000 00787465-n:0/13269890-n:0/13270038-n:0
sindical sindical AQ0CS00 02474191-a:0
. . Fp 

