Os o DA0MP0 
advogados advogado NCMP000 09774783-n:0/09775663-n:0/09840963-n:0/10249950-n:0/10623175-n:0
podem poder VMIP3P0 01192628-v:0/01774426-v:0/02744451-v:0
reunir reunir VMN03S0 00193486-v:0/00270215-v:0/00793037-v:0/00793271-v:0/01291069-v:0/01295275-v:0/01354673-v:0/01380638-v:0/01381549-v:0/01381913-v:0/01384439-v:0/01385759-v:0/01607072-v:0/01656788-v:0/02024508-v:0/02024716-v:0/02218173-v:0/02304982-v:0/02305586-v:0/02428924-v:0/02469835-v:0/02486822-v:0/02486932-v:0/02598143-v:0/02622234-v:0
se se PP3CN00 
em em SP 
sociedade sociedade NCFS000 06526291-n:0/07966140-n:0/08049401-n:0/08058098-n:0/08060694-n:0/08227214-n:0/08387930-n:0/13931627-n:0
simples simples AQ0CN00 00060605-a:0/00699085-a:0/00750296-a:0/00765666-a:0/01099707-a:0/01791911-a:0/01793405-a:0/01841390-a:0/02166346-a:0/02174896-a:0/02175267-a:0/02272047-a:0/02340458-a:0
de de SP 
prestação prestação NCFS000 00240938-n:0/13308999-n:0
de de SP 
serviços serviço NCMP000 00098625-n:0/00568430-n:0/00577525-n:0/00582388-n:0/00584891-n:0/00719705-n:0/01032040-n:0/01032368-n:0/01209576-n:0/03315023-n:0/04175380-n:0/04558478-n:0/08114861-n:0/08186047-n:0/13325847-n:0/13968092-n:0
de de SP 
advocacia advocacia NCFS000 00589217-n:0/00611143-n:0
ou ou CC 
constituir constituir VMN0000 01647229-v:0/02396205-v:0/02620587-v:0/02621395-v:0
sociedade sociedade NCFS000 06526291-n:0/07966140-n:0/08049401-n:0/08058098-n:0/08060694-n:0/08227214-n:0/08387930-n:0/13931627-n:0
unipessoal unipessoal AQ0CS00 
de de SP 
advocacia advocacia NCFS000 00589217-n:0/00611143-n:0
, , Fc 
em em SP 
a o DA0FS0 
forma forma NCFS000 00027807-n:0/00172710-n:0/04200908-n:0/04677514-n:0/04928903-n:0/04931733-n:0/05064037-n:0/05217168-n:0/05839024-n:0/05930736-n:0/05941210-n:0/06290637-n:0/06473563-n:0/07683138-n:0/08111157-n:0/14546432-n:0
disciplinada disciplinar VMP00SF 02553428-v:0
em em SP 
esta este DD0FS0 
Lei lei NP00000 05726596-n:0/05846054-n:0/05870916-n:0/05872982-n:0/06478582-n:0/06532095-n:0/06532330-n:0/06564387-n:0/08209687-n:0/08441203-n:0/08456347-n:0
e e CC 
em em SP 
o o DA0MS0 
regulamento regulamento NCMS000 00805034-n:0/05846054-n:0/06537951-n:0/14443434-n:0/80000908-n:0
geral geral AQ0CS00 00487198-a:0/00489108-a:0/00526062-a:0/00527188-a:0/00783840-a:0/01101391-a:0/01426077-a:0/01839663-a:0
. . Fp 

A o DA0FS0 
sociedade sociedade NCFS000 06526291-n:0/07966140-n:0/08049401-n:0/08058098-n:0/08060694-n:0/08227214-n:0/08387930-n:0/13931627-n:0
de de SP 
advogados advogado NCMP000 09774783-n:0/09775663-n:0/09840963-n:0/10249950-n:0/10623175-n:0
e e CC 
a o DA0FS0 
sociedade sociedade NCFS000 06526291-n:0/07966140-n:0/08049401-n:0/08058098-n:0/08060694-n:0/08227214-n:0/08387930-n:0/13931627-n:0
unipessoal unipessoal AQ0CS00 
de de SP 
advocacia advocacia NCFS000 00589217-n:0/00611143-n:0
adquirem adquirir VMIP3P0 00012267-v:0/00094460-v:0/00524682-v:0/00597915-v:0/02207206-v:0/02208265-v:0/02210855-v:0/02212103-v:0/02238085-v:0/02238770-v:0/02239261-v:0/02284096-v:0/02288295-v:0/02289295-v:0/02359340-v:0/02695378-v:0
personalidade personalidade NCFS000 04617562-n:0/04618070-n:0/04620216-n:0/04623612-n:0/04763293-n:0/10417424-n:0/10748620-n:0
jurídica jurídico AQ0FS00 01400562-a:0/01401105-a:0/02499148-a:0/02752987-a:0/02753724-a:0/02754096-a:0/02754197-a:0
com com SP 
o o DA0MS0 
registro registro NCMS000 00050037-n:0/04071876-n:0/05126849-n:0/06503724-n:0/06507041-n:0/06636524-n:0/06647206-n:0/07270179-n:0/13403643-n:0/13412321-n:0
aprovado aprovar VMP00SM 00665886-v:0/00673983-v:0/00687033-v:0/00797697-v:0/00802318-v:0/00803325-v:0/00806502-v:0/00860292-v:0/00861725-v:0/00997794-v:0/02447793-v:0/02453889-v:0/02525044-v:0/02556817-v:0/00179035-a:0
de de SP 
os o DA0MP0 
seus seu DP3MPS 
atos ato NCMP000 00030358-n:0/00037396-n:0/00550341-n:0/06532095-n:0/06545137-n:0/07009640-n:0/07447261-n:0
constitutivos constitutivo AQ0MP00 00901345-a:0
em em SP 
o o DA0MS0 
Conselho_Seccional_de_a_OAB conselho_seccional_de_a_oab NP00000 
em em SP 
cuja cujo PR0FS00 
base base NCFS000 02797692-n:0/02797881-n:0/02798290-n:0/02798574-n:0/02798769-n:0/03387016-n:0/03504723-n:0/03903868-n:0/04360501-n:0/05559256-n:0/05793554-n:0/05823932-n:0/05986594-n:0/06300193-n:0/06658118-n:0/08401711-n:0/08490402-n:0/10150281-n:0/13597794-n:0/13790912-n:0/13897837-n:0/14618253-n:0/14964590-n:0
territorial territorial AQ0CS00 02408611-a:0/02409500-a:0/02812482-a:0
tiver ter VMSF1S0 00052374-v:0/00056930-v:0/00059559-v:0/00065370-v:0/00065639-v:0/00121046-v:0/00639849-v:0/01156834-v:0/01733477-v:0/02108026-v:0/02203362-v:0/02204692-v:0/02205098-v:0/02210119-v:0/02355596-v:0/02603699-v:0/02630189-v:0/02630871-v:0/02632167-v:0/02655135-v:0/02700867-v:0/02740745-v:0/02746275-v:0/02749904-v:0
sede sede NCFS000 03504420-n:0/03504723-n:0/04945254-n:0/05921123-n:0/08586825-n:0/14039534-n:0/14040660-n:0
. . Fp 

Aplica aplicar VMIP3S0 00724150-v:0/01026558-v:0/01158872-v:0/01166093-v:0/01313249-v:0/01363482-v:0/01363648-v:0/01494310-v:0/02309165-v:0/02560164-v:0/02561332-v:0/02676789-v:0/02707429-v:0
se se PP3CN00 
a a SP 
a o DA0FS0 
sociedade sociedade NCFS000 06526291-n:0/07966140-n:0/08049401-n:0/08058098-n:0/08060694-n:0/08227214-n:0/08387930-n:0/13931627-n:0
de de SP 
advogados advogado NCMP000 09774783-n:0/09775663-n:0/09840963-n:0/10249950-n:0/10623175-n:0
e e CC 
a a SP 
a o DA0FS0 
sociedade sociedade NCFS000 06526291-n:0/07966140-n:0/08049401-n:0/08058098-n:0/08060694-n:0/08227214-n:0/08387930-n:0/13931627-n:0
unipessoal unipessoal AQ0CS00 
de de SP 
advocacia advocacia NCFS000 00589217-n:0/00611143-n:0
o o DA0MS0 
Código_de_Ética código_de_ética NP00000 
e e CC 
Disciplina disciplina NP00000 00893836-n:0/01132864-n:0/04881623-n:0/05662876-n:0/05726596-n:0/05996646-n:0
, , Fc 
em em SP 
o o DA0MS0 
que que PR0CN00 
couber caber VMSF1S0 00050652-v:0/02735753-v:0
. . Fp 

As o DA0FP0 
procurações procuração NCFP000 06530789-n:0/06531141-n:0
devem dever VMIP3P0 02253956-v:0/02254155-v:0/02731814-v:0
ser ser VMN0000 00339934-v:0/01717851-v:0/02445925-v:0/02597601-v:0/02603699-v:0/02604760-v:0/02614181-v:0/02616386-v:0/02620587-v:0/02627363-v:0/02655135-v:0/02664769-v:0/02702508-v:0/02731024-v:0/02749904-v:0
outorgadas outorgar VMP00PF 00802318-v:0/00806049-v:0/02255268-v:0/02255462-v:0/02255942-v:0/02261888-v:0/02262278-v:0/02263346-v:0/02263692-v:0/02308741-v:0/02316649-v:0/02317094-v:0
individualmente individualmente RG 00083541-r:0/00207668-r:0
a a SP 
os o DA0MP0 
advogados advogado NCMP000 09774783-n:0/09775663-n:0/09840963-n:0/10249950-n:0/10623175-n:0
e e CC 
indicar indicar VMN0000 00749376-v:0/00772640-v:0/00921300-v:0/00923197-v:0/00923793-v:0/00928015-v:0/00955148-v:0/00955472-v:0/01004062-v:0/01039330-v:0/01058574-v:0/01061481-v:0/01931768-v:0
a o DA0FS0 
sociedade sociedade NCFS000 06526291-n:0/07966140-n:0/08049401-n:0/08058098-n:0/08060694-n:0/08227214-n:0/08387930-n:0/13931627-n:0
de de SP 
que que CS 
façam fazer VMSP3P0 00010435-v:0/00012267-v:0/00056930-v:0/00059559-v:0/00065370-v:0/00107369-v:0/00120316-v:0/00120675-v:0/00121046-v:0/00142191-v:0/00408624-v:0/00665476-v:0/00698256-v:0/00730758-v:0/00767334-v:0/00770437-v:0/00818974-v:0/01116980-v:0/01438902-v:0/01617192-v:0/01619014-v:0/01621555-v:0/01627355-v:0/01628197-v:0/01629000-v:0/01629589-v:0/01640207-v:0/01645601-v:0/01646075-v:0/01647229-v:0/01649024-v:0/01653873-v:0/01658188-v:0/01659248-v:0/01685313-v:0/01712704-v:0/01714208-v:0/01719921-v:0/01733477-v:0/01738774-v:0/01739814-v:0/01752495-v:0/01752884-v:0/01753788-v:0/01754737-v:0/01755504-v:0/02176268-v:0/02203362-v:0/02204692-v:0/02205098-v:0/02211948-v:0/02355596-v:0/02367363-v:0/02374764-v:0/02434859-v:0/02530167-v:0/02539788-v:0/02560585-v:0/02560767-v:0/02561995-v:0/02562901-v:0/02568672-v:0/02582921-v:0/02598483-v:0/02599636-v:0/02617567-v:0/02621133-v:0/02621395-v:0/02630189-v:0/02709107-v:0/02745332-v:0
parte parte NCFS000 00787465-n:0/01085098-n:0/03081021-n:0/03390207-n:0/03892891-n:0/04164989-n:0/05671974-n:0/05852973-n:0/05867413-n:0/05868954-n:0/05929008-n:0/06392001-n:0/08256968-n:0/08264897-n:0/08630039-n:0/08649345-n:0/09385911-n:0/09428741-n:0/10402824-n:0/13086908-n:0/13285176-n:0/13286524-n:0/13809207-n:0/15257829-n:0
. . Fp 

Nenhum nenhum DI0MS0 
advogado advogado NCMS000 09774783-n:0/09775663-n:0/09840963-n:0/10249950-n:0/10623175-n:0
pode poder VMIP3S0 01192628-v:0/01774426-v:0/02744451-v:0
integrar integrar VMN0000 00466651-v:0/00467451-v:0/00642980-v:0/01541000-v:0/02449847-v:0/02481900-v:0/02629535-v:0/02632940-v:0
mais mais RG 00029367-r:0/00047534-r:0/00099341-r:0/00099712-r:0/00111609-r:0/00112009-r:0
de de SP 
uma um DI0FS0 
sociedade sociedade NCFS000 06526291-n:0/07966140-n:0/08049401-n:0/08058098-n:0/08060694-n:0/08227214-n:0/08387930-n:0/13931627-n:0
de de SP 
advogados advogado NCMP000 09774783-n:0/09775663-n:0/09840963-n:0/10249950-n:0/10623175-n:0
, , Fc 
constituir constituir VMN0000 01647229-v:0/02396205-v:0/02620587-v:0/02621395-v:0
mais mais RG 00029367-r:0/00047534-r:0/00099341-r:0/00099712-r:0/00111609-r:0/00112009-r:0
de de SP 
uma um DI0FS0 
sociedade sociedade NCFS000 06526291-n:0/07966140-n:0/08049401-n:0/08058098-n:0/08060694-n:0/08227214-n:0/08387930-n:0/13931627-n:0
unipessoal unipessoal AQ0CS00 
de de SP 
advocacia advocacia NCFS000 00589217-n:0/00611143-n:0
, , Fc 
ou ou CC 
integrar integrar VMN0000 00466651-v:0/00467451-v:0/00642980-v:0/01541000-v:0/02449847-v:0/02481900-v:0/02629535-v:0/02632940-v:0
, , Fc 
simultaneamente simultaneamente RG 00120095-r:0/00120223-r:0/00153261-r:0
, , Fc 
uma um DI0FS0 
sociedade sociedade NCFS000 06526291-n:0/07966140-n:0/08049401-n:0/08058098-n:0/08060694-n:0/08227214-n:0/08387930-n:0/13931627-n:0
de de SP 
advogados advogado NCMP000 09774783-n:0/09775663-n:0/09840963-n:0/10249950-n:0/10623175-n:0
e e CC 
uma um DI0FS0 
sociedade sociedade NCFS000 06526291-n:0/07966140-n:0/08049401-n:0/08058098-n:0/08060694-n:0/08227214-n:0/08387930-n:0/13931627-n:0
unipessoal unipessoal AQ0CS00 
de de SP 
advocacia advocacia NCFS000 00589217-n:0/00611143-n:0
, , Fc 
com com SP 
sede sede NCFS000 03504420-n:0/03504723-n:0/04945254-n:0/05921123-n:0/08586825-n:0/14039534-n:0/14040660-n:0
ou ou CC 
filial filial NCFS000 
em em SP 
a o DA0FS0 
mesma mesmo PI0FS00 
área área NCFS000 02735688-n:0/03442756-n:0/05128519-n:0/05221895-n:0/05815517-n:0/05996646-n:0/05999134-n:0/08497294-n:0/08509442-n:0/08630039-n:0/08648658-n:0/08664443-n:0/13613862-n:0/14514039-n:0
territorial territorial AQ0CS00 02408611-a:0/02409500-a:0/02812482-a:0
de de SP 
o o DA0MS0 
respectivo respectivo AQ0MS00 00494409-a:0
Conselho_Seccional conselho_seccional NP00000 
. . Fp 

O o DA0MS0 
ato ato NCMS000 00030358-n:0/00037396-n:0/00550341-n:0/06532095-n:0/06545137-n:0/07009640-n:0/07447261-n:0
de de SP 
constituição constituição NCFS000 00237078-n:0/04933544-n:0/04998530-n:0/05726596-n:0/06533648-n:0
de de SP 
filial filial NCFS000 
deve dever VMIP3S0 02253956-v:0/02254155-v:0/02731814-v:0
ser ser VMN0000 00339934-v:0/01717851-v:0/02445925-v:0/02597601-v:0/02603699-v:0/02604760-v:0/02614181-v:0/02616386-v:0/02620587-v:0/02627363-v:0/02655135-v:0/02664769-v:0/02702508-v:0/02731024-v:0/02749904-v:0
averbado averbar VMP00SM 
em em SP 
o o DA0MS0 
registro registro NCMS000 00050037-n:0/04071876-n:0/05126849-n:0/06503724-n:0/06507041-n:0/06636524-n:0/06647206-n:0/07270179-n:0/13403643-n:0/13412321-n:0
de de SP 
a o DA0FS0 
sociedade sociedade NCFS000 06526291-n:0/07966140-n:0/08049401-n:0/08058098-n:0/08060694-n:0/08227214-n:0/08387930-n:0/13931627-n:0
e e CC 
arquivado arquivar VMP00SM 01001643-v:0/01384638-v:0
em em SP 
o o DA0MS0 
Conselho_Seccional conselho_seccional NP00000 
onde onde RG 
se se PP3CN00 
instalar instalar VMN0000 01493619-v:0/01569566-v:0/01570108-v:0/02384041-v:0
, , Fc 
ficando ficar VMG0000 00117985-v:0/00149583-v:0/00358431-v:0/00542120-v:0/00689344-v:0/01857392-v:0/02009200-v:0/02229828-v:0/02618001-v:0/02637592-v:0/02639075-v:0/02727462-v:0/02731024-v:0/02731242-v:0/02735753-v:0/02744820-v:0
os o DA0MP0 
sócios sócio NCMP000 06526291-n:0/09816771-n:0/09877951-n:0/09964064-n:0/10402417-n:0
, , Fc 
inclusive inclusive RG 
o o DA0MS0 
titular titular NCCS000 06344461-n:0/10115748-n:0/10202624-n:0/10388924-n:0
de de SP 
a o DA0FS0 
sociedade sociedade NCFS000 06526291-n:0/07966140-n:0/08049401-n:0/08058098-n:0/08060694-n:0/08227214-n:0/08387930-n:0/13931627-n:0
unipessoal unipessoal AQ0CS00 
de de SP 
advocacia advocacia NCFS000 00589217-n:0/00611143-n:0
, , Fc 
obrigados obrigar VMP00PM 00885217-v:0/02504562-v:0/02506546-v:0/02560424-v:0/02627934-v:0/00848466-a:0/01146732-a:0/01616891-a:0
a a SP 
a o DA0FS0 
inscrição inscrição NCFS000 00050037-n:0/06405699-n:0
suplementar suplementar AQ0CS00 00048858-a:0/00049879-a:0/01854129-a:0
. . Fp 

Os o DA0MP0 
advogados advogar VMP00PM 00760576-v:0/00827730-v:0/02589576-v:0
sócios sócio NCMP000 06526291-n:0/09816771-n:0/09877951-n:0/09964064-n:0/10402417-n:0
de de SP 
uma um DI0FS0 
mesma mesmo PI0FS00 
sociedade sociedade NCFS000 06526291-n:0/07966140-n:0/08049401-n:0/08058098-n:0/08060694-n:0/08227214-n:0/08387930-n:0/13931627-n:0
profissional profissional AQ0CS00 01868724-a:0/01870100-a:0/02556402-a:0/02839505-a:0/02839695-a:0/02840478-a:0
não não RN 00024073-r:0/00024356-r:0/00024587-r:0/00050681-r:0
podem poder VMIP3P0 01192628-v:0/01774426-v:0/02744451-v:0
representar representar VMN0000 00013615-v:0/00836236-v:0/00943837-v:0/00988028-v:0/01686132-v:0/01688256-v:0/01688771-v:0/01711445-v:0/01716882-v:0/01719302-v:0/01719921-v:0/01723690-v:0/02137132-v:0/02541509-v:0/02541921-v:0/02581675-v:0/02620587-v:0/02697725-v:0/02698443-v:0/02699497-v:0/02723733-v:0/02740352-v:0/02742482-v:0
em em SP 
juízo juízo NCMS000 00874067-n:0/01187810-n:0/01195867-n:0/04892084-n:0/05614175-n:0/05615500-n:0/05837957-n:0/06551784-n:0
clientes cliente NCCP000 03827107-n:0/09885145-n:0/09984659-n:0/09985075-n:0/10407726-n:0
de de SP 
interesses interesse NCMP000 05143077-n:0/05143300-n:0/05159725-n:0/05192451-n:0/05670710-n:0/05671325-n:0/05682950-n:0/05853636-n:0/13286801-n:0/13318584-n:0
opostos opor VMP00PM 00776059-v:0/02378623-v:0/01246148-a:0/01662756-a:0/02070887-a:0
. . Fp 

A o DA0FS0 
sociedade sociedade NCFS000 06526291-n:0/07966140-n:0/08049401-n:0/08058098-n:0/08060694-n:0/08227214-n:0/08387930-n:0/13931627-n:0
unipessoal unipessoal AQ0CS00 
de de SP 
advocacia advocacia NCFS000 00589217-n:0/00611143-n:0
pode poder VMIP3S0 01192628-v:0/01774426-v:0/02744451-v:0
resultar resultar VMN0000 00339934-v:0/00343898-v:0/00357332-v:0/00770437-v:0/02372605-v:0/02609764-v:0/02625339-v:0/02633881-v:0/02634133-v:0/02634265-v:0/02634567-v:0/02737187-v:0
de de SP 
a o DA0FS0 
concentração concentração NCFS000 00372226-n:0/00375071-n:0/01231980-n:0/04865502-n:0/04941453-n:0/05038593-n:0/05088804-n:0/05650579-n:0/05704266-n:0/07413899-n:0/07951464-n:0
por por SP 
um um DI0MS0 
advogado advogado NCMS000 09774783-n:0/09775663-n:0/09840963-n:0/10249950-n:0/10623175-n:0
de de SP 
as o DA0FP0 
quotas quota NCFP000 06660396-n:0/13289744-n:0/13308999-n:0/13599348-n:0
de de SP 
uma um DI0FS0 
sociedade sociedade NCFS000 06526291-n:0/07966140-n:0/08049401-n:0/08058098-n:0/08060694-n:0/08227214-n:0/08387930-n:0/13931627-n:0
de de SP 
advogados advogado NCMP000 09774783-n:0/09775663-n:0/09840963-n:0/10249950-n:0/10623175-n:0
, , Fc 
independentemente independentemente RG 00118531-r:0/00118727-r:0/00180611-r:0/00207668-r:0/00450647-r:0
de de SP 
as o DA0FP0 
razões razão NCFP000 05651680-n:0/05819149-n:0/06739990-n:0/06740402-n:0/09178999-n:0/09179264-n:0/13404655-n:0/13819207-n:0
que que PR0CN00 
motivaram motivar VMIS3P0 01649999-v:0/01752884-v:0
tal tal DI0CS0 
concentração concentração NCFS000 00372226-n:0/00375071-n:0/01231980-n:0/04865502-n:0/04941453-n:0/05038593-n:0/05088804-n:0/05650579-n:0/05704266-n:0/07413899-n:0/07951464-n:0
. . Fp 

