O o DA0MS0 0.950254 -
processo processo NCMS000 0.998008 01184814-n:0.00227494/01023820-n:0.00202044/01182654-n:0.00196464/01181902-n:0.00195496/01198307-n:0.00195218/05701363-n:0.00191278/01195867-n:0.00184256/00029677-n:0.00180664/01023636-n:0.00180357/05470189-n:0.00177797/05701738-n:0.00172894/06503551-n:0.00158261
disciplinar disciplinar VMN0000 0.529581 02553428-v:0.0198903
instaura instaurar VMIP3S0 1 -
se se PP3CN00 1 -
de de SP 1 -
ofício ofício NCMS000 1 00606370-n:0.00345896/00582388-n:0.00338333/00720565-n:0.00321899/00719705-n:0.00311773/08436562-n:0.00310781/01033458-n:0.00309381/13945102-n:0.00292435
ou ou CC 1 -
mediante mediante SP 0.681897 -
representação representação NCFS000 1 05767733-n:0.00208209/00548802-n:0.00203592/06891493-n:0.00201848/00548326-n:0.00200019/04076846-n:0.00196282/07201804-n:0.00194899/05766984-n:0.00191914/14000403-n:0.00190062/00898518-n:0.00189133/01217499-n:0.0018556/00721660-n:0.00182642
de de SP 1 -
qualquer qualquer DI0CS0 0.881232 -
autoridade autoridade NCFS000 1 05196582-n:0.00289202/09824361-n:0.00260427/09824609-n:0.00251093/09623038-n:0.00249655/08050678-n:0.0024936/08337324-n:0.00242996/05697363-n:0.00240924/04763293-n:0.00238949/06411592-n:0.00238375
ou ou CC 1 -
pessoa pessoa NCFS000 1 00007846-n:0.00939549/80000973-n:0.00396881/06326797-n:0.00270131/10344443-n:0.00269793/04617562-n:0.00264612/10203839-n:0.00262254/05217688-n:0.00261221/10289039-n:0.00253057
interessada interessar VMP00SF 0.721918 01342237-a:0.00382452/01821423-v:0.00370896/02678438-v:0.00357002/02678663-v:0.00339423/00722675-v:0.00332302/01515692-a:0.00329766
. . Fp 1 -

O o DA0MS0 0.950254 -
Código_de_Ética código_de_ética NP00V00 1 -
e e CC 0.999951 -
Disciplina disciplina NP00G00 1 04881623-n:0.00413251/05662876-n:0.00398007/00893836-n:0.0039397/05996646-n:0.00384809/05726596-n:0.00353046/01132864-n:0.00336687
estabelece estabelecer VMIP3S0 0.999479 00665476-v:0.00202491/02621395-v:0.00202175/02427103-v:0.00172886/00664788-v:0.00170522/01647229-v:0.00169388/00730758-v:0.00166942/00636888-v:0.00160792/01062395-v:0.00160443/01570108-v:0.00155825/02635033-v:0.00154889/00539338-v:0.00152067/01647672-v:0.0014992/01655505-v:0.00145383
os o DA0MP0 0.958022 -
critérios critério NCMP000 1 07260623-n:0.00595972/05614175-n:0.00531598/06782019-n:0.00521694/04892084-n:0.00513085
de de SP 1 -
admissibilidade admissibilidade NCFS000 1 04793016-n:0.021872
de de SP 1 -
a o DA0FS0 0.675415 - a SP 0.313151 - o PP3FSA0 0.00613742 - o PD0FS00 0.00514062 - a NCMS000 0.000156639 -
representação representação NCFS000 1 05767733-n:0.00203544/00548802-n:0.00203418/06891493-n:0.0020134/00548326-n:0.00199956/04076846-n:0.00197513/07201804-n:0.00194789/05766984-n:0.00191667/14000403-n:0.00189656/00898518-n:0.00189072/01217499-n:0.00183906/00721660-n:0.00182213
e e CC 0.999951 -
os o DA0MP0 0.958022 -
procedimentos procedimento NCMP000 1 01023820-n:0.00588535/00577068-n:0.005247/01023636-n:0.00522587/04897762-n:0.00518444
disciplinares disciplinar VMN02S0 0.976071 02553428-v:0.0199687
. . Fp 1 -

O o DA0MS0 0.950254 -
processo processo NCMS000 0.998008 01184814-n:0.0013901/01182654-n:0.00135022/01181902-n:0.00118483/01023820-n:0.00115917/01198307-n:0.00115234/05701363-n:0.00109807/01195867-n:0.00107662/01023636-n:0.00105444/00029677-n:0.00104024/05470189-n:0.00103454/05701738-n:0.000992197/06503551-n:0.000906544
disciplinar disciplinar VMN0000 0.529581 02553428-v:0.0113683
tramita tramitar VMIP3S0 0.999479 02245765-v:0.0119246
em em SP 1 -
sigilo sigilo NCMS000 0.914011 14416089-n:0.0130063
, , Fc 1 -
até até SP 0.764262 -
o o DA0MS0 0.950254 -
seu seu DP3MSS 0.957305 -
término término NCMS000 1 15266911-n:0.00181597/05868477-n:0.00116999/15267536-n:0.00116882/00229260-n:0.00114718/15268682-n:0.00111157/00210797-n:0.00111093/06770875-n:0.00109302/06303888-n:0.0010844/05855904-n:0.00102782/08565894-n:0.00102746/15226451-n:0.00101743
, , Fc 1 -
só só RG 0.989218 00004722-r:0.00208372/00008600-r:0.00205242/00010759-r:0.00193212/00010914-r:0.00183434/00011011-r:0.00182332/00028319-r:0.00181042
tendo ter VMG0000 0.996894 00065639-v:0.000826298/00056930-v:0.00077516/02204692-v:0.0006078/02205098-v:0.00060505/02108026-v:0.000595321/01733477-v:0.000591007/02203362-v:0.000589276/02700867-v:0.000586506/02630189-v:0.000586412/02632167-v:0.000583866/02655135-v:0.000563886/02603699-v:0.000551792/02630871-v:0.000540907/00065370-v:0.000540379/02355596-v:0.000529092/01156834-v:0.000527626/02210119-v:0.000524108/00052374-v:0.00049946/00059559-v:0.000487199/00121046-v:0.000484436/00639849-v:0.0004747/02740745-v:0.000463349/02746275-v:0.000451161/02749904-v:0.000449563
acesso acesso NCMS000 1 03290771-n:0.00123831/05805475-n:0.00118658/05176188-n:0.00115857/00281132-n:0.00115753/07014320-n:0.00115413/03224032-n:0.00114322/14081375-n:0.00113995/02671062-n:0.00113454/05175467-n:0.0011048/06354204-n:0.00106721/00049789-n:0.00100219
a a SP 1 -
as o DA0FP0 0.974798 - o PD0FP00 0.0142702 - o PP3FPA0 0.0109322 -
suas seu DP3FSP 0.994048 -
informações informação NCFP000 1 06642138-n:0.00217665/06634376-n:0.00197688/05816287-n:0.00165598/08462320-n:0.00160099/07221094-n:0.00155539/05816622-n:0.00146409/07212190-n:0.00143069/07237561-n:0.00136426
as o DA0FP0 0.974798 -
partes parte NCFP000 0.495935 13285176-n:0.00102523/10402824-n:0.000800978/05867413-n:0.000654263/08630039-n:0.000645586/08256968-n:0.0006451/03892891-n:0.000603175/05868954-n:0.000602717/00787465-n:0.00059813/03081021-n:0.000594595/05929008-n:0.000569068/08649345-n:0.00056661/06392001-n:0.000564904/08264897-n:0.000564479/04164989-n:0.000548986/15257829-n:0.000537283/13809207-n:0.000535437/13086908-n:0.000523114/01085098-n:0.000513086/09385911-n:0.000510682/03390207-n:0.000502677/13286524-n:0.000492212/05852973-n:0.000490738/09428741-n:0.000469232/05671974-n:0.000458737
, , Fc 1 -
seus seu DP3MPS 0.857735 -
defensores defensor NCMP000 0.593522 09774783-n:0.00331629/10249950-n:0.00318646/09614684-n:0.00296462/09799461-n:0.00295041
e e CC 0.999951 -
a o DA0FS0 0.675415 -
autoridade autoridade NCFS000 1 05196582-n:0.00168593/09824609-n:0.00148091/09623038-n:0.00146583/08050678-n:0.00145557/08337324-n:0.00142497/05697363-n:0.00138527/04763293-n:0.00136696/06411592-n:0.00136324/09824361-n:0.00134234
judiciária judiciário AQ0FS00 1 02752987-a:0.0041251/01400961-a:0.00404273/02753205-a:0.00362208
competente competente AQ0CS00 0.585551 00510050-a:0.00310502/00051571-a:0.00304697/02226162-a:0.00299328/00512130-a:0.00298069
. . Fp 1 -

