Em em SP 1 -
a o DA0FS0 1 -
aplicação aplicação NCFS000 1 00694990-n:0/00949134-n:0/01127019-n:0/06570110-n:0
de de SP 1 -
as o DA0FP0 0.974798 - o PD0FP00 0.0142702 - o PP3FPA0 0.0109322 -
sanções sanção NCFP000 1 01124246-n:0/01139000-n:0/05176607-n:0/06687358-n:0/06689297-n:0
disciplinares disciplinar VMN02S0 0.976071 02553428-v:0
, , Fc 1 -
são ser VMIP3P0 0.998554 01717851-v:0/02597601-v:0/02603699-v:0/02604760-v:0/02627363-v:0/02749904-v:0
consideradas considerar VMP00PF 0.980769 00640650-v:0/00689809-v:0/00689950-v:0/00690305-v:0/00690614-v:0/00691312-v:0/00693780-v:0/00711715-v:0/00712135-v:0/00712556-v:0/00734054-v:0/00813044-v:0/00950431-v:0/01773130-v:0/02166460-v:0
, , Fc 1 -
para para SP 0.999444 -
fins fim NCMP000 1 05981230-n:0/07291312-n:0/07291794-n:0/11410625-n:0/15143477-n:0/15266911-n:0/15267536-n:0
de de SP 1 -
atenuação atenuação NCFS000 1 05041712-n:0/07427534-n:0
, , Fc 1 -
as o DA0FP0 0.974798 -
seguintes seguinte AQ0CP00 0.97619 00127815-a:0/00127948-a:0
circunstâncias circunstância NCFP000 1 05822746-n:0/13942875-n:0/14512817-n:0
, , Fc 1 -
entre entre SP 0.987856 -
outras outro PI0FP00 0.350746 -
: : Fd 1 -
falta falta NCFS000 0.816239 00067397-n:0/00770997-n:0/01234090-n:0/13960974-n:0/14449405-n:0/14449865-n:0
cometida cometer VMP00SF 0.721918 02582615-v:0
em em SP 1 -
a o DA0FS0 1 -
defesa defesa NCFS000 0.99569 00823750-n:0/00954311-n:0/03171356-n:0
de de SP 1 -
prerrogativa prerrogativa NCFS000 1 05178715-n:0
profissional profissional AQ0CS00 0.567364 01868724-a:0/01870100-a:0/02556402-a:0/02839505-a:0/02840478-a:0
; ; Fx 1 -
ausência ausência NCFS000 1 01234345-n:0/13960974-n:0/14088412-n:0/14449405-n:0/15270862-n:0
de de SP 1 -
punição punição NCFS000 1 01160342-n:0/01161821-n:0
disciplinar disciplinar VMN0000 0.529581 02553428-v:0
anterior anterior AQ0CS00 1 00122128-a:0/00668816-a:0/00814611-a:0/01729819-a:0
; ; Fx 1 -
exercício exercício NCMS000 1 00729919-n:0/00894552-n:0/15203120-n:0
assíduo assíduo AQ0MS00 1 00754393-a:0/00754682-a:0
e e CC 0.999951 -
proficiente proficiente AQ0CS00 1 01277426-a:0
de de SP 1 -
mandato mandato NCMS000 0.98913 01140658-n:0/06530789-n:0/06552984-n:0/06556481-n:0
ou ou CC 1 -
cargo cargo NCMS000 1 00586105-n:0/00586262-n:0/13945102-n:0
em em SP 1 -
qualquer qualquer DI0CS0 0.881232 -
órgão órgão NCMS000 1 03273551-n:0/03494537-n:0/03494537-n:0/03854065-n:0/05297523-n:0/06595056-n:0/06595056-n:0/08349350-n:0/13087625-n:0
de de SP 1 -
a o DA0FS0 0.675415 - a SP 0.313151 - o PP3FSA0 0.00613742 - o PD0FS00 0.00514062 - a NCMS000 0.000156639 06831177-n:0
OAB oab NP00O00 1 -
; ; Fx 1 -
prestação prestação NCFS000 1 00240938-n:0
de de SP 1 -
relevantes relevante AQ0CP00 0.618352 01975138-a:0
serviços serviço NCMP000 1 00098625-n:0/00568430-n:0/00568430-n:0/00577525-n:0/00582388-n:0/00584891-n:0/00719705-n:0/01032040-n:0/01032368-n:0/01209576-n:0/03315023-n:0/04175380-n:0/08186047-n:0/13325847-n:0/13968092-n:0
a a SP 1 -
a o DA0FS0 0.675415 - a SP 0.313151 - o PP3FSA0 0.00613742 - o PD0FS00 0.00514062 - a NCMS000 0.000156639 06831177-n:0
advocacia advocacia NCFS000 1 00589217-n:0/00611143-n:0
ou ou CC 1 -
a a SP 1 -
a o DA0FS0 0.675415 - a SP 0.313151 - o PP3FSA0 0.00613742 - o PD0FS00 0.00514062 - a NCMS000 0.000156639 06831177-n:0
causa causa NCFS000 0.931889 00798245-n:0/01181902-n:0/01182654-n:0/07326557-n:0/09178999-n:0/09179382-n:0
pública público AQ0FS00 1 00493297-a:0/01861205-a:0
. . Fp 1 -

Os o DA0MP0 0.958022 -
antecedentes antecedente NCMP000 0.441677 06603651-n:0
profissionais profissional AQ0CP00 0.336957 01868724-a:0/01870100-a:0/02556402-a:0/02839505-a:0/02840478-a:0
de de SP 1 -
o o DA0MS0 0.950254 - o PD0MS00 0.0313531 - o PP3MSA0 0.0183743 - o NCMS000 1.85412e-05 05198036-n:0/06832680-n:0
inscrito inscrever VMP00SM 0.992518 01097309-v:0/02471087-v:0/02471327-v:0
, , Fc 1 -
as o DA0FP0 0.974798 -
atenuantes atenuante NCCP000 0.50272 -
, , Fc 1 -
o o DA0MS0 0.950254 -
grau grau NCMS000 1 05093890-n:0/05094565-n:0/13584918-n:0/13611207-n:0/13714184-n:0/13939892-n:0/14429608-n:0
de de SP 1 -
culpa culpa NCFS000 0.819323 04669692-n:0/06713752-n:0/07536245-n:0/13990675-n:0/13991346-n:0
por por SP 1 -
ele ele PP3MS00 1 -
revelada revelar VMP00SF 0.992518 00933821-v:0/00935264-v:0/01339505-v:0/01483478-v:0/02137710-v:0/02138766-v:0/02143283-v:0/02144101-v:0/02144243-v:0/02235842-v:0
, , Fc 1 -
as o DA0FP0 0.974798 -
circunstâncias circunstância NCFP000 1 05822746-n:0/13942875-n:0/14512817-n:0
e e CC 0.999951 -
as o DA0FP0 0.974798 -
conseqüências consequência NCFP000 1 05170574-n:0
de de SP 1 -
a o DA0FS0 0.675415 - a SP 0.313151 - o PP3FSA0 0.00613742 - o PD0FS00 0.00514062 - a NCMS000 0.000156639 06831177-n:0
infração infração NCFS000 1 00770270-n:0
são ser VMIP3P0 0.998554 01717851-v:0/02597601-v:0/02603699-v:0/02604760-v:0/02627363-v:0/02749904-v:0
considerados considerar VMP00PM 0.992518 00640650-v:0/00689809-v:0/00689950-v:0/00690305-v:0/00690614-v:0/00691312-v:0/00693780-v:0/00711715-v:0/00712135-v:0/00712556-v:0/00734054-v:0/00813044-v:0/00950431-v:0/01773130-v:0/02166460-v:0
para para SP 0.999444 -
o o DA0MS0 0.950254 -
fim fim NCMS000 1 05981230-n:0/07291312-n:0/07291794-n:0/11410625-n:0/15143477-n:0/15266911-n:0/15267536-n:0
de de SP 1 -
decidir decidir VMN0000 0.328 00634472-v:0/00697589-v:0/00698855-v:0/00699626-v:0/00701877-v:0/00763399-v:0
: : Fd 1 -
sobre sobre SP 0.997342 -
a o DA0FS0 0.675415 -
conveniência conveniência NCFS000 1 04715487-n:0
de de SP 1 -
a o DA0FS0 0.675415 - a SP 0.313151 - o PP3FSA0 0.00613742 - o PD0FS00 0.00514062 - a NCMS000 0.000156639 06831177-n:0
aplicação aplicação NCFS000 1 00694990-n:0/00949134-n:0/01127019-n:0/06570110-n:0
cumulativa cumulativo AQ0FS00 1 00029769-a:0/00048460-a:0
de de SP 1 -
a o DA0FS0 0.675415 - a SP 0.313151 - o PP3FSA0 0.00613742 - o PD0FS00 0.00514062 - a NCMS000 0.000156639 06831177-n:0
multa multa NCFS000 0.953488 06558678-n:0/13301328-n:0/13301328-n:0
e e CC 0.999951 -
de de SP 1 -
outra outro DI0FS0 0.616959 -
sanção sanção NCFS000 1 01124246-n:0/01139000-n:0/05176607-n:0/06687358-n:0/06689297-n:0
disciplinar disciplinar VMN0000 0.529581 02553428-v:0
; ; Fx 1 -
sobre sobre SP 0.997342 -
o o DA0MS0 0.950254 -
tempo tempo NCMS000 1 00028270-n:0/07086518-n:0/11456462-n:0/11524662-n:0/15113229-n:0/15122231-n:0/15236475-n:0/15239292-n:0/15239579-n:0/15246353-n:0/15248564-n:0/15269513-n:0/15270431-n:0
de de SP 1 -
suspensão suspensão NCFS000 1 00209132-n:0/01017701-n:0/01063578-n:0/04366116-n:0/07368256-n:0/14010636-n:0/15271008-n:0
e e CC 0.999951 -
o o DA0MS0 0.950254 -
valor valor NCMS000 1 05138208-n:0/05159725-n:0/05856388-n:0/05923983-n:0/13413493-n:0/13764342-n:0
de de SP 1 -
a o DA0FS0 0.675415 - a SP 0.313151 - o PP3FSA0 0.00613742 - o PD0FS00 0.00514062 - a NCMS000 0.000156639 06831177-n:0
multa multa NCFS000 0.953488 06558678-n:0/13301328-n:0/13301328-n:0
aplicáveis aplicável AQ0CP00 0.960748 01975448-a:0
. . Fp 1 -

