A o DA0FS0 0.675415 -
prestação prestação NCFS000 1 00240938-n:0/13308999-n:0
de de SP 1 -
serviço serviço NCMS000 1 00098625-n:0/00568430-n:0/00577525-n:0/00582388-n:0/00584891-n:0/00719705-n:0/01032040-n:0/01032368-n:0/01209576-n:0/03315023-n:0/04175380-n:0/04558478-n:0/08114861-n:0/08186047-n:0/13325847-n:0/13968092-n:0
profissional profissional AQ0CS00 0.567364 01868724-a:0/01870100-a:0/02556402-a:0/02839505-a:0/02839695-a:0/02840478-a:0
assegura assegurar VMIP3S0 0.999479 00221718-v:0/00662589-v:0/00884011-v:0/00890590-v:0/00891216-v:0/00891936-v:0/00896803-v:0/01019643-v:0/01289492-v:0/01306425-v:0/01340439-v:0/02251065-v:0
a a SP 1 -
os o DA0MP0 0.958022 - o PD0MP00 0.021587 - o PP3MPA0 0.0203911 -
inscritos inscrever VMP00PM 0.892483 00887325-v:0/01001008-v:0/01097309-v:0/01276192-v:0/01321895-v:0/01583344-v:0/01749790-v:0/02471087-v:0/02471327-v:0/02472033-v:0
em em SP 1 -
a o DA0FS0 1 -
OAB oab NP00000 1 -
o o DA0MS0 0.950254 -
direito direito NCMS000 0.936047 00611143-n:0/05174653-n:0/05181199-n:0/05565337-n:0/06161718-n:0/08625073-n:0/13308999-n:0/13341756-n:0
a a SP 1 -
os o DA0MP0 0.958022 - o PD0MP00 0.021587 - o PP3MPA0 0.0203911 -
honorários honorário NCMP000 0.632572 13320168-n:0
convencionados convencionar VMP00PM 0.992518 01019472-v:0
, , Fc 1 -
a a SP 1 -
os o DA0MP0 0.958022 - o PD0MP00 0.021587 - o PP3MPA0 0.0203911 -
fixados fixar VMP00PM 0.992518 00486998-v:0/00722232-v:0/00947077-v:0/01020005-v:0/01340439-v:0/01343892-v:0/01616901-v:0/01647229-v:0/01647543-v:0/01059400-a:0
por por SP 1 -
arbitramento arbitramento NCMS000 1 -
judicial judicial AQ0CS00 1 01400961-a:0/02752987-a:0/02753205-a:0/02753724-a:0
e e CC 0.999951 -
a a SP 1 -
os o DA0MP0 0.958022 - o PD0MP00 0.021587 - o PP3MPA0 0.0203911 -
de de SP 1 -
sucumbência sucumbência NCFS000 1 -
. . Fp 1 -

O o DA0MS0 0.950254 -
advogado advogado NCMS000 0.975904 09774783-n:0/09775663-n:0/09840963-n:0/10249950-n:0/10623175-n:0
, , Fc 1 -
quando quando RG 0.998992 -
indicado indicar VMP00SM 0.992518 00749376-v:0/00772640-v:0/00921300-v:0/00923197-v:0/00923793-v:0/00928015-v:0/00955148-v:0/00955472-v:0/01004062-v:0/01039330-v:0/01058574-v:0/01061481-v:0/01931768-v:0/01020885-a:0
para para SP 0.999444 -
patrocinar patrocinar VMN0000 0.529581 00908621-v:0/01185011-v:0/02219940-v:0/02220148-v:0/02466134-v:0
causa causa NCFS000 0.931889 00007347-n:0/00023773-n:0/00798245-n:0/01181902-n:0/01182654-n:0/06740402-n:0/07326557-n:0/09178999-n:0/09179264-n:0/09179382-n:0/09179606-n:0
de de SP 1 -
juridicamente juridicamente RG 1 -
necessitado necessitar VMP00SM 0.721822 01188725-v:0/01189113-v:0/02627934-v:0/02632353-v:0/01050890-a:0
, , Fc 1 -
no_caso_de no_caso_de SP 1 -
impossibilidade impossibilidade NCFS000 1 14483126-n:0
de de SP 1 -
a o DA0FS0 0.675415 - a SP 0.313151 - o PP3FSA0 0.00613742 - o PD0FS00 0.00514062 - a NCMS000 0.000156639 -
Defensoria_Pública defensoria_pública NP00000 1 10490557-n:0
em em SP 1 -
o o DA0MS0 1 -
local local NCFS000 0.41142 00586262-n:0/05074774-n:0/08621598-n:0/08622950-n:0/08627161-n:0/08664443-n:0
de de SP 1 -
a o DA0FS0 0.675415 - a SP 0.313151 - o PP3FSA0 0.00613742 - o PD0FS00 0.00514062 - a NCMS000 0.000156639 -
prestação prestação NCFS000 1 00240938-n:0/13308999-n:0
de de SP 1 -
serviço serviço NCMS000 1 00098625-n:0/00568430-n:0/00577525-n:0/00582388-n:0/00584891-n:0/00719705-n:0/01032040-n:0/01032368-n:0/01209576-n:0/03315023-n:0/04175380-n:0/04558478-n:0/08114861-n:0/08186047-n:0/13325847-n:0/13968092-n:0
, , Fc 1 -
tem ter VMIP3S0 0.999287 00052374-v:0/00056930-v:0/00059559-v:0/00065370-v:0/00065639-v:0/00121046-v:0/00639849-v:0/01156834-v:0/01733477-v:0/02108026-v:0/02203362-v:0/02204692-v:0/02205098-v:0/02210119-v:0/02355596-v:0/02603699-v:0/02630189-v:0/02630871-v:0/02632167-v:0/02655135-v:0/02700867-v:0/02740745-v:0/02746275-v:0/02749904-v:0
direito direito NCMS000 0.936047 00611143-n:0/05174653-n:0/05181199-n:0/05565337-n:0/06161718-n:0/08625073-n:0/13308999-n:0/13341756-n:0
a a SP 1 -
os o DA0MP0 0.958022 - o PD0MP00 0.021587 - o PP3MPA0 0.0203911 -
honorários honorário NCMP000 0.632572 13320168-n:0
fixados fixar VMP00PM 0.992518 00486998-v:0/00722232-v:0/00947077-v:0/01020005-v:0/01340439-v:0/01343892-v:0/01616901-v:0/01647229-v:0/01647543-v:0/01059400-a:0
por por SP 1 -
o o DA0MS0 1 -
juiz juiz NCMS000 1 09769636-n:0/09803429-n:0/10225219-n:0/10280945-n:0/10372076-n:0/10514429-n:0/10735984-n:0
, , Fc 1 -
segundo segundo SP 0.636259 -
tabela tabela NCFS000 0.819296 01011166-n:0/02768226-n:0/02856463-n:0/06999802-n:0/07002992-n:0/08266235-n:0/15101854-n:0
organizada organizar VMP00SF 0.992518 00275843-v:0/00276068-v:0/00404222-v:0/00404642-v:0/00706804-v:0/00710005-v:0/00735571-v:0/01648126-v:0/01651444-v:0/02432530-v:0/02434238-v:0/02448185-v:0/01668340-a:0/01670221-a:0
por por SP 1 -
o o DA0MS0 1 -
Conselho_Seccional_da_OAB conselho_seccional_da_oab NP00000 1 -
, , Fc 1 -
e e CC 0.999951 -
pagos pago NCMP000 0.632611 13278375-n:0/13279262-n:0
por por SP 1 -
o o DA0MS0 1 -
Estado estado NP00000 1 00024720-n:0/08168978-n:0/08178547-n:0/08544813-n:0/08654360-n:0/13920429-n:0/13920835-n:0/13945919-n:0/13988498-n:0/14418395-n:0
. . Fp 1 -

Em em SP 1 -
a o DA0FS0 1 -
falta falta NCFS000 0.816239 00067397-n:0/00070965-n:0/00735936-n:0/00766234-n:0/00770270-n:0/00770997-n:0/01234090-n:0/05116953-n:0/05162642-n:0/13960974-n:0/14449405-n:0/14449865-n:0/14462946-n:0
de de SP 1 -
estipulação estipulação NCFS000 1 01149303-n:0/06755568-n:0
ou ou CC 1 -
de_acordo de_acordo RG 1 00038625-r:0/00144722-r:0
, , Fc 1 -
os o DA0MP0 0.958022 -
honorários honorário NCMP000 0.632572 13320168-n:0
são ser VMIP3P0 0.998554 00339934-v:0/01717851-v:0/02445925-v:0/02597601-v:0/02603699-v:0/02604760-v:0/02614181-v:0/02616386-v:0/02620587-v:0/02627363-v:0/02655135-v:0/02664769-v:0/02702508-v:0/02731024-v:0/02749904-v:0
fixados fixar VMP00PM 0.992518 00486998-v:0/00722232-v:0/00947077-v:0/01020005-v:0/01340439-v:0/01343892-v:0/01616901-v:0/01647229-v:0/01647543-v:0/01059400-a:0
por por SP 1 -
arbitramento arbitramento NCMS000 1 -
judicial judicial AQ0CS00 1 01400961-a:0/02752987-a:0/02753205-a:0/02753724-a:0
, , Fc 1 -
em em SP 1 -
remuneração remuneração NCFS000 1 13279262-n:0/13282550-n:0
compatível compatível AQ0CS00 0.617347 00507464-a:0/00509039-a:0/00509576-a:0/00560586-a:0
com com SP 1 -
o o DA0MS0 0.950254 -
trabalho trabalho NCMS000 0.997967 00575741-n:0/00576717-n:0/00576877-n:0/00581241-n:0/00582388-n:0/00584367-n:0/00584769-n:0/00620752-n:0/00621476-n:0/00719705-n:0/00795720-n:0/00796886-n:0/03599628-n:0/03841417-n:0/04599396-n:0/04602044-n:0/08137495-n:0/13968092-n:0
e e CC 0.999951 -
o o DA0MS0 0.950254 -
valor valor NCMS000 1 04857083-n:0/04857490-n:0/04857738-n:0/04859816-n:0/04979425-n:0/05138208-n:0/05138488-n:0/05141683-n:0/05159725-n:0/05856388-n:0/05923983-n:0/06601327-n:0/13413493-n:0/13764342-n:0/15134913-n:0
econômico econômico AQ0MS00 1 00840212-a:0/00935103-a:0/01871565-a:0/02421364-a:0/02716605-a:0/02716739-a:0
de de SP 1 -
a o DA0FS0 0.675415 - a SP 0.313151 - o PP3FSA0 0.00613742 - o PD0FS00 0.00514062 - a NCMS000 0.000156639 -
questão questão NCFS000 1 04757522-n:0/05688397-n:0/05814291-n:0/06783768-n:0/06784003-n:0/07184149-n:0/07193184-n:0/07193596-n:0/07196682-n:0
, , Fc 1 -
não não RN 0.99985 00024073-r:0/00024356-r:0/00024587-r:0/00050681-r:0
podendo poder VMG0000 1 01192628-v:0/01774426-v:0/02744451-v:0
ser ser VMN0000 0.33093 00339934-v:0/01717851-v:0/02445925-v:0/02597601-v:0/02603699-v:0/02604760-v:0/02614181-v:0/02616386-v:0/02620587-v:0/02627363-v:0/02655135-v:0/02664769-v:0/02702508-v:0/02731024-v:0/02749904-v:0
inferiores inferior NCCP000 0.350283 -
a a SP 1 -
os o DA0MP0 0.958022 - o PD0MP00 0.021587 - o PP3MPA0 0.0203911 -
estabelecidos estabelecer VMP00PM 0.992518 00539338-v:0/00636888-v:0/00664788-v:0/00665476-v:0/00730758-v:0/01062395-v:0/01570108-v:0/01647229-v:0/01647672-v:0/01655505-v:0/02427103-v:0/02621395-v:0/02635033-v:0/02493300-a:0
em em SP 1 -
a o DA0FS0 1 -
tabela tabela NCFS000 0.819296 01011166-n:0/02768226-n:0/02856463-n:0/06999802-n:0/07002992-n:0/08266235-n:0/15101854-n:0
organizada organizar VMP00SF 0.992518 00275843-v:0/00276068-v:0/00404222-v:0/00404642-v:0/00706804-v:0/00710005-v:0/00735571-v:0/01648126-v:0/01651444-v:0/02432530-v:0/02434238-v:0/02448185-v:0/01668340-a:0/01670221-a:0
por por SP 1 -
o o DA0MS0 1 -
Conselho_Seccional_da_OAB conselho_seccional_da_oab NP00000 1 -
. . Fp 1 -

Salvo salvo RG 0.438784 -
estipulação estipulação NCFS000 1 01149303-n:0/06755568-n:0
em em SP 1 -
contrário contrário NCMS000 0.916667 09773245-n:0/10098710-n:0/10379620-n:0/13858270-n:0/13858604-n:0/13858833-n:0
, , Fc 1 -
um um DI0MS0 0.877848 -
terço terço NCMS000 0.521053 04109335-n:0/04606014-n:0/13737190-n:0
de de SP 1 -
os o DA0MP0 0.958022 - o PD0MP00 0.021587 - o PP3MPA0 0.0203911 -
honorários honorário NCMP000 0.632572 13320168-n:0
é ser VMIP3S0 1 00339934-v:0/01717851-v:0/02445925-v:0/02597601-v:0/02603699-v:0/02604760-v:0/02614181-v:0/02616386-v:0/02620587-v:0/02627363-v:0/02655135-v:0/02664769-v:0/02702508-v:0/02731024-v:0/02749904-v:0
devido dever VMP00SM 0.986928 02253956-v:0/02254155-v:0/02731814-v:0/00136354-a:0
em em SP 1 -
o o DA0MS0 1 -
início início NCMS000 1 00235435-n:0/00240184-n:0/00241699-n:0/05868051-n:0/06397476-n:0/07290905-n:0/07325190-n:0/07325990-n:0/07452699-n:0/08507558-n:0/15265518-n:0
de de SP 1 -
o o DA0MS0 0.950254 - o PD0MS00 0.0313531 - o PP3MSA0 0.0183743 - o NCMS000 1.85412e-05 -
serviço serviço NCMS000 1 00098625-n:0/00568430-n:0/00577525-n:0/00582388-n:0/00584891-n:0/00719705-n:0/01032040-n:0/01032368-n:0/01209576-n:0/03315023-n:0/04175380-n:0/04558478-n:0/08114861-n:0/08186047-n:0/13325847-n:0/13968092-n:0
, , Fc 1 -
outro outro DI0MS0 0.802288 -
terço terço NCMS000 0.521053 04109335-n:0/04606014-n:0/13737190-n:0
até até SP 0.764262 -
a o DA0FS0 0.675415 -
decisão decisão NCFS000 1 00162632-n:0/01191158-n:0/04863969-n:0/05788149-n:0/05838176-n:0/07293546-n:0
de de SP 1 -
primeira primeiro AO0FS00 0.963287 00228294-a:0/01009206-a:0/01009343-a:0/01010862-a:0/01012990-a:0/01277426-a:0/02202047-a:0
instância instância NCFS000 1 06473837-n:0/06513366-n:0/07185325-n:0/07308889-n:0/14451349-n:0
e e CC 0.999951 -
o o DA0MS0 0.950254 -
restante restante NCCS000 0.432636 13810818-n:0
em em SP 1 -
o o DA0MS0 1 -
final final NCFS000 0.422733 00090076-n:0/00210797-n:0/00216038-n:0/05868477-n:0/06398401-n:0/07198276-n:0/07291312-n:0/07291794-n:0/07466832-n:0/08565894-n:0/08566028-n:0/14562960-n:0/15266911-n:0/15267536-n:0
. . Fp 1 -

Se se CS 0.138341 -
o o DA0MS0 0.950254 -
advogado advogado NCMS000 0.975904 09774783-n:0/09775663-n:0/09840963-n:0/10249950-n:0/10623175-n:0
fizer fazer VMSF1S0 0.5 00010435-v:0/00012267-v:0/00056930-v:0/00059559-v:0/00065370-v:0/00107369-v:0/00120316-v:0/00120675-v:0/00121046-v:0/00142191-v:0/00408624-v:0/00665476-v:0/00698256-v:0/00730758-v:0/00767334-v:0/00770437-v:0/00818974-v:0/01116980-v:0/01438902-v:0/01617192-v:0/01619014-v:0/01621555-v:0/01627355-v:0/01628197-v:0/01629000-v:0/01629589-v:0/01640207-v:0/01645601-v:0/01646075-v:0/01647229-v:0/01649024-v:0/01653873-v:0/01658188-v:0/01659248-v:0/01685313-v:0/01712704-v:0/01714208-v:0/01719921-v:0/01733477-v:0/01738774-v:0/01739814-v:0/01752495-v:0/01752884-v:0/01753788-v:0/01754737-v:0/01755504-v:0/02176268-v:0/02203362-v:0/02204692-v:0/02205098-v:0/02211948-v:0/02355596-v:0/02367363-v:0/02374764-v:0/02434859-v:0/02530167-v:0/02539788-v:0/02560585-v:0/02560767-v:0/02561995-v:0/02562901-v:0/02568672-v:0/02582921-v:0/02598483-v:0/02599636-v:0/02617567-v:0/02621133-v:0/02621395-v:0/02630189-v:0/02709107-v:0/02745332-v:0
juntar juntar VMN0000 0.328 01290422-v:0/01291069-v:0/01295275-v:0/01296462-v:0/01306853-v:0/01354673-v:0/01380638-v:0/01560184-v:0/01656788-v:0/02295842-v:0/02304982-v:0/02488834-v:0/02490430-v:0/02598143-v:0/02622234-v:0
a a SP 1 -
os o DA0MP0 0.958022 - o PD0MP00 0.021587 - o PP3MPA0 0.0203911 -
autos auto NCMP000 1 02958343-n:0/06478582-n:0/06539770-n:0
o o DA0MS0 0.950254 -
seu seu DP3MSS 0.957305 -
contrato contrato NCMS000 0.992958 00083729-n:0/01217859-n:0/06520944-n:0/06525588-n:0/06545137-n:0/06737394-n:0/06772260-n:0/06773434-n:0
de de SP 1 -
honorários honorário NCMP000 0.632572 13320168-n:0
antes antes RG 0.996627 00060632-r:0/00060939-r:0/00066781-r:0
de de SP 1 -
expedir expedir VMN03S0 1 -
se se PP3CN00 1 -
o o DA0MS0 0.950254 -
mandado mandado NCMS000 0.256849 05726596-n:0/06547059-n:0/06552984-n:0/13263779-n:0
de de SP 1 -
levantamento levantamento NCMS000 1 00116376-n:0/00229260-n:0/00962129-n:0/00963241-n:0
ou ou CC 1 -
precatório precatório NCMS000 0.584625 -
, , Fc 1 -
o o DA0MS0 0.950254 -
juiz juiz NCMS000 1 09769636-n:0/09803429-n:0/10225219-n:0/10280945-n:0/10372076-n:0/10514429-n:0/10735984-n:0
deve dever VMIP3S0 0.99061 02253956-v:0/02254155-v:0/02731814-v:0
determinar determinar VMN0000 0.529581 00697589-v:0/00699815-v:0/00700708-v:0/00701040-v:0/00746718-v:0/00763399-v:0/00918872-v:0/00920336-v:0/00926472-v:0/00947077-v:0/01063188-v:0/02698319-v:0
que que CS 0.398036 -
lhe lhe PP3CSD0 1 -
sejam ser VMSP3P0 0.992424 00339934-v:0/01717851-v:0/02445925-v:0/02597601-v:0/02603699-v:0/02604760-v:0/02614181-v:0/02616386-v:0/02620587-v:0/02627363-v:0/02655135-v:0/02664769-v:0/02702508-v:0/02731024-v:0/02749904-v:0
pagos pago NCMP000 0.632611 13278375-n:0/13279262-n:0
diretamente diretamente RG 1 00051017-r:0/00051848-r:0/00058128-r:0
, , Fc 1 -
por por SP 1 -
dedução dedução NCFS000 1 05774129-n:0/05774614-n:0/05780885-n:0/05783940-n:0/13329047-n:0
de de SP 1 -
a o DA0FS0 0.675415 - a SP 0.313151 - o PP3FSA0 0.00613742 - o PD0FS00 0.00514062 - a NCMS000 0.000156639 -
quantia quantia NCFS000 0.819323 00033615-n:0/05107765-n:0/05861067-n:0
a a SP 0.313151 -
ser ser VMN0000 0.33093 00339934-v:0/01717851-v:0/02445925-v:0/02597601-v:0/02603699-v:0/02604760-v:0/02614181-v:0/02616386-v:0/02620587-v:0/02627363-v:0/02655135-v:0/02664769-v:0/02702508-v:0/02731024-v:0/02749904-v:0
recebida receber VMP00SF 0.917585 00117346-v:0/00522751-v:0/00617095-v:0/00668099-v:0/00686879-v:0/00718907-v:0/00900583-v:0/01172838-v:0/01194418-v:0/01380638-v:0/01470225-v:0/02107248-v:0/02108377-v:0/02108654-v:0/02197505-v:0/02210119-v:0/02210855-v:0/02276866-v:0/02292125-v:0/02739480-v:0/02765464-v:0/00605893-a:0
por por SP 1 -
o o DA0MS0 1 -
constituinte constituinte NCCS000 0.243133 05868954-n:0/06312966-n:0
, , Fc 1 -
salvo salvo RG 0.473804 -
se se CS 0.138341 -
este este PD0MS00 0.156516 -
provar provar VMN0000 0.328 00597061-v:0/00664788-v:0/00665235-v:0/00665630-v:0/00665886-v:0/00820976-v:0/00923793-v:0/01015244-v:0/01195299-v:0/01745052-v:0/02192992-v:0/02520997-v:0/02531625-v:0/02532886-v:0/02633881-v:0
que que CS 0.398036 -
já já RG 0.999011 00017639-r:0/00031798-r:0/00033922-r:0
os o PP3MPA0 0.0203911 -
pagou pagar VMIS3S0 1 02215506-v:0/02249741-v:0/02250625-v:0/02251743-v:0/02252931-v:0/02284803-v:0/02287209-v:0/02291708-v:0/02296495-v:0/02344060-v:0/02344243-v:0/02732292-v:0
. . Fp 1 -

O o DA0MS0 0.950254 -
disposto dispor VMP00SM 0.992518 00406243-v:0/00680841-v:0/01192628-v:0/01463963-v:0/01474209-v:0/01494310-v:0/01496497-v:0/02254258-v:0/02354922-v:0/01930512-a:0
em em SP 1 -
este este DD0MS0 0.843484 - este PD0MS00 0.156516 -
artigo artigo NCMS000 1 00022903-n:0/02745091-n:0/03076708-n:0/03748886-n:0/04550840-n:0/06268096-n:0/06269956-n:0/06324669-n:0/06392935-n:0/06681177-n:0/06681551-n:0/06683784-n:0
não não RN 0.99985 00024073-r:0/00024356-r:0/00024587-r:0/00050681-r:0
se se PP3CN00 0.861659 -
aplica aplicar VMIP3S0 0.999479 00724150-v:0/01026558-v:0/01158872-v:0/01166093-v:0/01313249-v:0/01363482-v:0/01363648-v:0/01494310-v:0/02309165-v:0/02560164-v:0/02561332-v:0/02676789-v:0/02707429-v:0
quando quando RG 0.998992 -
se se PP3CN00 0.861659 -
tratar tratar VMN0000 0.529581 00078760-v:0/00081725-v:0/00515154-v:0/00638837-v:0/00651145-v:0/01033527-v:0/02436349-v:0/02437707-v:0/02438535-v:0/02514187-v:0
de de SP 1 -
mandato mandato NCMS000 0.98913 01140471-n:0/01140658-n:0/06530789-n:0/06552984-n:0/06556481-n:0/08050678-n:0/15291498-n:0
outorgado outorgar VMP00SM 0.992518 00802318-v:0/00806049-v:0/02255268-v:0/02255462-v:0/02255942-v:0/02261888-v:0/02262278-v:0/02263346-v:0/02263692-v:0/02308741-v:0/02316649-v:0/02317094-v:0
por por SP 1 -
advogado advogado NCMS000 0.975904 09774783-n:0/09775663-n:0/09840963-n:0/10249950-n:0/10623175-n:0
para para SP 0.999444 -
defesa defesa NCFS000 0.99569 00725673-n:0/00823750-n:0/00954311-n:0/01214171-n:0/01214863-n:0/03171356-n:0/06542047-n:0/06740644-n:0/08064130-n:0/08064523-n:0/08131530-n:0/09614684-n:0/09830194-n:0
em em SP 1 -
processo processo NCMS000 0.998008 00029677-n:0/01023636-n:0/01023820-n:0/01181902-n:0/01182654-n:0/01184814-n:0/01195867-n:0/01198307-n:0/05470189-n:0/05701363-n:0/05701738-n:0/06503551-n:0
oriundo oriundo AQ0MS00 1 01036383-a:0
de de SP 1 -
ato ato NCMS000 0.914009 00030358-n:0/00037396-n:0/00550341-n:0/06532095-n:0/06545137-n:0/07009640-n:0/07447261-n:0
ou ou CC 1 -
omissão omissão NCFS000 1 00066397-n:0/00067397-n:0/05706954-n:0
praticada praticar VMP00SF 0.992518 00606093-v:0/00833702-v:0/01723224-v:0/02561332-v:0/02568672-v:0
em em SP 1 -
o o DA0MS0 1 -
exercício exercício NCMS000 1 00624738-n:0/00729919-n:0/00894552-n:0/00947128-n:0/15203120-n:0
de de SP 1 -
a o DA0FS0 0.675415 - a SP 0.313151 - o PP3FSA0 0.00613742 - o PD0FS00 0.00514062 - a NCMS000 0.000156639 -
profissão profissão NCFS000 1 00582388-n:0/00583246-n:0/00606370-n:0/00609953-n:0/05074774-n:0/06685040-n:0/06732925-n:0
. . Fp 1 -

