A o DA0FS0 0.675415 -
pretensão pretensão NCFS000 1 04788982-n:0/07484265-n:0/07484547-n:0
a a SP 1 -
a o DA0FS0 0.675415 - a SP 0.313151 - o PP3FSA0 0.00613742 - o PD0FS00 0.00514062 - a NCMS000 0.000156639 06831177-n:0
punibilidade punibilidade NCFS000 1 -
de de SP 1 -
as o DA0FP0 0.974798 - o PD0FP00 0.0142702 - o PP3FPA0 0.0109322 -
infrações infração NCFP000 1 00770270-n:0
disciplinares disciplinar VMN02S0 0.976071 02553428-v:0
prescreve prescrever VMIP3S0 0.999479 00747135-v:0
em em SP 1 -
cinco 5 Z 0.997312 -
anos ano NCMP000 1 08238660-n:0/15201505-n:0/15202131-n:0/15202634-n:0/15202806-n:0/15203229-n:0/15203565-n:0/15203791-n:0/15204297-n:0
, , Fc 1 -
contados contar VMP00PM 0.721896 00685081-v:0/00947857-v:0/00948071-v:0/00950431-v:0/00952524-v:0/00953216-v:0/01009240-v:0/02265231-v:0/02645839-v:0/02683489-v:0/02731632-v:0
de de SP 1 -
a o DA0FS0 0.675415 - a SP 0.313151 - o PP3FSA0 0.00613742 - o PD0FS00 0.00514062 - a NCMS000 0.000156639 06831177-n:0
data data NCFS000 0.870968 15159583-n:0/15159819-n:0/15160579-n:0/15179888-n:0
de de SP 1 -
a o DA0FS0 0.675415 - a SP 0.313151 - o PP3FSA0 0.00613742 - o PD0FS00 0.00514062 - a NCMS000 0.000156639 06831177-n:0
constatação constatação NCFS000 1 -
oficial oficial AQ0CS00 0.8125 01632537-a:0/01634736-a:0/01636363-a:0/01959918-a:0
de de SP 1 -
o o DA0MS0 0.950254 - o PD0MS00 0.0313531 - o PP3MSA0 0.0183743 - o NCMS000 1.85412e-05 05198036-n:0/06832680-n:0
fato fato NCMS000 1 00029378-n:0/04350905-n:0/05819453-n:0/06636259-n:0
. . Fp 1 -

Aplica aplicar VMIP3S0 1 00765396-v:0/01026558-v:0/01166093-v:0/01313249-v:0/01363482-v:0/01363648-v:0/02309165-v:0/02560164-v:0/02561332-v:0/02676789-v:0
se se PP3CN00 1 -
a o DA0FS0 0.675415 -
prescrição prescrição NCFS000 1 06365808-n:0/06533484-n:0/06652242-n:0/06788565-n:0/06788785-n:0
a a SP 0.313151 -
todo todo DI0MS0 0.724605 -
processo processo NCMS000 0.998008 01023636-n:0/01023820-n:0/01181902-n:0/01182654-n:0/01198307-n:0
disciplinar disciplinar VMN0000 0.529581 02553428-v:0
paralisado paralisar VMP00SM 0.992518 00268477-v:0/00268680-v:0/00268796-v:0
por por SP 1 -
mais mais RG 0.999721 00029367-r:0/00099712-r:0
de de SP 1 -
três 3 Z 1 -
anos ano NCMP000 1 08238660-n:0/15201505-n:0/15202131-n:0/15202634-n:0/15202806-n:0/15203229-n:0/15203565-n:0/15203791-n:0/15204297-n:0
, , Fc 1 -
pendente pendente AQ0CS00 0.667364 01004703-a:0
de de SP 1 -
despacho despacho NCMS000 0.914011 00061290-n:0/06682794-n:0
ou ou CC 1 -
julgamento julgamento NCMS000 1 00874067-n:0/01187810-n:0/01191158-n:0/01195867-n:0/05789432-n:0/06710546-n:0
, , Fc 1 -
devendo dever VMG0000 1 02253956-v:0/02254155-v:0/02731814-v:0
ser ser VMN0000 0.33093 01717851-v:0/02597601-v:0/02603699-v:0/02604760-v:0/02627363-v:0/02749904-v:0
arquivado arquivar VMP00SM 0.917564 01001643-v:0/01384638-v:0
de de SP 1 -
ofício ofício NCMS000 1 00582388-n:0/00606370-n:0/13945102-n:0
, , Fc 1 -
ou ou CC 1 -
a o DA0FS0 0.675415 -
requerimento requerimento NCMS000 1 06513366-n:0/07185325-n:0
de de SP 1 -
a o DA0FS0 0.675415 - a SP 0.313151 - o PP3FSA0 0.00613742 - o PD0FS00 0.00514062 - a NCMS000 0.000156639 06831177-n:0
parte parte NCFS000 0.969571 01085098-n:0/03081021-n:0/03390207-n:0/03892891-n:0/04164989-n:0/05868954-n:0/06392001-n:0/09385911-n:0/09428741-n:0/10440387-n:0/13086908-n:0/13286524-n:0/13809207-n:0
interessada interessar VMP00SF 0.721918 00722675-v:0/01821423-v:0/02678663-v:0/01342237-a:0/01515692-a:0
, , Fc 1 -
sem sem SP 1 -
prejuízo prejuízo NCMS000 1 05162985-n:0/07420538-n:0/07420770-n:0/13327231-n:0/13328273-n:0
de de SP 1 -
serem ser VMN03P0 1 01717851-v:0/02597601-v:0/02603699-v:0/02604760-v:0/02627363-v:0/02749904-v:0
apuradas apurar VMP00PF 0.609468 00475183-v:0/00785962-v:0/02454835-v:0
as o DA0FP0 0.974798 -
responsabilidades responsabilidade NCFP000 1 00818466-n:0/01129920-n:0/04669247-n:0/04669828-n:0/14490319-n:0/14515633-n:0/14530403-n:0
por por SP 1 -
a o DA0FS0 1 -
paralisação paralisação NCFS000 1 07366145-n:0
. . Fp 1 -

A o DA0FS0 0.675415 -
prescrição prescrição NCFS000 1 06365808-n:0/06533484-n:0/06652242-n:0/06788565-n:0/06788785-n:0
interrompe interromper VMIP3S0 1 00353839-v:0/00362348-v:0/00364064-v:0/00520019-v:0/00520357-v:0/00778275-v:0/00779061-v:0/02018858-v:0/02683840-v:0
se se PP3CN00 1 -
: : Fd 1 -
pela pelar VMM02S0 0.159693 01262936-v:0
instauração instauração NCFS000 1 -
de de SP 1 -
processo processo NCMS000 0.998008 01023636-n:0/01023820-n:0/01181902-n:0/01182654-n:0/01198307-n:0
disciplinar disciplinar VMN0000 0.529581 02553428-v:0
ou ou CC 1 -
pela pelar VMIP3S0 0.470159 01262936-v:0
notificação notificação NCFS000 1 07185668-n:0/07212612-n:0
válida válido AQ0FS00 1 00938659-a:0/02498708-a:0
feita fazer VMP00SF 0.803681 00012267-v:0/00120316-v:0/00665476-v:0/00698256-v:0/00767334-v:0/01438902-v:0/01619014-v:0/01621555-v:0/01627355-v:0/01628197-v:0/01629000-v:0/01629589-v:0/01640207-v:0/01645601-v:0/01649024-v:0/01685313-v:0/01712704-v:0/01714208-v:0/01719921-v:0/01738774-v:0/01739814-v:0/01752495-v:0/01752884-v:0/01755504-v:0/02176268-v:0/02211948-v:0/02355596-v:0/02367363-v:0/02374764-v:0/02582921-v:0/02599636-v:0/02621133-v:0/02745332-v:0
diretamente diretamente RG 1 00051017-r:0/00058128-r:0/00509432-r:0
a a SP 1 -
o o DA0MS0 0.950254 - o PD0MS00 0.0313531 - o PP3MSA0 0.0183743 - o NCMS000 1.85412e-05 05198036-n:0/06832680-n:0
representado representar VMP00SM 0.992518 00836236-v:0/00988028-v:0/01686132-v:0/01688256-v:0/01688771-v:0/01719302-v:0/01719921-v:0/01723690-v:0/02541509-v:0/02541921-v:0/02581675-v:0/02620587-v:0/02697725-v:0/02698443-v:0/02699497-v:0/02723733-v:0/02740352-v:0
; ; Fx 1 -
pela pelar VMIP3S0 0.470159 01262936-v:0
decisão decisão NCFS000 1 00162632-n:0/04863969-n:0/05838176-n:0
condenatória condenatório AQ0FS00 1 00924791-a:0
recorrível recorrível AQ0CS00 1 -
de de SP 1 -
qualquer qualquer DI0CS0 0.881232 -
órgão órgão NCMS000 1 03273551-n:0/03494537-n:0/03494537-n:0/03854065-n:0/05297523-n:0/06595056-n:0/06595056-n:0/08349350-n:0/13087625-n:0
julgador julgador AQ0MS00 0.36739 -
de de SP 1 -
a o DA0FS0 0.675415 - a SP 0.313151 - o PP3FSA0 0.00613742 - o PD0FS00 0.00514062 - a NCMS000 0.000156639 06831177-n:0
OAB oab NP00O00 1 -
. . Fp 1 -

