São ser VMIP3P0 0.997832 00339934-v:0/01717851-v:0/02445925-v:0/02597601-v:0/02603699-v:0/02604760-v:0/02614181-v:0/02616386-v:0/02620587-v:0/02627363-v:0/02655135-v:0/02664769-v:0/02702508-v:0/02731024-v:0/02749904-v:0
impedidos impedir VMP00PM 0.422003 00236289-v:0/00520357-v:0/01147060-v:0/02450505-v:0/02451370-v:0/02452885-v:0/02557199-v:0/02629390-v:0
de de SP 1 -
exercer exercer VMN0000 0.529581 00099721-v:0/00606093-v:0/01095218-v:0/01166093-v:0/01774426-v:0/02204564-v:0/02568672-v:0/02595383-v:0/02670890-v:0
a o DA0FS0 0.675415 -
advocacia advocacia NCFS000 1 00589217-n:0/00611143-n:0
: : Fd 1 -
os o DA0MP0 0.958022 -
servidores servidor NCMP000 0.482636 04175147-n:0/09815790-n:0/10024119-n:0/10582154-n:0/10583250-n:0/10609556-n:0
de de SP 1 -
a o DA0FS0 0.675415 - a SP 0.313151 - o PP3FSA0 0.00613742 - o PD0FS00 0.00514062 - a NCMS000 0.000156639 -
administração administração NCFS000 1 00604523-n:0/00694866-n:0/01084932-n:0/01124794-n:0/01133281-n:0/01135952-n:0/03504723-n:0/04865502-n:0/08050678-n:0/08164585-n:0/08357784-n:0/08381165-n:0/15266265-n:0
direta direta NCFS000 1 -
, , Fc 1 -
indireta indireta NCFS000 1 06778102-n:0/07238455-n:0
e e CC 0.999951 -
fundacional fundacional AQ0CS00 0.947364 -
, , Fc 1 -
contra contra SP 0.996248 -
a o DA0FS0 0.675415 -
Fazenda_Pública fazenda_pública NP00000 1 -
que que CS 0.398036 -
os o PP3MPA0 0.0203911 -
remunere remunerar VMSP3S0 0.648523 02249741-v:0
ou ou CC 1 -
a a SP 1 -
a o DA0FS0 0.675415 - a SP 0.313151 - o PP3FSA0 0.00613742 - o PD0FS00 0.00514062 - a NCMS000 0.000156639 -
qual qual PT0CS00 0.274576 -
seja ser VMSP1S0 0.486391 00339934-v:0/01717851-v:0/02445925-v:0/02597601-v:0/02603699-v:0/02604760-v:0/02614181-v:0/02616386-v:0/02620587-v:0/02627363-v:0/02655135-v:0/02664769-v:0/02702508-v:0/02731024-v:0/02749904-v:0
vinculada vincular VMP00SF 0.992518 00713167-v:0/00885217-v:0/01356750-v:0
a o DA0FS0 0.675415 -
entidade entidade NCFS000 1 00001740-n:0
empregadora empregador NCFS000 1 10054657-n:0
; ; Fx 1 -
os o DA0MP0 0.958022 -
membros membro NCMP000 1 02737833-n:0/05526384-n:0/05559908-n:0/05560244-n:0/10307234-n:0/13810615-n:0
de de SP 1 -
o o DA0MS0 0.950254 - o PD0MS00 0.0313531 - o PP3MSA0 0.0183743 - o NCMS000 1.85412e-05 -
Poder_Legislativo poder_legislativo NP00000 1 08163273-n:0
, , Fc 1 -
em em SP 1 -
seus seu DP3MPS 0.857735 -
diferentes diferente AQ0CP00 1 00490413-a:0/00968010-a:0/00969333-a:0/01410363-a:0/01410905-a:0/01411291-a:0/02064745-a:0/02067491-a:0/02067719-a:0/02070030-a:0/02070188-a:0/02070342-a:0/02073113-a:0/02110778-a:0
níveis nível NCMP000 1 03658858-n:0/04141838-n:0/05093890-n:0/05131902-n:0/06856568-n:0/06859056-n:0/13815342-n:0/13850304-n:0/13939892-n:0/14428160-n:0/14429985-n:0/15290337-n:0
, , Fc 1 -
contra contra SP 0.996248 -
ou ou CC 1 -
a o DA0FS0 0.675415 -
favor favor NCMS000 1 01226941-n:0/05156319-n:0/06200617-n:0/07500414-n:0
de de SP 1 -
as o DA0FP0 0.974798 - o PD0FP00 0.0142702 - o PP3FPA0 0.0109322 -
pessoas pessoa NCFP000 1 00007846-n:0/04617562-n:0/05217688-n:0/06326797-n:0/10203839-n:0/10289039-n:0/10344443-n:0/80000973-n:0
jurídicas jurídico AQ0FP00 1 01400562-a:0/01401105-a:0/02499148-a:0/02752987-a:0/02753724-a:0/02754096-a:0/02754197-a:0
de de SP 1 -
direito direito NCMS000 0.936047 00611143-n:0/05174653-n:0/05181199-n:0/05565337-n:0/06161718-n:0/08625073-n:0/13308999-n:0/13341756-n:0
público público AQ0MS00 0.47277 00493297-a:0/01704761-a:0/01861205-a:0/01861910-a:0
, , Fc 1 -
empresas empresa NCFP000 0.996795 00796886-n:0/01094725-n:0/08056231-n:0/08058098-n:0/08059870-n:0/08061042-n:0/08184861-n:0/08187033-n:0/08214272-n:0/08264897-n:0
públicas público AQ0FP00 1 00493297-a:0/01704761-a:0/01861205-a:0/01861910-a:0
, , Fc 1 -
sociedades sociedade NCFP000 1 06526291-n:0/07966140-n:0/08049401-n:0/08058098-n:0/08060694-n:0/08227214-n:0/08387930-n:0/13931627-n:0
de de SP 1 -
economia economia NCFS000 1 00192613-n:0/04893787-n:0/05644727-n:0/05726596-n:0/06149484-n:0/08366753-n:0
mista misto AQ0FS00 1 01199083-a:0
, , Fc 1 -
fundações fundação NCFP000 1 00235435-n:0/00237078-n:0/00240184-n:0/05793554-n:0/08406486-n:0/08507558-n:0/13790712-n:0
públicas público AQ0FP00 1 00493297-a:0/01704761-a:0/01861205-a:0/01861910-a:0
, , Fc 1 -
entidades entidade NCFP000 1 00001740-n:0
paraestatais paraestatais AQ0CP00 0.606111 -
ou ou CC 1 -
empresas empresa NCFP000 0.996795 00796886-n:0/01094725-n:0/08056231-n:0/08058098-n:0/08059870-n:0/08061042-n:0/08184861-n:0/08187033-n:0/08214272-n:0/08264897-n:0
concessionárias concessionário AQ0FP00 1 -
ou ou CC 1 -
permissionárias permissionárias AQ0FP00 1 -
de de SP 1 -
serviço_público serviço_público NCMS000 1 -
. . Fp 1 -

Não não RN 0.9997 00024073-r:0/00024356-r:0/00024587-r:0/00050681-r:0
se se PP3CN00 0.861659 -
incluem incluir VMIP3P0 1 00183879-v:0/00466651-v:0/00684838-v:0/00723545-v:0/00738951-v:0/01025602-v:0/02449847-v:0/02629535-v:0/02632940-v:0/02634667-v:0/02700867-v:0
em em SP 1 -
as o DA0FP0 1 -
hipóteses hipótese NCFP000 1 00235435-n:0/05773923-n:0/05779712-n:0/05888929-n:0/05891783-n:0/05892096-n:0/05893356-n:0/06782680-n:0/07162545-n:0
de de SP 1 -
o o DA0MS0 0.950254 - o PD0MS00 0.0313531 - o PP3MSA0 0.0183743 - o NCMS000 1.85412e-05 -
inciso inciso NCMS000 0.335187 -
I i NP00000 1 06832033-n:0
os o DA0MP0 0.958022 -
docentes docente NCCP000 0.980769 10020807-n:0/10252222-n:0/10694258-n:0
de de SP 1 -
os o DA0MP0 0.958022 - o PD0MP00 0.021587 - o PP3MPA0 0.0203911 -
cursos curso NCMP000 1 00038262-n:0/00884466-n:0/06773434-n:0/08238463-n:0/08238660-n:0/08377085-n:0/08461595-n:0/08679972-n:0/08680888-n:0/08681222-n:0/09387222-n:0/09475179-n:0/13827426-n:0
jurídicos jurídico AQ0MP00 1 01400562-a:0/01401105-a:0/02499148-a:0/02752987-a:0/02753724-a:0/02754096-a:0/02754197-a:0
. . Fp 1 -

