A o DA0FS0 0.675415 -
jornada jornada NCFS000 1 00306426-n:0/15164957-n:0
de de SP 1 -
trabalho trabalho NCMS000 0.997967 00575741-n:0/00576717-n:0/00576877-n:0/00581241-n:0/00582388-n:0/00584367-n:0/00620752-n:0/00621476-n:0/00796886-n:0/03599628-n:0/04599396-n:0/04602044-n:0/08137495-n:0/08137495-n:0
de de SP 1 -
o o DA0MS0 0.950254 - o PD0MS00 0.0313531 - o PP3MSA0 0.0183743 - o NCMS000 1.85412e-05 05198036-n:0/06832680-n:0
advogado advogado NCMS000 0.975904 09774783-n:0/09775663-n:0/09840963-n:0/10249950-n:0/10623175-n:0
empregado empregar VMP00SM 0.571918 01158872-v:0/01166093-v:0/02240151-v:0/02409412-v:0/02409941-v:0
, , Fc 1 -
em em SP 1 -
o o DA0MS0 1 -
exercício exercício NCMS000 1 00729919-n:0/00894552-n:0/15203120-n:0
de de SP 1 -
a o DA0FS0 0.675415 - a SP 0.313151 - o PP3FSA0 0.00613742 - o PD0FS00 0.00514062 - a NCMS000 0.000156639 06831177-n:0
profissão profissão NCFS000 1 00582388-n:0/00583246-n:0/00606370-n:0/00609953-n:0/06685040-n:0
, , Fc 1 -
não não RN 0.99985 00024073-r:0
poderá poder VMIF3S0 1 01192628-v:0/02744451-v:0
exceder exceder VMN0000 0.529581 00705778-v:0/01165579-v:0/02669081-v:0/02669477-v:0/02673965-v:0
a o DA0FS0 0.675415 -
duração duração NCFS000 1 05051249-n:0/15133488-n:0/15133621-n:0/15134340-n:0/15141894-n:0/15295778-n:0
diária diário AQ0FS00 0.517364 01968165-a:0
de de SP 1 -
quatro 4 Z 1 -
horas hora NCFP000 0.996324 05131023-n:0/15116910-n:0/15129927-n:0/15225249-n:0/15227846-n:0/15228378-n:0/15228910-n:0/15245515-n:0/15270431-n:0
contínuas contínuo AQ0FP00 0.40743 00592222-a:0/00594413-a:0/00595299-a:0/00595863-a:0/00596639-a:0/00597424-a:0
e e CC 0.999951 -
a o DA0FS0 0.675415 -
de de SP 1 -
vinte 20 Z 1 -
horas hora NCFP000 0.996324 05131023-n:0/15116910-n:0/15129927-n:0/15225249-n:0/15227846-n:0/15228378-n:0/15228910-n:0/15245515-n:0/15270431-n:0
semanais semanal AQ0CP00 1 01968503-a:0
, , Fc 1 -
salvo salvo RG 0.473804 -
acordo acordo NCMS000 0.998155 01205564-n:0/06520944-n:0/06770275-n:0/06773434-n:0/07175241-n:0/07176682-n:0/07176804-n:0/07180183-n:0/13969243-n:0/13971065-n:0/13971802-n:0/13971901-n:0
ou ou CC 1 -
convenção convenção NCFS000 1 04801532-n:0/06773434-n:0/07176804-n:0/08309086-n:0
coletiva coletivo AQ0FS00 0.512206 00298293-a:0/00466808-a:0/02112701-a:0
ou ou CC 1 -
em em SP 1 -
caso caso NCMS000 0.83659 05671325-n:0/05817743-n:0/06310945-n:0/07308889-n:0
de de SP 1 -
dedicação dedicação NCFS000 1 01206153-n:0
exclusiva exclusivo AQ0FS00 0.667364 01862386-a:0/02152985-a:0
. . Fp 1 -

Para para SP 0.999444 -
efeitos efeito NCMP000 1 00157081-n:0/11410625-n:0/11414411-n:0/11414608-n:0
de de SP 1 -
este este DD0MS0 1 -
artigo artigo NCMS000 1 00022903-n:0/02745091-n:0/03076708-n:0/03748886-n:0/04550840-n:0/06268096-n:0/06269956-n:0/06324669-n:0/06392935-n:0/06681177-n:0/06681551-n:0/06683784-n:0
, , Fc 1 -
considera considerar VMIP3S0 1 00640650-v:0/00689809-v:0/00689950-v:0/00690305-v:0/00690614-v:0/00691312-v:0/00693780-v:0/00711715-v:0/00712135-v:0/00712556-v:0/00734054-v:0/00813044-v:0/00950431-v:0/01773130-v:0/02166460-v:0
se se PP3CN00 1 -
como como CS 0.751351 -
período período NCMS000 1 15113229-n:0/15120346-n:0/15122231-n:0/15134340-n:0/15134490-n:0/15144371-n:0/15224486-n:0/15236475-n:0/15247518-n:0/15248020-n:0/15248269-n:0/15248564-n:0/15249236-n:0/15254028-n:0/15289779-n:0/15290337-n:0
de de SP 1 -
trabalho trabalho NCMS000 0.997967 00575741-n:0/00576717-n:0/00576877-n:0/00581241-n:0/00582388-n:0/00584367-n:0/00620752-n:0/00621476-n:0/00796886-n:0/03599628-n:0/04599396-n:0/04602044-n:0/08137495-n:0/08137495-n:0
o o DA0MS0 0.950254 -
tempo tempo NCMS000 1 00028270-n:0/07086518-n:0/11456462-n:0/11524662-n:0/15113229-n:0/15122231-n:0/15236475-n:0/15239292-n:0/15239579-n:0/15246353-n:0/15248564-n:0/15269513-n:0/15270431-n:0
em em SP 1 -
que que PR0CN00 0.584265 -
o o DA0MS0 0.950254 -
advogado advogado NCMS000 0.975904 09774783-n:0/09775663-n:0/09840963-n:0/10249950-n:0/10623175-n:0
estiver estar VMSF1S0 0.5 00149583-v:0/01857392-v:0/02604760-v:0/02655135-v:0/02729963-v:0/02734338-v:0/02744820-v:0
a a SP 1 -
a o DA0FS0 0.675415 - a SP 0.313151 - o PP3FSA0 0.00613742 - o PD0FS00 0.00514062 - a NCMS000 0.000156639 06831177-n:0
disposição disposição NCFS000 1 00043609-n:0/04623612-n:0/04644512-n:0/04644512-n:0/04835724-n:0
de de SP 1 -
o o DA0MS0 0.950254 - o PD0MS00 0.0313531 - o PP3MSA0 0.0183743 - o NCMS000 1.85412e-05 05198036-n:0/06832680-n:0
empregador empregador NCMS000 1 10054657-n:0
, , Fc 1 -
aguardando aguardar VMG0000 1 00059019-v:0/00059376-v:0/00720063-v:0/01811441-v:0/02637938-v:0/02641463-v:0
ou ou CC 1 -
executando executar VMG0000 1 00486018-v:0/01640855-v:0/01649809-v:0/01712704-v:0/01724459-v:0/01755816-v:0/02483267-v:0/02484208-v:0/02563327-v:0/02599636-v:0
ordens ordem NCFP000 1 05726596-n:0/07168131-n:0/07168623-n:0/07169242-n:0/07169848-n:0/07170467-n:0/07170572-n:0/07279687-n:0/07939382-n:0/08049401-n:0/08075388-n:0/08106934-n:0/08227214-n:0/08231184-n:0/08233056-n:0/08234493-n:0/08240169-n:0/08242675-n:0/08436562-n:0/08456993-n:0/13950812-n:0/14496710-n:0
, , Fc 1 -
em em SP 1 -
o o DA0MS0 1 -
seu seu DP3MSS 0.957305 -
escritório escritório NCMS000 1 03118846-n:0/03841666-n:0/04345028-n:0/08337324-n:0
ou ou CC 1 -
em em SP 1 -
atividades atividade NCFP000 1 00037396-n:0/00407535-n:0/04635104-n:0/13518963-n:0/14006945-n:0
externas externo AQ0FP00 0.960748 00948103-a:0/00948384-a:0/00951003-a:0/01037885-a:0/01350225-a:0
, , Fc 1 -
sendo ser VMG0000 1 01717851-v:0/02597601-v:0/02603699-v:0/02604760-v:0/02627363-v:0/02749904-v:0
lhe lhe PP3CSD0 1 -
reembolsadas reembolsar VMP00PF 0.992516 02249591-v:0/02285205-v:0
as o DA0FP0 0.974798 -
despesas despesa NCMP000 1 13275288-n:0/13275495-n:0
feitas fazer VMP00PF 0.984962 00012267-v:0/00120316-v:0/00665476-v:0/00698256-v:0/00767334-v:0/01438902-v:0/01619014-v:0/01621555-v:0/01627355-v:0/01628197-v:0/01629000-v:0/01629589-v:0/01640207-v:0/01645601-v:0/01649024-v:0/01685313-v:0/01712704-v:0/01714208-v:0/01719921-v:0/01738774-v:0/01739814-v:0/01752495-v:0/01752884-v:0/01755504-v:0/02176268-v:0/02211948-v:0/02355596-v:0/02367363-v:0/02374764-v:0/02582921-v:0/02599636-v:0/02621133-v:0/02745332-v:0
com com SP 1 -
transporte transporte NCMS000 0.959459 00315986-n:0/01105259-n:0/08143653-n:0
, , Fc 1 -
hospedagem hospedagem NCFS000 1 -
e e CC 0.999951 -
alimentação alimentação NCFS000 1 00664849-n:0/00838367-n:0/01057759-n:0/07570720-n:0
. . Fp 1 -

As o DA0FP0 0.974798 -
horas hora NCFP000 0.996324 05131023-n:0/15116910-n:0/15129927-n:0/15225249-n:0/15227846-n:0/15228378-n:0/15228910-n:0/15245515-n:0/15270431-n:0
trabalhadas trabalhar VMP00PF 0.992516 01235355-v:0/01668603-v:0/02410855-v:0/02413480-v:0/02415039-v:0/02419773-v:0/02594979-v:0
que que CS 0.398036 -
excederem exceder VMN03P0 0.976071 00705778-v:0/01165579-v:0/02669081-v:0/02669477-v:0/02673965-v:0
a o DA0FS0 0.675415 -
jornada jornada NCFS000 1 00306426-n:0/15164957-n:0
normal normal AQ0CS00 0.931818 01593649-a:0/01595312-a:0/01598319-a:0/01672607-a:0
são ser VMIP3P0 0.998554 01717851-v:0/02597601-v:0/02603699-v:0/02604760-v:0/02627363-v:0/02749904-v:0
remuneradas remunerar VMP00PF 0.959193 02249741-v:0
por por SP 1 -
um um DI0MS0 0.877848 -
adicional adicional AQ0CS00 1 00048858-a:0/00049879-a:0/01854129-a:0
não não RN 0.99985 00024073-r:0
inferior inferior AQ0CS00 0.97619 02340213-a:0/02345272-a:0/02347489-a:0
a a SP 0.313151 -
cem 100 Z 1 -
por_cento por_cento NCMP000 1 13817526-n:0
sobre sobre SP 0.997342 -
o o DA0MS0 0.950254 -
valor valor NCMS000 1 05138208-n:0/05159725-n:0/05856388-n:0/05923983-n:0/13413493-n:0/13764342-n:0
de de SP 1 -
a o DA0FS0 0.675415 - a SP 0.313151 - o PP3FSA0 0.00613742 - o PD0FS00 0.00514062 - a NCMS000 0.000156639 06831177-n:0
hora hora NCFS000 0.989637 05131023-n:0/15116910-n:0/15129927-n:0/15225249-n:0/15227846-n:0/15228378-n:0/15228910-n:0/15245515-n:0/15270431-n:0
normal normal AQ0CS00 0.931818 01593649-a:0/01595312-a:0/01598319-a:0/01672607-a:0
, , Fc 1 -
mesmo mesmo RG 0.820175 00037226-r:0
havendo haver VMG0000 1 02616713-v:0
contrato contrato NCMS000 0.992958 06520944-n:0/06525588-n:0/06545137-n:0/06737394-n:0
escrito escrever VMP00SM 0.72093 00993014-v:0/01007027-v:0/01691057-v:0/01698271-v:0/01699896-v:0/01704452-v:0/01705494-v:0/01744611-v:0/02213270-a:0/02284578-a:0/02286661-a:0
. . Fp 1 -

As o DA0FP0 0.974798 -
horas hora NCFP000 0.996324 05131023-n:0/15116910-n:0/15129927-n:0/15225249-n:0/15227846-n:0/15228378-n:0/15228910-n:0/15245515-n:0/15270431-n:0
trabalhadas trabalhar VMP00PF 0.992516 01235355-v:0/01668603-v:0/02410855-v:0/02413480-v:0/02415039-v:0/02419773-v:0/02594979-v:0
em em SP 1 -
o o DA0MS0 1 -
período período NCMS000 1 15113229-n:0/15120346-n:0/15122231-n:0/15134340-n:0/15134490-n:0/15144371-n:0/15224486-n:0/15236475-n:0/15247518-n:0/15248020-n:0/15248269-n:0/15248564-n:0/15249236-n:0/15254028-n:0/15289779-n:0/15290337-n:0
de de SP 1 -
as o DA0FP0 0.974798 - o PD0FP00 0.0142702 - o PP3FPA0 0.0109322 -
vinte 20 Z 1 -
horas hora NCFP000 0.996324 05131023-n:0/15116910-n:0/15129927-n:0/15225249-n:0/15227846-n:0/15228378-n:0/15228910-n:0/15245515-n:0/15270431-n:0
de de SP 1 -
um um DI0MS0 0.877848 -
dia dia NCMS000 1 15123115-n:0/15136453-n:0/15136723-n:0/15155220-n:0/15157041-n:0/15157225-n:0/15159583-n:0/15164957-n:0/15208333-n:0/15208540-n:0
até até SP 0.764262 -
as o DA0FP0 0.974798 -
cinco 5 Z 0.997312 -
horas hora NCFP000 0.996324 05131023-n:0/15116910-n:0/15129927-n:0/15225249-n:0/15227846-n:0/15228378-n:0/15228910-n:0/15245515-n:0/15270431-n:0
de de SP 1 -
o o DA0MS0 0.950254 - o PD0MS00 0.0313531 - o PP3MSA0 0.0183743 - o NCMS000 1.85412e-05 05198036-n:0/06832680-n:0
dia dia NCMS000 1 15123115-n:0/15136453-n:0/15136723-n:0/15155220-n:0/15157041-n:0/15157225-n:0/15159583-n:0/15164957-n:0/15208333-n:0/15208540-n:0
seguinte seguinte AQ0CS00 0.932099 00127815-a:0/00127948-a:0
são ser VMIP3P0 0.998554 01717851-v:0/02597601-v:0/02603699-v:0/02604760-v:0/02627363-v:0/02749904-v:0
remuneradas remunerar VMP00PF 0.959193 02249741-v:0
como como CS 0.751351 -
noturnas noturnas NCFP000 0.888813 -
, , Fc 1 -
acrescidas acrescer VMP00PF 0.992498 00182406-v:0
de de SP 1 -
o o DA0MS0 0.950254 - o PD0MS00 0.0313531 - o PP3MSA0 0.0183743 - o NCMS000 1.85412e-05 05198036-n:0/06832680-n:0
adicional adicional AQ0CS00 1 00048858-a:0/00049879-a:0/01854129-a:0
de de SP 1 -
vinte_e_cinco 25 Z 1 -
por_cento por_cento NCMP000 1 13817526-n:0
. . Fp 1 -

