O o DA0MS0 0.950254 -
salário_mínimo salário_mínimo NCMS000 0.5 13280515-n:0.0116523
profissional profissional AQ0CS00 0.567364 01868724-a:0.00269409/01870100-a:0.00222133/02556402-a:0.00214798/02839695-a:0.00211801/02840478-a:0.00211423/02839505-a:0.00209334
de de SP 1 -
o o DA0MS0 0.950254 - o PD0MS00 0.0313531 - o PP3MSA0 0.0183743 - o NCMS000 1.85412e-05 -
advogado advogado NCMS000 0.975904 10249950-n:0.00363952/09774783-n:0.00286421/09775663-n:0.0026622/10623175-n:0.002654/09840963-n:0.0026261
será ser VMIF3S0 1 00339934-v:0.00179246/02604760-v:0.00118035/02627363-v:0.00099413/02620587-v:0.00099087/02603699-v:0.000934532/02655135-v:0.000930267/02702508-v:0.000914518/02445925-v:0.000900808/02731024-v:0.000878079/02664769-v:0.000830643/02614181-v:0.00081151/02597601-v:0.000810038/01717851-v:0.00079579/02749904-v:0.00077812/02616386-v:0.00077039
fixado fixar VMP00SM 0.992518 01340439-v:0.00171731/01647229-v:0.00163116/01020005-v:0.00149201/01059400-a:0.00138252/00722232-v:0.00137648/01343892-v:0.0013544/00947077-v:0.00133532/00486998-v:0.00124927/01647543-v:0.00123288/01616901-v:0.00115763
em em SP 1 -
sentença sentença NCFS000 1 01187810-n:0.00254844/06285090-n:0.0023142/07152948-n:0.00229466/06551784-n:0.00221421/06539770-n:0.00220719/01191158-n:0.00218057
normativa normativo AQ0FS00 1 00732456-a:0.00616539/02996239-a:0.00603464
, , Fc 1 -
salvo salvo RG 0.473804 -
se se PP3CN00 0.861659 -
ajustado ajustar VMP00SM 0.992505 00296178-v:0.00113484/00299580-v:0.000953607/00482893-v:0.000936609/02667900-v:0.000910859/00150287-v:0.000825404/00350621-a:0.000806803/00295966-v:0.000779512/02702830-v:0.000769452/00420132-v:0.000756211/00300537-v:0.000748869/00464321-v:0.00074213/00297780-v:0.000740287/00699334-v:0.000721321/00351523-a:0.000711764/00482749-v:0.00070466/00298067-v:0.000699745/00352536-a:0.000689243/01020885-a:0.000686767
em em SP 1 -
acordo acordo NCMS000 0.998155 06520944-n:0.00326416/07176804-n:0.00321947/06773434-n:0.00295387/06772260-n:0.00294679/13971065-n:0.00150399/07175241-n:0.00132691/06770275-n:0.00110571/13969243-n:0.00102769/07180183-n:0.00092237/07176682-n:0.000909207/04713332-n:0.000871549/04713428-n:0.000771629/05789089-n:0.000750491/05795044-n:0.000745166/01110274-n:0.000722821/01205564-n:0.00071707/13971901-n:0.00070469/13971802-n:0.000694121
ou ou CC 1 -
convenção convenção NCFS000 1 05667613-n:0.00378013/07176804-n:0.00321947/06773434-n:0.00295387/06772260-n:0.00294679/04801532-n:0.00224521/08309086-n:0.00205362
coletiva coletivo AQ0FS00 0.512206 00466808-a:0.00436339/00298293-a:0.00396656/02112701-a:0.00391863
de de SP 1 -
trabalho trabalho NCMS000 0.997967 00582388-n:0.00164584/00575741-n:0.00126913/04599396-n:0.00125752/00620752-n:0.00109144/00584367-n:0.00105121/04602044-n:0.00102622/00795720-n:0.000937518/00719705-n:0.000932181/13968092-n:0.000850984/00576877-n:0.000842593/00796886-n:0.000770853/03599628-n:0.000757541/00621476-n:0.0007489/00581241-n:0.000739549/00584769-n:0.00073645/00576717-n:0.000707152/08137495-n:0.000706717/03841417-n:0.000657644
. . Fp 1 -

