O o DA0MS0 0.950254 -
poder poder NCMS000 0.517857 05194578-n:0.00116764/14515633-n:0.000986296/05616246-n:0.000937001/08050678-n:0.000928211/05190804-n:0.00090873/14491271-n:0.000878711/06471345-n:0.000865173/10461424-n:0.000849085/13945102-n:0.000824746/05030680-n:0.000822959/06530789-n:0.000798554
de de SP 1 -
punir punir VMN0000 0.529581 02499629-v:0.00396686/00824292-v:0.00352618/02500144-v:0.00319721
disciplinarmente disciplinarmente RG 1 -
os o DA0MP0 0.958022 -
inscritos inscrever VMP00PM 0.892483 02471327-v:0.00118158/01321895-v:0.00114907/02471087-v:0.00101527/01749790-v:0.000973363/01001008-v:0.000952728/00887325-v:0.000910341/02472033-v:0.000899599/01276192-v:0.000878598/01097309-v:0.000855429/01583344-v:0.000851541
em em SP 1 -
a o DA0FS0 1 -
OAB oab NP00O00 1 -
compete competir VMIP3S0 0.999479 01072262-v:0.00351928/01122194-v:0.0023963/02594674-v:0.00232949/02672187-v:0.00220572
exclusivamente exclusivo RG 1 -
a a SP 1 -
o o DA0MS0 0.950254 - o PD0MS00 0.0313531 - o PP3MSA0 0.0183743 - o NCMS000 1.85412e-05 -
Conselho_Seccional conselho_seccional NP00O00 1 -
em em SP 1 -
cuja cujo PR0FS00 1 -
base base NCFS000 1 04360501-n:0.000559502/03387016-n:0.000480824/05823932-n:0.000456375/13790912-n:0.000438232/02797692-n:0.000431858/05559256-n:0.000429322/03903868-n:0.000425357/14618253-n:0.000423412/10150281-n:0.000421102/02798290-n:0.000418776/05793554-n:0.00041869/06658118-n:0.000417309/06300193-n:0.000412701/13597794-n:0.000411754/14964590-n:0.000409715/02797881-n:0.000400909/03504723-n:0.000400735/13897837-n:0.000399678/02798769-n:0.000389423/08490402-n:0.00037964/02798574-n:0.000375532/05986594-n:0.000371789/08401711-n:0.000365808
territorial territorial AQ0CS00 1 02408611-a:0.00444613/02812482-a:0.00308723/02409500-a:0.00299403
tenha ter VMSP1S0 0.498759 02749904-v:0.00175626/02655135-v:0.00092007/00065639-v:0.000639076/02204692-v:0.000556317/00056930-v:0.000552352/02700867-v:0.00047254/02205098-v:0.000468682/02108026-v:0.000462715/02203362-v:0.000455127/02630189-v:0.000454336/01733477-v:0.000443687/02632167-v:0.000434111/02355596-v:0.000431987/02630871-v:0.0004227/02603699-v:0.000420985/00065370-v:0.000420075/01156834-v:0.000413912/02210119-v:0.000409597/00052374-v:0.000389344/00059559-v:0.000378853/00121046-v:0.000377218/00639849-v:0.000367709/02740745-v:0.000360417/02746275-v:0.00035114
ocorrido ocorrer VMP00SM 0.97619 00339934-v:0.00406423/00344643-v:0.00184333/02612368-v:0.00183433/02749904-v:0.00175626/02593912-v:0.0016733/02108791-v:0.00163853
a o DA0FS0 0.675415 -
infração infração NCFS000 1 00766234-n:0.00606062/00770270-n:0.00541221
, , Fc 1 -
salvo salvo RG 0.473804 -
se se CS 0.138341 -
a o DA0FS0 0.675415 -
falta falta NCFS000 0.816239 00766234-n:0.00606062/00770270-n:0.00541221/14449405-n:0.00100963/00070965-n:0.00089807/05162642-n:0.000819159/00735936-n:0.000812403/14462946-n:0.000784497/13960974-n:0.00077876/00770997-n:0.000749975/05116953-n:0.000733042/01234090-n:0.000731664/00067397-n:0.000729798/14449865-n:0.000727604
for ir VMSF1S0 0.249524 02655135-v:0.00092007/01835496-v:0.000799538/02051694-v:0.00043983/01995549-v:0.000422914/01955984-v:0.000419464/01904930-v:0.000401155/02072849-v:0.000395455/02685951-v:0.000394764/02009433-v:0.000379758/01158872-v:0.000372763/01957529-v:0.00036763/00341560-v:0.000364108/01935233-v:0.000357842/02102398-v:0.0003486/02737876-v:0.000339862/02618149-v:0.000330764/02372605-v:0.000325681/02727039-v:0.000325482/02686471-v:0.000322904/01192992-v:0.000321622/01882814-v:0.000320695/02102002-v:0.000319056/02493030-v:0.000318902/01846916-v:0.000317086/01849221-v:0.000316527/01841079-v:0.00030103/00343898-v:0.000298466/02700455-v:0.000298367/00359916-v:0.000290927/01839538-v:0.000284081
cometida cometer VMP00SF 0.721918 02349212-v:0.0049514/02582615-v:0.00490878
perante perante SP 1 -
o o DA0MS0 0.950254 -
Conselho_Federal conselho_federal NP00O00 1 -
. . Fp 1 -

Cabe caber VMIP3S0 0.479968 00050652-v:0.0066865/02735753-v:0.00665986
a a SP 1 -
o o DA0MS0 0.950254 - o PD0MS00 0.0313531 - o PP3MSA0 0.0183743 - o NCMS000 1.85412e-05 -
Tribunal_de_Ética tribunal_de_ética NP00O00 1 -
e e CC 0.999951 -
Disciplina disciplina NP00O00 1 04881623-n:0.00254942/05662876-n:0.00251215/00893836-n:0.002462/05996646-n:0.00241268/05726596-n:0.00217774/01132864-n:0.00207796
, , Fc 1 -
de de SP 1 -
o o DA0MS0 0.950254 - o PD0MS00 0.0313531 - o PP3MSA0 0.0183743 - o NCMS000 1.85412e-05 -
Conselho_Seccional conselho_seccional NP00O00 1 -
competente competente AQ0CS00 0.585551 00510050-a:0.00334863/00051571-a:0.00328154/02226162-a:0.00322351/00512130-a:0.00320943
, , Fc 1 -
julgar julgar VMN0000 0.529581 00670261-v:0.0011296/00971650-v:0.00108786/02501278-v:0.0010827/00672433-v:0.00105706/02500902-v:0.000973698/00822367-v:0.00095001/00681429-v:0.000923048/02166460-v:0.000909462/00693780-v:0.000906266/00689344-v:0.00089478/00631737-v:0.000883678/00971999-v:0.000849691/00828374-v:0.000839942/00672277-v:0.000826819/01637166-v:0.000816317
os o DA0MP0 0.958022 -
processos processo NCMP000 1 01184814-n:0.00142566/01182654-n:0.00140011/01023820-n:0.00125748/01198307-n:0.00121668/01181902-n:0.00121264/05701363-n:0.00119342/01195867-n:0.00119026/00029677-n:0.00111581/01023636-n:0.00110887/05470189-n:0.00110199/05701738-n:0.00106942/06503551-n:0.000979345
disciplinares disciplinar VMN02S0 0.976071 02553428-v:0.0122907
, , Fc 1 -
instruídos instruir VMP00PM 0.992518 00829107-v:0.00162129/00603298-v:0.00140334/00749963-v:0.00126348/02539788-v:0.00121845/00273734-v:0.00119359/02084358-a:0.00116149/00831074-v:0.00114702/00830051-a:0.00112853/00830188-v:0.0011243/00603981-v:0.00110524/02592667-v:0.00108209
por por SP 1 -
as o DA0FP0 1 -
Subseções subseções NP00O00 1 -
ou ou CC 1 -
por por SP 1 -
relatores relator NCMP000 0.628731 10507565-n:0.0123434
de de SP 1 -
o o DA0MS0 0.950254 - o PD0MS00 0.0313531 - o PP3MSA0 0.0183743 - o NCMS000 1.85412e-05 -
próprio próprio AQ0MS00 0.95045 00135092-a:0.0021422/01020885-a:0.00214108/01104026-a:0.0021319/00135455-a:0.00205645/01768724-a:0.00198412/01104889-a:0.0019815
conselho conselho NCMS000 1 06650701-n:0.00223188/06671484-n:0.0021652/08322981-n:0.00201574/06651577-n:0.0019956/06786629-n:0.00199403/08310949-n:0.00195296/08309409-n:0.00193347
. . Fp 1 -

A o DA0FS0 0.675415 -
decisão decisão NCFS000 1 05838176-n:0.00199432/05788149-n:0.00188367/00162632-n:0.00182708/04863969-n:0.00171675/01191158-n:0.00170424/07293546-n:0.00157936
condenatória condenatório AQ0FS00 1 -
irrecorrível irrecorrível AQ0CS00 1 -
deve dever VMIP3S0 0.99061 02731814-v:0.0035795/02254155-v:0.00354248/02253956-v:0.00342579
ser ser VMN0000 0.33093 02604760-v:0.0020631/00339934-v:0.00186561/02620587-v:0.00131177/02655135-v:0.00122266/02603699-v:0.0012004/02749904-v:0.00102489/02627363-v:0.000804435/02702508-v:0.000751012/02445925-v:0.000732746/02731024-v:0.000715532/02664769-v:0.000679831/02614181-v:0.000659648/02597601-v:0.000658127/01717851-v:0.000655589/02616386-v:0.00062574
imediatamente imediato RG 1 -
comunicada comunicar VMP00SF 0.992518 00928630-v:0.00124917/00831651-v:0.00123032/00940384-v:0.00115525/00740577-v:0.00114169/00873682-v:0.00114111/00742320-v:0.00114024/02231661-v:0.00112682/02296153-v:0.0010858/01355518-v:0.00101719/00720961-v:0.000978347
a a SP 1 -
o o DA0MS0 0.950254 - o PD0MS00 0.0313531 - o PP3MSA0 0.0183743 - o NCMS000 1.85412e-05 -
Conselho_Seccional conselho_seccional NP00O00 1 -
onde onde RG 0.980752 -
o o DA0MS0 0.950254 -
representado representar VMP00SM 0.992518 02620587-v:0.00131177/02699497-v:0.000722186/01719302-v:0.00069936/01686132-v:0.000669178/00943837-v:0.00065998/01719921-v:0.000624011/02137132-v:0.000596703/00836236-v:0.000586567/00988028-v:0.000560771/02723733-v:0.000522743/02697725-v:0.000504384/02698443-v:0.000492085/02541921-v:0.000483888/01688771-v:0.000483707/00013615-v:0.000483161/02541509-v:0.000481746/01716882-v:0.000480635/01711445-v:0.000475302/01723690-v:0.000469421/01688256-v:0.000469061/02581675-v:0.000465911/02740352-v:0.000462001/02742482-v:0.000409959
tenha ter VMSP1S0 0.498759 02630189-v:0.00150826/02655135-v:0.00122266/02603699-v:0.0012004/02749904-v:0.00102489/00065639-v:0.000717241/00056930-v:0.000617387/02204692-v:0.000563146/02630871-v:0.000553258/02203362-v:0.000529788/02205098-v:0.000524208/02108026-v:0.000520895/02700867-v:0.000519337/02632167-v:0.000497614/01733477-v:0.000481765/00065370-v:0.000473095/01156834-v:0.000466436/02355596-v:0.000459038/02210119-v:0.000458317/00052374-v:0.000437257/00059559-v:0.000424829/00121046-v:0.000423514/00639849-v:0.000415407/02746275-v:0.000412482/02740745-v:0.000405327
inscrição inscrição NCFS000 1 06405699-n:0.00559649/00050037-n:0.0049885
principal principal AQ0CS00 0.99505 01472628-a:0.00120642/00198904-a:0.00110522/00792202-a:0.00108307/00730215-a:0.00100718/00228294-a:0.000989346/01472351-a:0.000983287/00901060-a:0.000975787/01012990-a:0.000964388/01512527-a:0.000953434/01277426-a:0.000953258
, , Fc 1 -
para para SP 0.999444 -
constar constar VMN0000 0.529581 02633356-v:0.00512987/02631659-v:0.00501307
de de SP 1 -
os o DA0MP0 0.958022 - o PD0MP00 0.021587 - o PP3MPA0 0.0203911 -
respectivos respectivo AQ0MP00 1 00494409-a:0.010341
assentamentos assentamento NCMP000 1 08374049-n:0.0103297
. . Fp 1 -

O o DA0MS0 0.950254 -
Tribunal_de_Ética tribunal_de_ética NP00O00 1 -
e e CC 0.999951 -
Disciplina_do_Conselho disciplina_do_conselho NP00O00 1 -
onde onde RG 0.980752 -
o o DA0MS0 0.950254 -
acusado acusado NCMS000 0.174603 09762101-n:0.00411457/09762011-n:0.00294182
tenha ter VMSP1S0 0.498759 02655135-v:0.000727684/02603699-v:0.000717576/02749904-v:0.0006081/00056930-v:0.000434677/00065639-v:0.00042735/01733477-v:0.000365896/02204692-v:0.000344404/02630871-v:0.000329105/02203362-v:0.000328251/02700867-v:0.000326904/02630189-v:0.000319942/02205098-v:0.000311103/02108026-v:0.000310064/02632167-v:0.000304327/01156834-v:0.000289121/00065370-v:0.000280854/02210119-v:0.000276629/02355596-v:0.000274509/00052374-v:0.000261431/00059559-v:0.00025294/00121046-v:0.00025198/00639849-v:0.000245959/02746275-v:0.000244553/02740745-v:0.000240524
inscrição inscrição NCFS000 1 06405699-n:0.00331907/00050037-n:0.00295723
principal principal AQ0CS00 0.99505 01472628-a:0.000736523/00198904-a:0.000658982/00792202-a:0.000642752/00730215-a:0.000600572/01472351-a:0.000587618/00228294-a:0.000587162/00901060-a:0.00057968/01012990-a:0.000577233/01277426-a:0.000570296/01512527-a:0.00056582
pode poder VMIP3S0 0.994702 01774426-v:0.00223251/02744451-v:0.00207034/01192628-v:0.0019372
suspendê suspender VMN0000 1 -
o o PP3MSA0 1 -
preventivamente preventivo RG 1 -
, , Fc 1 -
em em SP 1 -
caso caso NCMS000 0.83659 07308889-n:0.000991165/13943400-n:0.000986912/05671325-n:0.000923058/06310945-n:0.000891168/05817743-n:0.000887008/06869129-n:0.000850937/06784966-n:0.000809351
de de SP 1 -
repercussão repercussão NCFS000 1 05170574-n:0.00189286/07294019-n:0.00158525/11416722-n:0.00156667/07350192-n:0.00151004
prejudicial prejudicial AQ0CS00 1 01160031-a:0.00184745/01611067-a:0.00113864/00065488-a:0.0010775/01161984-a:0.00105361/01161059-a:0.00105255/02274537-a:0.00101726
a a SP 1 -
a o DA0FS0 0.675415 - a SP 0.313151 - o PP3FSA0 0.00613742 - o PD0FS00 0.00514062 - a NCMS000 0.000156639 -
dignidade dignidade NCFS000 1 04886881-n:0.00171661/14431902-n:0.00164117/04910684-n:0.00158807/10748620-n:0.00148512
de de SP 1 -
a o DA0FS0 0.675415 - a SP 0.313151 - o PP3FSA0 0.00613742 - o PD0FS00 0.00514062 - a NCMS000 0.000156639 -
advocacia advocacia NCFS000 1 00611143-n:0.00311615/00589217-n:0.00281509
, , Fc 1 -
depois depois RG 1 00146281-r:0.0017318/00054212-r:0.00171671/00117620-r:0.00163128/00061203-r:0.00153445
de de SP 1 -
ouvi ouvir VMN0000 1 -
o o PP3MSA0 1 -
em em SP 1 -
sessão sessão NCFS000 1 08417920-n:0.00163226/06891493-n:0.00162533/07145508-n:0.00158089/01232091-n:0.00154048
especial especial AQ0CS00 1 01104026-a:0.000837675/01103844-a:0.000827573/01853228-a:0.000820193/00968010-a:0.000801391/02278011-a:0.000786801/00488187-a:0.000775827/01678729-a:0.000774266/02367319-a:0.000732468
para para SP 0.999444 -
a o DA0FS0 0.675415 -
qual qual PT0CS00 0.274576 -
deve dever VMIP3S0 0.99061 02731814-v:0.00211061/02254155-v:0.00210347/02253956-v:0.00203186
ser ser VMN0000 0.33093 00339934-v:0.00126115/02604760-v:0.00116826/02655135-v:0.000727684/02603699-v:0.000717576/02620587-v:0.000629495/02749904-v:0.0006081/02627363-v:0.000476955/02702508-v:0.000445877/02445925-v:0.000437276/02731024-v:0.000426138/02664769-v:0.000400142/02597601-v:0.000392295/02614181-v:0.000391594/01717851-v:0.000385652/02616386-v:0.000371265
notificado notificar VMP00SM 0.992518 00873682-v:0.00243858/00874175-v:0.00104748/00965035-v:0.000977515/01438681-v:0.000911007/00832778-v:0.000895891/00833199-v:0.000876702/00965390-v:0.000834072
a a SP 0.313151 -
comparecer comparecer VMN0000 0.529581 00422090-v:0.0026374/00425522-v:0.00201383/02597762-v:0.00193518
, , Fc 1 -
salvo salvo RG 0.473804 -
se se CS 0.138341 -
não não RN 0.99985 00024073-r:0.00402744/00024587-r:0.00152792/00050681-r:0.00145489/00024356-r:0.00144373
atender atender VMN0000 0.529581 00260648-v:0.00134243/02170427-v:0.00130123/00719590-v:0.00124887/02571901-v:0.00122937/00080304-v:0.00115469
a a SP 1 -
a o DA0FS0 0.675415 - a SP 0.313151 - o PP3FSA0 0.00613742 - o PD0FS00 0.00514062 - a NCMS000 0.000156639 -
notificação notificação NCFS000 1 07185668-n:0.00297175/07212612-n:0.00294453
. . Fp 1 -

Em em SP 1 -
este este DD0MS0 0.843484 - este PD0MS00 0.156516 -
caso caso NCMS000 0.83659 13943400-n:0.00291775/05671325-n:0.00285342/07308889-n:0.0028435/05817743-n:0.00264967/06310945-n:0.00264325/06869129-n:0.00254877/06784966-n:0.00242508
, , Fc 1 -
o o DA0MS0 0.950254 -
processo processo NCMS000 0.998008 01184814-n:0.0020378/01182654-n:0.0019389/01023820-n:0.00180878/01181902-n:0.00174315/01198307-n:0.00173584/05701363-n:0.0016975/01195867-n:0.00164403/00029677-n:0.00160831/01023636-n:0.00159581/05470189-n:0.00158571/05701738-n:0.00153674/06503551-n:0.00140699
disciplinar disciplinar VMN0000 0.529581 02553428-v:0.0176797
deve dever VMIP3S0 0.99061 02731814-v:0.00632795/02254155-v:0.00631601/02253956-v:0.00609113
ser ser VMN0000 0.33093 02604760-v:0.00278105/00339934-v:0.00272997/02627363-v:0.00143394/02620587-v:0.00137803/02655135-v:0.00134072/02702508-v:0.00133507/02603699-v:0.00132667/02445925-v:0.00129985/02731024-v:0.00126816/02664769-v:0.00119585/02614181-v:0.00117213/02597601-v:0.00116937/01717851-v:0.00114874/02749904-v:0.00112462/02616386-v:0.00111207
concluído concluir VMP00SM 0.992518 00634472-v:0.00194178/00352826-v:0.00155196/02609764-v:0.00145715/00636574-v:0.00131509/01022420-v:0.00126652/00944924-v:0.00124005/00588888-v:0.00115927/00698855-v:0.00115855/00699815-v:0.00115183/00715074-v:0.00108535/00636441-v:0.0010811/02610628-v:0.00105208/00455750-v:0.0010516/00945125-v:0.00102506/02425913-v:0.00101426/01021420-v:0.00101421/01346978-v:0.000999173/01071762-v:0.000972262
em em SP 1 -
o o DA0MS0 1 -
prazo prazo NCMS000 1 15180082-n:0.00666961/15153225-n:0.00630421/15224156-n:0.0061119
máximo máximo AQ0MS00 0.743902 01495725-a:0.0191659
de de SP 1 -
noventa 90 Z 1 -
dias dia NCMP000 1 15155220-n:0.00320832/15159583-n:0.00245953/15157225-n:0.00229115/15136453-n:0.00223485/15164957-n:0.00199641/15136723-n:0.00199329/15208333-n:0.00189917/15123115-n:0.00187648/15208540-n:0.00179355/15157041-n:0.00178588
. . Fp 1 -

