Todos todo DI0MP0 
os o DA0MP0 
prazos prazo NCMP000 15116095-n:0/15153225-n:0/15180082-n:0/15224156-n:0
necessários necessário AQ0MP00 01580050-a:0
a a SP 
a o DA0FS0 
manifestação manifestação NCFS000 01177703-n:0/06798558-n:0/06880249-n:0/07323231-n:0/08358332-n:0
de de SP 
advogados advogado NCMP000 09774783-n:0/09775663-n:0/09840963-n:0/10249950-n:0/10623175-n:0
, , Fc 
estagiários estagiário NCMP000 10211203-n:0/10722385-n:0
e e CC 
terceiros terceiro AO0MP00 
, , Fc 
em em SP 
os o DA0MP0 
processos processo NCMP000 01023636-n:0/01023820-n:0/01181902-n:0/01182654-n:0/01198307-n:0
em em SP 
geral geral NCCS000 
de de SP 
a o DA0FS0 
OAB oab NP00000 
, , Fc 
são ser VMIP3P0 01717851-v:0/02597601-v:0/02603699-v:0/02604760-v:0/02627363-v:0/02749904-v:0
de de SP 
quinze 15 Z 
dias dia NCMP000 15123115-n:0/15136453-n:0/15136723-n:0/15155220-n:0/15157041-n:0/15157225-n:0/15159583-n:0/15164957-n:0/15208333-n:0/15208540-n:0
, , Fc 
inclusive inclusive RG 
para para SP 
interposição interposição NCFS000 
de de SP 
recursos recurso NCMP000 00177448-n:0/01185611-n:0/01208597-n:0/05154517-n:0/05154676-n:0/05154908-n:0/05155123-n:0/07246932-n:0/13331778-n:0
. . Fp 

Em em SP 
os o DA0MP0 
casos caso NCMP000 05671325-n:0/05817743-n:0/06310945-n:0/07308889-n:0
de de SP 
comunicação comunicação NCFS000 00033020-n:0/06252138-n:0/06623614-n:0/06746580-n:0/07212612-n:0
por por SP 
ofício ofício NCMS000 00582388-n:0/00606370-n:0/13945102-n:0
reservado reservar VMP00SM 00678777-v:0/00724150-v:0/02498320-v:0/01988024-a:0/01988324-a:0
, , Fc 
ou ou CC 
de de SP 
notificação notificação NCFS000 07185668-n:0/07212612-n:0
pessoal pessoal AQ0CS00 01616157-a:0/01767329-a:0
, , Fc 
o o DA0MS0 
prazo prazo NCMS000 15116095-n:0/15153225-n:0/15180082-n:0/15224156-n:0
se se PP3CN00 
conta contar VMIP3S0 00685081-v:0/00947857-v:0/00948071-v:0/00950431-v:0/00952524-v:0/00953216-v:0/01009240-v:0/02265231-v:0/02645839-v:0/02683489-v:0/02731632-v:0
a_partir_de a_partir_de SP 
o o DA0MS0 
dia dia NCMS000 15123115-n:0/15136453-n:0/15136723-n:0/15155220-n:0/15157041-n:0/15157225-n:0/15159583-n:0/15164957-n:0/15208333-n:0/15208540-n:0
útil útil AQ0CS00 00019731-a:0/00560586-a:0/00604897-a:0/01090820-a:0/02495922-a:0
imediato imediato NCMS000 
a a SP 
o o DA0MS0 
de de SP 
a o DA0FS0 
notificação notificação NCFS000 07185668-n:0/07212612-n:0
de de SP 
o o DA0MS0 
recebimento recebimento NCMS000 00090253-n:0/06630852-n:0
. . Fp 

Em em SP 
o o DA0MS0 
caso caso NCMS000 05671325-n:0/05817743-n:0/06310945-n:0/07308889-n:0
de de SP 
atos ato NCMP000 00030358-n:0/00037396-n:0/00550341-n:0/06532095-n:0/06545137-n:0/07009640-n:0
, , Fc 
notificações notificação NCFP000 07185668-n:0/07212612-n:0
e e CC 
decisões decisão NCFP000 00162632-n:0/04863969-n:0/05838176-n:0
divulgados divulgar VMP00PM 00933821-v:0/00975902-v:0/00976653-v:0
por_meio_de por_meio_de SP 
o o DA0MS0 
Diário_Eletrônico_de_a_Ordem_de_os_Advogados_de_o_Brasil diário_eletrônico_de_a_ordem_de_os_advogados_de_o_brasil NP00000 
, , Fc 
o o DA0MS0 
prazo prazo NCMS000 15116095-n:0/15153225-n:0/15180082-n:0/15224156-n:0
terá ter VMIF3S0 00056930-v:0/00065370-v:0/00065639-v:0/00121046-v:0/00639849-v:0/02108026-v:0/02203362-v:0/02204692-v:0/02632167-v:0/02700867-v:0/02746275-v:0/02749904-v:0
início início NCMS000 00235435-n:0/00240184-n:0/07290905-n:0/07325190-n:0/07325990-n:0/15265518-n:0
em em SP 
o o DA0MS0 
primeiro primeiro AO0MS00 01010862-a:0/01012990-a:0/02202047-a:0
dia dia NCMS000 15123115-n:0/15136453-n:0/15136723-n:0/15155220-n:0/15157041-n:0/15157225-n:0/15159583-n:0/15164957-n:0/15208333-n:0/15208540-n:0
útil útil AQ0CS00 00019731-a:0/00560586-a:0/00604897-a:0/01090820-a:0/02495922-a:0
seguinte seguinte AQ0CS00 00127815-a:0/00127948-a:0
a a SP 
a o DA0FS0 
publicação publicação NCFS000 01101958-n:0/01103614-n:0/06589574-n:0/06590210-n:0
, , Fc 
assim assim RG 00043003-r:0/00118363-r:0/00121002-r:0
considerada considerar VMP00SF 00640650-v:0/00689809-v:0/00689950-v:0/00690305-v:0/00690614-v:0/00691312-v:0/00693780-v:0/00711715-v:0/00712135-v:0/00712556-v:0/00734054-v:0/00813044-v:0/00950431-v:0/01773130-v:0/02166460-v:0
o o DA0MS0 
primeiro primeiro AO0MS00 01010862-a:0/01012990-a:0/02202047-a:0
dia dia NCMS000 15123115-n:0/15136453-n:0/15136723-n:0/15155220-n:0/15157041-n:0/15157225-n:0/15159583-n:0/15164957-n:0/15208333-n:0/15208540-n:0
útil útil AQ0CS00 00019731-a:0/00560586-a:0/00604897-a:0/01090820-a:0/02495922-a:0
seguinte seguinte AQ0CS00 00127815-a:0/00127948-a:0
a a SP 
o o DA0MS0 
de de SP 
a o DA0FS0 
disponibilização disponibilização NCFS000 
de de SP 
a o DA0FS0 
informação informação NCFS000 05816287-n:0/05816622-n:0/06634376-n:0/06642138-n:0/07212190-n:0/08462320-n:0
em em SP 
o o DA0MS0 
Diário diário NP00000 03602562-n:0/06267564-n:0/06402031-n:0
. . Fp 

