Para para SP 0.999444 -
inscrição inscrição NCFS000 1 06405699-n:0.00452508/00050037-n:0.00400333
como como CS 0.751351 -
estagiário estagiário NCMS000 1 10211203-n:0.00533623/10722385-n:0.00399273
é ser VMIP3S0 1 00339934-v:0.00259103/02655135-v:0.0016187/02604760-v:0.00159699/02603699-v:0.00154783/02749904-v:0.00132536/02627363-v:0.00128653/02620587-v:0.00125596/02702508-v:0.00118241/02445925-v:0.0011698/02731024-v:0.00114071/02664769-v:0.00107637/02614181-v:0.00105421/02597601-v:0.00105205/01717851-v:0.00103374/02616386-v:0.00100088
necessário necessário AQ0MS00 1 01580050-a:0.00263514/00903894-a:0.00182069/01580775-a:0.00181342/00343552-a:0.00167058/01276150-a:0.00165204
: : Fd 1 -
preencher preencher VMN0000 0.529581 00452512-v:0.00151136/00451838-v:0.00112421/02649042-v:0.00109577/00451279-v:0.0010813/02594674-v:0.00106669/02094569-v:0.00102874/02064131-v:0.00101434/01020731-v:0.00100963
os o DA0MP0 0.958022 -
requisitos requisito NCMP000 0.632636 09367203-n:0.0049878/05892651-n:0.00421825
mencionados mencionar VMP00PM 0.992518 01024190-v:0.00216772/01020005-v:0.00171958/01023071-v:0.00157551/01058574-v:0.00138368/01023574-v:0.00137503/00730052-v:0.0013278
em em SP 1 -
os o DA0MP0 1 -
incisos inciso NCMP000 0.332764 -
I i NP00V00 1 06832033-n:0.00768
, , Fc 1 -
III iii NP00O00 1 -
, , Fc 1 -
V v NP00O00 1 06833436-n:0.00409855/14661020-n:0.004044
, , Fc 1 -
VI vi NP00O00 1 -
e e CC 0.999951 -
VII vii NP00O00 1 -
de de SP 1 -
o o DA0MS0 0.950254 - o PD0MS00 0.0313531 - o PP3MSA0 0.0183743 - o NCMS000 1.85412e-05 -
art. art. NCFS000 0.69743 -
8º 8º Z 1 -
; ; Fx 1 -
ter ter VMN0000 0.533333 02655135-v:0.0016187/02603699-v:0.00154783/02749904-v:0.00132536/00065639-v:0.000575027/00056930-v:0.000538876/02632167-v:0.000460635/02630871-v:0.000440845/02204692-v:0.000432698/02700867-v:0.000427745/02203362-v:0.000425413/02205098-v:0.000419277/02630189-v:0.000419139/02108026-v:0.000418524/01733477-v:0.000390735/01156834-v:0.000383576/00065370-v:0.000378682/02210119-v:0.0003714/02355596-v:0.00036732/00052374-v:0.000350714/00059559-v:0.000340323/00121046-v:0.00033976/00639849-v:0.00033104/02746275-v:0.000325086/02740745-v:0.000324443
sido ser VMP00SM 1 00339934-v:0.00259103/02655135-v:0.0016187/02604760-v:0.00159699/02603699-v:0.00154783/02749904-v:0.00132536/02627363-v:0.00128653/02620587-v:0.00125596/02702508-v:0.00118241/02445925-v:0.0011698/02731024-v:0.00114071/02664769-v:0.00107637/02614181-v:0.00105421/02597601-v:0.00105205/01717851-v:0.00103374/02616386-v:0.00100088
admitido admitir VMP00SM 0.992518 02502536-v:0.000745406/02671279-v:0.000678178/00817311-v:0.000669896/00818553-v:0.000647119/00668099-v:0.000628384/02209936-v:0.000626951/02449847-v:0.000626515/02236624-v:0.000609105/00723545-v:0.000602048/02745486-v:0.000598623/02348568-v:0.000577576/00592883-v:0.000574361/02741682-v:0.000568922/01773734-v:0.000565658/02546467-v:0.000537144
em em SP 1 -
estágio estágio NCMS000 1 00593837-n:0.00438546/03799375-n:0.0041225
profissional profissional AQ0CS00 0.567364 01868724-a:0.00170765/01870100-a:0.00143962/02556402-a:0.00139391/02839695-a:0.00137724/02840478-a:0.00137517/02839505-a:0.00136084
de de SP 1 -
advocacia advocacia NCFS000 1 00611143-n:0.00419666/00589217-n:0.00381017
. . Fp 1 -

O o DA0MS0 0.950254 -
estágio estágio NCMS000 1 03799375-n:0.00284347/00593837-n:0.00277567
profissional profissional AQ0CS00 0.567364 01868724-a:0.00135307/01870100-a:0.00100433/02839695-a:0.000965296/02556402-a:0.000962153/02840478-a:0.000951444/02839505-a:0.000943371
de de SP 1 -
advocacia advocacia NCFS000 1 00611143-n:0.00305895/00589217-n:0.00263
, , Fc 1 -
com com SP 1 -
duração duração NCFS000 1 05051249-n:0.0016819/15133621-n:0.00123972/15133488-n:0.00117213/15141894-n:0.00110667/15295778-n:0.00107499
de de SP 1 -
dois 2 Z 1 -
anos ano NCMP000 1 08238660-n:0.0012817/15203791-n:0.000953202/15203565-n:0.00092728/15202634-n:0.000913471/15204297-n:0.000791986/15201505-n:0.00078849/15203229-n:0.000785028/15202806-n:0.000773104
, , Fc 1 -
realizado realizar VMP00SM 0.983871 00339934-v:0.00203937/01617192-v:0.000801817/01621555-v:0.000587872/02526085-v:0.000526256/01640855-v:0.000471045/00486018-v:0.000405563/02671880-v:0.000381428/02561995-v:0.000368468/01648126-v:0.000357582/01644746-v:0.00035588/02560767-v:0.00035058/02233195-v:0.00033628/02374764-v:0.000330271/02244603-v:0.000319199/00521329-a:0.000316591/00591755-v:0.000308939/02226028-a:0.000308842
em em SP 1 -
os o DA0MP0 1 -
últimos último AO0MP00 0.996032 01013279-a:0.000617927/01578312-a:0.000570266/01579128-a:0.000459252/01010271-a:0.000453624/01412912-a:0.000435954/01016035-a:0.000434261/00349894-a:0.00042694/01013961-a:0.000426539/00230076-a:0.000424311/01212095-a:0.000424258/00004296-a:0.00042352/01730329-a:0.000409808/00668366-a:0.000405731
anos ano NCMP000 1 08238660-n:0.0012817/15203791-n:0.000953202/15203565-n:0.00092728/15202634-n:0.000913471/15204297-n:0.000791986/15201505-n:0.00078849/15203229-n:0.000785028/15202806-n:0.000773104
de de SP 1 -
o o DA0MS0 0.950254 - o PD0MS00 0.0313531 - o PP3MSA0 0.0183743 - o NCMS000 1.85412e-05 -
curso curso NCMS000 0.980769 08238660-n:0.0012817/00884466-n:0.000605172/09387222-n:0.000603535/08377085-n:0.000568146/08679972-n:0.00056064/08238463-n:0.000557455/13827426-n:0.000540864/08680888-n:0.000493073/00038262-n:0.000490147/06773434-n:0.000476702/08681222-n:0.000456821/08461595-n:0.000439718/09475179-n:0.000423055
jurídico jurídico AQ0MS00 1 01400562-a:0.00213225/02754096-a:0.00207945/02754197-a:0.00182973/02752987-a:0.00167231/02499148-a:0.00163357/01401105-a:0.00151209/02753724-a:0.00150812
, , Fc 1 -
pode poder VMIP3S0 0.994702 01774426-v:0.00207833/02744451-v:0.00192768/01192628-v:0.00180399
ser ser VMN0000 0.33093 00339934-v:0.00203937/02604760-v:0.00118604/02620587-v:0.000955081/02627363-v:0.00088743/02655135-v:0.000834717/02603699-v:0.000824614/02702508-v:0.00081795/02445925-v:0.00081401/02731024-v:0.000789057/02664769-v:0.000743157/02614181-v:0.000731846/02597601-v:0.000727662/01717851-v:0.00071438/02749904-v:0.000699768/02616386-v:0.000690451
mantido manter VMP00SM 0.97619 02681795-v:0.000309012/02679899-v:0.000276203/00117985-v:0.000270385/02219094-v:0.000267166/02202384-v:0.000253543/02225492-v:0.000252464/02280132-v:0.000250107/02684924-v:0.000247087/00212414-v:0.000245014/02204564-v:0.000243551/02410175-v:0.000231286/02638845-v:0.000230024/01184625-v:0.000226561/01017643-v:0.000226409/01151753-v:0.000223277/00736586-v:0.000220646/02204094-v:0.000219442/01016778-v:0.000215854/00737801-a:0.00021466/02733122-v:0.000214408/00896497-v:0.000214332/00732552-v:0.000210962/00896017-v:0.000209211/02651853-v:0.000205163/00077369-v:0.00020267/00607000-v:0.00020248/01065877-v:0.000197036
por por SP 1 -
as o DA0FP0 1 -
respectivas respectivo AQ0FP00 1 00494409-a:0.00570615
instituições instituição NCFP000 1 08053576-n:0.00152218/03574555-n:0.00149361/00240184-n:0.00142372/08407330-n:0.00136616
de de SP 1 -
ensino ensino NCMS000 0.993421 00883297-n:0.00295531/00887081-n:0.00203506/05753564-n:0.00198181
superior superior AQ0CS00 0.98913 01210854-a:0.000839138/02341266-a:0.000683208/01204557-a:0.000581289/02338615-a:0.000558823/02099774-a:0.000433502/02439949-a:0.000422151/02343517-a:0.000419831/02339120-a:0.000413332/00792202-a:0.000362784/02339577-a:0.00035589/01211828-a:0.000341735/02342899-a:0.000341255/01211962-a:0.000336166/02348482-a:0.000327801/01206318-a:0.000326914/00792769-a:0.000326856/01277426-a:0.000310126
por por SP 1 -
os o DA0MP0 1 -
Conselhos_da_OAB conselhos_da_oab NP00O00 1 -
, , Fc 1 -
ou ou CC 1 -
por por SP 1 -
setores setor NCMP000 1 14514039-n:0.00108908/13875027-n:0.00103885/05853100-n:0.000988512/07966719-n:0.000938073/08403631-n:0.000934187/04165551-n:0.000871445
, , Fc 1 -
órgãos órgão NCMP000 1 05297523-n:0.000838274/03854065-n:0.000822823/10638385-n:0.000759999/03273551-n:0.000742915/03494537-n:0.000699038/13087625-n:0.000695457/06595056-n:0.000692845/08349350-n:0.000689511
jurídicos jurídico AQ0MP00 1 01400562-a:0.00213225/02754096-a:0.00207945/02754197-a:0.00182973/02752987-a:0.00167231/02499148-a:0.00163357/01401105-a:0.00151209/02753724-a:0.00150812
e e CC 0.999951 -
escritórios escritório NCMP000 1 03841666-n:0.0019759/04345028-n:0.00177902/08337324-n:0.00163241/03118846-n:0.00144636
de de SP 1 -
advocacia advocacia NCFS000 1 00611143-n:0.00305895/00589217-n:0.00263
credenciados credenciado AQ0MP00 1 -
por por SP 1 -
a o DA0FS0 1 -
OAB oab NP00O00 1 -
, , Fc 1 -
sendo ser VMG0000 1 00339934-v:0.00203937/02604760-v:0.00118604/02620587-v:0.000955081/02627363-v:0.00088743/02655135-v:0.000834717/02603699-v:0.000824614/02702508-v:0.00081795/02445925-v:0.00081401/02731024-v:0.000789057/02664769-v:0.000743157/02614181-v:0.000731846/02597601-v:0.000727662/01717851-v:0.00071438/02749904-v:0.000699768/02616386-v:0.000690451
obrigatório obrigatório AQ0MS00 1 00848074-a:0.00215216/00848466-a:0.00161086/01580775-a:0.00140855/01580968-a:0.0013427
o o DA0MS0 0.950254 -
estudo estudo NCMS000 0.993827 05996646-n:0.00196203/04345028-n:0.00177902/05755883-n:0.000926458/00644503-n:0.00061519/05784242-n:0.000554249/00635850-n:0.000544412/07218470-n:0.000535276/05797597-n:0.000496989/04344246-n:0.000496507/02822064-n:0.000463582/05705355-n:0.000454032/07048627-n:0.000444761
de de SP 1 -
este este DD0MS0 1 -
Estatuto estatuto NP00O00 1 14429985-n:0.00183198/13945919-n:0.0013704/13920835-n:0.00134267/06564387-n:0.00123988/06537951-n:0.00106402
e e CC 0.999951 -
de de SP 1 -
o o DA0MS0 0.950254 - o PD0MS00 0.0313531 - o PP3MSA0 0.0183743 - o NCMS000 1.85412e-05 -
Código_de_Ética código_de_ética NP00O00 1 -
e e CC 0.999951 -
Disciplina disciplina NP00G00 1 05996646-n:0.00196203/05662876-n:0.0010823/04881623-n:0.00101789/05726596-n:0.00101475/00893836-n:0.000987841/01132864-n:0.000928951
. . Fp 1 -

A o DA0FS0 0.675415 -
inscrição inscrição NCFS000 1 06405699-n:0.00993631/00050037-n:0.0088689
de de SP 1 -
o o DA0MS0 0.950254 - o PD0MS00 0.0313531 - o PP3MSA0 0.0183743 - o NCMS000 1.85412e-05 -
estagiário estagiário NCMS000 1 10211203-n:0.00914874/10722385-n:0.00886003
é ser VMIP3S0 1 00339934-v:0.00261424/02604760-v:0.00167176/02620587-v:0.00147972/02627363-v:0.00142939/02655135-v:0.00136285/02603699-v:0.00131793/02702508-v:0.0013128/02445925-v:0.00130299/02731024-v:0.00126686/02664769-v:0.00119509/02597601-v:0.00117368/02614181-v:0.00117128/01717851-v:0.00116013/02749904-v:0.00112407/02616386-v:0.00111217
feita fazer VMP00SF 0.803681 00120316-v:0.00103711/02367363-v:0.00102442/01617192-v:0.000950869/02621395-v:0.000861447/01752884-v:0.000752817/01714208-v:0.00059148/01621555-v:0.000550694/01645601-v:0.00053247/00056930-v:0.000443435/00770437-v:0.000438762/01753788-v:0.000432948/00010435-v:0.000425734/02530167-v:0.000425595/01653873-v:0.000384371/01659248-v:0.000380709/00142191-v:0.000375674/02204692-v:0.000361658/01640207-v:0.000355459/02568672-v:0.000348638/02745332-v:0.000343021/02630189-v:0.000339364/02203362-v:0.000336553/01712704-v:0.000331612/01733477-v:0.000324374/02598483-v:0.000324331/01754737-v:0.000317551/02205098-v:0.000315218/02355596-v:0.000313537/01719921-v:0.000312521/01752495-v:0.000308558/02176268-v:0.000302383/00730758-v:0.000299172/01627355-v:0.00029454/00698256-v:0.000293422/02561995-v:0.00029122/01647229-v:0.00028849/00665476-v:0.000282245/01646075-v:0.000279857/01629000-v:0.000279733/02560767-v:0.000277321/01628197-v:0.000276736/01629589-v:0.000276378/01438902-v:0.000276159/02539788-v:0.000275602/00767334-v:0.000274794/02582921-v:0.00027269/00818974-v:0.000270805/01739814-v:0.000270156/01658188-v:0.000269333/00012267-v:0.000268147/02617567-v:0.000265578/01619014-v:0.00026355/02560585-v:0.00026193/01685313-v:0.000261771/02709107-v:0.000261439/02374764-v:0.000259911/01738774-v:0.000258928/00107369-v:0.000258636/00059559-v:0.000256579/01755504-v:0.000255816/00065370-v:0.000255231/01649024-v:0.000252801/00121046-v:0.000252305/00408624-v:0.000250961/02621133-v:0.000247816/02434859-v:0.000247366/02599636-v:0.000244917/01116980-v:0.000243046/02211948-v:0.000239024/02562901-v:0.000237348/00120675-v:0.000235636
em em SP 1 -
o o DA0MS0 1 -
Conselho_Seccional conselho_seccional NP00O00 1 -
em em SP 1 -
cujo cujo PR0MS00 1 -
território território NCMS000 1 08497294-n:0.00392396/08552138-n:0.00353444/05221895-n:0.00345136/08556491-n:0.00340998/08493064-n:0.00335649/08674563-n:0.00300123
se se PP3CN00 0.861659 -
localize localizar VMSP3S0 0.648523 02694933-v:0.00366362/02154508-v:0.00322966/02695895-v:0.00317293/02286204-v:0.00316423/02509919-v:0.0031365/02692335-v:0.00298592
seu seu DP3MSS 0.957305 -
curso curso NCMS000 0.980769 08679972-n:0.00178252/09387222-n:0.0017693/08377085-n:0.00172343/13827426-n:0.00171999/08238660-n:0.0015999/00884466-n:0.00158496/08680888-n:0.00158391/08238463-n:0.00157096/00038262-n:0.00150561/06773434-n:0.00148639/08681222-n:0.00146448/08461595-n:0.00138305/09475179-n:0.00136028
jurídico jurídico AQ0MS00 1 01400562-a:0.00334254/02754096-a:0.00327816/02752987-a:0.00267929/02754197-a:0.00264865/02499148-a:0.00262395/01401105-a:0.00243118/02753724-a:0.00242682
. . Fp 1 -

O o DA0MS0 0.950254 -
aluno aluno NCMS000 0.914011 10665698-n:0.00220476/10016103-n:0.00132832/09786338-n:0.00131724/10251779-n:0.00125421/10559288-n:0.00120318/10165448-n:0.00117954/10767020-n:0.00116882
de de SP 1 -
curso curso NCMS000 0.980769 09387222-n:0.000845572/00884466-n:0.000832302/08679972-n:0.00081836/08377085-n:0.00079411/13827426-n:0.000780498/08238463-n:0.000779876/08238660-n:0.000756933/08680888-n:0.000711687/00038262-n:0.000701984/06773434-n:0.000674878/08681222-n:0.000660744/08461595-n:0.000635611/09475179-n:0.000612931
jurídico jurídico AQ0MS00 1 01400562-a:0.00155701/02754096-a:0.00153131/02754197-a:0.00146683/02752987-a:0.00121711/02499148-a:0.00118361/01401105-a:0.00109727/02753724-a:0.00109409
que que PR0CN00 0.584265 -
exerça exercer VMSP3S0 0.648519 01774426-v:0.00401593/02568672-v:0.00118699/02204564-v:0.00104894/01095218-v:0.00100491/00606093-v:0.000985047/02595383-v:0.000968009/02670890-v:0.000947496/00099721-v:0.000940586/01166093-v:0.000850976
atividade atividade NCFS000 1 00037396-n:0.00215892/14006945-n:0.0018412/00407535-n:0.00176994/04635104-n:0.00159283/14531203-n:0.00154377
incompatível incompatível AQ0CS00 1 00508192-a:0.00107847/00561036-a:0.00098685/00623565-a:0.000927633/01487352-a:0.000903019/00509896-a:0.000899409/00562909-a:0.000891603/00509206-a:0.000890798/00578523-a:0.000885164/02382572-a:0.000874209
com com SP 1 -
a o DA0FS0 0.675415 -
advocacia advocacia NCFS000 1 00611143-n:0.00432689/00589217-n:0.00381717
pode poder VMIP3S0 0.994702 01774426-v:0.00401593/02744451-v:0.00279223/01192628-v:0.00261493
freqüentar freqüentar VMN0000 0.855109 01844431-v:0.0082997
o o DA0MS0 0.950254 -
estágio estágio NCMS000 1 03799375-n:0.00412264/00593837-n:0.00403881
ministrado ministrar VMP00SM 0.679078 02549392-v:0.00429434/02446660-v:0.0041896
por por SP 1 -
a o DA0FS0 1 -
respectiva respectivo AQ0FS00 1 00494409-a:0.00827326
instituição instituição NCFS000 1 08053576-n:0.00230195/03574555-n:0.00217019/00240184-n:0.00204743/08407330-n:0.00196612
de de SP 1 -
ensino ensino NCMS000 0.993421 00883297-n:0.00411396/05753564-n:0.00301144/00887081-n:0.00293616
superior superior AQ0CS00 0.98913 01210854-a:0.00100031/02341266-a:0.000963105/01204557-a:0.00083666/02338615-a:0.000783426/02439949-a:0.000609751/02343517-a:0.000607517/02339120-a:0.000585827/02099774-a:0.000531921/00792202-a:0.000523972/02339577-a:0.00049448/02342899-a:0.000492632/01211828-a:0.000490702/01211962-a:0.000483538/01206318-a:0.000473698/00792769-a:0.000472841/02348482-a:0.000472593/01277426-a:0.000448961
, , Fc 1 -
para para SP 0.999444 -
fins fim NCMP000 1 15266911-n:0.00093437/05982152-n:0.000778853/05980875-n:0.00074918/07291794-n:0.000737832/11410625-n:0.00072767/05868477-n:0.000698844/05981230-n:0.000692871/00229260-n:0.000687132/07291312-n:0.000683185/15267536-n:0.000669476/15143477-n:0.000661679/00216038-n:0.000629027/08565894-n:0.000610043
de de SP 1 -
aprendizagem aprendizagem NCFS000 1 05752544-n:0.00306959/05985999-n:0.00282779/00588998-n:0.00260459
, , Fc 1 -
vedada vedar VMP00SF 0.97673 01354006-v:0.0022867/00795863-v:0.00218152/01348013-v:0.00205922/01761375-a:0.00200354
a a SP 0.313151 -
inscrição inscrição NCFS000 1 06405699-n:0.00447668/00050037-n:0.00399217
em em SP 1 -
a o DA0FS0 1 -
OAB oab NP00O00 1 -
. . Fp 1 -

O o DA0MS0 0.950254 -
estágio estágio NCMS000 1 03799375-n:0.00824757/00593837-n:0.00801227
profissional profissional AQ0CS00 0.567364 01868724-a:0.00342248/01870100-a:0.0028773/02556402-a:0.00279238/02839695-a:0.00276014/02840478-a:0.0027451/02839505-a:0.00270935
poderá poder VMIF3S0 1 01774426-v:0.00603622/02744451-v:0.00558681/01192628-v:0.00523009
ser ser VMN0000 0.33093 00339934-v:0.00229705/02604760-v:0.00179131/02627363-v:0.00129026/02620587-v:0.00124537/02655135-v:0.00120916/02702508-v:0.00118801/02603699-v:0.00118572/02445925-v:0.00117101/02731024-v:0.00114094/02664769-v:0.00107668/02614181-v:0.00105542/02597601-v:0.00105295/01717851-v:0.00103402/02749904-v:0.00101139/02616386-v:0.00100145
cumprido cumprir VMP00SM 0.97619 01640855-v:0.00295179/02671880-v:0.00225888/02561995-v:0.00224516/02542280-v:0.00219697/02594674-v:0.0021607/02578872-v:0.00205804/02563724-v:0.00200854/02226028-a:0.00189597
por por SP 1 -
bacharel bacharel NCMS000 1 10238749-n:0.00839356/10121467-n:0.00775351
em em SP 1 -
Direito direito NP00V00 1 13308999-n:0.00234467/05565337-n:0.00220958/05181199-n:0.00218118/05174653-n:0.00213291/00611143-n:0.00209987/06161718-n:0.0020592/08625073-n:0.00195597/13341756-n:0.001928
que que PR0CN00 0.584265 -
queira querer VMSP3S0 0.648523 01825237-v:0.00315051/01188725-v:0.00128254/02627934-v:0.00121863/01824736-v:0.00111809/01824339-v:0.00106088/01826723-v:0.00101075/01824958-v:0.00100166/01824532-v:0.000989251/01188485-v:0.000984454/01775164-v:0.000938522/00709205-v:0.000932045/01776468-v:0.000921273/00802318-v:0.000917829/01825761-v:0.000913617/01826184-v:0.000905582/02236124-v:0.000897641/00698398-v:0.000895028/00746366-v:0.000872436/01825962-v:0.000854641
se se PP3CN00 0.861659 -
inscrever inscrever VMN0000 0.328 02471327-v:0.00212919/01321895-v:0.00206245/02471087-v:0.001827/01749790-v:0.00174562/01001008-v:0.00171332/00887325-v:0.00162666/02472033-v:0.00160383/01276192-v:0.00158101/01097309-v:0.00155344/01583344-v:0.00152621
em em SP 1 -
a o DA0FS0 1 -
Ordem ordem NP00O00 1 07168131-n:0.00150907/08227214-n:0.00115867/08049401-n:0.00102462/08233056-n:0.000881942/08436562-n:0.000819637/05726596-n:0.000808992/07168623-n:0.00078211/08231184-n:0.000738607/06552984-n:0.000717858/14496710-n:0.000712961/08229467-n:0.000704757/06584891-n:0.000704682/07939382-n:0.000696666/08075388-n:0.0006901/07169242-n:0.000679655/06547059-n:0.000679535/08240169-n:0.000667745/13968547-n:0.00066563/07169848-n:0.000655435/08234493-n:0.000649156/08242675-n:0.000647007/08456993-n:0.000641042/07170467-n:0.000639361/13950812-n:0.000634806/07170572-n:0.00061897/08106934-n:0.00060629
. . Fp 1 -

