O o DA0MS0 0.950254 -
Conselho_Seccional conselho_seccional NP00000 1 -
pode poder VMIP3S0 0.994702 01192628-v:0/01774426-v:0/02744451-v:0
adotar adotar VMN0000 0.529581 00413195-v:0/00602112-v:0/01721754-v:0/02346724-v:0/02346895-v:0
as o DA0FP0 0.974798 -
medidas medida NCFP000 0.982301 00033615-n:0/00174412-n:0/00996969-n:0/05098311-n:0/05098942-n:0/05816790-n:0/07094093-n:0/07260623-n:0/09385911-n:0/13583724-n:0/13941125-n:0
administrativas administrativo AQ0FP00 1 02556229-a:0/02904075-a:0/02904223-a:0
e e CC 0.999951 -
judiciais judicial AQ0CP00 0.960748 01400961-a:0/02752987-a:0/02753205-a:0/02753724-a:0
pertinentes pertinente AQ0CP00 1 00138314-a:0/01975138-a:0/01975833-a:0/02997632-a:0
, , Fc 1 -
objetivando objetivando VMG0000 1 -
a a SP 0.313151 -
que que CS 0.398036 -
o o DA0MS0 0.950254 -
profissional profissional NCCS000 0.432636 10298482-n:0/10462860-n:0/10480253-n:0/10480583-n:0
suspenso suspenso AQ0MS00 1 02351370-a:0
ou ou CC 1 -
excluído excluir VMP00SM 0.992518 00615774-v:0/00685419-v:0/00796588-v:0/00800930-v:0/01468576-v:0/02222318-v:0/02404076-v:0/02449340-v:0/02452885-v:0/02629390-v:0/02633714-v:0
devolva devolver VMSP3S0 0.648512 00076400-v:0/00799076-v:0/02004874-v:0/02078294-v:0/02284951-v:0/02310007-v:0/02310328-v:0/02344060-v:0/02357072-v:0
os o DA0MP0 0.958022 -
documentos documento NCMP000 1 03217458-n:0/06470073-n:0/06734322-n:0/13403331-n:0/14974264-n:0
de de SP 1 -
identificação identificação NCFS000 1 00152018-n:0/04618581-n:0/05710687-n:0/05762998-n:0/06885083-n:0/06887278-n:0
. . Fp 1 -

