Aplicam aplicar VMIP3P0 1 -
se se PP3CN00 1 -
as o DA0FP0 0.974798 -
alterações alteração NCFP000 1 07296428-n:0.00115188/00199707-n:0.000862216/14403107-n:0.000742417/00399393-n:0.000714945/07359599-n:0.000692091/13859043-n:0.000679964/14403282-n:0.000675468/01250101-n:0.000650426/00553362-n:0.000640553/04904664-n:0.000625702/13800801-n:0.000601686/03778302-n:0.000586645
previstas prever VMP00PF 0.992518 00917772-v:0.000724028/00871942-v:0.000688166/00720063-v:0.000643098/00712135-v:0.000630324/00719734-v:0.000620743/00929815-a:0.000606626/00974173-v:0.000590479/00723545-v:0.000588218/00631737-v:0.000580931/02565491-v:0.000577602/00794981-v:0.000574703/00720808-v:0.000574529/00926472-v:0.000563631/01636221-v:0.000537991
em em SP 1 -
esta este DD0FS0 0.877868 - este PD0FS00 0.122132 -
lei lei NCFS000 1 08441203-n:0.00255747/06532330-n:0.000948666/06564387-n:0.000900467/08209687-n:0.000773512/05872982-n:0.000741956/05726596-n:0.000732278/05870916-n:0.000726225/06532095-n:0.000712593/05846054-n:0.000698056/08456347-n:0.000678863/06478582-n:0.000657778
, , Fc 1 -
quanto_a quanto_a SP 1 -
mandatos mandato NCMP000 1 01140471-n:0.0023748/01140658-n:0.00237285/15291498-n:0.00229621/08050678-n:0.00226913/06556481-n:0.00226172/06552984-n:0.00220338/06530789-n:0.00205295
, , Fc 1 -
eleições eleição NCFP000 1 00181781-n:0.00139017/00161243-n:0.00138856/05790944-n:0.00122127/00183505-n:0.00117311/05790242-n:0.00116745/00180962-n:0.00116599/00163779-n:0.00114047
, , Fc 1 -
composição composição NCFS000 1 07037465-n:0.000943306/04341686-n:0.000712392/00929718-n:0.000658806/04933544-n:0.000618941/05870180-n:0.000600109/00378985-n:0.000595771/00939452-n:0.000589357/06409752-n:0.000585413/14588492-n:0.000585032/00237078-n:0.000583336/06788785-n:0.000574361/03081660-n:0.000566074/05076472-n:0.000556991
e e CC 0.999951 -
atribuições atribuição NCFP000 1 13289467-n:0.00241759/13285176-n:0.00224268/13289744-n:0.00189699/05734559-n:0.00183432/00373418-n:0.00153193
de de SP 1 -
os o DA0MP0 0.958022 - o PD0MP00 0.021587 - o PP3MPA0 0.0203911 -
órgãos órgão NCMP000 1 05297523-n:0.00113155/03854065-n:0.00108627/10638385-n:0.000993209/03273551-n:0.000979691/03494537-n:0.000921115/13087625-n:0.000915477/06595056-n:0.000912257/08349350-n:0.000898395
de de SP 1 -
a o DA0FS0 0.675415 - a SP 0.313151 - o PP3FSA0 0.00613742 - o PD0FS00 0.00514062 - a NCMS000 0.000156639 -
OAB oab NP00O00 1 -
, , Fc 1 -
a a SP 0.313151 -
partir partir VMN0000 0.332544 02009433-v:0.000608031/02467662-v:0.000470698/02681524-v:0.000312887/02008396-v:0.000310462/02014165-v:0.000309308/02015598-v:0.000306229/00345761-v:0.000296707/01556921-v:0.000294792/01848718-v:0.000290156/01557774-v:0.000286926/00334996-v:0.000278226/02608347-v:0.000274425/02372605-v:0.000271447/01857717-v:0.000271405/00348746-v:0.00026948/01298931-v:0.000262011/01573515-v:0.000258597/02431320-v:0.000252296/01989053-v:0.000252036/00336260-v:0.000250194/01563724-v:0.000247479/02668523-v:0.000247179/02030158-v:0.000244599/01556572-v:0.000243763/01864230-v:0.000241252/02010400-v:0.000238872/02016062-v:0.000238147/02383440-v:0.00023461/02011437-v:0.000233649/00337065-v:0.000232698/01842204-v:0.00022791/02066304-v:0.000226506/02379528-v:0.00022184/00258665-v:0.000215857
de de SP 1 -
o o DA0MS0 0.950254 - o PD0MS00 0.0313531 - o PP3MSA0 0.0183743 - o NCMS000 1.85412e-05 -
término término NCMS000 1 15266911-n:0.00121148/15267536-n:0.000750586/05868477-n:0.000747763/00229260-n:0.000731299/15268682-n:0.000708956/00210797-n:0.000707766/06770875-n:0.000699454/06303888-n:0.000691955/08565894-n:0.00065491/05855904-n:0.000654224/15226451-n:0.000648431
de de SP 1 -
o o DA0MS0 0.950254 - o PD0MS00 0.0313531 - o PP3MSA0 0.0183743 - o NCMS000 1.85412e-05 -
mandato mandato NCMS000 0.98913 01140471-n:0.0023748/01140658-n:0.00237285/15291498-n:0.00229621/08050678-n:0.00226913/06556481-n:0.00226172/06552984-n:0.00220338/06530789-n:0.00205295
de de SP 1 -
os o DA0MP0 0.958022 - o PD0MP00 0.021587 - o PP3MPA0 0.0203911 -
atuais atual AQ0CP00 0.960748 00666058-a:0.00235728/01731351-a:0.00163669/00666610-a:0.00110035/00043765-a:0.00107325/01732131-a:0.00107056/00668208-a:0.00105396/00667079-a:0.00102916
membros membro NCMP000 1 10307234-n:0.00140248/05526384-n:0.00135765/05559908-n:0.00132484/05560244-n:0.00126909/13810615-n:0.00119752/02737833-n:0.00115531
, , Fc 1 -
devendo dever VMG0000 1 02731814-v:0.00258902/02254155-v:0.00257964/02253956-v:0.00248671
os o DA0MP0 0.958022 -
Conselhos_Federal conselhos_federal NP00O00 1 -
e e CC 0.999951 -
Seccionais seccionais NP00SP0 1 -
disciplinarem disciplinar VMN03P0 0.976071 02553428-v:0.0072341
os o DA0MP0 0.958022 -
respectivos respectivo AQ0MP00 1 00494409-a:0.00752227
procedimentos procedimento NCMP000 1 01023820-n:0.00216312/04897762-n:0.00194745/00577068-n:0.0019206/01023636-n:0.00190735
de de SP 1 -
adaptação adaptação NCFS000 1 13427078-n:0.0017915/06408779-n:0.00161126/00193406-n:0.00158901/07177437-n:0.00146355/07038400-n:0.00145832
. . Fp 1 -

Os o DA0MP0 0.958022 -
mandatos mandato NCMP000 1 01140471-n:0.00217768/01140658-n:0.00217634/15291498-n:0.0021141/08050678-n:0.00207832/06556481-n:0.00207277/06552984-n:0.00202512/06530789-n:0.00188167
de de SP 1 -
os o DA0MP0 0.958022 - o PD0MP00 0.021587 - o PP3MPA0 0.0203911 -
membros membro NCMP000 1 10307234-n:0.00129242/05526384-n:0.00125473/05559908-n:0.00121535/05560244-n:0.00116369/13810615-n:0.00109864/02737833-n:0.00105895
de de SP 1 -
os o DA0MP0 0.958022 - o PD0MP00 0.021587 - o PP3MPA0 0.0203911 -
órgãos órgão NCMP000 1 05297523-n:0.00103145/03854065-n:0.000992816/10638385-n:0.000916252/03273551-n:0.000896897/03494537-n:0.000844583/13087625-n:0.000838034/06595056-n:0.000836814/08349350-n:0.000823581
de de SP 1 -
a o DA0FS0 0.675415 - a SP 0.313151 - o PP3FSA0 0.00613742 - o PD0FS00 0.00514062 - a NCMS000 0.000156639 -
OAB oab NP00O00 1 -
, , Fc 1 -
eleitos eleito NCMP000 0.632624 -
em em SP 1 -
a o DA0FS0 1 -
primeira primeiro AO0FS00 0.963287 01010862-a:0.00127482/01009343-a:0.00101405/02202047-a:0.000987791/01009206-a:0.000947023/00228294-a:0.000943874/01012990-a:0.000940192/01277426-a:0.000907018
eleição eleição NCFS000 1 00181781-n:0.00129461/00161243-n:0.00127332/05790944-n:0.0011256/00183505-n:0.00107855/00180962-n:0.00107007/05790242-n:0.00106898/00163779-n:0.00105202
sob sob SP 1 -
a o DA0FS0 0.675415 -
vigência vigência NCFS000 1 15133621-n:0.00355282/05193160-n:0.00318441
de de SP 1 -
esta este DD0FS0 0.877868 - este PD0FS00 0.122132 -
lei lei NCFS000 1 08441203-n:0.00223719/06532330-n:0.000858978/06564387-n:0.000820352/08209687-n:0.000713006/05726596-n:0.000692284/05872982-n:0.000679558/06532095-n:0.000652749/05846054-n:0.000642024/08456347-n:0.000621785/05870916-n:0.000618113/06478582-n:0.000607506
, , Fc 1 -
e e CC 0.999951 -
em em SP 1 -
a o DA0FS0 1 -
forma forma NCFS000 0.996448 04928903-n:0.00212392/05839024-n:0.000789592/05930736-n:0.000637994/00172710-n:0.000610169/05064037-n:0.000597085/00027807-n:0.000504791/06473563-n:0.000496897/06290637-n:0.000492604/05217168-n:0.000474986/08111157-n:0.00046418/14546432-n:0.000452258/05941210-n:0.000441604/04677514-n:0.000421661/07683138-n:0.000410097/04200908-n:0.000400648/04931733-n:0.000391426
de de SP 1 -
o o DA0MS0 0.950254 - o PD0MS00 0.0313531 - o PP3MSA0 0.0183743 - o NCMS000 1.85412e-05 -
Capítulo_VI_do_Título_II capítulo_vi_do_título_ii NP00V00 1 -
, , Fc 1 -
terão ter VMIF3P0 1 00056930-v:0.000493867/00065639-v:0.000479576/01733477-v:0.000419131/02603699-v:0.000415705/02204692-v:0.00037915/02203362-v:0.00037912/02700867-v:0.000359329/02630189-v:0.000353238/02205098-v:0.000351668/02108026-v:0.000347834/02632167-v:0.000338256/02630871-v:0.000337833/02210119-v:0.000321822/02655135-v:0.000321237/00065370-v:0.000315108/01156834-v:0.000313497/02355596-v:0.000311461/00052374-v:0.000299323/00059559-v:0.000285152/00121046-v:0.000283206/00639849-v:0.000277383/02740745-v:0.000270384/02746275-v:0.000264006/02749904-v:0.000263452
início início NCMS000 1 07325190-n:0.000989918/00235435-n:0.000768406/00240184-n:0.000707297/15265518-n:0.000694565/08507558-n:0.000689199/06397476-n:0.000665484/07325990-n:0.000662866/07290905-n:0.000641555/07452699-n:0.000634073/05868051-n:0.000629135/00241699-n:0.000601315
em em SP 1 -
o o DA0MS0 1 -
dia dia NCMS000 1 15155220-n:0.00136167/15157225-n:0.000906241/15136453-n:0.000857806/15159583-n:0.000784455/15164957-n:0.000770801/15136723-n:0.00074967/15208333-n:0.000719015/15123115-n:0.000699255/15208540-n:0.000679136/15157041-n:0.00067878
seguinte seguinte AQ0CS00 0.932099 00127296-a:0.00252487/00127948-a:0.00123241/00127815-a:0.00122816/00199569-a:0.00112942/01294975-a:0.00111497/01732601-a:0.00108196
a a SP 1 -
o o DA0MS0 0.950254 - o PD0MS00 0.0313531 - o PP3MSA0 0.0183743 - o NCMS000 1.85412e-05 -
término término NCMS000 1 15266911-n:0.00122016/05868477-n:0.000852326/15267536-n:0.000696512/00229260-n:0.000672426/15268682-n:0.000653932/00210797-n:0.000653199/06770875-n:0.000646337/06303888-n:0.000637981/15226451-n:0.000602045/08565894-n:0.000600418/05855904-n:0.00060023
de de SP 1 -
os o DA0MP0 0.958022 - o PD0MP00 0.021587 - o PP3MPA0 0.0203911 -
atuais atual AQ0CP00 0.960748 00666058-a:0.0022316/01731351-a:0.00154823/00666610-a:0.0010128/00043765-a:0.000994569/01732131-a:0.000984294/00668208-a:0.000967785/00667079-a:0.000966799
mandatos mandato NCMP000 1 01140471-n:0.00217768/01140658-n:0.00217634/15291498-n:0.0021141/08050678-n:0.00207832/06556481-n:0.00207277/06552984-n:0.00202512/06530789-n:0.00188167
, , Fc 1 -
encerrando encerrar VMG0000 1 -
se se PP3CN00 1 -
em em SP 1 -
31_de_dezembro [??:31/12/??:??.??:??] W 1 -
de de SP 1 -
o o DA0MS0 0.950254 - o PD0MS00 0.0313531 - o PP3MSA0 0.0183743 - o NCMS000 1.85412e-05 -
terceiro terceiro AO0MS00 0.992424 02202307-a:0.00634493
ano ano NCMS000 1 15203791-n:0.00113116/15202634-n:0.00112404/15203565-n:0.00109089/15201505-n:0.000962108/15204297-n:0.000955001/08238660-n:0.000949921/15202806-n:0.00093599/15203229-n:0.000911351
de de SP 1 -
o o DA0MS0 0.950254 - o PD0MS00 0.0313531 - o PP3MSA0 0.0183743 - o NCMS000 1.85412e-05 -
mandato mandato NCMS000 0.98913 01140471-n:0.00217768/01140658-n:0.00217634/15291498-n:0.0021141/08050678-n:0.00207832/06556481-n:0.00207277/06552984-n:0.00202512/06530789-n:0.00188167
e e CC 0.999951 -
em em SP 1 -
31_de_janeiro [??:31/1/??:??.??:??] W 1 -
de de SP 1 -
o o DA0MS0 0.950254 - o PD0MS00 0.0313531 - o PP3MSA0 0.0183743 - o NCMS000 1.85412e-05 -
terceiro terceiro AO0MS00 0.992424 02202307-a:0.00634493
ano ano NCMS000 1 15203791-n:0.00113116/15202634-n:0.00112404/15203565-n:0.00109089/15201505-n:0.000962108/15204297-n:0.000955001/08238660-n:0.000949921/15202806-n:0.00093599/15203229-n:0.000911351
de de SP 1 -
o o DA0MS0 0.950254 - o PD0MS00 0.0313531 - o PP3MSA0 0.0183743 - o NCMS000 1.85412e-05 -
mandato mandato NCMS000 0.98913 01140471-n:0.00217768/01140658-n:0.00217634/15291498-n:0.0021141/08050678-n:0.00207832/06556481-n:0.00207277/06552984-n:0.00202512/06530789-n:0.00188167
, , Fc 1 -
em em SP 1 -
este este DD0MS0 0.843484 - este PD0MS00 0.156516 -
caso caso NCMS000 0.83659 07308889-n:0.00110996/13943400-n:0.0010916/05671325-n:0.00107639/06310945-n:0.00099949/05817743-n:0.000996565/06869129-n:0.000959898/06784966-n:0.000911202
com com SP 1 -
relação relação NCFS000 1 00031921-n:0.000733214/13791389-n:0.000546201/06481320-n:0.000529626/13812607-n:0.000445946/13928668-n:0.000435941/13794417-n:0.000431454/00040962-n:0.000430738/13780449-n:0.000417681/07221094-n:0.000405273/13928388-n:0.000404533/13819207-n:0.000404515/06681551-n:0.000402541/13795489-n:0.000402138/13795695-n:0.000387444/13780719-n:0.000375636/07217924-n:0.000372749/13811410-n:0.000361916/07134445-n:0.000356525/07222823-n:0.000345533/01011166-n:0.000345476
a a SP 1 -
o o DA0MS0 0.950254 - o PD0MS00 0.0313531 - o PP3MSA0 0.0183743 - o NCMS000 1.85412e-05 -
Conselho_Federal conselho_federal NP00O00 1 -
. . Fp 1 -

