O o DA0MS0 0.950254 -
mandato mandato NCMS000 0.98913 01140658-n:0/06530789-n:0/06552984-n:0/06556481-n:0
em em SP 1 -
qualquer qualquer DI0CS0 0.881232 -
órgão órgão NCMS000 1 03273551-n:0/03494537-n:0/03494537-n:0/03854065-n:0/05297523-n:0/06595056-n:0/06595056-n:0/08349350-n:0/13087625-n:0
de de SP 1 -
a o DA0FS0 0.675415 - a SP 0.313151 - o PP3FSA0 0.00613742 - o PD0FS00 0.00514062 - a NCMS000 0.000156639 06831177-n:0
OAB oab NP00O00 1 -
é ser VMIP3S0 1 01717851-v:0/02597601-v:0/02603699-v:0/02604760-v:0/02627363-v:0/02749904-v:0
de de SP 1 -
três 3 Z 1 -
anos ano NCMP000 1 08238660-n:0/15201505-n:0/15202131-n:0/15202634-n:0/15202806-n:0/15203229-n:0/15203565-n:0/15203791-n:0/15204297-n:0
, , Fc 1 -
iniciando iniciar VMG0000 1 00098346-v:0/00345761-v:0/00348746-v:0/00964911-v:0/01641914-v:0/01650610-v:0/02608347-v:0/02608823-v:0
se se PP3CN00 1 -
em em SP 1 -
primeiro primeiro NCMS000 0.174603 13597444-n:0
de de SP 1 -
janeiro [??:??/1/??:??.??:??] W 1 -
de de SP 1 -
o o DA0MS0 0.950254 - o PD0MS00 0.0313531 - o PP3MSA0 0.0183743 - o NCMS000 1.85412e-05 05198036-n:0/06832680-n:0
ano ano NCMS000 1 08238660-n:0/15201505-n:0/15202131-n:0/15202634-n:0/15202806-n:0/15203229-n:0/15203565-n:0/15203791-n:0/15204297-n:0
seguinte seguinte AQ0CS00 0.932099 00127815-a:0/00127948-a:0
a a SP 1 -
o o DA0MS0 0.950254 - o PD0MS00 0.0313531 - o PP3MSA0 0.0183743 - o NCMS000 1.85412e-05 05198036-n:0/06832680-n:0
de de SP 1 -
a o DA0FS0 0.675415 - a SP 0.313151 - o PP3FSA0 0.00613742 - o PD0FS00 0.00514062 - a NCMS000 0.000156639 06831177-n:0
eleição eleição NCFS000 1 00180962-n:0/00181781-n:0/00183505-n:0/05790944-n:0
, , Fc 1 -
salvo salvo RG 0.473804 -
o o DA0MS0 0.950254 -
Conselho_Federal conselho_federal NP00O00 1 -
. . Fp 1 -

Os o DA0MP0 0.958022 -
conselheiros conselheiro NCMP000 0.632636 09774266-n:0/09968845-n:0
federais federal AQ0CP00 0.960748 01106129-a:0/01107206-a:0/01606214-a:0/02725829-a:0
eleitos eleito NCMP000 0.632624 -
iniciam iniciar VMIP3P0 1 00098346-v:0/00345761-v:0/00348746-v:0/00964911-v:0/01641914-v:0/01650610-v:0/02608347-v:0/02608823-v:0
seus seu DP3MPS 0.857735 -
mandatos mandato NCMP000 1 01140658-n:0/06530789-n:0/06552984-n:0/06556481-n:0
em em SP 1 -
primeiro primeiro NCMS000 0.174603 13597444-n:0
de de SP 1 -
fevereiro [??:??/2/??:??.??:??] W 1 -
de de SP 1 -
o o DA0MS0 0.950254 - o PD0MS00 0.0313531 - o PP3MSA0 0.0183743 - o NCMS000 1.85412e-05 05198036-n:0/06832680-n:0
ano ano NCMS000 1 08238660-n:0/15201505-n:0/15202131-n:0/15202634-n:0/15202806-n:0/15203229-n:0/15203565-n:0/15203791-n:0/15204297-n:0
seguinte seguinte AQ0CS00 0.932099 00127815-a:0/00127948-a:0
a a SP 1 -
o o DA0MS0 0.950254 - o PD0MS00 0.0313531 - o PP3MSA0 0.0183743 - o NCMS000 1.85412e-05 05198036-n:0/06832680-n:0
de de SP 1 -
a o DA0FS0 0.675415 - a SP 0.313151 - o PP3FSA0 0.00613742 - o PD0FS00 0.00514062 - a NCMS000 0.000156639 06831177-n:0
eleição eleição NCFS000 1 00180962-n:0/00181781-n:0/00183505-n:0/05790944-n:0
. . Fp 1 -

