São ser VMIP3P0 0.997832 00339934-v:0.00157048/02604760-v:0.0010276/02620587-v:0.000873142/02627363-v:0.000860503/02655135-v:0.000805994/02603699-v:0.000796051/02702508-v:0.000794048/02445925-v:0.000782918/02731024-v:0.000761597/02664769-v:0.000717971/02614181-v:0.000704095/02597601-v:0.000703208/01717851-v:0.00069791/02749904-v:0.000674457/02616386-v:0.000667973
nulos nulo AQ0MP00 1 02499750-a:0.00478944/01866812-a:0.00398511/02500590-a:0.00378007
os o DA0MP0 0.958022 -
atos ato NCMP000 1 00037396-n:0.0021277/06532095-n:0.00174902/00030358-n:0.00174136/06545137-n:0.00164987/07447261-n:0.00158235/00550341-n:0.00154271/07009640-n:0.00152645
privativos privativo AQ0MP00 1 -
de de SP 1 -
advogado advogado NCMS000 0.975904 10249950-n:0.00315202/09774783-n:0.00247837/09775663-n:0.00230255/10623175-n:0.00229833/09840963-n:0.0022746
praticados praticar VMP00PM 0.992518 02568672-v:0.00243758/00606093-v:0.00233635/01723224-v:0.00231568/02561332-v:0.00226858/00833702-v:0.00209774
por por SP 1 -
pessoa pessoa NCFS000 1 00007846-n:0.00651749/80000973-n:0.00211716/06326797-n:0.00145165/10344443-n:0.001441/04617562-n:0.00141796/10203839-n:0.00140208/05217688-n:0.00139837/10289039-n:0.00135232
não não RN 0.99985 00024073-r:0.0060667/00024587-r:0.00274894/00050681-r:0.00261778/00024356-r:0.0025945
inscrita inscrever VMP00SF 0.992518 02471327-v:0.00141696/01321895-v:0.00138198/02471087-v:0.00121867/01749790-v:0.00116595/01001008-v:0.00114635/00887325-v:0.00108609/02472033-v:0.00107072/01276192-v:0.00105426/01097309-v:0.00102677/01583344-v:0.00101801
em em SP 1 -
a o DA0FS0 1 -
OAB oab NP00O00 1 -
, , Fc 1 -
sem sem SP 1 -
prejuízo prejuízo NCMS000 1 07420770-n:0.00164301/06201908-n:0.00135943/00403092-n:0.0013499/05162985-n:0.00134899/13328273-n:0.00132177/14541852-n:0.00132095/14285662-n:0.00128909/07420538-n:0.00125154/13327231-n:0.00118772
de de SP 1 -
as o DA0FP0 0.974798 - o PD0FP00 0.0142702 - o PP3FPA0 0.0109322 -
sanções sanção NCFP000 1 01160342-n:0.00406273/06689297-n:0.00185802/01139000-n:0.00185345/05176607-n:0.00178302/06687358-n:0.00162162/01124246-n:0.00161018/05164845-n:0.00157024
civis civil AQ0CP00 0.578363 01517921-a:0.00206915/02697116-a:0.00158282/01518161-a:0.00154161/00642379-a:0.00153883/00642934-a:0.00150701/00412355-a:0.00148609/02696920-a:0.00145063
, , Fc 1 -
penais penal AQ0CP00 0.960748 01322323-a:0.00228016/01402763-a:0.00224405/01902866-a:0.00219548/01404370-a:0.00205153/02779420-a:0.00203736
e e CC 0.999951 -
administrativas administrativo AQ0FP00 1 02904075-a:0.00380684/02904223-a:0.00375061/02556229-a:0.00361016
. . Fp 1 -

São ser VMIP3P0 0.997832 00339934-v:0.00227874/02604760-v:0.000981155/02749904-v:0.000912033/02620587-v:0.000840532/02627363-v:0.000806749/02603699-v:0.00079174/02655135-v:0.000771665/02445925-v:0.000742472/02702508-v:0.000740734/02731024-v:0.000715336/02664769-v:0.00067411/02597601-v:0.000660884/02614181-v:0.000660194/01717851-v:0.000657157/02616386-v:0.000626003
também também RG 0.998533 00047534-r:0.00516679/00068753-r:0.00475232
nulos nulo AQ0MP00 1 02499750-a:0.00448877/01866812-a:0.00373653/02500590-a:0.00354394
os o DA0MP0 0.958022 -
atos ato NCMP000 1 00037396-n:0.00423748/00030358-n:0.00177107/06532095-n:0.00164963/06545137-n:0.001542/07447261-n:0.0014836/00550341-n:0.00144779/07009640-n:0.00143342
praticados praticar VMP00PM 0.992518 02568672-v:0.00369877/00606093-v:0.00340634/01723224-v:0.00220719/02561332-v:0.00218661/00833702-v:0.00198102
por por SP 1 -
advogado advogado NCMS000 0.975904 10249950-n:0.00565489/09774783-n:0.00232792/09775663-n:0.00221784/10623175-n:0.00221008/09840963-n:0.00218829
impedido impedir VMP00SM 0.560418 02451370-v:0.00193805/02557199-v:0.00172756/02452885-v:0.00169511/02450505-v:0.00147449/00520357-v:0.00134514/01147060-v:0.00134/00236289-v:0.00129505/02629390-v:0.00126583
- - Fg 1 -
em em SP 1 -
o o DA0MS0 1 -
âmbito âmbito NCMS000 1 05125377-n:0.0022522/05996646-n:0.00217582/14514039-n:0.00195292/14513259-n:0.00177096/05853100-n:0.00175349/05127782-n:0.00171187
de de SP 1 -
o o DA0MS0 0.950254 - o PD0MS00 0.0313531 - o PP3MSA0 0.0183743 - o NCMS000 1.85412e-05 -
impedimento impedimento NCMS000 1 05689249-n:0.00286408/01073995-n:0.00271568/05107495-n:0.00267395/06542047-n:0.00266748
- - Fg 1 -
suspenso suspenso AQ0MS00 1 02351370-a:0.00992682
, , Fc 1 -
licenciado licenciar VMP00SM 0.621918 02402825-v:0.00402838/02444662-v:0.00349247/02264179-v:0.00333229
ou ou CC 1 -
que que CS 0.398036 -
passar passar VMN0000 0.332597 00339934-v:0.00227874/02749904-v:0.000912033/02230772-v:0.000467378/02708420-v:0.000454422/02051694-v:0.000446937/02609764-v:0.000427014/02050132-v:0.000399478/02072849-v:0.000395732/02685951-v:0.000387545/02525044-v:0.00037068/02049696-v:0.000360363/00668099-v:0.000354986/02523953-v:0.00034558/02052476-v:0.000341869/01212230-v:0.000328792/02593912-v:0.000328106/02523351-v:0.000327223/01716882-v:0.000322565/00421691-v:0.000320253/01458464-v:0.000311805/01887020-v:0.000311801/01101571-v:0.000310559/02055649-v:0.000309577/02466670-v:0.00030841/02231328-v:0.000305474/02392385-v:0.000299834/01972131-v:0.00029788/00189669-v:0.000297087/01611746-v:0.000297007/01313249-v:0.000294337/02709277-v:0.00029389/02231473-v:0.000293791/00341285-v:0.000291209/02221635-v:0.000281879
a a SP 0.313151 -
exercer exercer VMN0000 0.529581 02568672-v:0.00369877/00606093-v:0.00340634/02204564-v:0.00131277/01774426-v:0.00126229/01095218-v:0.00125208/02595383-v:0.00124093/00099721-v:0.00119766/02670890-v:0.00118672/01166093-v:0.00106709
atividade atividade NCFS000 1 00037396-n:0.00423748/14006945-n:0.00247477/00407535-n:0.00217497/04635104-n:0.00199151/14531203-n:0.00193
incompatível incompatível AQ0CS00 1 00508192-a:0.00135047/00561036-a:0.00123608/00623565-a:0.00117928/01487352-a:0.00113118/00509896-a:0.00112518/00562909-a:0.00111463/00509206-a:0.00111316/00578523-a:0.00110639/02382572-a:0.00109203
com com SP 1 -
a o DA0FS0 0.675415 -
advocacia advocacia NCFS000 1 00611143-n:0.00536826/00589217-n:0.00479498
. . Fp 1 -

