É ser VMIP3S0 1 00339934-v:0.00236045/02604760-v:0.00140337/02627363-v:0.00117475/02620587-v:0.00114963/02655135-v:0.00109733/02603699-v:0.00108253/02702508-v:0.0010787/02445925-v:0.00106468/02731024-v:0.00103752/02664769-v:0.000980007/02597601-v:0.000967086/02614181-v:0.000959483/01717851-v:0.000940941/02749904-v:0.00092078/02616386-v:0.000910454
obrigatória obrigatório AQ0FS00 1 00848074-a:0.00567009/00848466-a:0.00425211/01580775-a:0.00371093/01580968-a:0.0035422
a o DA0FS0 0.675415 -
indicação indicação NCFS000 1 06797169-n:0.00454064/06643408-n:0.00249892/06651577-n:0.00223113/00163779-n:0.00220809/06798472-n:0.00208572/07231048-n:0.00208362/06797947-n:0.0020577
de de SP 1 -
o o DA0MS0 0.950254 - o PD0MS00 0.0313531 - o PP3MSA0 0.0183743 - o NCMS000 1.85412e-05 -
nome nome NCMS000 1 06333653-n:0.0031756/06337307-n:0.00148184/06319293-n:0.00145526/06338908-n:0.00135628/06337693-n:0.0013516/06317862-n:0.00125608/06320004-n:0.00123975/10344443-n:0.00121246/01139636-n:0.00117261/06720964-n:0.0011723/00721660-n:0.00112442/14438788-n:0.00111662/05143300-n:0.00108871
e e CC 0.999951 -
de de SP 1 -
o o DA0MS0 0.950254 - o PD0MS00 0.0313531 - o PP3MSA0 0.0183743 - o NCMS000 1.85412e-05 -
número número NCMS000 1 13582013-n:0.00115288/13741022-n:0.00107811/05121418-n:0.00105219/06596978-n:0.00103187/07997703-n:0.00100932/05090441-n:0.000998279/06807198-n:0.000950157/05855125-n:0.000937872/05861067-n:0.000924256/05107765-n:0.000910441/13742358-n:0.000908998/06425065-n:0.000889507/06426111-n:0.000880455/00033615-n:0.000871876/13331634-n:0.00086585/06892016-n:0.00083069/06326526-n:0.000818847/03835412-n:0.000775679
de de SP 1 -
inscrição inscrição NCFS000 1 06405699-n:0.00814838/00050037-n:0.00725985
em em SP 1 -
todos todo DI0MP0 0.698087 -
os o DA0MP0 0.958022 -
documentos documento NCMP000 1 06470073-n:0.00373035/14974264-n:0.00322045/13403331-n:0.00313938/03217458-n:0.00286459/06734322-n:0.00284643
assinados assinar VMP00PM 0.721918 00889229-v:0.00412772/00997020-v:0.00321541/00996485-v:0.00312966/02464866-v:0.00300413/02209745-v:0.0029583
por por SP 1 -
o o DA0MS0 1 -
advogado advogado NCMS000 0.975904 10249950-n:0.0042287/09774783-n:0.00336291/09775663-n:0.0031387/10623175-n:0.00312732/09840963-n:0.00309554
, , Fc 1 -
em em SP 1 -
o o DA0MS0 1 -
exercício exercício NCMS000 1 00947128-n:0.00314603/00624738-n:0.00309856/00894552-n:0.00309715/15203120-n:0.00296941/00729919-n:0.00282831
de de SP 1 -
sua seu DP3FSS 0.929764 -
atividade atividade NCFS000 1 00037396-n:0.00345155/14006945-n:0.00329163/00407535-n:0.00318713/04635104-n:0.0028921/14531203-n:0.00280568
. . Fp 1 -

É ser VMIP3S0 1 00339934-v:0.00129271/02604760-v:0.000874304/02620587-v:0.00074936/02627363-v:0.000614082/02655135-v:0.000579997/02603699-v:0.000572618/02702508-v:0.000567522/02445925-v:0.000558596/02731024-v:0.000544656/02664769-v:0.000514912/02597601-v:0.000511921/02614181-v:0.0005034/01717851-v:0.000493998/02749904-v:0.000482597/02616386-v:0.00047724
vedado vedar VMP00SM 0.992513 01354006-v:0.00217972/00795863-v:0.00207266/01348013-v:0.00196124/01761375-a:0.00191254
anunciar anunciar VMN0000 0.529581 00976653-v:0.00219969/00975902-v:0.00218895/00974367-v:0.00116713/00965871-v:0.000878431/00873682-v:0.000856368/00974173-v:0.000849747/00900376-v:0.000843654/00935827-v:0.000836391/02494047-v:0.000755173/00975427-v:0.000750662
ou ou CC 1 -
divulgar divulgar VMN0000 0.329032 00976653-v:0.00219969/00975902-v:0.00218895/00933821-v:0.00164313/02137132-v:0.00151646/00968211-v:0.00147964/01378556-v:0.00144088
qualquer qualquer DI0CS0 0.881232 -
atividade atividade NCFS000 1 00037396-n:0.00204432/00407535-n:0.00178249/14006945-n:0.00176943/04635104-n:0.00151837/14531203-n:0.00147084
relacionada relacionar VMP00SF 0.992518 02676054-v:0.00286704/01972820-a:0.00120084/00713167-v:0.00117317/01971237-a:0.00107514/02724417-v:0.00106946/01354673-v:0.00105219/01292885-v:0.00104079/02458103-v:0.00100848
com com SP 1 -
o o DA0MS0 0.950254 -
exercício exercício NCMS000 1 00947128-n:0.00334729/00894552-n:0.00163139/00624738-n:0.00162711/15203120-n:0.00155989/00729919-n:0.00148319
de de SP 1 -
a o DA0FS0 0.675415 - a SP 0.313151 - o PP3FSA0 0.00613742 - o PD0FS00 0.00514062 - a NCMS000 0.000156639 -
advocacia advocacia NCFS000 1 00611143-n:0.00404995/00589217-n:0.00365272
ou ou CC 1 -
o o DA0MS0 0.950254 -
uso uso NCMS000 0.98913 00947128-n:0.00334729/00413239-n:0.00178327/05669034-n:0.00151493/00830257-n:0.00149717/05149978-n:0.00148111
de de SP 1 -
a o DA0FS0 0.675415 - a SP 0.313151 - o PP3FSA0 0.00613742 - o PD0FS00 0.00514062 - a NCMS000 0.000156639 -
expressão expressão NCFS000 1 07139873-n:0.00117039/07151380-n:0.0011321/06731802-n:0.00105555/04679738-n:0.00105457/06880249-n:0.00104947/07109847-n:0.00104799/07069948-n:0.00103453/06723452-n:0.000906583
escritório escritório NCMS000 1 03841666-n:0.00269927/08337324-n:0.00207505/03118846-n:0.00199523/04345028-n:0.00184114
de de SP 1 -
advocacia advocacia NCFS000 1 00611143-n:0.00404995/00589217-n:0.00365272
, , Fc 1 -
sem sem SP 1 -
indicação indicação NCFS000 1 06797169-n:0.00240957/06643408-n:0.00133783/06651577-n:0.00117126/00163779-n:0.0011645/07231048-n:0.00111178/06798472-n:0.00109329/06797947-n:0.00107804
expressa expresso AQ0FS00 0.569778 00940437-a:0.00362352/00941148-a:0.00269779/00977699-a:0.00250399
de de SP 1 -
o o DA0MS0 0.950254 - o PD0MS00 0.0313531 - o PP3MSA0 0.0183743 - o NCMS000 1.85412e-05 -
nome nome NCMS000 1 06333653-n:0.00185705/06337307-n:0.000778374/06319293-n:0.0007668/06338908-n:0.000724051/06337693-n:0.000710564/06317862-n:0.000660146/10344443-n:0.000658424/06320004-n:0.000652263/06720964-n:0.000616194/01139636-n:0.000614486/00721660-n:0.000590066/14438788-n:0.000585777/05143300-n:0.000571758
e e CC 0.999951 -
de de SP 1 -
o o DA0MS0 0.950254 - o PD0MS00 0.0313531 - o PP3MSA0 0.0183743 - o NCMS000 1.85412e-05 -
número número NCMS000 1 13582013-n:0.000622388/07997703-n:0.000581468/13741022-n:0.000574223/05121418-n:0.000561166/05090441-n:0.000535989/05855125-n:0.00053078/06807198-n:0.000502734/05861067-n:0.000490856/13742358-n:0.000482363/05107765-n:0.000477135/06425065-n:0.000474266/06596978-n:0.000470635/06426111-n:0.00046476/00033615-n:0.000463374/13331634-n:0.000461088/06892016-n:0.000437247/06326526-n:0.000431814/03835412-n:0.000408857
de de SP 1 -
inscrição inscrição NCFS000 1 00050037-n:0.00456764/06405699-n:0.00426996
de de SP 1 -
os o DA0MP0 0.958022 - o PD0MP00 0.021587 - o PP3MPA0 0.0203911 -
advogados advogado NCMP000 0.556849 10249950-n:0.00427765/09774783-n:0.0017977/09775663-n:0.00169021/10623175-n:0.00168115/09840963-n:0.00166566
que que PR0CN00 0.584265 -
o o PP3MSA0 0.0183743 -
integrem integrar VMSP3P0 0.994118 02629535-v:0.0011075/02632940-v:0.00109901/00466651-v:0.00109497/01541000-v:0.00103436/00642980-v:0.00100385/00467451-v:0.000994492/02449847-v:0.000988195/02481900-v:0.000952637
ou ou CC 1 -
o o DA0MS0 0.950254 -
número número NCMS000 1 13582013-n:0.000622388/07997703-n:0.000581468/13741022-n:0.000574223/05121418-n:0.000561166/05090441-n:0.000535989/05855125-n:0.00053078/06807198-n:0.000502734/05861067-n:0.000490856/13742358-n:0.000482363/05107765-n:0.000477135/06425065-n:0.000474266/06596978-n:0.000470635/06426111-n:0.00046476/00033615-n:0.000463374/13331634-n:0.000461088/06892016-n:0.000437247/06326526-n:0.000431814/03835412-n:0.000408857
de de SP 1 -
registro registro NCMS000 0.914011 00050037-n:0.00456764/06647206-n:0.000974365/06636524-n:0.00096438/13403643-n:0.000928738/06507041-n:0.000905802/13412321-n:0.000895516/07270179-n:0.000837892/06503724-n:0.000832735/04071876-n:0.000798064/05126849-n:0.000788333
de de SP 1 -
a o DA0FS0 0.675415 - a SP 0.313151 - o PP3FSA0 0.00613742 - o PD0FS00 0.00514062 - a NCMS000 0.000156639 -
sociedade sociedade NCFS000 1 08058098-n:0.0011746/08227214-n:0.00113581/08049401-n:0.00110088/07966140-n:0.00108281/08387930-n:0.00105347/13931627-n:0.00103352/08060694-n:0.0010247/06526291-n:0.000985891
de de SP 1 -
advogados advogado NCMP000 0.556849 10249950-n:0.00427765/09774783-n:0.0017977/09775663-n:0.00169021/10623175-n:0.00168115/09840963-n:0.00166566
em em SP 1 -
a o DA0FS0 1 -
OAB oab NP00O00 1 -
. . Fp 1 -

