O o DA0MS0 0.950254 -
Conselho_Seccional conselho_seccional NP00000 1 -
compõe compor VMIP3S0 1 -
se se PP3CN00 1 -
de de SP 1 -
conselheiros conselheiro NCMP000 0.632636 09774266-n:0/09968845-n:0
em em SP 1 -
número número NCMS000 1 00033615-n:0/03835412-n:0/05090441-n:0/05107765-n:0/05121418-n:0/05855125-n:0/05861067-n:0/06326526-n:0/06425065-n:0/06426111-n:0/06596978-n:0/06807198-n:0/06892016-n:0/07997703-n:0/13331634-n:0/13582013-n:0/13741022-n:0/13742358-n:0
proporcional proporcional AQ0CS00 1 00481737-a:0/00482673-a:0/00482948-a:0/00894029-a:0
a a SP 1 -
o o DA0MS0 0.950254 - o PD0MS00 0.0313531 - o PP3MSA0 0.0183743 - o NCMS000 1.85412e-05 -
de de SP 1 -
seus seu DP3MPS 0.857735 -
inscritos inscrever VMP00PM 0.892483 00887325-v:0/01001008-v:0/01097309-v:0/01276192-v:0/01321895-v:0/01583344-v:0/01749790-v:0/02471087-v:0/02471327-v:0/02472033-v:0
, , Fc 1 -
segundo segundo SP 0.636259 -
critérios critério NCMP000 1 04892084-n:0/05614175-n:0/06782019-n:0/07260623-n:0
estabelecidos estabelecer VMP00PM 0.992518 00539338-v:0/00636888-v:0/00664788-v:0/00665476-v:0/00730758-v:0/01062395-v:0/01570108-v:0/01647229-v:0/01647672-v:0/01655505-v:0/02427103-v:0/02621395-v:0/02635033-v:0/02493300-a:0
em em SP 1 -
o o DA0MS0 1 -
regulamento regulamento NCMS000 0.97619 00805034-n:0/05846054-n:0/06537951-n:0/14443434-n:0/80000908-n:0
geral geral AQ0CS00 0.694581 00487198-a:0/00489108-a:0/00526062-a:0/00527188-a:0/00783840-a:0/01101391-a:0/01426077-a:0/01839663-a:0
. . Fp 1 -

São ser VMIP3P0 0.997832 00339934-v:0/01717851-v:0/02445925-v:0/02597601-v:0/02603699-v:0/02604760-v:0/02614181-v:0/02616386-v:0/02620587-v:0/02627363-v:0/02655135-v:0/02664769-v:0/02702508-v:0/02731024-v:0/02749904-v:0
membros membro NCMP000 1 02737833-n:0/05526384-n:0/05559908-n:0/05560244-n:0/10307234-n:0/13810615-n:0
honorários honorário AQ0MP00 0.367428 00821959-a:0
vitalícios vitalício AQ0MP00 1 01440159-a:0
os o DA0MP0 0.958022 -
seus seu DP3MPS 0.857735 -
ex ex AQ0CN00 1 -
presidentes presidente NCMP000 1 -
, , Fc 1 -
somente somente RG 1 00004722-r:0/00008600-r:0/00011011-r:0
com com SP 1 -
direito direito NCMS000 0.936047 00611143-n:0/05174653-n:0/05181199-n:0/05565337-n:0/06161718-n:0/08625073-n:0/13308999-n:0/13341756-n:0
a a SP 0.313151 -
voz voz NCFS000 1 04981139-n:0/04981941-n:0/05202284-n:0/06872122-n:0/07030718-n:0/07110615-n:0/07223450-n:0/10638385-n:0/10758713-n:0/13802920-n:0/14485526-n:0
em em SP 1 -
suas seu DP3FSP 0.994048 -
sessões sessão NCFP000 1 01232091-n:0/06891493-n:0/07145508-n:0/08417920-n:0
. . Fp 1 -

O o DA0MS0 0.950254 -
Presidente_do_Instituto_dos_Advogados presidente_do_instituto_dos_advogados NP00000 1 -
local local AQ0CS00 0.17716 01036874-a:0/01106405-a:0/01425529-a:0/02756346-a:0
é ser VMIP3S0 1 00339934-v:0/01717851-v:0/02445925-v:0/02597601-v:0/02603699-v:0/02604760-v:0/02614181-v:0/02616386-v:0/02620587-v:0/02627363-v:0/02655135-v:0/02664769-v:0/02702508-v:0/02731024-v:0/02749904-v:0
membro membro NCMS000 1 02737833-n:0/05526384-n:0/05559908-n:0/05560244-n:0/10307234-n:0/13810615-n:0
honorário honorário AQ0MS00 0.367401 00821959-a:0
, , Fc 1 -
somente somente RG 1 00004722-r:0/00008600-r:0/00011011-r:0
com com SP 1 -
direito direito NCMS000 0.936047 00611143-n:0/05174653-n:0/05181199-n:0/05565337-n:0/06161718-n:0/08625073-n:0/13308999-n:0/13341756-n:0
a a SP 0.313151 -
voz voz NCFS000 1 04981139-n:0/04981941-n:0/05202284-n:0/06872122-n:0/07030718-n:0/07110615-n:0/07223450-n:0/10638385-n:0/10758713-n:0/13802920-n:0/14485526-n:0
em em SP 1 -
as o DA0FP0 1 -
sessões sessão NCFP000 1 01232091-n:0/06891493-n:0/07145508-n:0/08417920-n:0
de de SP 1 -
o o DA0MS0 0.950254 - o PD0MS00 0.0313531 - o PP3MSA0 0.0183743 - o NCMS000 1.85412e-05 -
Conselho conselho NP00000 1 06650701-n:0/06651577-n:0/06671484-n:0/06786629-n:0/08309409-n:0/08310949-n:0/08322981-n:0
. . Fp 1 -

Quando quando RG 0.998992 -
presentes presente AQ0CP00 0.938462 00666058-a:0/01731351-a:0/01846413-a:0
a a SP 1 -
as o DA0FP0 0.974798 - o PD0FP00 0.0142702 - o PP3FPA0 0.0109322 -
sessões sessão NCFP000 1 01232091-n:0/06891493-n:0/07145508-n:0/08417920-n:0
de de SP 1 -
o o DA0MS0 0.950254 - o PD0MS00 0.0313531 - o PP3MSA0 0.0183743 - o NCMS000 1.85412e-05 -
Conselho_Seccional conselho_seccional NP00000 1 -
, , Fc 1 -
o o DA0MS0 0.950254 -
Presidente_do_Conselho_Federal presidente_do_conselho_federal NP00000 1 -
, , Fc 1 -
os o DA0MP0 0.958022 -
Conselheiros_Federais conselheiros_federais NP00000 1 -
integrantes integrante AQ0CP00 1 -
de de SP 1 -
a o DA0FS0 0.675415 - a SP 0.313151 - o PP3FSA0 0.00613742 - o PD0FS00 0.00514062 - a NCMS000 0.000156639 -
respectiva respectivo AQ0FS00 1 00494409-a:0
delegação delegação NCFS000 1 00165178-n:0/01140471-n:0/01140839-n:0/08402442-n:0/14000403-n:0
, , Fc 1 -
o o DA0MS0 0.950254 -
Presidente_da_Caixa_de_Assistência_dos_Advogados presidente_da_caixa_de_assistência_dos_advogados NP00000 1 -
e e CC 0.999951 -
os o DA0MP0 0.958022 -
Presidentes_das_Subseções presidentes_das_subseções NP00000 1 -
, , Fc 1 -
têm ter VMIP3P0 1 00052374-v:0/00056930-v:0/00059559-v:0/00065370-v:0/00065639-v:0/00121046-v:0/00639849-v:0/01156834-v:0/01733477-v:0/02108026-v:0/02203362-v:0/02204692-v:0/02205098-v:0/02210119-v:0/02355596-v:0/02603699-v:0/02630189-v:0/02630871-v:0/02632167-v:0/02655135-v:0/02700867-v:0/02740745-v:0/02746275-v:0/02749904-v:0
direito direito NCMS000 0.936047 00611143-n:0/05174653-n:0/05181199-n:0/05565337-n:0/06161718-n:0/08625073-n:0/13308999-n:0/13341756-n:0
a a SP 0.313151 -
voz voz NCFS000 1 04981139-n:0/04981941-n:0/05202284-n:0/06872122-n:0/07030718-n:0/07110615-n:0/07223450-n:0/10638385-n:0/10758713-n:0/13802920-n:0/14485526-n:0
. . Fp 1 -

