- - Fg 1 -
A._São a._são NP00SP0 1 -
direitos direito NCMP000 0.991803 05174653-n:0.000597822/13308999-n:0.000490551/05181199-n:0.000428525/05565337-n:0.000421332/00611143-n:0.000416635/06161718-n:0.000398926/08625073-n:0.00037842/13341756-n:0.000362819
de de SP 1 -
a o DA0FS0 0.675415 - a SP 0.313151 - o PP3FSA0 0.00613742 - o PD0FS00 0.00514062 - a NCMS000 0.000156639 -
advogada advogado NCFS000 0.481809 10249950-n:0.00101952/09774783-n:0.000714023/09775663-n:0.000655152/10623175-n:0.000646613/09840963-n:0.000645039
: : Fd 1 -
gestante gestante AQ0CS00 0.667364 -
: : Fd 1 -
entrada entrada NCFS000 0.99177 00049003-n:0.000541503/03290771-n:0.000540394/05176188-n:0.000443403/02671062-n:0.000438326/00281132-n:0.000434671/03224032-n:0.000424893/00049789-n:0.000369747/00238022-n:0.000224859/01248191-n:0.000193728/00235435-n:0.000146941/07167578-n:0.000142951/13321495-n:0.000142875/13499782-n:0.000142257/13405296-n:0.000137675/06503724-n:0.000128116/02715513-n:0.000124798/07264820-n:0.000122907/03244388-n:0.000121002/15255804-n:0.00011915/06519728-n:0.000118317/03985684-n:0.000116581/07370125-n:0.000115976/06300632-n:0.000115481/07582277-n:0.000114416/13349834-n:0.000111944/00457228-n:0.000111309/02680512-n:0.000107251
em em SP 1 -
tribunais tribunal NCMP000 1 08329453-n:0.00101874/03649459-n:0.000827517/08329322-n:0.000793202/03121040-n:0.000737674
sem sem SP 1 -
ser ser VMN0000 0.33093 00339934-v:0.00254294/02655135-v:0.00195181/02603699-v:0.00175123/02604760-v:0.000625412/02620587-v:0.000543361/02627363-v:0.000476919/02702508-v:0.00044059/02445925-v:0.000435545/02731024-v:0.000424438/02664769-v:0.000400587/02614181-v:0.000397268/01717851-v:0.000392321/02597601-v:0.000391471/02749904-v:0.000382993/02616386-v:0.000371212
submetida submeter VMP00SF 0.992518 02496816-v:0.000457993/01118081-v:0.000429205/00579712-v:0.000425359/00878636-v:0.000409303/01799794-v:0.000396459/01108627-v:0.00039044/00302130-v:0.000382006/00732394-v:0.000374026
a o DA0FS0 0.675415 -
detectores detector NCMP000 1 03180969-n:0.00149176/03181293-n:0.00146405
de de SP 1 -
metais metal NCMP000 0.645734 14625458-n:0.00309104
e e CC 0.999951 -
aparelhos aparelho NCMP000 1 03183080-n:0.000722438/02727825-n:0.000427917/03574816-n:0.000413681/02729837-n:0.000396933/02898369-n:0.000384537/05237227-n:0.000382666/04176528-n:0.000377547/04082562-n:0.000366008
de de SP 1 -
raios raio NCMP000 1 11475279-n:0.000362257/14541852-n:0.000333963/11428023-n:0.000329947/13871538-n:0.000327723/11519121-n:0.000301451/08628578-n:0.000299234/04283378-n:0.000298402/07412993-n:0.000290635/05102101-n:0.000280809/13913427-n:0.00027896/05593318-n:0.00026593
X x NP00V00 1 06833663-n:0.0028276
; ; Fx 1 -
reserva reservar VMIP3S0 0.480183 02498320-v:0.000783473/00795632-v:0.000693352/00724150-v:0.000647149/02214485-v:0.000636773/00678777-v:0.000607997
de de SP 1 -
vaga vaga NCFS000 0.698655 07352190-n:0.00127417/13910116-n:0.00110585/07348545-n:0.0010733
em em SP 1 -
garagens garagem NCFP000 1 03416489-n:0.00105767/08615638-n:0.00101647/03055857-n:0.000984073
de de SP 1 -
os o DA0MP0 0.958022 - o PD0MP00 0.021587 - o PP3MPA0 0.0203911 -
fóruns fórum NCMP000 1 80000947-n:0.00101237/03386420-n:0.00100855/08309754-n:0.000971888
de de SP 1 -
os o DA0MP0 0.958022 - o PD0MP00 0.021587 - o PP3MPA0 0.0203911 -
tribunais tribunal NCMP000 1 08329453-n:0.00101874/03649459-n:0.000827517/08329322-n:0.000793202/03121040-n:0.000737674
; ; Fx 1 -
lactante lactante NCFS000 0.340329 -
, , Fc 1 -
adotante adotante AQ0CS00 1 -
ou ou CC 1 -
que que CS 0.398036 -
der der NCMS000 0.26534 -
a a SP 1 -
a o DA0FS0 0.675415 - a SP 0.313151 - o PP3FSA0 0.00613742 - o PD0FS00 0.00514062 - a NCMS000 0.000156639 -
luz luz NCFS000 0.819183 11473954-n:0.000595736/03665366-n:0.000336576/03636248-n:0.000335136/05018103-n:0.000244318/13640716-n:0.000229714/04335886-n:0.000226079/04263760-n:0.000223571/04951373-n:0.000223482/06874019-n:0.000221234/13983304-n:0.000218177/05807933-n:0.000213087/14563784-n:0.000206276/06210791-n:0.000204812/11470348-n:0.000200893
, , Fc 1 -
acesso acesso NCMS000 1 03290771-n:0.000540394/05176188-n:0.000443403/02671062-n:0.000438326/00281132-n:0.000434671/03224032-n:0.000424893/05805475-n:0.000405674/05175467-n:0.000371456/00049789-n:0.000369747/07014320-n:0.000304449/14081375-n:0.000301823/06354204-n:0.000278804
a a SP 0.313151 -
creche creche NCFS000 1 03165466-n:0.00149928/01210439-n:0.00149462
, , Fc 1 -
onde onde RG 0.980752 -
houver haver VMSF1S0 0.5 00339934-v:0.00254294/02655135-v:0.00195181/02603699-v:0.00175123/02616713-v:0.00137129/02210855-v:0.00133661
, , Fc 1 -
ou ou CC 1 -
a o DA0FS0 0.675415 -
local local NCFS000 0.41142 08664443-n:0.0010423/05074774-n:0.000765567/00586262-n:0.000756017/08621598-n:0.000618488/08622950-n:0.000553637/08627161-n:0.00053619
adequado adequar VMP00SM 0.992514 00051045-a:0.000575687/01020393-a:0.000415485/02699941-v:0.000355363/00051373-a:0.000328682/00299580-v:0.000316544/00300113-v:0.00028244/01878870-a:0.000275403/00300537-v:0.000269399/01020885-a:0.00026356/01879667-a:0.000254863/01370141-a:0.000249723/00852197-a:0.00024826
a a SP 1 -
o o DA0MS0 0.950254 - o PD0MS00 0.0313531 - o PP3MSA0 0.0183743 - o NCMS000 1.85412e-05 -
atendimento atendimento NCMS000 1 05702726-n:0.000393526/04662951-n:0.00037516/05702275-n:0.000349372/00654885-n:0.000343066/05703429-n:0.000327459/04664778-n:0.000327422/04841358-n:0.000299605/07505207-n:0.000297399/05650579-n:0.000296632/05853636-n:0.000279313/01228645-n:0.00027742
de de SP 1 -
as o DA0FP0 0.974798 - o PD0FP00 0.0142702 - o PP3FPA0 0.0109322 -
necessidades necessidade NCFP000 1 09367203-n:0.000780769/00023773-n:0.000754351/14449126-n:0.00050801/09367991-n:0.000477602/14493716-n:0.000464305/14450691-n:0.000457434/14033054-n:0.00042163
de de SP 1 -
o o DA0MS0 0.950254 - o PD0MS00 0.0313531 - o PP3MSA0 0.0183743 - o NCMS000 1.85412e-05 -
bebê beber VMN0000 0.532247 01170052-v:0.000749743/01171183-v:0.00074321/01157517-v:0.000581221/01175467-v:0.000572412/01202068-v:0.000556601/01172275-v:0.000528004
; ; Fx 1 -
gestante gestante NCFS000 0.332636 -
, , Fc 1 -
lactante lactante AQ0CS00 0.659671 -
, , Fc 1 -
adotante adotante AQ0CS00 1 -
ou ou CC 1 -
que que CS 0.398036 -
der der NCMS000 0.26534 -
a a SP 1 -
a o DA0FS0 0.675415 - a SP 0.313151 - o PP3FSA0 0.00613742 - o PD0FS00 0.00514062 - a NCMS000 0.000156639 -
luz luz NCFS000 0.819183 11473954-n:0.000595736/03665366-n:0.000336576/03636248-n:0.000335136/05018103-n:0.000244318/13640716-n:0.000229714/04335886-n:0.000226079/04263760-n:0.000223571/04951373-n:0.000223482/06874019-n:0.000221234/13983304-n:0.000218177/05807933-n:0.000213087/14563784-n:0.000206276/06210791-n:0.000204812/11470348-n:0.000200893
, , Fc 1 -
preferência preferência NCFS000 1 06200344-n:0.000664786/07498210-n:0.000663283/05158095-n:0.000608788/05188095-n:0.000594139/05791452-n:0.000593897
em em SP 1 -
a o DA0FS0 1 -
ordem ordem NCFS000 0.991803 07168131-n:0.000293663/08227214-n:0.000224887/08049401-n:0.000204176/06584891-n:0.000194574/05726596-n:0.000179072/08233056-n:0.000171001/08436562-n:0.000155226/06552984-n:0.000154871/07168623-n:0.00015103/08231184-n:0.0001413/14496710-n:0.000137267/06547059-n:0.000136006/08229467-n:0.000132679/07939382-n:0.000132105/07170572-n:0.00013123/08240169-n:0.000129605/13968547-n:0.000129205/08075388-n:0.000129036/07169242-n:0.000127977/08456993-n:0.000125401/13950812-n:0.000124597/07169848-n:0.000123772/08234493-n:0.000122083/07170467-n:0.000120852/08242675-n:0.000116088/08106934-n:0.000114714
de de SP 1 -
as o DA0FP0 0.974798 - o PD0FP00 0.0142702 - o PP3FPA0 0.0109322 -
sustentações sustentação NCFP000 1 13365286-n:0.00157451/01216191-n:0.001538
orais oral AQ0CP00 0.474861 02823724-a:0.000675208/01665184-a:0.000640472/02771485-a:0.000626919/02284169-a:0.000604946/00110252-a:0.000588471
e e CC 0.999951 -
de de SP 1 -
as o DA0FP0 0.974798 - o PD0FP00 0.0142702 - o PP3FPA0 0.0109322 -
audiências audiência NCFP000 1 08221897-n:0.000839492/07143624-n:0.00075119/08222293-n:0.00074912/14484778-n:0.000742292
a a SP 0.313151 -
serem ser VMN03P0 1 00339934-v:0.00254294/02655135-v:0.00195181/02603699-v:0.00175123/02604760-v:0.000625412/02620587-v:0.000543361/02627363-v:0.000476919/02702508-v:0.00044059/02445925-v:0.000435545/02731024-v:0.000424438/02664769-v:0.000400587/02614181-v:0.000397268/01717851-v:0.000392321/02597601-v:0.000391471/02749904-v:0.000382993/02616386-v:0.000371212
realizadas realizar VMP00PF 0.992518 00339934-v:0.00254294/01617192-v:0.000624793/01621555-v:0.000447414/02526085-v:0.000337899/01640855-v:0.000295238/00486018-v:0.000234578/02671880-v:0.000224999/01648126-v:0.00020657/01644746-v:0.000201371/02561995-v:0.00019987/02233195-v:0.00019681/02560767-v:0.000190795/02374764-v:0.000178066/00521329-a:0.000177448/02244603-v:0.000172566/00591755-v:0.000166942/02226028-a:0.000165435
a a SP 0.313151 -
cada cada DI0CN0 0.977642 -
dia dia NCMS000 1 15136453-n:0.000872766/15155220-n:0.000599003/15159583-n:0.000418822/15157225-n:0.000398699/15136723-n:0.000360573/15164957-n:0.000349922/15208333-n:0.000319326/15123115-n:0.000309449/15208540-n:0.000301331/15157041-n:0.000300208
, , Fc 1 -
mediante mediante SP 0.681897 -
comprovação comprovação NCFS000 1 06855035-n:0.00287039
de de SP 1 -
sua seu DP3FSS 0.929764 -
condição condição NCFS000 1 00024720-n:0.00101399/09367203-n:0.000780769/05839024-n:0.00076799/05074774-n:0.000765567/13920835-n:0.000498873/13945919-n:0.000370415/13927383-n:0.000281533/06755947-n:0.000276498/06755568-n:0.000270914/13920429-n:0.00025465/05822746-n:0.000248091/13947645-n:0.000247461/06770875-n:0.000242834/13923030-n:0.000203419
; ; Fx 1 -
adotante adotante AQ0CS00 1 -
ou ou CC 1 -
que que CS 0.398036 -
der der NCMS000 0.26534 -
a a SP 1 -
a o DA0FS0 0.675415 - a SP 0.313151 - o PP3FSA0 0.00613742 - o PD0FS00 0.00514062 - a NCMS000 0.000156639 -
luz luz NCFS000 0.819183 11473954-n:0.000595736/03665366-n:0.000336576/03636248-n:0.000335136/05018103-n:0.000244318/13640716-n:0.000229714/04335886-n:0.000226079/04263760-n:0.000223571/04951373-n:0.000223482/06874019-n:0.000221234/13983304-n:0.000218177/05807933-n:0.000213087/14563784-n:0.000206276/06210791-n:0.000204812/11470348-n:0.000200893
, , Fc 1 -
suspensão suspensão NCFS000 1 15271008-n:0.000429803/14010636-n:0.000353942/07368256-n:0.000337439/05698247-n:0.000331376/01017701-n:0.000321364/01022483-n:0.000321139/14591091-n:0.000311539/01063578-n:0.000303887/04366116-n:0.000300291/00209132-n:0.000300098
de de SP 1 -
prazos prazo NCMP000 1 15180082-n:0.00111243/15153225-n:0.00105506/15224156-n:0.00102072
processuais processual AQ0CP00 1 00055340-a:0.00155225/03103198-a:0.00150234
quando quando RG 0.998992 -
for ir VMSF1S0 0.249524 02655135-v:0.00195181/01835496-v:0.000358418/02618149-v:0.000324658/02685951-v:0.000222269/02686471-v:0.000191133/02737876-v:0.00018621/01158872-v:0.000185948/01904930-v:0.000174198/01955984-v:0.000171746/01995549-v:0.000168906/02051694-v:0.000147188/01957529-v:0.000142467/02009433-v:0.000142039/02072849-v:0.000139821/00341560-v:0.000136708/02102398-v:0.000131112/01935233-v:0.000122746/02372605-v:0.000120122/02727039-v:0.000117613/01849221-v:0.000115119/02102002-v:0.000113923/02493030-v:0.00011068/01882814-v:0.00011051/01846916-v:0.000109365/01192992-v:0.000108658/00343898-v:0.000105897/01841079-v:0.000105223/02700455-v:0.000103177/00359916-v:9.88633e-05/01839538-v:9.62137e-05
a o DA0FS0 0.675415 -
única único AQ0FS00 0.995283 02213947-a:0.000538658/00493460-a:0.000375794/02215087-a:0.000362676/02214736-a:0.000306886/00505853-a:0.000305216/00968010-a:0.000302426/00609564-a:0.000298611/00494622-a:0.000291318/01104026-a:0.000288543/02153174-a:0.000281828/02152985-a:0.000271742
patrona patrona NCFS000 0.5 -
de de SP 1 -
a o DA0FS0 0.675415 - a SP 0.313151 - o PP3FSA0 0.00613742 - o PD0FS00 0.00514062 - a NCMS000 0.000156639 -
causa causa NCFS000 0.931889 00023773-n:0.000754351/09178999-n:0.000627466/01182654-n:0.000514288/06740402-n:0.000392902/01181902-n:0.00032421/00798245-n:0.000308502/09179264-n:0.000306429/00007347-n:0.000305403/07326557-n:0.000288215/09179606-n:0.000274908/09179382-n:0.000265264
, , Fc 1 -
desde_que desde_que CS 1 -
haja haver VMSP1S0 0.495146 00339934-v:0.00254294/02655135-v:0.00195181/02603699-v:0.00175123/02616713-v:0.00137129/02210855-v:0.00133661
notificação notificação NCFS000 1 07212612-n:0.00147002/07185668-n:0.00145535
por por SP 1 -
escrito escrito NCMS000 0.255814 06362953-n:0.00119477/06363778-n:0.00108235/06365467-n:0.00102629
a a SP 1 -
o o DA0MS0 0.950254 - o PD0MS00 0.0313531 - o PP3MSA0 0.0183743 - o NCMS000 1.85412e-05 -
cliente cliente NCCS000 1 09984659-n:0.000823219/09985075-n:0.000664365/10407726-n:0.00065609/09885145-n:0.000644869/03827107-n:0.000607531
. . Fp 1 -

Os o DA0MP0 0.958022 -
direitos direito NCMP000 0.991803 13308999-n:0.00178743/05565337-n:0.00169943/00611143-n:0.00168268/05181199-n:0.00167795/05174653-n:0.00164172/06161718-n:0.00160062/08625073-n:0.00150332/13341756-n:0.00148343
previstos prever VMP00PM 0.992518 00917772-v:0.00119797/00871942-v:0.00115869/00720063-v:0.00105668/00712135-v:0.00105515/00719734-v:0.00104031/00929815-a:0.00102717/00974173-v:0.000997645/00723545-v:0.000990227/00631737-v:0.00097936/02565491-v:0.000969462/00720808-v:0.00096897/00794981-v:0.00095852/00926472-v:0.000947125/01636221-v:0.0009071
a a SP 1 -
a o DA0FS0 0.675415 - a SP 0.313151 - o PP3FSA0 0.00613742 - o PD0FS00 0.00514062 - a NCMS000 0.000156639 -
advogada advogado NCFS000 0.481809 10249950-n:0.00368992/09774783-n:0.00284658/09775663-n:0.00265238/10623175-n:0.0026465/09840963-n:0.00262192
gestante gestante AQ0CS00 0.667364 -
ou ou CC 1 -
lactante lactante AQ0CS00 0.659671 -
aplicam aplicar VMIP3P0 1 -
se se PP3CN00 1 -
enquanto enquanto RG 0.97619 -
perdurar perdurar VMN0000 0.529581 02647497-v:0.00666092/02618149-v:0.00654338
, , Fc 1 -
respectivamente respectivo RG 1 -
, , Fc 1 -
o o DA0MS0 0.950254 -
estado estado NCMS000 0.924757 00024720-n:0.00223766/08654360-n:0.00150483/08168978-n:0.00148985/13920835-n:0.00148936/08544813-n:0.0014659/13945919-n:0.00140222/13920429-n:0.00138138/14418395-n:0.00133722/08178547-n:0.00129036/13988498-n:0.00124467
gravídico gravídico AQ0MS00 1 -
ou ou CC 1 -
o o DA0MS0 0.950254 -
período período NCMS000 1 15113229-n:0.00171585/15248564-n:0.000913134/15247518-n:0.000891034/15144371-n:0.000840602/15254028-n:0.000839131/15290337-n:0.000808993/15248020-n:0.000792052/15122231-n:0.000788263/15236475-n:0.000784054/15248269-n:0.000753962/15249236-n:0.000726306/15224486-n:0.000726253/07045353-n:0.000716134/15120346-n:0.000690854/15292069-n:0.000676829/15289779-n:0.000676491/15134490-n:0.00067372/15258281-n:0.000658486
de de SP 1 -
amamentação amamentação NCFS000 1 01058870-n:0.0130565
. . Fp 1 -

Os o DA0MP0 0.958022 -
direitos direito NCMP000 0.991803 13308999-n:0.00182045/05181199-n:0.00171761/05565337-n:0.00169989/05174653-n:0.00166436/00611143-n:0.00164811/06161718-n:0.00160737/08625073-n:0.00150374/13341756-n:0.00148514
assegurados assegurar VMP00PM 0.992518 01340439-v:0.00132289/00891216-v:0.00122601/02251065-v:0.00118715/00890590-v:0.00116162/00891936-v:0.00116043/00896803-v:0.00113533/00662589-v:0.00112202/00884011-v:0.00110589/01289492-v:0.00109056/01306425-v:0.00104465/01019643-v:0.00101573/00221718-v:0.000975132
em em SP 1 -
os o DA0MP0 1 -
incisos inciso NCMP000 0.332764 -
II ii NP00V00 1 -
e e CC 0.999951 -
III iii NP00O00 1 -
de de SP 1 -
este este DD0MS0 1 -
artigo artigo NCMS000 1 00022903-n:0.000759403/03076708-n:0.00069708/06681177-n:0.000655294/06681551-n:0.000653735/03748886-n:0.000653268/06268096-n:0.000621819/04550840-n:0.000618249/06683784-n:0.000586833/02745091-n:0.000585022/06392935-n:0.000572343/06324669-n:0.000545225/06269956-n:0.00053857
a a SP 1 -
a o DA0FS0 0.675415 - a SP 0.313151 - o PP3FSA0 0.00613742 - o PD0FS00 0.00514062 - a NCMS000 0.000156639 -
advogada advogado NCFS000 0.481809 10249950-n:0.00194125/09774783-n:0.00144544/09775663-n:0.00133631/10623175-n:0.00133261/09840963-n:0.00131636
adotante adotante AQ0CS00 1 -
ou ou CC 1 -
que que CS 0.398036 -
der der NCMS000 0.26534 -
a a SP 1 -
a o DA0FS0 0.675415 - a SP 0.313151 - o PP3FSA0 0.00613742 - o PD0FS00 0.00514062 - a NCMS000 0.000156639 -
luz luz NCFS000 0.819183 11473954-n:0.000719809/03636248-n:0.000669971/03665366-n:0.000641544/05018103-n:0.000491866/13640716-n:0.000470375/04335886-n:0.000464002/04263760-n:0.000457468/04951373-n:0.000455542/06874019-n:0.000455294/13983304-n:0.000448416/05807933-n:0.000429772/14563784-n:0.000423419/06210791-n:0.000419359/11470348-n:0.00041594
serão ser VMIF3P0 0.994792 00339934-v:0.00181549/02604760-v:0.00116167/02627363-v:0.000992595/02620587-v:0.000957922/02655135-v:0.000930197/02603699-v:0.000915942/02702508-v:0.000911608/02445925-v:0.000900179/02731024-v:0.0008781/02664769-v:0.00082793/02614181-v:0.000811558/02597601-v:0.000809886/01717851-v:0.000796083/02749904-v:0.000778236/02616386-v:0.000769987
concedidos conceder VMP00PM 0.992449 02199590-v:0.000946143/02327200-v:0.000913521/02255268-v:0.000880195/02255462-v:0.000854003/02263346-v:0.000842857/02317094-v:0.000835114/00806049-v:0.000822572/00802318-v:0.000822338/02308741-v:0.000786192/02294436-v:0.000782701/02262278-v:0.000777195/02263692-v:0.000767227/02316649-v:0.000761771/02261888-v:0.000730981/00804476-v:0.000723969/02255942-v:0.000718004/01035380-v:0.000714377/02297742-v:0.000707282
por por SP 1 -
o o DA0MS0 1 -
prazo prazo NCMS000 1 15180082-n:0.00230539/15153225-n:0.00215891/15224156-n:0.00211413
previsto prever VMP00SM 0.991071 00917772-v:0.000612364/00871942-v:0.000584679/00723545-v:0.000564593/00712135-v:0.000538111/00720063-v:0.000537904/00719734-v:0.000527171/00929815-a:0.000515339/00974173-v:0.000500365/00631737-v:0.00049272/02565491-v:0.000491854/00794981-v:0.00049068/00720808-v:0.000486981/00926472-v:0.00047625/01636221-v:0.00045439
em em SP 1 -
o o DA0MS0 1 -
art. art. NCFS000 0.69743 -
392 392 Z 1 -
de de SP 1 -
o o DA0MS0 0.950254 - o PD0MS00 0.0313531 - o PP3MSA0 0.0183743 - o NCMS000 1.85412e-05 -
Decreto-Lei decreto-lei NP00V00 1 -
em em SP 1 -
o o DA0MS0 1 -
5.452 5452 Z 1 -
, , Fc 1 -
de de SP 1 -
1o 1o Z 1 -
de de SP 1 -
maio_de_1943 [??:??/5/1943:??.??:??] W 1 -
( ( Fpa 1 -
Consolidação_das_Leis_do_Trabalho consolidação_das_leis_do_trabalho NP00O00 1 -
) ) Fpt 1 -
O o NP00SP0 1 06832680-n:0.00293737/05198036-n:0.00292931
direito direito NCMS000 0.936047 13308999-n:0.00182045/05181199-n:0.00171761/05565337-n:0.00169989/05174653-n:0.00166436/00611143-n:0.00164811/06161718-n:0.00160737/08625073-n:0.00150374/13341756-n:0.00148514
assegurado assegurar VMP00SM 0.992504 01340439-v:0.00132289/00891216-v:0.00122601/02251065-v:0.00118715/00890590-v:0.00116162/00891936-v:0.00116043/00896803-v:0.00113533/00662589-v:0.00112202/00884011-v:0.00110589/01289492-v:0.00109056/01306425-v:0.00104465/01019643-v:0.00101573/00221718-v:0.000975132
em em SP 1 -
o o DA0MS0 1 -
inciso inciso NCMS000 0.335187 -
IV iv NP00V00 1 -
de de SP 1 -
este este DD0MS0 1 -
artigo artigo NCMS000 1 00022903-n:0.000759403/03076708-n:0.00069708/06681177-n:0.000655294/06681551-n:0.000653735/03748886-n:0.000653268/06268096-n:0.000621819/04550840-n:0.000618249/06683784-n:0.000586833/02745091-n:0.000585022/06392935-n:0.000572343/06324669-n:0.000545225/06269956-n:0.00053857
a a SP 1 -
a o DA0FS0 0.675415 - a SP 0.313151 - o PP3FSA0 0.00613742 - o PD0FS00 0.00514062 - a NCMS000 0.000156639 -
advogada advogado NCFS000 0.481809 10249950-n:0.00194125/09774783-n:0.00144544/09775663-n:0.00133631/10623175-n:0.00133261/09840963-n:0.00131636
adotante adotante AQ0CS00 1 -
ou ou CC 1 -
que que CS 0.398036 -
der der NCMS000 0.26534 -
a a SP 1 -
a o DA0FS0 0.675415 - a SP 0.313151 - o PP3FSA0 0.00613742 - o PD0FS00 0.00514062 - a NCMS000 0.000156639 -
luz luz NCFS000 0.819183 11473954-n:0.000719809/03636248-n:0.000669971/03665366-n:0.000641544/05018103-n:0.000491866/13640716-n:0.000470375/04335886-n:0.000464002/04263760-n:0.000457468/04951373-n:0.000455542/06874019-n:0.000455294/13983304-n:0.000448416/05807933-n:0.000429772/14563784-n:0.000423419/06210791-n:0.000419359/11470348-n:0.00041594
será ser VMIF3S0 1 00339934-v:0.00181549/02604760-v:0.00116167/02627363-v:0.000992595/02620587-v:0.000957922/02655135-v:0.000930197/02603699-v:0.000915942/02702508-v:0.000911608/02445925-v:0.000900179/02731024-v:0.0008781/02664769-v:0.00082793/02614181-v:0.000811558/02597601-v:0.000809886/01717851-v:0.000796083/02749904-v:0.000778236/02616386-v:0.000769987
concedido conceder VMP00SM 0.992518 02199590-v:0.000946143/02327200-v:0.000913521/02255268-v:0.000880195/02255462-v:0.000854003/02263346-v:0.000842857/02317094-v:0.000835114/00806049-v:0.000822572/00802318-v:0.000822338/02308741-v:0.000786192/02294436-v:0.000782701/02262278-v:0.000777195/02263692-v:0.000767227/02316649-v:0.000761771/02261888-v:0.000730981/00804476-v:0.000723969/02255942-v:0.000718004/01035380-v:0.000714377/02297742-v:0.000707282
por por SP 1 -
o o DA0MS0 1 -
prazo prazo NCMS000 1 15180082-n:0.00230539/15153225-n:0.00215891/15224156-n:0.00211413
previsto prever VMP00SM 0.991071 00917772-v:0.000612364/00871942-v:0.000584679/00723545-v:0.000564593/00712135-v:0.000538111/00720063-v:0.000537904/00719734-v:0.000527171/00929815-a:0.000515339/00974173-v:0.000500365/00631737-v:0.00049272/02565491-v:0.000491854/00794981-v:0.00049068/00720808-v:0.000486981/00926472-v:0.00047625/01636221-v:0.00045439
em em SP 1 -
o o DA0MS0 1 -
§ § Fz 1 -
6o 6o Z 1 -
de de SP 1 -
o o DA0MS0 0.950254 - o PD0MS00 0.0313531 - o PP3MSA0 0.0183743 - o NCMS000 1.85412e-05 -
art. art. NCFS000 0.69743 -
313 313 Z 1 -
de de SP 1 -
a o DA0FS0 0.675415 - a SP 0.313151 - o PP3FSA0 0.00613742 - o PD0FS00 0.00514062 - a NCMS000 0.000156639 -
Lei lei NP00V00 1 08441203-n:0.00313689/06532330-n:0.000804601/06564387-n:0.000795626/08209687-n:0.000652551/05872982-n:0.000624885/05726596-n:0.000612092/06532095-n:0.000600605/05846054-n:0.000588263/08456347-n:0.000585261/05870916-n:0.000571528/06478582-n:0.000558697
em em SP 1 -
o o DA0MS0 1 -
13.105 13105 Z 1 -
, , Fc 1 -
de de SP 1 -
16_de_março_de_2015 [??:16/3/2015:??.??:??] W 1 -
( ( Fpa 1 -
Código_de_Processo_Civil código_de_processo_civil NP00SP0 1 -
) ) Fpt 1 -
. . Fp 1 -

