Licencia licenciar VMIP3S0 1 -
se se PP3CN00 1 -
o o DA0MS0 0.950254 -
profissional profissional NCCS000 0.432636 10480253-n:0.00244605/10462860-n:0.00240388/10480583-n:0.0022453/10298482-n:0.0022237
que que PR0CN00 0.584265 -
: : Fd 1 -
assim assim RG 0.998008 00043003-r:0.0031044/00121002-r:0.0028415/00118363-r:0.00266502
o o DA0MS0 0.950254 -
requerer requerer VMN0000 0.529581 02627934-v:0.00148772/00752764-v:0.00124247/01188725-v:0.00100904/00792471-v:0.00100574/00755745-v:0.000949903/00755447-v:0.00091385/01063695-v:0.000895626/01189113-v:0.000887545/00753428-v:0.000876211/02632567-v:0.000868642
, , Fc 1 -
por por SP 1 -
motivo motivo NCMS000 0.97619 09178999-n:0.0012895/06740402-n:0.00107336/05819149-n:0.000952819/06739990-n:0.000935358/00023773-n:0.000873542/09179264-n:0.000857921/07029682-n:0.000818689/05920272-n:0.000818112/07028797-n:0.000747776/03789014-n:0.000725082/05983347-n:0.000722971
justificado justificar VMP00SM 0.721863 00896803-v:0.00131884/00896141-v:0.00123707/00894738-v:0.00122383/00902424-v:0.00121774/00933821-v:0.00121295/00939621-v:0.00110768/00891936-v:0.00110719/00489699-v:0.00101556
; ; Fx 1 -
passar passar VMN0000 0.332597 00668099-v:0.00133727/00339934-v:0.000972844/02609764-v:0.000400095/02230772-v:0.000395193/02708420-v:0.000376755/02051694-v:0.000373343/02050132-v:0.00033613/02072849-v:0.000333307/02525044-v:0.000310779/02049696-v:0.000301992/02523953-v:0.000291444/02052476-v:0.000287371/01212230-v:0.00027614/00421691-v:0.000272333/02685951-v:0.000271203/02523351-v:0.000271098/02593912-v:0.000270183/01458464-v:0.000262525/01887020-v:0.000262449/02055649-v:0.000260634/01101571-v:0.000260227/02231328-v:0.000257225/02466670-v:0.000255601/02392385-v:0.00025224/01716882-v:0.000251363/01972131-v:0.000250991/00189669-v:0.00025061/01611746-v:0.00025025/01313249-v:0.000248362/02709277-v:0.000247795/02231473-v:0.000246693/00341285-v:0.000242383/02749904-v:0.000237016/02221635-v:0.00023678
a a SP 0.313151 -
exercer exercer VMN0000 0.529581 02568672-v:0.00150034/02204564-v:0.00110354/00606093-v:0.00109227/00099721-v:0.00107243/01774426-v:0.00106187/01095218-v:0.00105188/02595383-v:0.00101861/02670890-v:0.000997039/01166093-v:0.000965966
, , Fc 1 -
em em SP 1 -
caráter caráter NCMS000 1 06828818-n:0.0023188/06818970-n:0.0019531/04623612-n:0.00188393/04620216-n:0.00164505/14438693-n:0.00161576
temporário temporário AQ0MS00 1 01755627-a:0.00195382/01756292-a:0.00111508/00556318-a:0.00100178/02577061-a:0.000998448/02810882-a:0.000979875/02810739-a:0.000971461/01089775-a:0.000957671/01756166-a:0.000895934/01757914-a:0.000891205
, , Fc 1 -
atividade atividade NCFS000 1 00037396-n:0.00248844/14006945-n:0.00195762/00407535-n:0.00188599/04635104-n:0.00168014/14531203-n:0.00163722
incompatível incompatível AQ0CS00 1 00508192-a:0.00114338/00561036-a:0.00104197/00623565-a:0.000978329/01487352-a:0.000951165/00509896-a:0.000950775/00509206-a:0.000940608/00562909-a:0.00093864/00578523-a:0.000932713/02382572-a:0.000920689
com com SP 1 -
o o DA0MS0 0.950254 -
exercício exercício NCMS000 1 00947128-n:0.00212787/00624738-n:0.00192912/00894552-n:0.00192212/15203120-n:0.00171819/00729919-n:0.00163999
de de SP 1 -
a o DA0FS0 0.675415 - a SP 0.313151 - o PP3FSA0 0.00613742 - o PD0FS00 0.00514062 - a NCMS000 0.000156639 -
advocacia advocacia NCFS000 1 00611143-n:0.00446012/00589217-n:0.00400021
; ; Fx 1 -
sofrer sofrer VMN0000 0.529581 00668099-v:0.00133727/00065070-v:0.00103132/00065639-v:0.00101837/00078401-v:0.000992908/01794668-v:0.000983624/01797347-v:0.000957849/02109190-v:0.000908034/02108377-v:0.000903929/02121511-v:0.000898795/02719807-v:0.000793335
doença doença NCFS000 1 14070360-n:0.00192082/14061805-n:0.00170883/14052403-n:0.00168108/14204950-n:0.00108819/14055408-n:0.00107721/14473054-n:0.000976733/14213199-n:0.000924409/14563928-n:0.00090446/13923440-n:0.000897716
mental mental AQ0CS00 1 01779986-a:0.00271326/02898750-a:0.00228508/01780343-a:0.00205179/01177899-a:0.00200432
considerada considerar VMP00SF 0.986111 01494310-v:0.000653694/00644583-v:0.000593247/02166460-v:0.000592033/00689950-v:0.000574215/00689344-v:0.0005154/00690614-v:0.000508353/00813044-v:0.000504485/00693780-v:0.000468256/02130300-v:0.000457541/00950431-v:0.000420216/00734054-v:0.000414786/00694068-v:0.000407472/00711715-v:0.000399096/01773130-v:0.000392765/02164825-v:0.000387242/00640650-v:0.000385274/00712135-v:0.000382322/00683280-v:0.00038066/00690305-v:0.000372838/00691312-v:0.000370968/00689809-v:0.000367792/00715239-v:0.000365399/00712556-v:0.000358241/02133185-v:0.000354618
curável curável AQ0CS00 1 00994410-a:0.00428077/01521776-a:0.0041826
. . Fp 1 -

