Prescreve prescrever VMIP3S0 0.999479 00747135-v:0
em em SP 1 -
cinco 5 Z 0.997312 -
anos ano NCMP000 1 08238660-n:0/15201505-n:0/15202634-n:0/15202806-n:0/15203229-n:0/15203565-n:0/15203791-n:0/15204297-n:0
a a SP 0.313151 -
ação ação NCFS000 1 00030358-n:0/00037396-n:0/00953559-n:0/04835950-n:0/06373513-n:0/13333833-n:0/13342135-n:0/13417071-n:0/14006945-n:0
de de SP 1 -
cobrança cobrança NCFS000 1 -
de de SP 1 -
honorários honorário NCMP000 0.632572 13320168-n:0
de de SP 1 -
advogado advogado NCMS000 0.975904 09774783-n:0/09775663-n:0/09840963-n:0/10249950-n:0/10623175-n:0
, , Fc 1 -
contado contar VMP00SM 0.721918 00685081-v:0/00688377-v:0/00690614-v:0/00712556-v:0/00712708-v:0/00720063-v:0/00941990-v:0/00945499-v:0/00947857-v:0/00948071-v:0/00950431-v:0/00952524-v:0/00953216-v:0/01009240-v:0/02265231-v:0/02645839-v:0/02683489-v:0/02731632-v:0
o o DA0MS0 0.950254 -
prazo prazo NCMS000 1 15153225-n:0/15180082-n:0/15224156-n:0
: : Fd 1 -
de de SP 1 -
o o DA0MS0 0.950254 - o PD0MS00 0.0313531 - o PP3MSA0 0.0183743 - o NCMS000 1.85412e-05 -
vencimento vencimento NCMS000 1 07475364-n:0/13279262-n:0/15268682-n:0
de de SP 1 -
o o DA0MS0 0.950254 - o PD0MS00 0.0313531 - o PP3MSA0 0.0183743 - o NCMS000 1.85412e-05 -
contrato contrato NCMS000 0.992958 00083729-n:0/01217859-n:0/06520944-n:0/06525588-n:0/06545137-n:0/06737394-n:0/06772260-n:0/06773434-n:0
, , Fc 1 -
se se PP3CN00 0.861659 -
houver haver VMSF1S0 0.5 00339934-v:0/02210855-v:0/02603699-v:0/02616713-v:0/02655135-v:0
; ; Fx 1 -
de de SP 1 -
o o DA0MS0 0.950254 - o PD0MS00 0.0313531 - o PP3MSA0 0.0183743 - o NCMS000 1.85412e-05 -
trânsito trânsito NCMS000 1 01113867-n:0/04473432-n:0/07333649-n:0/08425303-n:0
em em SP 1 -
julgado julgado NCMS000 0.256849 -
de de SP 1 -
a o DA0FS0 0.675415 - a SP 0.313151 - o PP3FSA0 0.00613742 - o PD0FS00 0.00514062 - a NCMS000 0.000156639 -
decisão decisão NCFS000 1 00162632-n:0/01191158-n:0/04863969-n:0/05788149-n:0/05838176-n:0/07293546-n:0
que que PR0CN00 0.584265 -
os o PP3MPA0 0.0203911 -
fixar fixar VMN0000 0.529581 00486998-v:0/00722232-v:0/00947077-v:0/01020005-v:0/01340439-v:0/01343892-v:0/01616901-v:0/01647229-v:0/01647543-v:0
; ; Fx 1 -
de de SP 1 -
a o DA0FS0 0.675415 - a SP 0.313151 - o PP3FSA0 0.00613742 - o PD0FS00 0.00514062 - a NCMS000 0.000156639 -
ultimação ultimação NCFS000 1 15267536-n:0
de de SP 1 -
o o DA0MS0 0.950254 - o PD0MS00 0.0313531 - o PP3MSA0 0.0183743 - o NCMS000 1.85412e-05 -
serviço serviço NCMS000 1 00098625-n:0/00568430-n:0/00577525-n:0/00582388-n:0/00584891-n:0/00719705-n:0/01032040-n:0/01032368-n:0/01209576-n:0/03315023-n:0/04175380-n:0/04558478-n:0/08114861-n:0/08186047-n:0/13325847-n:0/13968092-n:0
extrajudicial extrajudicial AQ0CS00 1 01403316-a:0
; ; Fx 1 -
de de SP 1 -
a o DA0FS0 0.675415 - a SP 0.313151 - o PP3FSA0 0.00613742 - o PD0FS00 0.00514062 - a NCMS000 0.000156639 -
desistência desistência NCFS000 1 00213694-n:0
ou ou CC 1 -
transação transação NCFS000 1 01096454-n:0/01106808-n:0/07179342-n:0/10536728-n:0
; ; Fx 1 -
de de SP 1 -
a o DA0FS0 0.675415 - a SP 0.313151 - o PP3FSA0 0.00613742 - o PD0FS00 0.00514062 - a NCMS000 0.000156639 -
renúncia renúncia NCFS000 1 00204439-n:0/00205079-n:0/00212808-n:0/00213694-n:0/06511560-n:0/07207410-n:0/07254267-n:0/07254456-n:0/07254594-n:0/07254836-n:0/14413411-n:0
ou ou CC 1 -
revogação revogação NCFS000 1 00232147-n:0/01185981-n:0/01258852-n:0
de de SP 1 -
o o DA0MS0 0.950254 - o PD0MS00 0.0313531 - o PP3MSA0 0.0183743 - o NCMS000 1.85412e-05 -
mandato mandato NCMS000 0.98913 01140471-n:0/01140658-n:0/06530789-n:0/06552984-n:0/06556481-n:0/08050678-n:0/15291498-n:0
. . Fp 1 -

