Não não RN 00024073-r:0
se se PP3CN00 
aplicam aplicar VMIP3P0 01026558-v:0/01166093-v:0/01313249-v:0/01363482-v:0/01363648-v:0/02561332-v:0/02676789-v:0
a a SP 
os o DA0MP0 
que que CS 
tenham ter VMSP3P0 00056930-v:0/00065370-v:0/00065639-v:0/00121046-v:0/00639849-v:0/02108026-v:0/02203362-v:0/02204692-v:0/02632167-v:0/02700867-v:0/02746275-v:0/02749904-v:0
assumido assumir VMP00SM 00524682-v:0/00632236-v:0/02381726-v:0/01116857-a:0
originariamente originariamente RG 
o o DA0MS0 
cargo cargo NCMS000 00586105-n:0/00586262-n:0/13945102-n:0
de de SP 
Presidente_de_o_Conselho_Federal presidente_de_o_conselho_federal NP00000 
ou ou CC 
de de SP 
os o DA0MP0 
Conselhos_Seccionais conselhos_seccionais NP00000 
, , Fc 
até até SP 
a o DA0FS0 
data data NCFS000 15159583-n:0/15159819-n:0/15160579-n:0/15179888-n:0
de de SP 
a o DA0FS0 
publicação publicação NCFS000 01101958-n:0/01103614-n:0/06589574-n:0/06590210-n:0
de de SP 
esta este DD0FS0 
lei lei NCFS000 05846054-n:0/05872982-n:0/06532330-n:0/08209687-n:0/08441203-n:0/08456347-n:0
, , Fc 
as o DA0FP0 
normas norma NCFP000 05846054-n:0/06652242-n:0/13854488-n:0
contidas conter VMP00PF 00233335-v:0/01139756-v:0/02213690-v:0/02422663-v:0/02629535-v:0/02629793-v:0/02632940-v:0/02634667-v:0/02700867-v:0/02701210-v:0
em em SP 
o o DA0MS0 
Título_II título_ii NP00000 
, , Fc 
acerca_de acerca_de SP 
a o DA0FS0 
composição composição NCFS000 00939452-n:0/03081660-n:0/04933544-n:0/05076472-n:0/05870180-n:0
de de SP 
esses esse DD0MP0 
Conselhos conselhos NP00000 
, , Fc 
ficando ficar VMG0000 00117985-v:0/00149583-v:0/00542120-v:0/01857392-v:0/02009200-v:0/02229828-v:0/02618001-v:0/02637592-v:0/02639075-v:0/02727462-v:0/02731024-v:0/02731242-v:0/02735753-v:0/02744820-v:0
assegurado assegurar VMP00SM 00662589-v:0/00890590-v:0/02251065-v:0
o o DA0MS0 
pleno pleno AQ0MS00 01083157-a:0
direito direito NCMS000 00611143-n:0/05174653-n:0/05181754-n:0/13341756-n:0
de de SP 
voz voz NCFS000 04981139-n:0/04981941-n:0/05202284-n:0/06872122-n:0/07110615-n:0/10758713-n:0
e e CC 
voto voto NCMS000 00183505-n:0/05186306-n:0/07228751-n:0
em em SP 
suas seu DP3FSP 
sessões sessão NCFP000 01232091-n:0/07145508-n:0
. . Fp 

