A o DA0FS0 0.675415 -
relação relação NCFS000 1 00031921-n:0.00122406/13791389-n:0.000974697/06481320-n:0.000911742/13812607-n:0.00080608/00040962-n:0.000775556/13780449-n:0.000752076/13794417-n:0.000748202/13795489-n:0.000739522/13928668-n:0.000734968/13819207-n:0.000729002/06681551-n:0.000728695/07221094-n:0.000720611/13928388-n:0.00071885/13795695-n:0.000713056/13780719-n:0.000691052/07217924-n:0.00067877/13811410-n:0.000662822/07134445-n:0.000657058/07222823-n:0.000634077/01011166-n:0.000629791
de de SP 1 -
emprego emprego NCMS000 0.992424 00582388-n:0.00229257/00584367-n:0.00137973/13968092-n:0.00133688/00719705-n:0.00126255/00413239-n:0.00125864/04602044-n:0.00125316/00947128-n:0.00121204/05074774-n:0.00120446/00582868-n:0.00114274/01217859-n:0.00113298/06283459-n:0.00105084
, , Fc 1 -
em em SP 1 -
a o DA0FS0 1 -
qualidade qualidade NCFS000 1 05849789-n:0.00186565/04731497-n:0.0016405/03309808-n:0.00138659/04723816-n:0.00138632/05849284-n:0.00134978/05155821-n:0.0012724/05849040-n:0.00124696/04987620-n:0.00122586/05138488-n:0.00116908/04728068-n:0.00115123/05845332-n:0.00109915
de de SP 1 -
advogado advogado NCMS000 0.975904 10249950-n:0.0069245/09774783-n:0.00287065/09775663-n:0.00272412/10623175-n:0.00271445/09840963-n:0.00269111
, , Fc 1 -
não não RN 0.99985 00024073-r:0.00843016/00024587-r:0.0031725/00050681-r:0.00301972/00024356-r:0.00299311
retira retirar VMIP3S0 0.999479 00173338-v:0.0012468/02404224-v:0.000836792/00195342-v:0.000824165/00181664-v:0.000767256/02224055-v:0.000752565/00181559-v:0.000749034/02311387-v:0.000692457/02312478-v:0.000676674/00179311-v:0.000675999/01549420-v:0.000669662/02404904-v:0.000662134/00194534-v:0.000653911/01154175-v:0.000620371/01243298-v:0.000614908/01511380-v:0.000613541/02480216-v:0.000611522/02428487-v:0.000605683/02380251-v:0.000603659/02205719-v:0.00060295/01615457-v:0.000590924/02225342-v:0.000560469
a o DA0FS0 0.675415 -
isenção isenção NCFS000 1 14528873-n:0.0134742
técnica técnico AQ0FS00 0.493976 02809220-a:0.00268558/02226162-a:0.00268004/01108716-a:0.00242292/02227946-a:0.00240368/02809692-a:0.00239371
nem nem CC 1 -
reduz reduzir VMIP3S0 0.97619 00441445-v:0.00158815/00429060-v:0.00134618/00241038-v:0.000692547/00226071-v:0.000600584/00243900-v:0.000593161/01157517-v:0.000581476/00430625-v:0.000561955/01890792-v:0.000560777/00430261-v:0.000556792/00245289-v:0.000555772/00715541-v:0.000546451/00441881-v:0.000540005/00236999-v:0.000539341/00430099-v:0.000534947/00156485-v:0.000533891/00429968-v:0.000532473/00267855-v:0.000531773/00240131-v:0.000531376/00233089-v:0.000524274/00439958-v:0.000519041/02317836-v:0.00051601/02258291-v:0.000498803/00237259-v:0.000494636/01800907-v:0.000484679/00156276-v:0.000484012
a o DA0FS0 0.675415 -
independência independência NCFS000 1 13994148-n:0.00475154/14001031-n:0.00427081/07474006-n:0.00392392
profissional profissional AQ0CS00 0.567364 01868724-a:0.00266598/01870100-a:0.00222481/02556402-a:0.00214795/02839695-a:0.00212109/02840478-a:0.00212102/02839505-a:0.00210036
inerentes inerente AQ0CP00 1 01348528-a:0.00731299/00941940-a:0.00640604
a a SP 1 -
a o DA0FS0 0.675415 - a SP 0.313151 - o PP3FSA0 0.00613742 - o PD0FS00 0.00514062 - a NCMS000 0.000156639 -
advocacia advocacia NCFS000 1 00611143-n:0.00653852/00589217-n:0.00590099
. . Fp 1 -

O o DA0MS0 0.950254 -
advogado advogado NCMS000 0.975904 10249950-n:0.00336728/09774783-n:0.00266723/09775663-n:0.00246982/10623175-n:0.00245732/09840963-n:0.00243476
empregado empregar VMP00SM 0.571918 02409412-v:0.00359935/01158872-v:0.00281125/01158181-v:0.00208326/02409941-v:0.00202117/02240151-v:0.0020066/01166093-v:0.0018767
não não RN 0.99985 00024073-r:0.00618865/00024587-r:0.0029445/00050681-r:0.00280758/00024356-r:0.00278277
está estar VMIP3S0 0.999249 02604760-v:0.00177592/02655135-v:0.00129493/00149583-v:0.00128144/01857392-v:0.00125129/02731024-v:0.00122243/02734338-v:0.00121548/00689344-v:0.00120216/02729963-v:0.00118963/02744820-v:0.00116125/00120796-v:0.00113163
obrigado obrigar VMP00SM 0.323248 02627934-v:0.00182527/02504562-v:0.00166799/02506546-v:0.00164697/00885217-v:0.0016069/02560424-v:0.00157205/01146732-a:0.00155968/01616891-a:0.00153745/00848466-a:0.0015153
a a SP 1 -
a o DA0FS0 0.675415 - a SP 0.313151 - o PP3FSA0 0.00613742 - o PD0FS00 0.00514062 - a NCMS000 0.000156639 -
prestação prestação NCFS000 1 13308999-n:0.00663125/00240938-n:0.00580647
de de SP 1 -
serviços serviço NCMP000 1 00582388-n:0.00306054/00719705-n:0.0020839/13968092-n:0.00204269/00577525-n:0.0013406/00584891-n:0.000884588/08114861-n:0.000844507/01032040-n:0.000838756/03315023-n:0.000823557/01209576-n:0.000817062/01032368-n:0.000783926/04175380-n:0.000777261/00098625-n:0.000759312/00568430-n:0.000750474/08186047-n:0.000749918/04558478-n:0.000716759/13325847-n:0.000707541
profissionais profissional AQ0CP00 0.336957 01868724-a:0.00247567/01870100-a:0.00206041/02556402-a:0.00199457/02840478-a:0.00197781/02839695-a:0.00196538/02839505-a:0.00194588
de de SP 1 -
interesse interesse NCMS000 0.828358 05682950-n:0.00163741/05143077-n:0.00158647/05670710-n:0.00134005/05192451-n:0.00131892/05671325-n:0.00128736/13318584-n:0.00128625/05159725-n:0.00125144/13286801-n:0.00121493/05143300-n:0.00115335/05853636-n:0.0011514
pessoal pessoal AQ0CS00 0.708333 01767329-a:0.0024711/02858816-a:0.00208098/01768969-a:0.00189505/02858707-a:0.00187323/01779428-a:0.00185533/01616157-a:0.00182526
de de SP 1 -
os o DA0MP0 0.958022 - o PD0MP00 0.021587 - o PP3MPA0 0.0203911 -
empregadores empregador NCMP000 1 10054657-n:0.0122423
, , Fc 1 -
fora fora RG 0.488858 00110919-r:0.00837142/00029037-r:0.00573797
de de SP 1 -
a o DA0FS0 0.675415 - a SP 0.313151 - o PP3FSA0 0.00613742 - o PD0FS00 0.00514062 - a NCMS000 0.000156639 -
relação relação NCFS000 1 00031921-n:0.00116679/13791389-n:0.000911096/06481320-n:0.000884991/13812607-n:0.000751478/00040962-n:0.000729495/13794417-n:0.000703099/13780449-n:0.000702212/13928668-n:0.000691417/13795489-n:0.00068883/06681551-n:0.000679312/13819207-n:0.000678103/07221094-n:0.000669302/13928388-n:0.000663246/13795695-n:0.000662721/13780719-n:0.000643017/07217924-n:0.000631168/13811410-n:0.000617598/01011166-n:0.000617051/07134445-n:0.000612504/07222823-n:0.000588848
de de SP 1 -
emprego emprego NCMS000 0.992424 00582388-n:0.00306054/00719705-n:0.0020839/13968092-n:0.00204269/00947128-n:0.00171792/00584367-n:0.00139539/00413239-n:0.00119605/04602044-n:0.00119377/05074774-n:0.0011237/01217859-n:0.00111544/00582868-n:0.00106666/06283459-n:0.000975788
. . Fp 1 -

