A o DA0FS0 0.675415 -
Ordem_dos_Advogados_do_Brasil ordem_dos_advogados_do_brasil NP00000 1 -
( ( Fpa 1 -
OAB oab NP00000 1 -
) ) Fpt 1 -
, , Fc 1 -
serviço_público serviço_público NCMS000 1 -
, , Fc 1 -
dotada dotar VMP00SF 0.992518 00513177-v:0/02201268-v:0/02327200-v:0/02474239-v:0/01119192-a:0
de de SP 1 -
personalidade personalidade NCFS000 1 04617562-n:0/04618070-n:0/04620216-n:0/04623612-n:0/04763293-n:0/10417424-n:0/10748620-n:0
jurídica jurídico AQ0FS00 1 01400562-a:0/01401105-a:0/02499148-a:0/02752987-a:0/02753724-a:0/02754096-a:0/02754197-a:0
e e CC 0.999951 -
forma forma NCFS000 0.996448 00027807-n:0/00172710-n:0/04200908-n:0/04677514-n:0/04928903-n:0/04931733-n:0/05064037-n:0/05217168-n:0/05839024-n:0/05930736-n:0/05941210-n:0/06290637-n:0/06473563-n:0/07683138-n:0/08111157-n:0/14546432-n:0
federativa federativo AQ0FS00 1 -
, , Fc 1 -
tem ter VMIP3S0 0.999287 00052374-v:0/00056930-v:0/00059559-v:0/00065370-v:0/00065639-v:0/00121046-v:0/00639849-v:0/01156834-v:0/01733477-v:0/02108026-v:0/02203362-v:0/02204692-v:0/02205098-v:0/02210119-v:0/02355596-v:0/02603699-v:0/02630189-v:0/02630871-v:0/02632167-v:0/02655135-v:0/02700867-v:0/02740745-v:0/02746275-v:0/02749904-v:0
por por SP 1 -
finalidade finalidade NCFS000 1 04754440-n:0/05980875-n:0/05982152-n:0
: : Fd 1 -
defender defender VMN0000 0.30566 00890590-v:0/00895304-v:0/01017643-v:0/01091427-v:0/01127795-v:0/01128193-v:0/01129064-v:0/01129337-v:0/01129876-v:0/01149138-v:0/02581675-v:0/02733122-v:0
a o DA0FS0 0.675415 -
Constituição constituição NP00000 1 00237078-n:0/04933544-n:0/04998530-n:0/05726596-n:0/06533648-n:0
, , Fc 1 -
a o DA0FS0 0.675415 -
ordem ordem NCFS000 0.991803 05726596-n:0/06547059-n:0/06552984-n:0/06584891-n:0/07168131-n:0/07168623-n:0/07169242-n:0/07169848-n:0/07170467-n:0/07170572-n:0/07939382-n:0/08049401-n:0/08075388-n:0/08106934-n:0/08227214-n:0/08229467-n:0/08231184-n:0/08233056-n:0/08234493-n:0/08240169-n:0/08242675-n:0/08436562-n:0/08456993-n:0/13950812-n:0/13968547-n:0/14496710-n:0
jurídica jurídico AQ0FS00 1 01400562-a:0/01401105-a:0/02499148-a:0/02752987-a:0/02753724-a:0/02754096-a:0/02754197-a:0
de de SP 1 -
o o DA0MS0 0.950254 - o PD0MS00 0.0313531 - o PP3MSA0 0.0183743 - o NCMS000 1.85412e-05 -
Estado estado NP00000 1 00024720-n:0/08168978-n:0/08178547-n:0/08544813-n:0/08654360-n:0/13920429-n:0/13920835-n:0/13945919-n:0/13988498-n:0/14418395-n:0
democrático democrático AQ0MS00 1 00486539-a:0/00715140-a:0/02710530-a:0
de de SP 1 -
direito direito NCMS000 0.936047 00611143-n:0/05174653-n:0/05181199-n:0/05565337-n:0/06161718-n:0/08625073-n:0/13308999-n:0/13341756-n:0
, , Fc 1 -
os o DA0MP0 0.958022 -
direitos direito NCMP000 0.991803 00611143-n:0/05174653-n:0/05181199-n:0/05565337-n:0/06161718-n:0/08625073-n:0/13308999-n:0/13341756-n:0
humanos humano AQ0MP00 0.738095 00412460-a:0/00964470-a:0/01258617-a:0/01261867-a:0/01262284-a:0/02743261-a:0/02743391-a:0
, , Fc 1 -
a o DA0FS0 0.675415 -
justiça justiça NCFS000 0.819323 00694681-n:0/00694866-n:0/04826235-n:0/04839154-n:0/04850117-n:0/04850341-n:0/08135342-n:0/10225219-n:0
social social AQ0CS00 1 01076634-a:0/02248349-a:0/02252877-a:0/02257141-a:0/02258360-a:0/02798370-a:0/02798597-a:0
, , Fc 1 -
e e CC 0.999951 -
pugnar pugnar VMN0000 0.529581 01504699-v:0
por por SP 1 -
a o DA0FS0 1 -
boa bom AQ0FS00 0.897321 00064787-a:0/00633410-a:0/01048762-a:0/01068306-a:0/01116026-a:0/01123148-a:0/01129977-a:0/01166413-a:0/01171213-a:0/01333477-a:0/01586752-a:0/01661289-a:0/01879261-a:0/01993408-a:0/02036934-a:0/02081114-a:0/02558528-a:0
aplicação aplicação NCFS000 1 00694990-n:0/00712225-n:0/00947128-n:0/00949134-n:0/01127019-n:0/04865502-n:0/06570110-n:0
de de SP 1 -
as o DA0FP0 0.974798 - o PD0FP00 0.0142702 - o PP3FPA0 0.0109322 -
leis lei NCFP000 1 05726596-n:0/05846054-n:0/05870916-n:0/05872982-n:0/06478582-n:0/06532095-n:0/06532330-n:0/06564387-n:0/08209687-n:0/08441203-n:0/08456347-n:0
, , Fc 1 -
pela pelar VMIP3S0 0.470159 00179227-v:0/01262936-v:0/01382083-v:0/01384275-v:0/01592456-v:0/02762468-v:0
rápida rápido AQ0FS00 1 00032733-a:0/00840510-a:0/00976508-a:0/00978199-a:0/00978754-a:0/00979366-a:0/00979697-a:0/00979862-a:0/00981818-a:0/01270486-a:0/01931676-a:0
administração administração NCFS000 1 00604523-n:0/00694866-n:0/01084932-n:0/01124794-n:0/01133281-n:0/01135952-n:0/03504723-n:0/04865502-n:0/08050678-n:0/08164585-n:0/08357784-n:0/08381165-n:0/15266265-n:0
de de SP 1 -
a o DA0FS0 0.675415 - a SP 0.313151 - o PP3FSA0 0.00613742 - o PD0FS00 0.00514062 - a NCMS000 0.000156639 -
justiça justiça NCFS000 0.819323 00694681-n:0/00694866-n:0/04826235-n:0/04839154-n:0/04850117-n:0/04850341-n:0/08135342-n:0/10225219-n:0
e e CC 0.999951 -
por por SP 1 -
o o DA0MS0 1 -
aperfeiçoamento aperfeiçoamento NCMS000 1 00260494-n:0
de de SP 1 -
a o DA0FS0 0.675415 - a SP 0.313151 - o PP3FSA0 0.00613742 - o PD0FS00 0.00514062 - a NCMS000 0.000156639 -
cultura cultura NCFS000 1 00915722-n:0/00917759-n:0/00920510-n:0/01129363-n:0/03134595-n:0/05751794-n:0/05984936-n:0/05985999-n:0/06194409-n:0/08287844-n:0/13085864-n:0/14514039-n:0
e e CC 0.999951 -
de de SP 1 -
as o DA0FP0 0.974798 - o PD0FP00 0.0142702 - o PP3FPA0 0.0109322 -
instituições instituição NCFP000 1 00240184-n:0/03574555-n:0/08053576-n:0/08407330-n:0
jurídicas jurídico AQ0FP00 1 01400562-a:0/01401105-a:0/02499148-a:0/02752987-a:0/02753724-a:0/02754096-a:0/02754197-a:0
; ; Fx 1 -
promover promover VMN0000 0.330612 00497061-v:0/00875806-v:0/00976653-v:0/02219940-v:0/02554422-v:0/02554922-v:0
, , Fc 1 -
com com SP 1 -
exclusividade exclusividade NCFS000 1 04889337-n:0
, , Fc 1 -
a o DA0FS0 0.675415 -
representação representação NCFS000 1 00548326-n:0/00548802-n:0/00721660-n:0/00898518-n:0/01217499-n:0/04076846-n:0/05766984-n:0/05767733-n:0/06891493-n:0/07201804-n:0/14000403-n:0
, , Fc 1 -
a o DA0FS0 0.675415 -
defesa defesa NCFS000 0.99569 00725673-n:0/00823750-n:0/00954311-n:0/01214171-n:0/01214863-n:0/03171356-n:0/06542047-n:0/06740644-n:0/08064130-n:0/08064523-n:0/08131530-n:0/09614684-n:0/09830194-n:0
, , Fc 1 -
a o DA0FS0 0.675415 -
seleção seleção NCFS000 1 00161243-n:0/05790242-n:0/08399586-n:0
e e CC 0.999951 -
a o DA0FS0 0.675415 -
disciplina disciplina NCFS000 0.819323 00893836-n:0/01132864-n:0/04881623-n:0/05662876-n:0/05726596-n:0/05996646-n:0
de de SP 1 -
os o DA0MP0 0.958022 - o PD0MP00 0.021587 - o PP3MPA0 0.0203911 -
advogados advogado NCMP000 0.556849 09774783-n:0/09775663-n:0/09840963-n:0/10249950-n:0/10623175-n:0
em em SP 1 -
toda_a toda_a DI0FS0 1 -
República_Federativa_do_Brasil república_federativa_do_brasil NP00000 1 08853741-n:0
. . Fp 1 -

A o DA0FS0 0.675415 -
OAB oab NP00000 1 -
não não RN 0.99985 00024073-r:0/00024356-r:0/00024587-r:0/00050681-r:0
mantém manter VMIP3S0 0.962264 00077369-v:0/00117985-v:0/00212414-v:0/00607000-v:0/00732552-v:0/00736586-v:0/00896017-v:0/00896497-v:0/01016778-v:0/01017643-v:0/01065877-v:0/01151753-v:0/01184625-v:0/02202384-v:0/02204094-v:0/02204564-v:0/02219094-v:0/02225492-v:0/02280132-v:0/02410175-v:0/02638845-v:0/02651853-v:0/02679899-v:0/02681795-v:0/02684924-v:0/02733122-v:0
com com SP 1 -
órgãos órgão NCMP000 1 03273551-n:0/03494537-n:0/03854065-n:0/05297523-n:0/06595056-n:0/08349350-n:0/10638385-n:0/13087625-n:0
de de SP 1 -
a o DA0FS0 0.675415 - a SP 0.313151 - o PP3FSA0 0.00613742 - o PD0FS00 0.00514062 - a NCMS000 0.000156639 -
Administração_Pública administração_pública NP00000 1 -
qualquer qualquer DI0CS0 0.881232 -
vínculo vínculo NCMS000 1 00031921-n:0/00145218-n:0/02755352-n:0/03673971-n:0/13792579-n:0
funcional funcional AQ0CS00 1 01090308-a:0/01091728-a:0/01092989-a:0/01835023-a:0/02124253-a:0/02976260-a:0
ou ou CC 1 -
hierárquico hierárquico AQ0MS00 1 01203288-a:0
. . Fp 1 -

O o DA0MS0 0.950254 -
uso uso NCMS000 0.98913 00413239-n:0/00830257-n:0/00947128-n:0/05149978-n:0/05669034-n:0
de de SP 1 -
a o DA0FS0 0.675415 - a SP 0.313151 - o PP3FSA0 0.00613742 - o PD0FS00 0.00514062 - a NCMS000 0.000156639 -
sigla sigla NCFS000 1 06824041-n:0/07091902-n:0
OAB oab NP00000 1 -
é ser VMIP3S0 1 00339934-v:0/01717851-v:0/02445925-v:0/02597601-v:0/02603699-v:0/02604760-v:0/02614181-v:0/02616386-v:0/02620587-v:0/02627363-v:0/02655135-v:0/02664769-v:0/02702508-v:0/02731024-v:0/02749904-v:0
privativo privativo AQ0MS00 1 -
de de SP 1 -
a o DA0FS0 0.675415 - a SP 0.313151 - o PP3FSA0 0.00613742 - o PD0FS00 0.00514062 - a NCMS000 0.000156639 -
Ordem_dos_Advogados_do_Brasil ordem_dos_advogados_do_brasil NP00000 1 -
. . Fp 1 -

